<?xml version="1.0" encoding="UTF-8" ?>
<testsuites>
  <testsuite errors="1" failures="0" hostname="macbook-pro-5.lan" id="0" name="CTAT_GlobalTestSuite" package="" skipped="0" tests="1" time="0.0" timestamp="2017-12-29T21:43:14">
      <properties>
[...]
</properties>

      <error type="java.lang.reflect.InvocationTargetException">java.lang.reflect.InvocationTargetException
Caused by: java.lang.ExceptionInInitializerError
	at java.lang.Class.forName0(Native Method)
	at java.lang.Class.forName(Class.java:264)
	at edu.GlobalTestSuiteManager.getTestClasses(GlobalTestSuiteManager.java:82)
	at edu.GlobalTestSuiteManager.getGlobalTestSuite(GlobalTestSuiteManager.java:144)
	at CTAT_GlobalTestSuite.suite(CTAT_GlobalTestSuite.java:34)
Caused by: java.lang.NullPointerException
	at edu.cmu.pact.BehaviorRecorder.Tab.CTATTabManager.getNewTab(CTATTabManager.java:170)
	at edu.cmu.pact.BehaviorRecorder.Controller.CTAT_Launcher.&lt;init&gt;(CTAT_Launcher.java:145)
	at edu.cmu.pact.BehaviorRecorder.Controller.CTAT_Launcher.&lt;init&gt;(CTAT_Launcher.java:88)
	at cl.tutors.solver.SolverTutorTest.&lt;clinit&gt;(SolverTutorTest.java:520)
</error>

      <system-out><![CDATA[+trace+ Added debug code ${DebugCodes} <CTAT_GlobalTestSuite:29>
[15:43:13] +trace+ 1: new trace level = 0 <CTAT_GlobalTestSuite:29>main
]]></system-out>

      <system-err><![CDATA[
INFO: Mixed parser and lexer specification, 294 lexer rules, 29 parser rules.
Lexer scratch construction took 14 millis
WARNING: Grammar has no top level rule, taking first rule >EXPRESSION ::= TERM ;<
ParserTables scratch construction took 24 millis
serializing to buffer CTATFunctionsParser.ser
Parser construction took 146 millis
]]></system-err>

  </testsuite>
</testsuites>
