<html xmlns:string="xalan://java.lang.String" xmlns:lxslt="http://xml.apache.org/xslt">
<head>
<META http-equiv="Content-Type" content="text/html; charset=UTF-8">
<title>Standard Error from CTAT_GlobalTestSuite</title>
</head>
<body>
<pre>
INFO: Mixed parser and lexer specification, 294 lexer rules, 29 parser rules.
Lexer scratch construction took 24 millis
WARNING: Grammar has no top level rule, taking first rule &gt;EXPRESSION ::= TERM ;&lt;
ParserTables scratch construction took 30 millis
serializing to buffer CTATFunctionsParser.ser
Parser construction took 161 millis
deserializing from buffer CTATFunctionsParser.ser
Parser construction took 50 millis
java.net.BindException: Address already in use
	at java.net.PlainSocketImpl.socketBind(Native Method)
	at java.net.AbstractPlainSocketImpl.bind(AbstractPlainSocketImpl.java:376)
	at java.net.ServerSocket.bind(ServerSocket.java:376)
	at java.net.ServerSocket.bind(ServerSocket.java:330)
	at edu.cmu.pact.TutoringService.Monitor.run(Monitor.java:156)
deserializing from buffer CTATFunctionsParser.ser
Parser construction took 41 millis
java.net.BindException: Address already in use
	at java.net.PlainSocketImpl.socketBind(Native Method)
	at java.net.AbstractPlainSocketImpl.bind(AbstractPlainSocketImpl.java:376)
	at java.net.ServerSocket.bind(ServerSocket.java:376)
	at java.net.ServerSocket.bind(ServerSocket.java:330)
	at edu.cmu.pact.TutoringService.Monitor.run(Monitor.java:156)
deserializing from buffer CTATFunctionsParser.ser
Parser construction took 33 millis
java.net.BindException: Address already in use
	at java.net.PlainSocketImpl.socketBind(Native Method)
	at java.net.AbstractPlainSocketImpl.bind(AbstractPlainSocketImpl.java:376)
	at java.net.ServerSocket.bind(ServerSocket.java:376)
	at java.net.ServerSocket.bind(ServerSocket.java:330)
	at edu.cmu.pact.TutoringService.Monitor.run(Monitor.java:156)
deserializing from buffer CTATFunctionsParser.ser
Parser construction took 10 millis
deserializing from buffer CTATFunctionsParser.ser
Parser construction took 7 millis
java.net.BindException: Address already in use
	at java.net.PlainSocketImpl.socketBind(Native Method)
	at java.net.AbstractPlainSocketImpl.bind(AbstractPlainSocketImpl.java:376)
	at java.net.ServerSocket.bind(ServerSocket.java:376)
	at java.net.ServerSocket.bind(ServerSocket.java:330)
	at edu.cmu.pact.TutoringService.Monitor.run(Monitor.java:156)
[14:43:17] +err+ 2: Error running suite() method in testCase null(edu.cmu.hcii.ctat.NodeCommTest):
  java.lang.NoSuchMethodException: edu.cmu.hcii.ctat.NodeCommTest.suite(); cause: null &lt;edu.GlobalTestSuiteManager:172&gt;main
java.lang.NoSuchMethodException: edu.cmu.hcii.ctat.NodeCommTest.suite()
	at java.lang.Class.getMethod(Class.java:1665)
	at edu.GlobalTestSuiteManager.getGlobalTestSuite(GlobalTestSuiteManager.java:164)
	at CTAT_GlobalTestSuite.suite(CTAT_GlobalTestSuite.java:34)
	at sun.reflect.NativeMethodAccessorImpl.invoke0(Native Method)
	at sun.reflect.NativeMethodAccessorImpl.invoke(NativeMethodAccessorImpl.java:57)
	at sun.reflect.DelegatingMethodAccessorImpl.invoke(DelegatingMethodAccessorImpl.java:43)
	at java.lang.reflect.Method.invoke(Method.java:606)
	at org.apache.tools.ant.taskdefs.optional.junit.JUnitTestRunner.run(JUnitTestRunner.java:400)
	at org.apache.tools.ant.taskdefs.optional.junit.JUnitTestRunner.launch(JUnitTestRunner.java:1063)
	at org.apache.tools.ant.taskdefs.optional.junit.JUnitTestRunner.main(JUnitTestRunner.java:914)
deserializing from buffer CTATFunctionsParser.ser
Parser construction took 6 millis
java.net.BindException: Address already in use
	at java.net.PlainSocketImpl.socketBind(Native Method)
	at java.net.AbstractPlainSocketImpl.bind(AbstractPlainSocketImpl.java:376)
	at java.net.ServerSocket.bind(ServerSocket.java:376)
	at java.net.ServerSocket.bind(ServerSocket.java:330)
	at edu.cmu.pact.TutoringService.Monitor.run(Monitor.java:156)
deserializing from buffer CTATFunctionsParser.ser
Parser construction took 3 millis
java.net.BindException: Address already in use
	at java.net.PlainSocketImpl.socketBind(Native Method)
	at java.net.AbstractPlainSocketImpl.bind(AbstractPlainSocketImpl.java:376)
	at java.net.ServerSocket.bind(ServerSocket.java:376)
	at java.net.ServerSocket.bind(ServerSocket.java:330)
	at edu.cmu.pact.TutoringService.Monitor.run(Monitor.java:156)
deserializing from buffer CTATFunctionsParser.ser
Parser construction took 3 millis
java.net.BindException: Address already in use
	at java.net.PlainSocketImpl.socketBind(Native Method)
	at java.net.AbstractPlainSocketImpl.bind(AbstractPlainSocketImpl.java:376)
	at java.net.ServerSocket.bind(ServerSocket.java:376)
	at java.net.ServerSocket.bind(ServerSocket.java:330)
	at edu.cmu.pact.TutoringService.Monitor.run(Monitor.java:156)
[14:43:20] +err+ 3: Could not instantiate class edu.cmu.pact.BehaviorRecorder.Controller.JavaExampleTracerTest:
  java.lang.InstantiationException: edu.cmu.pact.BehaviorRecorder.Controller.JavaExampleTracerTest; cause: null &lt;edu.GlobalTestSuiteManager:158&gt;main
java.lang.InstantiationException: edu.cmu.pact.BehaviorRecorder.Controller.JavaExampleTracerTest
	at java.lang.Class.newInstance(Class.java:359)
	at edu.GlobalTestSuiteManager.getGlobalTestSuite(GlobalTestSuiteManager.java:150)
	at CTAT_GlobalTestSuite.suite(CTAT_GlobalTestSuite.java:34)
	at sun.reflect.NativeMethodAccessorImpl.invoke0(Native Method)
	at sun.reflect.NativeMethodAccessorImpl.invoke(NativeMethodAccessorImpl.java:57)
	at sun.reflect.DelegatingMethodAccessorImpl.invoke(DelegatingMethodAccessorImpl.java:43)
	at java.lang.reflect.Method.invoke(Method.java:606)
	at org.apache.tools.ant.taskdefs.optional.junit.JUnitTestRunner.run(JUnitTestRunner.java:400)
	at org.apache.tools.ant.taskdefs.optional.junit.JUnitTestRunner.launch(JUnitTestRunner.java:1063)
	at org.apache.tools.ant.taskdefs.optional.junit.JUnitTestRunner.main(JUnitTestRunner.java:914)
[14:43:21] +err+ 4: Error running suite() method in testCase null(edu.cmu.pact.Log.LogDifferences.ColumnTest):
  java.lang.NoSuchMethodException: edu.cmu.pact.Log.LogDifferences.ColumnTest.suite(); cause: null &lt;edu.GlobalTestSuiteManager:172&gt;main
java.lang.NoSuchMethodException: edu.cmu.pact.Log.LogDifferences.ColumnTest.suite()
	at java.lang.Class.getMethod(Class.java:1665)
	at edu.GlobalTestSuiteManager.getGlobalTestSuite(GlobalTestSuiteManager.java:164)
	at CTAT_GlobalTestSuite.suite(CTAT_GlobalTestSuite.java:34)
	at sun.reflect.NativeMethodAccessorImpl.invoke0(Native Method)
	at sun.reflect.NativeMethodAccessorImpl.invoke(NativeMethodAccessorImpl.java:57)
	at sun.reflect.DelegatingMethodAccessorImpl.invoke(DelegatingMethodAccessorImpl.java:43)
	at java.lang.reflect.Method.invoke(Method.java:606)
	at org.apache.tools.ant.taskdefs.optional.junit.JUnitTestRunner.run(JUnitTestRunner.java:400)
	at org.apache.tools.ant.taskdefs.optional.junit.JUnitTestRunner.launch(JUnitTestRunner.java:1063)
	at org.apache.tools.ant.taskdefs.optional.junit.JUnitTestRunner.main(JUnitTestRunner.java:914)
[14:43:21] +err+ 5: Error running suite() method in testCase null(edu.cmu.pact.Log.LogDifferences.ContentCellTest):
  java.lang.NoSuchMethodException: edu.cmu.pact.Log.LogDifferences.ContentCellTest.suite(); cause: null &lt;edu.GlobalTestSuiteManager:172&gt;main
java.lang.NoSuchMethodException: edu.cmu.pact.Log.LogDifferences.ContentCellTest.suite()
	at java.lang.Class.getMethod(Class.java:1665)
	at edu.GlobalTestSuiteManager.getGlobalTestSuite(GlobalTestSuiteManager.java:164)
	at CTAT_GlobalTestSuite.suite(CTAT_GlobalTestSuite.java:34)
	at sun.reflect.NativeMethodAccessorImpl.invoke0(Native Method)
	at sun.reflect.NativeMethodAccessorImpl.invoke(NativeMethodAccessorImpl.java:57)
	at sun.reflect.DelegatingMethodAccessorImpl.invoke(DelegatingMethodAccessorImpl.java:43)
	at java.lang.reflect.Method.invoke(Method.java:606)
	at org.apache.tools.ant.taskdefs.optional.junit.JUnitTestRunner.run(JUnitTestRunner.java:400)
	at org.apache.tools.ant.taskdefs.optional.junit.JUnitTestRunner.launch(JUnitTestRunner.java:1063)
	at org.apache.tools.ant.taskdefs.optional.junit.JUnitTestRunner.main(JUnitTestRunner.java:914)
[14:43:21] +err+ 6: Error running suite() method in testCase null(edu.cmu.pact.Log.LogDifferences.ContentNullTest):
  java.lang.NoSuchMethodException: edu.cmu.pact.Log.LogDifferences.ContentNullTest.suite(); cause: null &lt;edu.GlobalTestSuiteManager:172&gt;main
java.lang.NoSuchMethodException: edu.cmu.pact.Log.LogDifferences.ContentNullTest.suite()
	at java.lang.Class.getMethod(Class.java:1665)
	at edu.GlobalTestSuiteManager.getGlobalTestSuite(GlobalTestSuiteManager.java:164)
	at CTAT_GlobalTestSuite.suite(CTAT_GlobalTestSuite.java:34)
	at sun.reflect.NativeMethodAccessorImpl.invoke0(Native Method)
	at sun.reflect.NativeMethodAccessorImpl.invoke(NativeMethodAccessorImpl.java:57)
	at sun.reflect.DelegatingMethodAccessorImpl.invoke(DelegatingMethodAccessorImpl.java:43)
	at java.lang.reflect.Method.invoke(Method.java:606)
	at org.apache.tools.ant.taskdefs.optional.junit.JUnitTestRunner.run(JUnitTestRunner.java:400)
	at org.apache.tools.ant.taskdefs.optional.junit.JUnitTestRunner.launch(JUnitTestRunner.java:1063)
	at org.apache.tools.ant.taskdefs.optional.junit.JUnitTestRunner.main(JUnitTestRunner.java:914)
[14:43:21] +err+ 7: Error running suite() method in testCase null(edu.cmu.pact.Log.LogDifferences.ContentTest):
  java.lang.NoSuchMethodException: edu.cmu.pact.Log.LogDifferences.ContentTest.suite(); cause: null &lt;edu.GlobalTestSuiteManager:172&gt;main
java.lang.NoSuchMethodException: edu.cmu.pact.Log.LogDifferences.ContentTest.suite()
	at java.lang.Class.getMethod(Class.java:1665)
	at edu.GlobalTestSuiteManager.getGlobalTestSuite(GlobalTestSuiteManager.java:164)
	at CTAT_GlobalTestSuite.suite(CTAT_GlobalTestSuite.java:34)
	at sun.reflect.NativeMethodAccessorImpl.invoke0(Native Method)
	at sun.reflect.NativeMethodAccessorImpl.invoke(NativeMethodAccessorImpl.java:57)
	at sun.reflect.DelegatingMethodAccessorImpl.invoke(DelegatingMethodAccessorImpl.java:43)
	at java.lang.reflect.Method.invoke(Method.java:606)
	at org.apache.tools.ant.taskdefs.optional.junit.JUnitTestRunner.run(JUnitTestRunner.java:400)
	at org.apache.tools.ant.taskdefs.optional.junit.JUnitTestRunner.launch(JUnitTestRunner.java:1063)
	at org.apache.tools.ant.taskdefs.optional.junit.JUnitTestRunner.main(JUnitTestRunner.java:914)
[14:43:21] +err+ 8: Error running suite() method in testCase null(edu.cmu.pact.Log.LogDifferences.TutorMessageContentsTest):
  java.lang.NoSuchMethodException: edu.cmu.pact.Log.LogDifferences.TutorMessageContentsTest.suite(); cause: null &lt;edu.GlobalTestSuiteManager:172&gt;main
java.lang.NoSuchMethodException: edu.cmu.pact.Log.LogDifferences.TutorMessageContentsTest.suite()
	at java.lang.Class.getMethod(Class.java:1665)
	at edu.GlobalTestSuiteManager.getGlobalTestSuite(GlobalTestSuiteManager.java:164)
	at CTAT_GlobalTestSuite.suite(CTAT_GlobalTestSuite.java:34)
	at sun.reflect.NativeMethodAccessorImpl.invoke0(Native Method)
	at sun.reflect.NativeMethodAccessorImpl.invoke(NativeMethodAccessorImpl.java:57)
	at sun.reflect.DelegatingMethodAccessorImpl.invoke(DelegatingMethodAccessorImpl.java:43)
	at java.lang.reflect.Method.invoke(Method.java:606)
	at org.apache.tools.ant.taskdefs.optional.junit.JUnitTestRunner.run(JUnitTestRunner.java:400)
	at org.apache.tools.ant.taskdefs.optional.junit.JUnitTestRunner.launch(JUnitTestRunner.java:1063)
	at org.apache.tools.ant.taskdefs.optional.junit.JUnitTestRunner.main(JUnitTestRunner.java:914)
[14:43:21] +err+ 9: Error running suite() method in testCase null(edu.cmu.pact.SocketProxy.HTTPToolProxyTest):
  java.lang.NoSuchMethodException: edu.cmu.pact.SocketProxy.HTTPToolProxyTest.suite(); cause: null &lt;edu.GlobalTestSuiteManager:172&gt;main
java.lang.NoSuchMethodException: edu.cmu.pact.SocketProxy.HTTPToolProxyTest.suite()
	at java.lang.Class.getMethod(Class.java:1665)
	at edu.GlobalTestSuiteManager.getGlobalTestSuite(GlobalTestSuiteManager.java:164)
	at CTAT_GlobalTestSuite.suite(CTAT_GlobalTestSuite.java:34)
	at sun.reflect.NativeMethodAccessorImpl.invoke0(Native Method)
	at sun.reflect.NativeMethodAccessorImpl.invoke(NativeMethodAccessorImpl.java:57)
	at sun.reflect.DelegatingMethodAccessorImpl.invoke(DelegatingMethodAccessorImpl.java:43)
	at java.lang.reflect.Method.invoke(Method.java:606)
	at org.apache.tools.ant.taskdefs.optional.junit.JUnitTestRunner.run(JUnitTestRunner.java:400)
	at org.apache.tools.ant.taskdefs.optional.junit.JUnitTestRunner.launch(JUnitTestRunner.java:1063)
	at org.apache.tools.ant.taskdefs.optional.junit.JUnitTestRunner.main(JUnitTestRunner.java:914)
deserializing from buffer CTATFunctionsParser.ser
Parser construction took 2 millis
java.net.BindException: Address already in use
	at java.net.PlainSocketImpl.socketBind(Native Method)
	at java.net.AbstractPlainSocketImpl.bind(AbstractPlainSocketImpl.java:376)
	at java.net.ServerSocket.bind(ServerSocket.java:376)
	at java.net.ServerSocket.bind(ServerSocket.java:330)
	at edu.cmu.pact.TutoringService.Monitor.run(Monitor.java:156)
deserializing from buffer CTATFunctionsParser.ser
Parser construction took 2 millis
java.net.BindException: Address already in use
	at java.net.PlainSocketImpl.socketBind(Native Method)
	at java.net.AbstractPlainSocketImpl.bind(AbstractPlainSocketImpl.java:376)
	at java.net.ServerSocket.bind(ServerSocket.java:376)
	at java.net.ServerSocket.bind(ServerSocket.java:330)
	at edu.cmu.pact.TutoringService.Monitor.run(Monitor.java:156)
edu.cmu.pact.BehaviorRecorder.ProblemModel.ProblemModelException: The problem name: "" is empty or has unallowed characters.
	at edu.cmu.pact.BehaviorRecorder.Controller.BR_Controller.createStartStateInternal(BR_Controller.java:2413)
	at edu.cmu.pact.BehaviorRecorder.Controller.BR_Controller.createStartState(BR_Controller.java:2362)
	at edu.cmu.pact.ctat.model.CtatModeModel.changeAuthorModeOk(CtatModeModel.java:343)
	at edu.cmu.pact.ctat.model.CtatModeModel.setAuthorMode(CtatModeModel.java:215)
	at edu.cmu.pact.BehaviorRecorder.Controller.PseudoTutorMessageHandlerTest.setUp(PseudoTutorMessageHandlerTest.java:673)
	at junit.framework.TestCase.runBare(TestCase.java:125)
	at junit.framework.TestResult$1.protect(TestResult.java:106)
	at junit.framework.TestResult.runProtected(TestResult.java:124)
	at junit.framework.TestResult.run(TestResult.java:109)
	at junit.framework.TestCase.run(TestCase.java:118)
	at junit.framework.TestSuite.runTest(TestSuite.java:208)
	at junit.framework.TestSuite.run(TestSuite.java:203)
	at org.apache.tools.ant.taskdefs.optional.junit.JUnitTestRunner.run(JUnitTestRunner.java:523)
	at org.apache.tools.ant.taskdefs.optional.junit.JUnitTestRunner.launch(JUnitTestRunner.java:1063)
	at org.apache.tools.ant.taskdefs.optional.junit.JUnitTestRunner.main(JUnitTestRunner.java:914)
edu.cmu.pact.BehaviorRecorder.ProblemModel.ProblemModelException: The problem name: "" is empty or has unallowed characters.
	at edu.cmu.pact.BehaviorRecorder.Controller.BR_Controller.createStartStateInternal(BR_Controller.java:2413)
	at edu.cmu.pact.BehaviorRecorder.Controller.BR_Controller.createStartState(BR_Controller.java:2362)
	at edu.cmu.pact.ctat.model.CtatModeModel.changeAuthorModeOk(CtatModeModel.java:343)
	at edu.cmu.pact.ctat.model.CtatModeModel.setAuthorMode(CtatModeModel.java:215)
	at edu.cmu.pact.BehaviorRecorder.Controller.PseudoTutorMessageHandlerTest.setUp(PseudoTutorMessageHandlerTest.java:673)
	at junit.framework.TestCase.runBare(TestCase.java:125)
	at junit.framework.TestResult$1.protect(TestResult.java:106)
	at junit.framework.TestResult.runProtected(TestResult.java:124)
	at junit.framework.TestResult.run(TestResult.java:109)
	at junit.framework.TestCase.run(TestCase.java:118)
	at junit.framework.TestSuite.runTest(TestSuite.java:208)
	at junit.framework.TestSuite.run(TestSuite.java:203)
	at org.apache.tools.ant.taskdefs.optional.junit.JUnitTestRunner.run(JUnitTestRunner.java:523)
	at org.apache.tools.ant.taskdefs.optional.junit.JUnitTestRunner.launch(JUnitTestRunner.java:1063)
	at org.apache.tools.ant.taskdefs.optional.junit.JUnitTestRunner.main(JUnitTestRunner.java:914)
edu.cmu.pact.BehaviorRecorder.ProblemModel.ProblemModelException: The problem name: "" is empty or has unallowed characters.
	at edu.cmu.pact.BehaviorRecorder.Controller.BR_Controller.createStartStateInternal(BR_Controller.java:2413)
	at edu.cmu.pact.BehaviorRecorder.Controller.BR_Controller.createStartState(BR_Controller.java:2362)
	at edu.cmu.pact.ctat.model.CtatModeModel.changeAuthorModeOk(CtatModeModel.java:343)
	at edu.cmu.pact.ctat.model.CtatModeModel.setAuthorMode(CtatModeModel.java:215)
	at edu.cmu.pact.BehaviorRecorder.Controller.PseudoTutorMessageHandlerTest.setUp(PseudoTutorMessageHandlerTest.java:673)
	at junit.framework.TestCase.runBare(TestCase.java:125)
	at junit.framework.TestResult$1.protect(TestResult.java:106)
	at junit.framework.TestResult.runProtected(TestResult.java:124)
	at junit.framework.TestResult.run(TestResult.java:109)
	at junit.framework.TestCase.run(TestCase.java:118)
	at junit.framework.TestSuite.runTest(TestSuite.java:208)
	at junit.framework.TestSuite.run(TestSuite.java:203)
	at org.apache.tools.ant.taskdefs.optional.junit.JUnitTestRunner.run(JUnitTestRunner.java:523)
	at org.apache.tools.ant.taskdefs.optional.junit.JUnitTestRunner.launch(JUnitTestRunner.java:1063)
	at org.apache.tools.ant.taskdefs.optional.junit.JUnitTestRunner.main(JUnitTestRunner.java:914)
edu.cmu.pact.BehaviorRecorder.ProblemModel.ProblemModelException: The problem name: "" is empty or has unallowed characters.
	at edu.cmu.pact.BehaviorRecorder.Controller.BR_Controller.createStartStateInternal(BR_Controller.java:2413)
	at edu.cmu.pact.BehaviorRecorder.Controller.BR_Controller.createStartState(BR_Controller.java:2362)
	at edu.cmu.pact.ctat.model.CtatModeModel.changeAuthorModeOk(CtatModeModel.java:343)
	at edu.cmu.pact.ctat.model.CtatModeModel.setAuthorMode(CtatModeModel.java:215)
	at edu.cmu.pact.BehaviorRecorder.Controller.PseudoTutorMessageHandlerTest.setUp(PseudoTutorMessageHandlerTest.java:673)
	at junit.framework.TestCase.runBare(TestCase.java:125)
	at junit.framework.TestResult$1.protect(TestResult.java:106)
	at junit.framework.TestResult.runProtected(TestResult.java:124)
	at junit.framework.TestResult.run(TestResult.java:109)
	at junit.framework.TestCase.run(TestCase.java:118)
	at junit.framework.TestSuite.runTest(TestSuite.java:208)
	at junit.framework.TestSuite.run(TestSuite.java:203)
	at org.apache.tools.ant.taskdefs.optional.junit.JUnitTestRunner.run(JUnitTestRunner.java:523)
	at org.apache.tools.ant.taskdefs.optional.junit.JUnitTestRunner.launch(JUnitTestRunner.java:1063)
	at org.apache.tools.ant.taskdefs.optional.junit.JUnitTestRunner.main(JUnitTestRunner.java:914)
edu.cmu.pact.BehaviorRecorder.ProblemModel.ProblemModelException: The problem name: "" is empty or has unallowed characters.
	at edu.cmu.pact.BehaviorRecorder.Controller.BR_Controller.createStartStateInternal(BR_Controller.java:2413)
	at edu.cmu.pact.BehaviorRecorder.Controller.BR_Controller.createStartState(BR_Controller.java:2362)
	at edu.cmu.pact.ctat.model.CtatModeModel.changeAuthorModeOk(CtatModeModel.java:343)
	at edu.cmu.pact.ctat.model.CtatModeModel.setAuthorMode(CtatModeModel.java:215)
	at edu.cmu.pact.BehaviorRecorder.Controller.PseudoTutorMessageHandlerTest.setUp(PseudoTutorMessageHandlerTest.java:673)
	at junit.framework.TestCase.runBare(TestCase.java:125)
	at junit.framework.TestResult$1.protect(TestResult.java:106)
	at junit.framework.TestResult.runProtected(TestResult.java:124)
	at junit.framework.TestResult.run(TestResult.java:109)
	at junit.framework.TestCase.run(TestCase.java:118)
	at junit.framework.TestSuite.runTest(TestSuite.java:208)
	at junit.framework.TestSuite.run(TestSuite.java:203)
	at org.apache.tools.ant.taskdefs.optional.junit.JUnitTestRunner.run(JUnitTestRunner.java:523)
	at org.apache.tools.ant.taskdefs.optional.junit.JUnitTestRunner.launch(JUnitTestRunner.java:1063)
	at org.apache.tools.ant.taskdefs.optional.junit.JUnitTestRunner.main(JUnitTestRunner.java:914)
edu.cmu.pact.BehaviorRecorder.ProblemModel.ProblemModelException: The problem name: "" is empty or has unallowed characters.
	at edu.cmu.pact.BehaviorRecorder.Controller.BR_Controller.createStartStateInternal(BR_Controller.java:2413)
	at edu.cmu.pact.BehaviorRecorder.Controller.BR_Controller.createStartState(BR_Controller.java:2362)
	at edu.cmu.pact.ctat.model.CtatModeModel.changeAuthorModeOk(CtatModeModel.java:343)
	at edu.cmu.pact.ctat.model.CtatModeModel.setAuthorMode(CtatModeModel.java:215)
	at edu.cmu.pact.BehaviorRecorder.Controller.PseudoTutorMessageHandlerTest.setUp(PseudoTutorMessageHandlerTest.java:673)
	at junit.framework.TestCase.runBare(TestCase.java:125)
	at junit.framework.TestResult$1.protect(TestResult.java:106)
	at junit.framework.TestResult.runProtected(TestResult.java:124)
	at junit.framework.TestResult.run(TestResult.java:109)
	at junit.framework.TestCase.run(TestCase.java:118)
	at junit.framework.TestSuite.runTest(TestSuite.java:208)
	at junit.framework.TestSuite.run(TestSuite.java:203)
	at org.apache.tools.ant.taskdefs.optional.junit.JUnitTestRunner.run(JUnitTestRunner.java:523)
	at org.apache.tools.ant.taskdefs.optional.junit.JUnitTestRunner.launch(JUnitTestRunner.java:1063)
	at org.apache.tools.ant.taskdefs.optional.junit.JUnitTestRunner.main(JUnitTestRunner.java:914)
edu.cmu.pact.BehaviorRecorder.ProblemModel.ProblemModelException: The problem name: "" is empty or has unallowed characters.
	at edu.cmu.pact.BehaviorRecorder.Controller.BR_Controller.createStartStateInternal(BR_Controller.java:2413)
	at edu.cmu.pact.BehaviorRecorder.Controller.BR_Controller.createStartState(BR_Controller.java:2362)
	at edu.cmu.pact.ctat.model.CtatModeModel.changeAuthorModeOk(CtatModeModel.java:343)
	at edu.cmu.pact.ctat.model.CtatModeModel.setAuthorMode(CtatModeModel.java:215)
	at edu.cmu.pact.BehaviorRecorder.Controller.PseudoTutorMessageHandlerTest.setUp(PseudoTutorMessageHandlerTest.java:673)
	at junit.framework.TestCase.runBare(TestCase.java:125)
	at junit.framework.TestResult$1.protect(TestResult.java:106)
	at junit.framework.TestResult.runProtected(TestResult.java:124)
	at junit.framework.TestResult.run(TestResult.java:109)
	at junit.framework.TestCase.run(TestCase.java:118)
	at junit.framework.TestSuite.runTest(TestSuite.java:208)
	at junit.framework.TestSuite.run(TestSuite.java:203)
	at org.apache.tools.ant.taskdefs.optional.junit.JUnitTestRunner.run(JUnitTestRunner.java:523)
	at org.apache.tools.ant.taskdefs.optional.junit.JUnitTestRunner.launch(JUnitTestRunner.java:1063)
	at org.apache.tools.ant.taskdefs.optional.junit.JUnitTestRunner.main(JUnitTestRunner.java:914)
edu.cmu.pact.BehaviorRecorder.ProblemModel.ProblemModelException: The problem name: "" is empty or has unallowed characters.
	at edu.cmu.pact.BehaviorRecorder.Controller.BR_Controller.createStartStateInternal(BR_Controller.java:2413)
	at edu.cmu.pact.BehaviorRecorder.Controller.BR_Controller.createStartState(BR_Controller.java:2362)
	at edu.cmu.pact.ctat.model.CtatModeModel.changeAuthorModeOk(CtatModeModel.java:343)
	at edu.cmu.pact.ctat.model.CtatModeModel.setAuthorMode(CtatModeModel.java:215)
	at edu.cmu.pact.BehaviorRecorder.Controller.PseudoTutorMessageHandlerTest.setUp(PseudoTutorMessageHandlerTest.java:673)
	at junit.framework.TestCase.runBare(TestCase.java:125)
	at junit.framework.TestResult$1.protect(TestResult.java:106)
	at junit.framework.TestResult.runProtected(TestResult.java:124)
	at junit.framework.TestResult.run(TestResult.java:109)
	at junit.framework.TestCase.run(TestCase.java:118)
	at junit.framework.TestSuite.runTest(TestSuite.java:208)
	at junit.framework.TestSuite.run(TestSuite.java:203)
	at org.apache.tools.ant.taskdefs.optional.junit.JUnitTestRunner.run(JUnitTestRunner.java:523)
	at org.apache.tools.ant.taskdefs.optional.junit.JUnitTestRunner.launch(JUnitTestRunner.java:1063)
	at org.apache.tools.ant.taskdefs.optional.junit.JUnitTestRunner.main(JUnitTestRunner.java:914)
edu.cmu.pact.BehaviorRecorder.ProblemModel.ProblemModelException: The problem name: "" is empty or has unallowed characters.
	at edu.cmu.pact.BehaviorRecorder.Controller.BR_Controller.createStartStateInternal(BR_Controller.java:2413)
	at edu.cmu.pact.BehaviorRecorder.Controller.BR_Controller.createStartState(BR_Controller.java:2362)
	at edu.cmu.pact.ctat.model.CtatModeModel.changeAuthorModeOk(CtatModeModel.java:343)
	at edu.cmu.pact.ctat.model.CtatModeModel.setAuthorMode(CtatModeModel.java:215)
	at edu.cmu.pact.BehaviorRecorder.Controller.PseudoTutorMessageHandlerTest.setUp(PseudoTutorMessageHandlerTest.java:673)
	at junit.framework.TestCase.runBare(TestCase.java:125)
	at junit.framework.TestResult$1.protect(TestResult.java:106)
	at junit.framework.TestResult.runProtected(TestResult.java:124)
	at junit.framework.TestResult.run(TestResult.java:109)
	at junit.framework.TestCase.run(TestCase.java:118)
	at junit.framework.TestSuite.runTest(TestSuite.java:208)
	at junit.framework.TestSuite.run(TestSuite.java:203)
	at org.apache.tools.ant.taskdefs.optional.junit.JUnitTestRunner.run(JUnitTestRunner.java:523)
	at org.apache.tools.ant.taskdefs.optional.junit.JUnitTestRunner.launch(JUnitTestRunner.java:1063)
	at org.apache.tools.ant.taskdefs.optional.junit.JUnitTestRunner.main(JUnitTestRunner.java:914)
deserializing from buffer CTATFunctionsParser.ser
Parser construction took 3 millis
java.net.BindException: Address already in use
	at java.net.PlainSocketImpl.socketBind(Native Method)
	at java.net.AbstractPlainSocketImpl.bind(AbstractPlainSocketImpl.java:376)
	at java.net.ServerSocket.bind(ServerSocket.java:376)
	at java.net.ServerSocket.bind(ServerSocket.java:330)
	at edu.cmu.pact.TutoringService.Monitor.run(Monitor.java:156)
edu.cmu.pact.BehaviorRecorder.ProblemModel.ProblemModelException: The problem name: "" is empty or has unallowed characters.
	at edu.cmu.pact.BehaviorRecorder.Controller.BR_Controller.createStartStateInternal(BR_Controller.java:2413)
	at edu.cmu.pact.BehaviorRecorder.Controller.BR_Controller.createStartState(BR_Controller.java:2362)
	at edu.cmu.pact.ctat.model.CtatModeModel.changeAuthorModeOk(CtatModeModel.java:343)
	at edu.cmu.pact.ctat.model.CtatModeModel.setAuthorMode(CtatModeModel.java:215)
	at edu.cmu.pact.BehaviorRecorder.Controller.PseudoTutorMessageHandlerTest.setUp(PseudoTutorMessageHandlerTest.java:673)
	at junit.framework.TestCase.runBare(TestCase.java:125)
	at junit.framework.TestResult$1.protect(TestResult.java:106)
	at junit.framework.TestResult.runProtected(TestResult.java:124)
	at junit.framework.TestResult.run(TestResult.java:109)
	at junit.framework.TestCase.run(TestCase.java:118)
	at junit.framework.TestSuite.runTest(TestSuite.java:208)
	at junit.framework.TestSuite.run(TestSuite.java:203)
	at org.apache.tools.ant.taskdefs.optional.junit.JUnitTestRunner.run(JUnitTestRunner.java:523)
	at org.apache.tools.ant.taskdefs.optional.junit.JUnitTestRunner.launch(JUnitTestRunner.java:1063)
	at org.apache.tools.ant.taskdefs.optional.junit.JUnitTestRunner.main(JUnitTestRunner.java:914)
edu.cmu.pact.BehaviorRecorder.ProblemModel.ProblemModelException: The problem name: "" is empty or has unallowed characters.
	at edu.cmu.pact.BehaviorRecorder.Controller.BR_Controller.createStartStateInternal(BR_Controller.java:2413)
	at edu.cmu.pact.BehaviorRecorder.Controller.BR_Controller.createStartState(BR_Controller.java:2362)
	at edu.cmu.pact.ctat.model.CtatModeModel.changeAuthorModeOk(CtatModeModel.java:343)
	at edu.cmu.pact.ctat.model.CtatModeModel.setAuthorMode(CtatModeModel.java:215)
	at edu.cmu.pact.BehaviorRecorder.Controller.PseudoTutorMessageHandlerTest.setUp(PseudoTutorMessageHandlerTest.java:673)
	at junit.framework.TestCase.runBare(TestCase.java:125)
	at junit.framework.TestResult$1.protect(TestResult.java:106)
	at junit.framework.TestResult.runProtected(TestResult.java:124)
	at junit.framework.TestResult.run(TestResult.java:109)
	at junit.framework.TestCase.run(TestCase.java:118)
	at junit.framework.TestSuite.runTest(TestSuite.java:208)
	at junit.framework.TestSuite.run(TestSuite.java:203)
	at org.apache.tools.ant.taskdefs.optional.junit.JUnitTestRunner.run(JUnitTestRunner.java:523)
	at org.apache.tools.ant.taskdefs.optional.junit.JUnitTestRunner.launch(JUnitTestRunner.java:1063)
	at org.apache.tools.ant.taskdefs.optional.junit.JUnitTestRunner.main(JUnitTestRunner.java:914)
edu.cmu.pact.BehaviorRecorder.ProblemModel.ProblemModelException: The problem name: "" is empty or has unallowed characters.
	at edu.cmu.pact.BehaviorRecorder.Controller.BR_Controller.createStartStateInternal(BR_Controller.java:2413)
	at edu.cmu.pact.BehaviorRecorder.Controller.BR_Controller.createStartState(BR_Controller.java:2362)
	at edu.cmu.pact.ctat.model.CtatModeModel.changeAuthorModeOk(CtatModeModel.java:343)
	at edu.cmu.pact.ctat.model.CtatModeModel.setAuthorMode(CtatModeModel.java:215)
	at edu.cmu.pact.BehaviorRecorder.Controller.PseudoTutorMessageHandlerTest.setUp(PseudoTutorMessageHandlerTest.java:673)
	at junit.framework.TestCase.runBare(TestCase.java:125)
	at junit.framework.TestResult$1.protect(TestResult.java:106)
	at junit.framework.TestResult.runProtected(TestResult.java:124)
	at junit.framework.TestResult.run(TestResult.java:109)
	at junit.framework.TestCase.run(TestCase.java:118)
	at junit.framework.TestSuite.runTest(TestSuite.java:208)
	at junit.framework.TestSuite.run(TestSuite.java:203)
	at org.apache.tools.ant.taskdefs.optional.junit.JUnitTestRunner.run(JUnitTestRunner.java:523)
	at org.apache.tools.ant.taskdefs.optional.junit.JUnitTestRunner.launch(JUnitTestRunner.java:1063)
	at org.apache.tools.ant.taskdefs.optional.junit.JUnitTestRunner.main(JUnitTestRunner.java:914)
edu.cmu.pact.BehaviorRecorder.ProblemModel.ProblemModelException: The problem name: "" is empty or has unallowed characters.
	at edu.cmu.pact.BehaviorRecorder.Controller.BR_Controller.createStartStateInternal(BR_Controller.java:2413)
	at edu.cmu.pact.BehaviorRecorder.Controller.BR_Controller.createStartState(BR_Controller.java:2362)
	at edu.cmu.pact.ctat.model.CtatModeModel.changeAuthorModeOk(CtatModeModel.java:343)
	at edu.cmu.pact.ctat.model.CtatModeModel.setAuthorMode(CtatModeModel.java:215)
	at edu.cmu.pact.BehaviorRecorder.Controller.PseudoTutorMessageHandlerTest.setUp(PseudoTutorMessageHandlerTest.java:673)
	at junit.framework.TestCase.runBare(TestCase.java:125)
	at junit.framework.TestResult$1.protect(TestResult.java:106)
	at junit.framework.TestResult.runProtected(TestResult.java:124)
	at junit.framework.TestResult.run(TestResult.java:109)
	at junit.framework.TestCase.run(TestCase.java:118)
	at junit.framework.TestSuite.runTest(TestSuite.java:208)
	at junit.framework.TestSuite.run(TestSuite.java:203)
	at org.apache.tools.ant.taskdefs.optional.junit.JUnitTestRunner.run(JUnitTestRunner.java:523)
	at org.apache.tools.ant.taskdefs.optional.junit.JUnitTestRunner.launch(JUnitTestRunner.java:1063)
	at org.apache.tools.ant.taskdefs.optional.junit.JUnitTestRunner.main(JUnitTestRunner.java:914)
edu.cmu.pact.BehaviorRecorder.ProblemModel.ProblemModelException: The problem name: "" is empty or has unallowed characters.
	at edu.cmu.pact.BehaviorRecorder.Controller.BR_Controller.createStartStateInternal(BR_Controller.java:2413)
	at edu.cmu.pact.BehaviorRecorder.Controller.BR_Controller.createStartState(BR_Controller.java:2362)
	at edu.cmu.pact.ctat.model.CtatModeModel.changeAuthorModeOk(CtatModeModel.java:343)
	at edu.cmu.pact.ctat.model.CtatModeModel.setAuthorMode(CtatModeModel.java:215)
	at edu.cmu.pact.BehaviorRecorder.Controller.PseudoTutorMessageHandlerTest.setUp(PseudoTutorMessageHandlerTest.java:673)
	at junit.framework.TestCase.runBare(TestCase.java:125)
	at junit.framework.TestResult$1.protect(TestResult.java:106)
	at junit.framework.TestResult.runProtected(TestResult.java:124)
	at junit.framework.TestResult.run(TestResult.java:109)
	at junit.framework.TestCase.run(TestCase.java:118)
	at junit.framework.TestSuite.runTest(TestSuite.java:208)
	at junit.framework.TestSuite.run(TestSuite.java:203)
	at org.apache.tools.ant.taskdefs.optional.junit.JUnitTestRunner.run(JUnitTestRunner.java:523)
	at org.apache.tools.ant.taskdefs.optional.junit.JUnitTestRunner.launch(JUnitTestRunner.java:1063)
	at org.apache.tools.ant.taskdefs.optional.junit.JUnitTestRunner.main(JUnitTestRunner.java:914)
edu.cmu.pact.BehaviorRecorder.ProblemModel.ProblemModelException: The problem name: "" is empty or has unallowed characters.
	at edu.cmu.pact.BehaviorRecorder.Controller.BR_Controller.createStartStateInternal(BR_Controller.java:2413)
	at edu.cmu.pact.BehaviorRecorder.Controller.BR_Controller.createStartState(BR_Controller.java:2362)
	at edu.cmu.pact.ctat.model.CtatModeModel.changeAuthorModeOk(CtatModeModel.java:343)
	at edu.cmu.pact.ctat.model.CtatModeModel.setAuthorMode(CtatModeModel.java:215)
	at edu.cmu.pact.BehaviorRecorder.Controller.PseudoTutorMessageHandlerTest.setUp(PseudoTutorMessageHandlerTest.java:673)
	at junit.framework.TestCase.runBare(TestCase.java:125)
	at junit.framework.TestResult$1.protect(TestResult.java:106)
	at junit.framework.TestResult.runProtected(TestResult.java:124)
	at junit.framework.TestResult.run(TestResult.java:109)
	at junit.framework.TestCase.run(TestCase.java:118)
	at junit.framework.TestSuite.runTest(TestSuite.java:208)
	at junit.framework.TestSuite.run(TestSuite.java:203)
	at org.apache.tools.ant.taskdefs.optional.junit.JUnitTestRunner.run(JUnitTestRunner.java:523)
	at org.apache.tools.ant.taskdefs.optional.junit.JUnitTestRunner.launch(JUnitTestRunner.java:1063)
	at org.apache.tools.ant.taskdefs.optional.junit.JUnitTestRunner.main(JUnitTestRunner.java:914)
[14:43:33] +err+ 588: Error opening test/edu/cmu/pact/BehaviorRecorder/ProblemModel/Graph/startStateVariablesGraph.brd or reading as URL: java.net.MalformedURLException: no protocol: test/edu/cmu/pact/BehaviorRecorder/ProblemModel/Graph/startStateVariablesGraph.brd; cause null &lt;edu.cmu.pact.BehaviorRecorder.ProblemModel.ProblemStateReader:161&gt;main
[14:43:33] +err+ 589: Error on getFileAsResource(null) or getCanonicalPath(): java.lang.NullPointerException; cause null &lt;edu.cmu.pact.BehaviorRecorder.ProblemModel.ProblemStateReader:168&gt;main
Exception on executing: [Ljava.lang.String;@30804f2
java.io.IOException: Cannot run program "nodejs": error=2, No such file or directory
	at java.lang.ProcessBuilder.start(ProcessBuilder.java:1041)
	at java.lang.Runtime.exec(Runtime.java:617)
	at java.lang.Runtime.exec(Runtime.java:485)
	at edu.cmu.pact.Utilities.ProcessRunner.exec(ProcessRunner.java:236)
	at edu.cmu.pact.BehaviorRecorder.Controller.JSExampleTracer.&lt;init&gt;(JSExampleTracer.java:70)
	at edu.cmu.pact.BehaviorRecorder.Controller.JSExampleTracerTest.setUp(JSExampleTracerTest.java:135)
	at junit.framework.TestCase.runBare(TestCase.java:125)
	at junit.framework.TestResult$1.protect(TestResult.java:106)
	at junit.framework.TestResult.runProtected(TestResult.java:124)
	at junit.framework.TestResult.run(TestResult.java:109)
	at junit.framework.TestCase.run(TestCase.java:118)
	at junit.framework.TestSuite.runTest(TestSuite.java:208)
	at junit.framework.TestSuite.run(TestSuite.java:203)
	at org.apache.tools.ant.taskdefs.optional.junit.JUnitTestRunner.run(JUnitTestRunner.java:523)
	at org.apache.tools.ant.taskdefs.optional.junit.JUnitTestRunner.launch(JUnitTestRunner.java:1063)
	at org.apache.tools.ant.taskdefs.optional.junit.JUnitTestRunner.main(JUnitTestRunner.java:914)
Caused by: java.io.IOException: error=2, No such file or directory
	at java.lang.UNIXProcess.forkAndExec(Native Method)
	at java.lang.UNIXProcess.&lt;init&gt;(UNIXProcess.java:135)
	at java.lang.ProcessImpl.start(ProcessImpl.java:130)
	at java.lang.ProcessBuilder.start(ProcessBuilder.java:1022)
	... 15 more
[14:43:54] +err+ 614: Error on UTP.init(null): java.security.InvalidParameterException: Controller cannot be null.; cause null &lt;edu.cmu.pact.BehaviorRecorder.Controller.PseudoTutorMessageHandlerTest$SinkToolProxy:91&gt;main
[14:43:54] +err+ 615: Error on response[-1]: java.net.ConnectException: Connection refused; cause null;
  request was &lt;message&gt;&lt;verb&gt;SendNoteProperty&lt;/verb&gt;&lt;properties&gt;&lt;MessageType&gt;SetPreferences&lt;/MessageType&gt;&lt;question_file&gt;http://localhost:8888//Users/simstudent/CMU/pact-cvs-tree/AuthoringToolsL/java/test/edu/cmu/pact/BehaviorRecorder/Controller/1416flash.brd&lt;/question_file&gt;&lt;/properties&gt;&lt;/message&gt; &lt;edu.cmu.pact.BehaviorRecorder.Controller.JSExampleTracer:115&gt;main
java.net.ConnectException: Connection refused
	at java.net.PlainSocketImpl.socketConnect(Native Method)
	at java.net.AbstractPlainSocketImpl.doConnect(AbstractPlainSocketImpl.java:339)
	at java.net.AbstractPlainSocketImpl.connectToAddress(AbstractPlainSocketImpl.java:200)
	at java.net.AbstractPlainSocketImpl.connect(AbstractPlainSocketImpl.java:182)
	at java.net.SocksSocketImpl.connect(SocksSocketImpl.java:392)
	at java.net.Socket.connect(Socket.java:579)
	at java.net.Socket.connect(Socket.java:528)
	at sun.net.NetworkClient.doConnect(NetworkClient.java:180)
	at sun.net.www.http.HttpClient.openServer(HttpClient.java:432)
	at sun.net.www.http.HttpClient.openServer(HttpClient.java:527)
	at sun.net.www.http.HttpClient.&lt;init&gt;(HttpClient.java:211)
	at sun.net.www.http.HttpClient.New(HttpClient.java:308)
	at sun.net.www.http.HttpClient.New(HttpClient.java:326)
	at sun.net.www.protocol.http.HttpURLConnection.getNewHttpClient(HttpURLConnection.java:996)
	at sun.net.www.protocol.http.HttpURLConnection.plainConnect(HttpURLConnection.java:932)
	at sun.net.www.protocol.http.HttpURLConnection.connect(HttpURLConnection.java:850)
	at sun.net.www.protocol.http.HttpURLConnection.getOutputStream(HttpURLConnection.java:1091)
	at edu.cmu.hcii.utilities.HttpToolEmulator.sendAndWait(HttpToolEmulator.java:90)
	at edu.cmu.pact.BehaviorRecorder.Controller.JSExampleTracer.getExampleTracerResponses(JSExampleTracer.java:98)
	at edu.cmu.pact.BehaviorRecorder.Controller.JSExampleTracer.openBRD(JSExampleTracer.java:131)
	at edu.cmu.pact.BehaviorRecorder.Controller.JSExampleTracerTest.openBRD(JSExampleTracerTest.java:154)
	at edu.cmu.pact.BehaviorRecorder.Controller.PseudoTutorMessageHandlerTest.testAddFractions14plus16OneIncorrect(PseudoTutorMessageHandlerTest.java:936)
	at sun.reflect.NativeMethodAccessorImpl.invoke0(Native Method)
	at sun.reflect.NativeMethodAccessorImpl.invoke(NativeMethodAccessorImpl.java:57)
	at sun.reflect.DelegatingMethodAccessorImpl.invoke(DelegatingMethodAccessorImpl.java:43)
	at java.lang.reflect.Method.invoke(Method.java:606)
	at junit.framework.TestCase.runTest(TestCase.java:154)
	at junit.framework.TestCase.runBare(TestCase.java:127)
	at junit.framework.TestResult$1.protect(TestResult.java:106)
	at junit.framework.TestResult.runProtected(TestResult.java:124)
	at junit.framework.TestResult.run(TestResult.java:109)
	at junit.framework.TestCase.run(TestCase.java:118)
	at junit.framework.TestSuite.runTest(TestSuite.java:208)
	at junit.framework.TestSuite.run(TestSuite.java:203)
	at org.apache.tools.ant.taskdefs.optional.junit.JUnitTestRunner.run(JUnitTestRunner.java:523)
	at org.apache.tools.ant.taskdefs.optional.junit.JUnitTestRunner.launch(JUnitTestRunner.java:1063)
	at org.apache.tools.ant.taskdefs.optional.junit.JUnitTestRunner.main(JUnitTestRunner.java:914)
edu.cmu.pact.BehaviorRecorder.ProblemModel.ProblemModelException: The problem name: "" is empty or has unallowed characters.
	at edu.cmu.pact.BehaviorRecorder.Controller.BR_Controller.createStartStateInternal(BR_Controller.java:2413)
	at edu.cmu.pact.BehaviorRecorder.Controller.BR_Controller.createStartState(BR_Controller.java:2362)
	at edu.cmu.pact.ctat.model.CtatModeModel.changeAuthorModeOk(CtatModeModel.java:343)
	at edu.cmu.pact.ctat.model.CtatModeModel.setAuthorMode(CtatModeModel.java:215)
	at edu.cmu.pact.BehaviorRecorder.Controller.PseudoTutorMessageHandlerTest.setUp(PseudoTutorMessageHandlerTest.java:673)
	at junit.framework.TestCase.runBare(TestCase.java:125)
	at junit.framework.TestResult$1.protect(TestResult.java:106)
	at junit.framework.TestResult.runProtected(TestResult.java:124)
	at junit.framework.TestResult.run(TestResult.java:109)
	at junit.framework.TestCase.run(TestCase.java:118)
	at junit.framework.TestSuite.runTest(TestSuite.java:208)
	at junit.framework.TestSuite.run(TestSuite.java:203)
	at org.apache.tools.ant.taskdefs.optional.junit.JUnitTestRunner.run(JUnitTestRunner.java:523)
	at org.apache.tools.ant.taskdefs.optional.junit.JUnitTestRunner.launch(JUnitTestRunner.java:1063)
	at org.apache.tools.ant.taskdefs.optional.junit.JUnitTestRunner.main(JUnitTestRunner.java:914)
[14:44:03] +err+ 2169: MT.loadInterfaceTemplates(): interfaceTemplatesList is null &lt;edu.cmu.pact.jess.MTRete:1251&gt;main
[14:44:03] +err+ 2172: Error opening test/solver.brd or reading as URL: java.net.MalformedURLException: no protocol: test/solver.brd; cause null &lt;edu.cmu.pact.BehaviorRecorder.ProblemModel.ProblemStateReader:161&gt;main
[14:44:03] +err+ 2173: Error on getFileAsResource(null) or getCanonicalPath(): java.lang.NullPointerException; cause null &lt;edu.cmu.pact.BehaviorRecorder.ProblemModel.ProblemStateReader:168&gt;main
[14:44:03] +err+ 2178: bad pKnown: java.lang.NumberFormatException: For input string: "c,_negative Solver" &lt;edu.cmu.pact.ctat.model.Skill:519&gt;main
[14:44:03] +err+ 2181: bad pKnown: java.lang.NumberFormatException: For input string: "c,_negative Solver" &lt;edu.cmu.pact.ctat.model.Skill:519&gt;main
[14:44:03] +err+ 2184: bad pKnown: java.lang.NumberFormatException: For input string: "c,_negative Solver" &lt;edu.cmu.pact.ctat.model.Skill:519&gt;main
[14:44:03] +err+ 2187: bad pKnown: java.lang.NumberFormatException: For input string: "c,_negative Solver" &lt;edu.cmu.pact.ctat.model.Skill:519&gt;main
[14:44:04] +err+ 2196: Error opening test/edu/cmu/pact/BehaviorRecorder/ProblemModel/Graph/startStateVariablesGraph.brd or reading as URL: java.net.MalformedURLException: no protocol: test/edu/cmu/pact/BehaviorRecorder/ProblemModel/Graph/startStateVariablesGraph.brd; cause null &lt;edu.cmu.pact.BehaviorRecorder.ProblemModel.ProblemStateReader:161&gt;main
[14:44:04] +err+ 2197: Error on getFileAsResource(null) or getCanonicalPath(): java.lang.NullPointerException; cause null &lt;edu.cmu.pact.BehaviorRecorder.ProblemModel.ProblemStateReader:168&gt;main
deserializing from buffer CTATFunctionsParser.ser
Parser construction took 2 millis
java.net.BindException: Address already in use
	at java.net.PlainSocketImpl.socketBind(Native Method)
	at java.net.AbstractPlainSocketImpl.bind(AbstractPlainSocketImpl.java:376)
	at java.net.ServerSocket.bind(ServerSocket.java:376)
	at java.net.ServerSocket.bind(ServerSocket.java:330)
	at edu.cmu.pact.TutoringService.Monitor.run(Monitor.java:156)
[14:44:06] +err+ 2322: Error opening test/edu/cmu/pact/BehaviorRecorder/ProblemModel/Graph/startStateVariablesGraph.brd or reading as URL: java.net.MalformedURLException: no protocol: test/edu/cmu/pact/BehaviorRecorder/ProblemModel/Graph/startStateVariablesGraph.brd; cause null &lt;edu.cmu.pact.BehaviorRecorder.ProblemModel.ProblemStateReader:161&gt;main
[14:44:06] +err+ 2323: Error on getFileAsResource(null) or getCanonicalPath(): java.lang.NullPointerException; cause null &lt;edu.cmu.pact.BehaviorRecorder.ProblemModel.ProblemStateReader:168&gt;main
edu.cmu.pact.BehaviorRecorder.ProblemModel.ProblemModelException: The problem name: "" is empty or has unallowed characters.
	at edu.cmu.pact.BehaviorRecorder.Controller.BR_Controller.createStartStateInternal(BR_Controller.java:2413)
	at edu.cmu.pact.BehaviorRecorder.Controller.BR_Controller.createStartState(BR_Controller.java:2362)
	at edu.cmu.pact.ctat.model.CtatModeModel.changeAuthorModeOk(CtatModeModel.java:343)
	at edu.cmu.pact.ctat.model.CtatModeModel.setAuthorMode(CtatModeModel.java:215)
	at edu.cmu.pact.BehaviorRecorder.Controller.PseudoTutorMessageHandlerTest.setUp(PseudoTutorMessageHandlerTest.java:673)
	at junit.framework.TestCase.runBare(TestCase.java:125)
	at junit.framework.TestResult$1.protect(TestResult.java:106)
	at junit.framework.TestResult.runProtected(TestResult.java:124)
	at junit.framework.TestResult.run(TestResult.java:109)
	at junit.framework.TestCase.run(TestCase.java:118)
	at junit.framework.TestSuite.runTest(TestSuite.java:208)
	at junit.framework.TestSuite.run(TestSuite.java:203)
	at org.apache.tools.ant.taskdefs.optional.junit.JUnitTestRunner.run(JUnitTestRunner.java:523)
	at org.apache.tools.ant.taskdefs.optional.junit.JUnitTestRunner.launch(JUnitTestRunner.java:1063)
	at org.apache.tools.ant.taskdefs.optional.junit.JUnitTestRunner.main(JUnitTestRunner.java:914)
deserializing from buffer CTATFunctionsParser.ser
Parser construction took 2 millis
deserializing from buffer CTATFunctionsParser.ser
Parser construction took 2 millis
edu.cmu.pact.BehaviorRecorder.ProblemModel.ProblemModelException: The problem name: "" is empty or has unallowed characters.
	at edu.cmu.pact.BehaviorRecorder.Controller.BR_Controller.createStartStateInternal(BR_Controller.java:2413)
	at edu.cmu.pact.BehaviorRecorder.Controller.BR_Controller.createStartState(BR_Controller.java:2362)
	at edu.cmu.pact.ctat.model.CtatModeModel.changeAuthorModeOk(CtatModeModel.java:343)
	at edu.cmu.pact.ctat.model.CtatModeModel.setAuthorMode(CtatModeModel.java:215)
	at edu.cmu.pact.BehaviorRecorder.Controller.PseudoTutorMessageHandlerTest.setUp(PseudoTutorMessageHandlerTest.java:673)
	at junit.framework.TestCase.runBare(TestCase.java:125)
	at junit.framework.TestResult$1.protect(TestResult.java:106)
	at junit.framework.TestResult.runProtected(TestResult.java:124)
	at junit.framework.TestResult.run(TestResult.java:109)
	at junit.framework.TestCase.run(TestCase.java:118)
	at junit.framework.TestSuite.runTest(TestSuite.java:208)
	at junit.framework.TestSuite.run(TestSuite.java:203)
	at org.apache.tools.ant.taskdefs.optional.junit.JUnitTestRunner.run(JUnitTestRunner.java:523)
	at org.apache.tools.ant.taskdefs.optional.junit.JUnitTestRunner.launch(JUnitTestRunner.java:1063)
	at org.apache.tools.ant.taskdefs.optional.junit.JUnitTestRunner.main(JUnitTestRunner.java:914)
java.net.BindException: Address already in use
	at java.net.PlainSocketImpl.socketBind(Native Method)
	at java.net.AbstractPlainSocketImpl.bind(AbstractPlainSocketImpl.java:376)
	at java.net.ServerSocket.bind(ServerSocket.java:376)
	at java.net.ServerSocket.bind(ServerSocket.java:330)
	at edu.cmu.pact.TutoringService.Monitor.run(Monitor.java:156)
deserializing from buffer CTATFunctionsParser.ser
Parser construction took 1 millis
[14:44:29] +err+ 2994: Error opening test/edu/cmu/pact/BehaviorRecorder/ProblemModel/Graph/testDeleteSingleLink.brd or reading as URL: java.net.MalformedURLException: no protocol: test/edu/cmu/pact/BehaviorRecorder/ProblemModel/Graph/testDeleteSingleLink.brd; cause null &lt;edu.cmu.pact.BehaviorRecorder.ProblemModel.ProblemStateReader:161&gt;main
[14:44:29] +err+ 2997: Error on getFileAsResource(null) or getCanonicalPath(): java.lang.NullPointerException; cause null &lt;edu.cmu.pact.BehaviorRecorder.ProblemModel.ProblemStateReader:168&gt;main
[14:44:29] +err+ 4168: Error opening test/edu/cmu/pact/BehaviorRecorder/ProblemModel/Graph/testDeleteSingleLinkAndMerge.brd or reading as URL: java.net.MalformedURLException: no protocol: test/edu/cmu/pact/BehaviorRecorder/ProblemModel/Graph/testDeleteSingleLinkAndMerge.brd; cause null &lt;edu.cmu.pact.BehaviorRecorder.ProblemModel.ProblemStateReader:161&gt;main
[14:44:29] +err+ 4170: Error on getFileAsResource(null) or getCanonicalPath(): java.lang.NullPointerException; cause null &lt;edu.cmu.pact.BehaviorRecorder.ProblemModel.ProblemStateReader:168&gt;main
[14:44:29] +err+ 4229: Error opening test/edu/cmu/pact/BehaviorRecorder/ProblemModel/Graph/testDeleteSingleLinkDisconnect.brd or reading as URL: java.net.MalformedURLException: no protocol: test/edu/cmu/pact/BehaviorRecorder/ProblemModel/Graph/testDeleteSingleLinkDisconnect.brd; cause null &lt;edu.cmu.pact.BehaviorRecorder.ProblemModel.ProblemStateReader:161&gt;main
[14:44:29] +err+ 4230: Error on getFileAsResource(null) or getCanonicalPath(): java.lang.NullPointerException; cause null &lt;edu.cmu.pact.BehaviorRecorder.ProblemModel.ProblemStateReader:168&gt;main
edu.cmu.pact.BehaviorRecorder.ProblemModel.ProblemModelException: The problem name: "" is empty or has unallowed characters.
	at edu.cmu.pact.BehaviorRecorder.Controller.BR_Controller.createStartStateInternal(BR_Controller.java:2413)
	at edu.cmu.pact.BehaviorRecorder.Controller.BR_Controller.createStartState(BR_Controller.java:2362)
	at edu.cmu.pact.ctat.model.CtatModeModel.changeAuthorModeOk(CtatModeModel.java:343)
	at edu.cmu.pact.ctat.model.CtatModeModel.setAuthorMode(CtatModeModel.java:215)
	at edu.cmu.pact.BehaviorRecorder.Controller.PseudoTutorMessageHandlerTest.setUp(PseudoTutorMessageHandlerTest.java:673)
	at junit.framework.TestCase.runBare(TestCase.java:125)
	at junit.framework.TestResult$1.protect(TestResult.java:106)
	at junit.framework.TestResult.runProtected(TestResult.java:124)
	at junit.framework.TestResult.run(TestResult.java:109)
	at junit.framework.TestCase.run(TestCase.java:118)
	at junit.framework.TestSuite.runTest(TestSuite.java:208)
	at junit.framework.TestSuite.run(TestSuite.java:203)
	at org.apache.tools.ant.taskdefs.optional.junit.JUnitTestRunner.run(JUnitTestRunner.java:523)
	at org.apache.tools.ant.taskdefs.optional.junit.JUnitTestRunner.launch(JUnitTestRunner.java:1063)
	at org.apache.tools.ant.taskdefs.optional.junit.JUnitTestRunner.main(JUnitTestRunner.java:914)
deserializing from buffer CTATFunctionsParser.ser
Parser construction took 2 millis
deserializing from buffer CTATFunctionsParser.ser
Parser construction took 2 millis
[14:44:31] +err+ 4391: Error opening test/2x-P3-6xP+7.brd or reading as URL: java.net.MalformedURLException: no protocol: test/2x-P3-6xP+7.brd; cause null &lt;edu.cmu.pact.BehaviorRecorder.ProblemModel.ProblemStateReader:161&gt;main
[14:44:31] +err+ 4392: Error on getFileAsResource(null) or getCanonicalPath(): java.lang.NullPointerException; cause null &lt;edu.cmu.pact.BehaviorRecorder.ProblemModel.ProblemStateReader:168&gt;main
deserializing from buffer CTATFunctionsParser.ser
Parser construction took 2 millis
java.lang.IllegalStateException: ERROR: Wrong symbol: EOF, state 23
1:	x +
 	   ^
Expected was (one of): `stringdef`, '-', `identifier`, `number`, '(', "true", "null", "false"

	at edu.cmu.pact.BehaviorRecorder.ProblemModel.Matcher.CTATFunctions.evaluate(CTATFunctions.java:1006)
	at edu.cmu.pact.BehaviorRecorder.ProblemModel.Matcher.ExpressionMatcher.evaluate(ExpressionMatcher.java:237)
	at edu.cmu.pact.BehaviorRecorder.ProblemModel.Matcher.ExpressionMatcher.testVector(ExpressionMatcher.java:270)
	at edu.cmu.pact.BehaviorRecorder.ProblemModel.Matcher.ExpressionMatcher.testInput(ExpressionMatcher.java:257)
	at edu.cmu.pact.BehaviorRecorder.ProblemModel.Matcher.ExpressionMatcher.match(ExpressionMatcher.java:400)
	at edu.cmu.pact.BehaviorRecorder.ProblemModel.Matcher.ExactMatcher.match(ExactMatcher.java:175)
	at edu.cmu.pact.BehaviorRecorder.ProblemModel.Matcher.MatcherTest.testExpressionSyntaxError(MatcherTest.java:307)
	at edu.cmu.pact.BehaviorRecorder.ProblemModel.Matcher.MatcherTest.testExpressionMatching(MatcherTest.java:413)
	at sun.reflect.NativeMethodAccessorImpl.invoke0(Native Method)
	at sun.reflect.NativeMethodAccessorImpl.invoke(NativeMethodAccessorImpl.java:57)
	at sun.reflect.DelegatingMethodAccessorImpl.invoke(DelegatingMethodAccessorImpl.java:43)
	at java.lang.reflect.Method.invoke(Method.java:606)
	at junit.framework.TestCase.runTest(TestCase.java:154)
	at junit.framework.TestCase.runBare(TestCase.java:127)
	at junit.framework.TestResult$1.protect(TestResult.java:106)
	at junit.framework.TestResult.runProtected(TestResult.java:124)
	at junit.framework.TestResult.run(TestResult.java:109)
	at junit.framework.TestCase.run(TestCase.java:118)
	at junit.framework.TestSuite.runTest(TestSuite.java:208)
	at junit.framework.TestSuite.run(TestSuite.java:203)
	at org.apache.tools.ant.taskdefs.optional.junit.JUnitTestRunner.run(JUnitTestRunner.java:523)
	at org.apache.tools.ant.taskdefs.optional.junit.JUnitTestRunner.launch(JUnitTestRunner.java:1063)
	at org.apache.tools.ant.taskdefs.optional.junit.JUnitTestRunner.main(JUnitTestRunner.java:914)
deserializing from buffer CTATFunctionsParser.ser
Parser construction took 2 millis
deserializing from buffer CTATFunctionsParser.ser
Parser construction took 2 millis
deserializing from buffer CTATFunctionsParser.ser
Parser construction took 2 millis
deserializing from buffer CTATFunctionsParser.ser
Parser construction took 2 millis
deserializing from buffer CTATFunctionsParser.ser
Parser construction took 2 millis
deserializing from buffer CTATFunctionsParser.ser
Parser construction took 2 millis
deserializing from buffer CTATFunctionsParser.ser
Parser construction took 2 millis
deserializing from buffer CTATFunctionsParser.ser
Parser construction took 2 millis
deserializing from buffer CTATFunctionsParser.ser
Parser construction took 1 millis
7 + is not valid:
ERROR: Wrong symbol: EOF, state 23
1:	7 +
 	   ^
Expected was (one of): `stringdef`, '-', `identifier`, `number`, '(', "true", "null", "false"

java.lang.IllegalStateException: no method found: memberOf(())
deserializing from buffer CTATFunctionsParser.ser
Parser construction took 2 millis

INFO: Mixed parser and lexer specification, 268 lexer rules, 16 parser rules.
Lexer scratch construction took 2 millis
WARNING: Grammar has no top level rule, taking first rule &gt;EXPRESSION ::= TERM ;&lt;
ParserTables scratch construction took 6 millis
serializing to buffer CTATExpressionSemanticParser.ser
Parser construction took 10 millis
deserializing from buffer CTATExpressionSemanticParser.ser
Parser construction took 1 millis
deserializing from buffer CTATExpressionSemanticParser.ser
Parser construction took 1 millis
deserializing from buffer CTATExpressionSemanticParser.ser
Parser construction took 2 millis
deserializing from buffer CTATExpressionSemanticParser.ser
Parser construction took 1 millis
deserializing from buffer CTATExpressionSemanticParser.ser
Parser construction took 1 millis
deserializing from buffer CTATExpressionSemanticParser.ser
Parser construction took 1 millis
deserializing from buffer CTATExpressionSemanticParser.ser
Parser construction took 1 millis
deserializing from buffer CTATExpressionSemanticParser.ser
Parser construction took 1 millis
deserializing from buffer CTATExpressionSemanticParser.ser
Parser construction took 1 millis
deserializing from buffer CTATExpressionSemanticParser.ser
Parser construction took 1 millis
deserializing from buffer CTATExpressionSemanticParser.ser
Parser construction took 2 millis
deserializing from buffer CTATExpressionSemanticParser.ser
Parser construction took 1 millis
deserializing from buffer CTATExpressionSemanticParser.ser
Parser construction took 1 millis
deserializing from buffer CTATExpressionSemanticParser.ser
Parser construction took 1 millis
deserializing from buffer CTATExpressionSemanticParser.ser
Parser construction took 1 millis
deserializing from buffer CTATExpressionSemanticParser.ser
Parser construction took 1 millis
deserializing from buffer CTATExpressionSemanticParser.ser
Parser construction took 2 millis
deserializing from buffer CTATExpressionSemanticParser.ser
Parser construction took 1 millis
deserializing from buffer CTATExpressionSemanticParser.ser
Parser construction took 1 millis
deserializing from buffer CTATFunctionsParser.ser
Parser construction took 1 millis
deserializing from buffer CTATFunctionsParser.ser
Parser construction took 1 millis
[14:44:35] +err+ 5752: Error loading java.util.ArrayList: class does not implement jess.Userfunction &lt;edu.cmu.pact.jess.FunctionPackage:71&gt;main
[14:44:35] +err+ 5753: Could not load class edu.cmu.pact.jess.SomeUnknownFunction: java.lang.ClassNotFoundException: edu.cmu.pact.jess.SomeUnknownFunction &lt;edu.cmu.pact.jess.FunctionPackage:44&gt;main
[14:44:36] +err+ 5782: Error running suite() method in testCase null(edu.cmu.hcii.ctat.NodeCommTest):
  java.lang.NoSuchMethodException: edu.cmu.hcii.ctat.NodeCommTest.suite(); cause: null &lt;edu.GlobalTestSuiteManager:172&gt;main
java.lang.NoSuchMethodException: edu.cmu.hcii.ctat.NodeCommTest.suite()
	at java.lang.Class.getMethod(Class.java:1665)
	at edu.GlobalTestSuiteManager.getGlobalTestSuite(GlobalTestSuiteManager.java:164)
	at edu.GlobalTestSuiteTest.testGetTestSuite(GlobalTestSuiteTest.java:44)
	at sun.reflect.NativeMethodAccessorImpl.invoke0(Native Method)
	at sun.reflect.NativeMethodAccessorImpl.invoke(NativeMethodAccessorImpl.java:57)
	at sun.reflect.DelegatingMethodAccessorImpl.invoke(DelegatingMethodAccessorImpl.java:43)
	at java.lang.reflect.Method.invoke(Method.java:606)
	at junit.framework.TestCase.runTest(TestCase.java:154)
	at junit.framework.TestCase.runBare(TestCase.java:127)
	at junit.framework.TestResult$1.protect(TestResult.java:106)
	at junit.framework.TestResult.runProtected(TestResult.java:124)
	at junit.framework.TestResult.run(TestResult.java:109)
	at junit.framework.TestCase.run(TestCase.java:118)
	at junit.framework.TestSuite.runTest(TestSuite.java:208)
	at junit.framework.TestSuite.run(TestSuite.java:203)
	at org.apache.tools.ant.taskdefs.optional.junit.JUnitTestRunner.run(JUnitTestRunner.java:523)
	at org.apache.tools.ant.taskdefs.optional.junit.JUnitTestRunner.launch(JUnitTestRunner.java:1063)
	at org.apache.tools.ant.taskdefs.optional.junit.JUnitTestRunner.main(JUnitTestRunner.java:914)
deserializing from buffer CTATFunctionsParser.ser
Parser construction took 1 millis
[14:44:36] +err+ 5786: Could not instantiate class edu.cmu.pact.BehaviorRecorder.Controller.BR_ControllerTest:
  java.lang.IndexOutOfBoundsException: Index: 0, Size: 0; cause: null &lt;edu.GlobalTestSuiteManager:158&gt;main
java.lang.IndexOutOfBoundsException: Index: 0, Size: 0
	at java.util.ArrayList.rangeCheck(ArrayList.java:635)
	at java.util.ArrayList.get(ArrayList.java:411)
	at edu.cmu.pact.BehaviorRecorder.Tab.CTATTabManager.getTabByNumber(CTATTabManager.java:183)
	at edu.cmu.pact.BehaviorRecorder.Tab.CTATTabManager.setTabVisibility(CTATTabManager.java:272)
	at edu.cmu.pact.BehaviorRecorder.Controller.CTAT_Launcher.&lt;init&gt;(CTAT_Launcher.java:121)
	at edu.cmu.pact.BehaviorRecorder.Controller.CTAT_Launcher.&lt;init&gt;(CTAT_Launcher.java:84)
	at edu.cmu.pact.BehaviorRecorder.Controller.BR_ControllerTest.&lt;init&gt;(BR_ControllerTest.java:18)
	at sun.reflect.NativeConstructorAccessorImpl.newInstance0(Native Method)
	at sun.reflect.NativeConstructorAccessorImpl.newInstance(NativeConstructorAccessorImpl.java:57)
	at sun.reflect.DelegatingConstructorAccessorImpl.newInstance(DelegatingConstructorAccessorImpl.java:45)
	at java.lang.reflect.Constructor.newInstance(Constructor.java:526)
	at java.lang.Class.newInstance(Class.java:374)
	at edu.GlobalTestSuiteManager.getGlobalTestSuite(GlobalTestSuiteManager.java:150)
	at edu.GlobalTestSuiteTest.testGetTestSuite(GlobalTestSuiteTest.java:44)
	at sun.reflect.NativeMethodAccessorImpl.invoke0(Native Method)
	at sun.reflect.NativeMethodAccessorImpl.invoke(NativeMethodAccessorImpl.java:57)
	at sun.reflect.DelegatingMethodAccessorImpl.invoke(DelegatingMethodAccessorImpl.java:43)
	at java.lang.reflect.Method.invoke(Method.java:606)
	at junit.framework.TestCase.runTest(TestCase.java:154)
	at junit.framework.TestCase.runBare(TestCase.java:127)
	at junit.framework.TestResult$1.protect(TestResult.java:106)
	at junit.framework.TestResult.runProtected(TestResult.java:124)
	at junit.framework.TestResult.run(TestResult.java:109)
	at junit.framework.TestCase.run(TestCase.java:118)
	at junit.framework.TestSuite.runTest(TestSuite.java:208)
	at junit.framework.TestSuite.run(TestSuite.java:203)
	at org.apache.tools.ant.taskdefs.optional.junit.JUnitTestRunner.run(JUnitTestRunner.java:523)
	at org.apache.tools.ant.taskdefs.optional.junit.JUnitTestRunner.launch(JUnitTestRunner.java:1063)
	at org.apache.tools.ant.taskdefs.optional.junit.JUnitTestRunner.main(JUnitTestRunner.java:914)
[14:44:36] +err+ 5787: Could not instantiate class edu.cmu.pact.BehaviorRecorder.Controller.JavaExampleTracerTest:
  java.lang.InstantiationException: edu.cmu.pact.BehaviorRecorder.Controller.JavaExampleTracerTest; cause: null &lt;edu.GlobalTestSuiteManager:158&gt;main
java.lang.InstantiationException: edu.cmu.pact.BehaviorRecorder.Controller.JavaExampleTracerTest
	at java.lang.Class.newInstance(Class.java:359)
	at edu.GlobalTestSuiteManager.getGlobalTestSuite(GlobalTestSuiteManager.java:150)
	at edu.GlobalTestSuiteTest.testGetTestSuite(GlobalTestSuiteTest.java:44)
	at sun.reflect.NativeMethodAccessorImpl.invoke0(Native Method)
	at sun.reflect.NativeMethodAccessorImpl.invoke(NativeMethodAccessorImpl.java:57)
	at sun.reflect.DelegatingMethodAccessorImpl.invoke(DelegatingMethodAccessorImpl.java:43)
	at java.lang.reflect.Method.invoke(Method.java:606)
	at junit.framework.TestCase.runTest(TestCase.java:154)
	at junit.framework.TestCase.runBare(TestCase.java:127)
	at junit.framework.TestResult$1.protect(TestResult.java:106)
	at junit.framework.TestResult.runProtected(TestResult.java:124)
	at junit.framework.TestResult.run(TestResult.java:109)
	at junit.framework.TestCase.run(TestCase.java:118)
	at junit.framework.TestSuite.runTest(TestSuite.java:208)
	at junit.framework.TestSuite.run(TestSuite.java:203)
	at org.apache.tools.ant.taskdefs.optional.junit.JUnitTestRunner.run(JUnitTestRunner.java:523)
	at org.apache.tools.ant.taskdefs.optional.junit.JUnitTestRunner.launch(JUnitTestRunner.java:1063)
	at org.apache.tools.ant.taskdefs.optional.junit.JUnitTestRunner.main(JUnitTestRunner.java:914)
[14:44:36] +err+ 5788: Error running suite() method in testCase null(edu.cmu.pact.Log.LogDifferences.ColumnTest):
  java.lang.NoSuchMethodException: edu.cmu.pact.Log.LogDifferences.ColumnTest.suite(); cause: null &lt;edu.GlobalTestSuiteManager:172&gt;main
java.lang.NoSuchMethodException: edu.cmu.pact.Log.LogDifferences.ColumnTest.suite()
	at java.lang.Class.getMethod(Class.java:1665)
	at edu.GlobalTestSuiteManager.getGlobalTestSuite(GlobalTestSuiteManager.java:164)
	at edu.GlobalTestSuiteTest.testGetTestSuite(GlobalTestSuiteTest.java:44)
	at sun.reflect.NativeMethodAccessorImpl.invoke0(Native Method)
	at sun.reflect.NativeMethodAccessorImpl.invoke(NativeMethodAccessorImpl.java:57)
	at sun.reflect.DelegatingMethodAccessorImpl.invoke(DelegatingMethodAccessorImpl.java:43)
	at java.lang.reflect.Method.invoke(Method.java:606)
	at junit.framework.TestCase.runTest(TestCase.java:154)
	at junit.framework.TestCase.runBare(TestCase.java:127)
	at junit.framework.TestResult$1.protect(TestResult.java:106)
	at junit.framework.TestResult.runProtected(TestResult.java:124)
	at junit.framework.TestResult.run(TestResult.java:109)
	at junit.framework.TestCase.run(TestCase.java:118)
	at junit.framework.TestSuite.runTest(TestSuite.java:208)
	at junit.framework.TestSuite.run(TestSuite.java:203)
	at org.apache.tools.ant.taskdefs.optional.junit.JUnitTestRunner.run(JUnitTestRunner.java:523)
	at org.apache.tools.ant.taskdefs.optional.junit.JUnitTestRunner.launch(JUnitTestRunner.java:1063)
	at org.apache.tools.ant.taskdefs.optional.junit.JUnitTestRunner.main(JUnitTestRunner.java:914)
[14:44:36] +err+ 5789: Error running suite() method in testCase null(edu.cmu.pact.Log.LogDifferences.ContentCellTest):
  java.lang.NoSuchMethodException: edu.cmu.pact.Log.LogDifferences.ContentCellTest.suite(); cause: null &lt;edu.GlobalTestSuiteManager:172&gt;main
java.lang.NoSuchMethodException: edu.cmu.pact.Log.LogDifferences.ContentCellTest.suite()
	at java.lang.Class.getMethod(Class.java:1665)
	at edu.GlobalTestSuiteManager.getGlobalTestSuite(GlobalTestSuiteManager.java:164)
	at edu.GlobalTestSuiteTest.testGetTestSuite(GlobalTestSuiteTest.java:44)
	at sun.reflect.NativeMethodAccessorImpl.invoke0(Native Method)
	at sun.reflect.NativeMethodAccessorImpl.invoke(NativeMethodAccessorImpl.java:57)
	at sun.reflect.DelegatingMethodAccessorImpl.invoke(DelegatingMethodAccessorImpl.java:43)
	at java.lang.reflect.Method.invoke(Method.java:606)
	at junit.framework.TestCase.runTest(TestCase.java:154)
	at junit.framework.TestCase.runBare(TestCase.java:127)
	at junit.framework.TestResult$1.protect(TestResult.java:106)
	at junit.framework.TestResult.runProtected(TestResult.java:124)
	at junit.framework.TestResult.run(TestResult.java:109)
	at junit.framework.TestCase.run(TestCase.java:118)
	at junit.framework.TestSuite.runTest(TestSuite.java:208)
	at junit.framework.TestSuite.run(TestSuite.java:203)
	at org.apache.tools.ant.taskdefs.optional.junit.JUnitTestRunner.run(JUnitTestRunner.java:523)
	at org.apache.tools.ant.taskdefs.optional.junit.JUnitTestRunner.launch(JUnitTestRunner.java:1063)
	at org.apache.tools.ant.taskdefs.optional.junit.JUnitTestRunner.main(JUnitTestRunner.java:914)
[14:44:36] +err+ 5790: Error running suite() method in testCase null(edu.cmu.pact.Log.LogDifferences.ContentNullTest):
  java.lang.NoSuchMethodException: edu.cmu.pact.Log.LogDifferences.ContentNullTest.suite(); cause: null &lt;edu.GlobalTestSuiteManager:172&gt;main
java.lang.NoSuchMethodException: edu.cmu.pact.Log.LogDifferences.ContentNullTest.suite()
	at java.lang.Class.getMethod(Class.java:1665)
	at edu.GlobalTestSuiteManager.getGlobalTestSuite(GlobalTestSuiteManager.java:164)
	at edu.GlobalTestSuiteTest.testGetTestSuite(GlobalTestSuiteTest.java:44)
	at sun.reflect.NativeMethodAccessorImpl.invoke0(Native Method)
	at sun.reflect.NativeMethodAccessorImpl.invoke(NativeMethodAccessorImpl.java:57)
	at sun.reflect.DelegatingMethodAccessorImpl.invoke(DelegatingMethodAccessorImpl.java:43)
	at java.lang.reflect.Method.invoke(Method.java:606)
	at junit.framework.TestCase.runTest(TestCase.java:154)
	at junit.framework.TestCase.runBare(TestCase.java:127)
	at junit.framework.TestResult$1.protect(TestResult.java:106)
	at junit.framework.TestResult.runProtected(TestResult.java:124)
	at junit.framework.TestResult.run(TestResult.java:109)
	at junit.framework.TestCase.run(TestCase.java:118)
	at junit.framework.TestSuite.runTest(TestSuite.java:208)
	at junit.framework.TestSuite.run(TestSuite.java:203)
	at org.apache.tools.ant.taskdefs.optional.junit.JUnitTestRunner.run(JUnitTestRunner.java:523)
	at org.apache.tools.ant.taskdefs.optional.junit.JUnitTestRunner.launch(JUnitTestRunner.java:1063)
	at org.apache.tools.ant.taskdefs.optional.junit.JUnitTestRunner.main(JUnitTestRunner.java:914)
[14:44:36] +err+ 5791: Error running suite() method in testCase null(edu.cmu.pact.Log.LogDifferences.ContentTest):
  java.lang.NoSuchMethodException: edu.cmu.pact.Log.LogDifferences.ContentTest.suite(); cause: null &lt;edu.GlobalTestSuiteManager:172&gt;main
java.lang.NoSuchMethodException: edu.cmu.pact.Log.LogDifferences.ContentTest.suite()
	at java.lang.Class.getMethod(Class.java:1665)
	at edu.GlobalTestSuiteManager.getGlobalTestSuite(GlobalTestSuiteManager.java:164)
	at edu.GlobalTestSuiteTest.testGetTestSuite(GlobalTestSuiteTest.java:44)
	at sun.reflect.NativeMethodAccessorImpl.invoke0(Native Method)
	at sun.reflect.NativeMethodAccessorImpl.invoke(NativeMethodAccessorImpl.java:57)
	at sun.reflect.DelegatingMethodAccessorImpl.invoke(DelegatingMethodAccessorImpl.java:43)
	at java.lang.reflect.Method.invoke(Method.java:606)
	at junit.framework.TestCase.runTest(TestCase.java:154)
	at junit.framework.TestCase.runBare(TestCase.java:127)
	at junit.framework.TestResult$1.protect(TestResult.java:106)
	at junit.framework.TestResult.runProtected(TestResult.java:124)
	at junit.framework.TestResult.run(TestResult.java:109)
	at junit.framework.TestCase.run(TestCase.java:118)
	at junit.framework.TestSuite.runTest(TestSuite.java:208)
	at junit.framework.TestSuite.run(TestSuite.java:203)
	at org.apache.tools.ant.taskdefs.optional.junit.JUnitTestRunner.run(JUnitTestRunner.java:523)
	at org.apache.tools.ant.taskdefs.optional.junit.JUnitTestRunner.launch(JUnitTestRunner.java:1063)
	at org.apache.tools.ant.taskdefs.optional.junit.JUnitTestRunner.main(JUnitTestRunner.java:914)
[14:44:36] +err+ 5792: Could not instantiate class edu.cmu.pact.Log.LogDifferences.TutorMessageContentsTest:
  java.lang.NullPointerException; cause: null &lt;edu.GlobalTestSuiteManager:158&gt;main
java.lang.NullPointerException
	at edu.cmu.pact.Log.DataShopMessageObject.&lt;init&gt;(DataShopMessageObject.java:151)
	at edu.cmu.pact.Log.LogDifferences.TutorMessageContentsTest.createTutorActionLogFromXML(TutorMessageContentsTest.java:188)
	at edu.cmu.pact.Log.LogDifferences.TutorMessageContentsTest.stringToTutorActionLog(TutorMessageContentsTest.java:162)
	at edu.cmu.pact.Log.LogDifferences.TutorMessageContentsTest.&lt;init&gt;(TutorMessageContentsTest.java:32)
	at sun.reflect.NativeConstructorAccessorImpl.newInstance0(Native Method)
	at sun.reflect.NativeConstructorAccessorImpl.newInstance(NativeConstructorAccessorImpl.java:57)
	at sun.reflect.DelegatingConstructorAccessorImpl.newInstance(DelegatingConstructorAccessorImpl.java:45)
	at java.lang.reflect.Constructor.newInstance(Constructor.java:526)
	at java.lang.Class.newInstance(Class.java:374)
	at edu.GlobalTestSuiteManager.getGlobalTestSuite(GlobalTestSuiteManager.java:150)
	at edu.GlobalTestSuiteTest.testGetTestSuite(GlobalTestSuiteTest.java:44)
	at sun.reflect.NativeMethodAccessorImpl.invoke0(Native Method)
	at sun.reflect.NativeMethodAccessorImpl.invoke(NativeMethodAccessorImpl.java:57)
	at sun.reflect.DelegatingMethodAccessorImpl.invoke(DelegatingMethodAccessorImpl.java:43)
	at java.lang.reflect.Method.invoke(Method.java:606)
	at junit.framework.TestCase.runTest(TestCase.java:154)
	at junit.framework.TestCase.runBare(TestCase.java:127)
	at junit.framework.TestResult$1.protect(TestResult.java:106)
	at junit.framework.TestResult.runProtected(TestResult.java:124)
	at junit.framework.TestResult.run(TestResult.java:109)
	at junit.framework.TestCase.run(TestCase.java:118)
	at junit.framework.TestSuite.runTest(TestSuite.java:208)
	at junit.framework.TestSuite.run(TestSuite.java:203)
	at org.apache.tools.ant.taskdefs.optional.junit.JUnitTestRunner.run(JUnitTestRunner.java:523)
	at org.apache.tools.ant.taskdefs.optional.junit.JUnitTestRunner.launch(JUnitTestRunner.java:1063)
	at org.apache.tools.ant.taskdefs.optional.junit.JUnitTestRunner.main(JUnitTestRunner.java:914)
[14:44:36] +err+ 5793: Error running suite() method in testCase null(edu.cmu.pact.SocketProxy.HTTPToolProxyTest):
  java.lang.NoSuchMethodException: edu.cmu.pact.SocketProxy.HTTPToolProxyTest.suite(); cause: null &lt;edu.GlobalTestSuiteManager:172&gt;main
java.lang.NoSuchMethodException: edu.cmu.pact.SocketProxy.HTTPToolProxyTest.suite()
	at java.lang.Class.getMethod(Class.java:1665)
	at edu.GlobalTestSuiteManager.getGlobalTestSuite(GlobalTestSuiteManager.java:164)
	at edu.GlobalTestSuiteTest.testGetTestSuite(GlobalTestSuiteTest.java:44)
	at sun.reflect.NativeMethodAccessorImpl.invoke0(Native Method)
	at sun.reflect.NativeMethodAccessorImpl.invoke(NativeMethodAccessorImpl.java:57)
	at sun.reflect.DelegatingMethodAccessorImpl.invoke(DelegatingMethodAccessorImpl.java:43)
	at java.lang.reflect.Method.invoke(Method.java:606)
	at junit.framework.TestCase.runTest(TestCase.java:154)
	at junit.framework.TestCase.runBare(TestCase.java:127)
	at junit.framework.TestResult$1.protect(TestResult.java:106)
	at junit.framework.TestResult.runProtected(TestResult.java:124)
	at junit.framework.TestResult.run(TestResult.java:109)
	at junit.framework.TestCase.run(TestCase.java:118)
	at junit.framework.TestSuite.runTest(TestSuite.java:208)
	at junit.framework.TestSuite.run(TestSuite.java:203)
	at org.apache.tools.ant.taskdefs.optional.junit.JUnitTestRunner.run(JUnitTestRunner.java:523)
	at org.apache.tools.ant.taskdefs.optional.junit.JUnitTestRunner.launch(JUnitTestRunner.java:1063)
	at org.apache.tools.ant.taskdefs.optional.junit.JUnitTestRunner.main(JUnitTestRunner.java:914)
deserializing from buffer CTATFunctionsParser.ser
Parser construction took 2 millis
[14:44:36] +err+ 5797: Could not instantiate class edu.cmu.pact.jess.GoToWMMessgHandlerTest:
  java.lang.IndexOutOfBoundsException: Index: 0, Size: 0; cause: null &lt;edu.GlobalTestSuiteManager:158&gt;main
java.lang.IndexOutOfBoundsException: Index: 0, Size: 0
	at java.util.ArrayList.rangeCheck(ArrayList.java:635)
	at java.util.ArrayList.get(ArrayList.java:411)
	at edu.cmu.pact.BehaviorRecorder.Tab.CTATTabManager.getTabByNumber(CTATTabManager.java:183)
	at edu.cmu.pact.BehaviorRecorder.Tab.CTATTabManager.setTabVisibility(CTATTabManager.java:272)
	at edu.cmu.pact.BehaviorRecorder.Controller.CTAT_Launcher.&lt;init&gt;(CTAT_Launcher.java:121)
	at edu.cmu.pact.BehaviorRecorder.Controller.CTAT_Launcher.&lt;init&gt;(CTAT_Launcher.java:84)
	at edu.cmu.pact.jess.GoToWMMessgHandlerTest.&lt;init&gt;(GoToWMMessgHandlerTest.java:79)
	at sun.reflect.NativeConstructorAccessorImpl.newInstance0(Native Method)
	at sun.reflect.NativeConstructorAccessorImpl.newInstance(NativeConstructorAccessorImpl.java:57)
	at sun.reflect.DelegatingConstructorAccessorImpl.newInstance(DelegatingConstructorAccessorImpl.java:45)
	at java.lang.reflect.Constructor.newInstance(Constructor.java:526)
	at java.lang.Class.newInstance(Class.java:374)
	at edu.GlobalTestSuiteManager.getGlobalTestSuite(GlobalTestSuiteManager.java:150)
	at edu.GlobalTestSuiteTest.testGetTestSuite(GlobalTestSuiteTest.java:44)
	at sun.reflect.NativeMethodAccessorImpl.invoke0(Native Method)
	at sun.reflect.NativeMethodAccessorImpl.invoke(NativeMethodAccessorImpl.java:57)
	at sun.reflect.DelegatingMethodAccessorImpl.invoke(DelegatingMethodAccessorImpl.java:43)
	at java.lang.reflect.Method.invoke(Method.java:606)
	at junit.framework.TestCase.runTest(TestCase.java:154)
	at junit.framework.TestCase.runBare(TestCase.java:127)
	at junit.framework.TestResult$1.protect(TestResult.java:106)
	at junit.framework.TestResult.runProtected(TestResult.java:124)
	at junit.framework.TestResult.run(TestResult.java:109)
	at junit.framework.TestCase.run(TestCase.java:118)
	at junit.framework.TestSuite.runTest(TestSuite.java:208)
	at junit.framework.TestSuite.run(TestSuite.java:203)
	at org.apache.tools.ant.taskdefs.optional.junit.JUnitTestRunner.run(JUnitTestRunner.java:523)
	at org.apache.tools.ant.taskdefs.optional.junit.JUnitTestRunner.launch(JUnitTestRunner.java:1063)
	at org.apache.tools.ant.taskdefs.optional.junit.JUnitTestRunner.main(JUnitTestRunner.java:914)
[14:44:37] +err+ 6112: Error opening test/edu/cmu/pact/BehaviorRecorder/ProblemModel/Graph/startStateVariablesGraph.brd or reading as URL: java.net.MalformedURLException: no protocol: test/edu/cmu/pact/BehaviorRecorder/ProblemModel/Graph/startStateVariablesGraph.brd; cause null &lt;edu.cmu.pact.BehaviorRecorder.ProblemModel.ProblemStateReader:161&gt;main
[14:44:37] +err+ 6113: Error on getFileAsResource(null) or getCanonicalPath(): java.lang.NullPointerException; cause null &lt;edu.cmu.pact.BehaviorRecorder.ProblemModel.ProblemStateReader:168&gt;main
[14:44:37] +err+ 6174: Error opening test/edu/cmu/pact/BehaviorRecorder/ProblemModel/Graph/startStateVariablesGraph.brd or reading as URL: java.net.MalformedURLException: no protocol: test/edu/cmu/pact/BehaviorRecorder/ProblemModel/Graph/startStateVariablesGraph.brd; cause null &lt;edu.cmu.pact.BehaviorRecorder.ProblemModel.ProblemStateReader:161&gt;main
[14:44:37] +err+ 6175: Error on getFileAsResource(null) or getCanonicalPath(): java.lang.NullPointerException; cause null &lt;edu.cmu.pact.BehaviorRecorder.ProblemModel.ProblemStateReader:168&gt;main
deserializing from buffer CTATFunctionsParser.ser
Parser construction took 2 millis
deserializing from buffer CTATFunctionsParser.ser
Parser construction took 2 millis
Exception in thread "AWT-EventQueue-0" java.lang.NullPointerException
	at edu.cmu.pact.BehaviorRecorder.ProblemModel.JDomReaderTest$1.run(JDomReaderTest.java:59)
	at java.awt.event.InvocationEvent.dispatch(InvocationEvent.java:251)
	at java.awt.EventQueue.dispatchEventImpl(EventQueue.java:733)
	at java.awt.EventQueue.access$200(EventQueue.java:103)
	at java.awt.EventQueue$3.run(EventQueue.java:694)
	at java.awt.EventQueue$3.run(EventQueue.java:692)
	at java.security.AccessController.doPrivileged(Native Method)
	at java.security.ProtectionDomain$1.doIntersectionPrivilege(ProtectionDomain.java:76)
	at java.awt.EventQueue.dispatchEvent(EventQueue.java:703)
	at java.awt.EventDispatchThread.pumpOneEventForFilters(EventDispatchThread.java:242)
	at java.awt.EventDispatchThread.pumpEventsForFilter(EventDispatchThread.java:161)
	at java.awt.EventDispatchThread.pumpEventsForHierarchy(EventDispatchThread.java:150)
	at java.awt.EventDispatchThread.pumpEvents(EventDispatchThread.java:146)
	at java.awt.EventDispatchThread.pumpEvents(EventDispatchThread.java:138)
	at java.awt.EventDispatchThread.run(EventDispatchThread.java:91)
[14:44:39] +err+ 6398: MT.loadInterfaceTemplates(): interfaceTemplatesList is null &lt;edu.cmu.pact.jess.MTRete:1251&gt;main
deserializing from buffer CTATFunctionsParser.ser
Parser construction took 1 millis
INFO: Mixed parser and lexer specification, 25 lexer rules, 11 parser rules.
[14:44:52] +err+ 15694: Error opening test/edu/cmu/pact/BehaviorRecorder/ProblemModel/Graph/groupsAndStartStateVariablesGraph.brd or reading as URL: java.net.MalformedURLException: no protocol: test/edu/cmu/pact/BehaviorRecorder/ProblemModel/Graph/groupsAndStartStateVariablesGraph.brd; cause null &lt;edu.cmu.pact.BehaviorRecorder.ProblemModel.ProblemStateReader:161&gt;main
[14:44:52] +err+ 15695: Error on getFileAsResource(null) or getCanonicalPath(): java.lang.NullPointerException; cause null &lt;edu.cmu.pact.BehaviorRecorder.ProblemModel.ProblemStateReader:168&gt;main
deserializing from buffer CTATExpressionSemanticParser.ser
Parser construction took 1 millis
deserializing from buffer CTATExpressionSemanticParser.ser
Parser construction took 1 millis
java.lang.NullPointerException
	at edu.cmu.pact.BehaviorRecorder.ExpressionMatcher.ExpressionSyntaxNode.generateExpressionTree(ExpressionSyntaxNode.java:36)
	at edu.cmu.pact.BehaviorRecorder.ExpressionMatcher.CTATExpressionSemantic.generateExpressionTree(CTATExpressionSemantic.java:180)
	at edu.cmu.pact.BehaviorRecorder.ExpressionMatcher.CTATExpressionParser.stringToExpressionTreeNode(CTATExpressionParser.java:37)
	at edu.cmu.pact.BehaviorRecorder.ProblemModel.Matcher.ExpressionMatcherTest.isInvalidAlg(ExpressionMatcherTest.java:252)
	at edu.cmu.pact.BehaviorRecorder.ProblemModel.Matcher.ExpressionMatcherTest.testNewExpressionMatcherAll(ExpressionMatcherTest.java:86)
	at sun.reflect.NativeMethodAccessorImpl.invoke0(Native Method)
	at sun.reflect.NativeMethodAccessorImpl.invoke(NativeMethodAccessorImpl.java:57)
	at sun.reflect.DelegatingMethodAccessorImpl.invoke(DelegatingMethodAccessorImpl.java:43)
	at java.lang.reflect.Method.invoke(Method.java:606)
	at junit.framework.TestCase.runTest(TestCase.java:154)
	at junit.framework.TestCase.runBare(TestCase.java:127)
	at junit.framework.TestResult$1.protect(TestResult.java:106)
	at junit.framework.TestResult.runProtected(TestResult.java:124)
	at junit.framework.TestResult.run(TestResult.java:109)
	at junit.framework.TestCase.run(TestCase.java:118)
	at junit.framework.TestSuite.runTest(TestSuite.java:208)
	at junit.framework.TestSuite.run(TestSuite.java:203)
	at org.apache.tools.ant.taskdefs.optional.junit.JUnitTestRunner.run(JUnitTestRunner.java:523)
	at org.apache.tools.ant.taskdefs.optional.junit.JUnitTestRunner.launch(JUnitTestRunner.java:1063)
	at org.apache.tools.ant.taskdefs.optional.junit.JUnitTestRunner.main(JUnitTestRunner.java:914)
java.lang.NullPointerException
	at edu.cmu.pact.BehaviorRecorder.ExpressionMatcher.ExpressionSyntaxNode.generateExpressionTree(ExpressionSyntaxNode.java:36)
	at edu.cmu.pact.BehaviorRecorder.ExpressionMatcher.CTATExpressionSemantic.generateExpressionTree(CTATExpressionSemantic.java:180)
	at edu.cmu.pact.BehaviorRecorder.ExpressionMatcher.CTATExpressionParser.stringToExpressionTreeNode(CTATExpressionParser.java:37)
	at edu.cmu.pact.BehaviorRecorder.ProblemModel.Matcher.ExpressionMatcherTest.isInvalidAlg(ExpressionMatcherTest.java:252)
	at edu.cmu.pact.BehaviorRecorder.ProblemModel.Matcher.ExpressionMatcherTest.testNewExpressionMatcherAll(ExpressionMatcherTest.java:87)
	at sun.reflect.NativeMethodAccessorImpl.invoke0(Native Method)
	at sun.reflect.NativeMethodAccessorImpl.invoke(NativeMethodAccessorImpl.java:57)
	at sun.reflect.DelegatingMethodAccessorImpl.invoke(DelegatingMethodAccessorImpl.java:43)
	at java.lang.reflect.Method.invoke(Method.java:606)
	at junit.framework.TestCase.runTest(TestCase.java:154)
	at junit.framework.TestCase.runBare(TestCase.java:127)
	at junit.framework.TestResult$1.protect(TestResult.java:106)
	at junit.framework.TestResult.runProtected(TestResult.java:124)
	at junit.framework.TestResult.run(TestResult.java:109)
	at junit.framework.TestCase.run(TestCase.java:118)
	at junit.framework.TestSuite.runTest(TestSuite.java:208)
	at junit.framework.TestSuite.run(TestSuite.java:203)
	at org.apache.tools.ant.taskdefs.optional.junit.JUnitTestRunner.run(JUnitTestRunner.java:523)
	at org.apache.tools.ant.taskdefs.optional.junit.JUnitTestRunner.launch(JUnitTestRunner.java:1063)
	at org.apache.tools.ant.taskdefs.optional.junit.JUnitTestRunner.main(JUnitTestRunner.java:914)
java.lang.NullPointerException
	at edu.cmu.pact.BehaviorRecorder.ExpressionMatcher.ExpressionSyntaxNode.generateExpressionTree(ExpressionSyntaxNode.java:36)
	at edu.cmu.pact.BehaviorRecorder.ExpressionMatcher.CTATExpressionSemantic.generateExpressionTree(CTATExpressionSemantic.java:180)
	at edu.cmu.pact.BehaviorRecorder.ExpressionMatcher.CTATExpressionParser.stringToExpressionTreeNode(CTATExpressionParser.java:37)
	at edu.cmu.pact.BehaviorRecorder.ProblemModel.Matcher.ExpressionMatcherTest.isInvalidAlg(ExpressionMatcherTest.java:252)
	at edu.cmu.pact.BehaviorRecorder.ProblemModel.Matcher.ExpressionMatcherTest.testNewExpressionMatcherAll(ExpressionMatcherTest.java:88)
	at sun.reflect.NativeMethodAccessorImpl.invoke0(Native Method)
	at sun.reflect.NativeMethodAccessorImpl.invoke(NativeMethodAccessorImpl.java:57)
	at sun.reflect.DelegatingMethodAccessorImpl.invoke(DelegatingMethodAccessorImpl.java:43)
	at java.lang.reflect.Method.invoke(Method.java:606)
	at junit.framework.TestCase.runTest(TestCase.java:154)
	at junit.framework.TestCase.runBare(TestCase.java:127)
	at junit.framework.TestResult$1.protect(TestResult.java:106)
	at junit.framework.TestResult.runProtected(TestResult.java:124)
	at junit.framework.TestResult.run(TestResult.java:109)
	at junit.framework.TestCase.run(TestCase.java:118)
	at junit.framework.TestSuite.runTest(TestSuite.java:208)
	at junit.framework.TestSuite.run(TestSuite.java:203)
	at org.apache.tools.ant.taskdefs.optional.junit.JUnitTestRunner.run(JUnitTestRunner.java:523)
	at org.apache.tools.ant.taskdefs.optional.junit.JUnitTestRunner.launch(JUnitTestRunner.java:1063)
	at org.apache.tools.ant.taskdefs.optional.junit.JUnitTestRunner.main(JUnitTestRunner.java:914)
deserializing from buffer CTATFunctionsParser.ser
Parser construction took 1 millis
deserializing from buffer CTATExpressionSemanticParser.ser
Parser construction took 1 millis
deserializing from buffer CTATExpressionSemanticParser.ser
Parser construction took 1 millis
deserializing from buffer CTATExpressionSemanticParser.ser
Parser construction took 1 millis
deserializing from buffer CTATExpressionSemanticParser.ser
Parser construction took 1 millis
deserializing from buffer CTATFunctionsParser.ser
Parser construction took 1 millis
deserializing from buffer CTATExpressionSemanticParser.ser
Parser construction took 1 millis
deserializing from buffer CTATExpressionSemanticParser.ser
Parser construction took 1 millis
deserializing from buffer CTATExpressionSemanticParser.ser
Parser construction took 1 millis
deserializing from buffer CTATExpressionSemanticParser.ser
Parser construction took 1 millis
[14:44:53] +err+ 16077: Error opening test/solverNotAutoSimplify.brd or reading as URL: java.net.MalformedURLException: no protocol: test/solverNotAutoSimplify.brd; cause null &lt;edu.cmu.pact.BehaviorRecorder.ProblemModel.ProblemStateReader:161&gt;main
[14:44:53] +err+ 16078: Error on getFileAsResource(null) or getCanonicalPath(): java.lang.NullPointerException; cause null &lt;edu.cmu.pact.BehaviorRecorder.ProblemModel.ProblemStateReader:168&gt;main
[14:44:53] +err+ 16158: bad pKnown: java.lang.NumberFormatException: For input string: "c,_negative Solver" &lt;edu.cmu.pact.ctat.model.Skill:519&gt;main
[14:44:53] +err+ 16199: bad pKnown: java.lang.NumberFormatException: For input string: "c,_negative Solver" &lt;edu.cmu.pact.ctat.model.Skill:519&gt;main
deserializing from buffer CTATFunctionsParser.ser
Parser construction took 2 millis
deserializing from buffer CTATFunctionsParser.ser
Parser construction took 1 millis
deserializing from buffer CTATFunctionsParser.ser
Parser construction took 1 millis
java.io.FileNotFoundException: wmeStructure.txt (No such file or directory)
	at java.io.FileInputStream.open(Native Method)
	at java.io.FileInputStream.&lt;init&gt;(FileInputStream.java:146)
	at java.io.FileReader.&lt;init&gt;(FileReader.java:72)
	at edu.cmu.pact.jess.SimStRete.loadWMEStructureFromFile(SimStRete.java:1404)
	at edu.cmu.pact.jess.SimStRete.updateChunkValues(SimStRete.java:1544)
	at edu.cmu.pact.jess.GoToWMMessgHandler.processMessage(GoToWMMessgHandler.java:104)
	at edu.cmu.pact.jess.MT.handleCommMessage(MT.java:881)
	at edu.cmu.pact.BehaviorRecorder.Controller.BR_Controller.getGoToWMStateResponse(BR_Controller.java:6745)
	at edu.cmu.pact.jess.GoToWMMessgHandlerTest.testProcessMessage(GoToWMMessgHandlerTest.java:175)
	at sun.reflect.NativeMethodAccessorImpl.invoke0(Native Method)
	at sun.reflect.NativeMethodAccessorImpl.invoke(NativeMethodAccessorImpl.java:57)
	at sun.reflect.DelegatingMethodAccessorImpl.invoke(DelegatingMethodAccessorImpl.java:43)
	at java.lang.reflect.Method.invoke(Method.java:606)
	at junit.framework.TestCase.runTest(TestCase.java:154)
	at junit.framework.TestCase.runBare(TestCase.java:127)
	at junit.framework.TestResult$1.protect(TestResult.java:106)
	at junit.framework.TestResult.runProtected(TestResult.java:124)
	at junit.framework.TestResult.run(TestResult.java:109)
	at junit.framework.TestCase.run(TestCase.java:118)
	at junit.framework.TestSuite.runTest(TestSuite.java:208)
	at junit.framework.TestSuite.run(TestSuite.java:203)
	at org.apache.tools.ant.taskdefs.optional.junit.JUnitTestRunner.run(JUnitTestRunner.java:523)
	at org.apache.tools.ant.taskdefs.optional.junit.JUnitTestRunner.launch(JUnitTestRunner.java:1063)
	at org.apache.tools.ant.taskdefs.optional.junit.JUnitTestRunner.main(JUnitTestRunner.java:914)
deserializing from buffer CTATFunctionsParser.ser
Parser construction took 1 millis
deserializing from buffer CTATFunctionsParser.ser
Parser construction took 2 millis
deserializing from buffer CTATFunctionsParser.ser
Parser construction took 1 millis
edu.cmu.pact.BehaviorRecorder.ProblemModel.ProblemModelException: The problem name: "" is empty or has unallowed characters.
	at edu.cmu.pact.BehaviorRecorder.Controller.BR_Controller.createStartStateInternal(BR_Controller.java:2413)
	at edu.cmu.pact.BehaviorRecorder.Controller.BR_Controller.createStartState(BR_Controller.java:2362)
	at edu.cmu.pact.ctat.model.CtatModeModel.changeAuthorModeOk(CtatModeModel.java:343)
	at edu.cmu.pact.ctat.model.CtatModeModel.setAuthorMode(CtatModeModel.java:215)
	at edu.cmu.pact.BehaviorRecorder.Controller.PseudoTutorMessageHandlerTest.setUp(PseudoTutorMessageHandlerTest.java:673)
	at junit.framework.TestCase.runBare(TestCase.java:125)
	at junit.framework.TestResult$1.protect(TestResult.java:106)
	at junit.framework.TestResult.runProtected(TestResult.java:124)
	at junit.framework.TestResult.run(TestResult.java:109)
	at junit.framework.TestCase.run(TestCase.java:118)
	at junit.framework.TestSuite.runTest(TestSuite.java:208)
	at junit.framework.TestSuite.run(TestSuite.java:203)
	at org.apache.tools.ant.taskdefs.optional.junit.JUnitTestRunner.run(JUnitTestRunner.java:523)
	at org.apache.tools.ant.taskdefs.optional.junit.JUnitTestRunner.launch(JUnitTestRunner.java:1063)
	at org.apache.tools.ant.taskdefs.optional.junit.JUnitTestRunner.main(JUnitTestRunner.java:914)
[14:45:00] +err+ 22020: Error opening test/edu/cmu/pact/BehaviorRecorder/ProblemModel/Graph/testRewireDest.brd or reading as URL: java.net.MalformedURLException: no protocol: test/edu/cmu/pact/BehaviorRecorder/ProblemModel/Graph/testRewireDest.brd; cause null &lt;edu.cmu.pact.BehaviorRecorder.ProblemModel.ProblemStateReader:161&gt;main
[14:45:00] +err+ 22021: Error on getFileAsResource(null) or getCanonicalPath(): java.lang.NullPointerException; cause null &lt;edu.cmu.pact.BehaviorRecorder.ProblemModel.ProblemStateReader:168&gt;main
[14:45:00] +err+ 22804: Error opening test/edu/cmu/pact/BehaviorRecorder/ProblemModel/Graph/testRewireEverything.brd or reading as URL: java.net.MalformedURLException: no protocol: test/edu/cmu/pact/BehaviorRecorder/ProblemModel/Graph/testRewireEverything.brd; cause null &lt;edu.cmu.pact.BehaviorRecorder.ProblemModel.ProblemStateReader:161&gt;main
[14:45:00] +err+ 22805: Error on getFileAsResource(null) or getCanonicalPath(): java.lang.NullPointerException; cause null &lt;edu.cmu.pact.BehaviorRecorder.ProblemModel.ProblemStateReader:168&gt;main
[14:45:01] +err+ 23975: Error opening test/edu/cmu/pact/BehaviorRecorder/ProblemModel/Graph/testRewireEverything.brd or reading as URL: java.net.MalformedURLException: no protocol: test/edu/cmu/pact/BehaviorRecorder/ProblemModel/Graph/testRewireEverything.brd; cause null &lt;edu.cmu.pact.BehaviorRecorder.ProblemModel.ProblemStateReader:161&gt;main
[14:45:01] +err+ 23976: Error on getFileAsResource(null) or getCanonicalPath(): java.lang.NullPointerException; cause null &lt;edu.cmu.pact.BehaviorRecorder.ProblemModel.ProblemStateReader:168&gt;main
[14:45:01] +err+ 24557: Error opening test/edu/cmu/pact/BehaviorRecorder/ProblemModel/Graph/testRewireEverything.brd or reading as URL: java.net.MalformedURLException: no protocol: test/edu/cmu/pact/BehaviorRecorder/ProblemModel/Graph/testRewireEverything.brd; cause null &lt;edu.cmu.pact.BehaviorRecorder.ProblemModel.ProblemStateReader:161&gt;main
[14:45:01] +err+ 24558: Error on getFileAsResource(null) or getCanonicalPath(): java.lang.NullPointerException; cause null &lt;edu.cmu.pact.BehaviorRecorder.ProblemModel.ProblemStateReader:168&gt;main
[14:45:02] +err+ 25321: Error opening test/edu/cmu/pact/BehaviorRecorder/ProblemModel/Graph/testRewireSource.brd or reading as URL: java.net.MalformedURLException: no protocol: test/edu/cmu/pact/BehaviorRecorder/ProblemModel/Graph/testRewireSource.brd; cause null &lt;edu.cmu.pact.BehaviorRecorder.ProblemModel.ProblemStateReader:161&gt;main
[14:45:02] +err+ 25322: Error on getFileAsResource(null) or getCanonicalPath(): java.lang.NullPointerException; cause null &lt;edu.cmu.pact.BehaviorRecorder.ProblemModel.ProblemStateReader:168&gt;main
[14:45:02] +err+ 26192: Error opening test/edu/cmu/pact/BehaviorRecorder/ProblemModel/Graph/testRewireEverything.brd or reading as URL: java.net.MalformedURLException: no protocol: test/edu/cmu/pact/BehaviorRecorder/ProblemModel/Graph/testRewireEverything.brd; cause null &lt;edu.cmu.pact.BehaviorRecorder.ProblemModel.ProblemStateReader:161&gt;main
[14:45:02] +err+ 26193: Error on getFileAsResource(null) or getCanonicalPath(): java.lang.NullPointerException; cause null &lt;edu.cmu.pact.BehaviorRecorder.ProblemModel.ProblemStateReader:168&gt;main
deserializing from buffer CTATExpressionSemanticParser.ser
Parser construction took 1 millis
java.lang.NullPointerException
	at edu.cmu.pact.BehaviorRecorder.ExpressionMatcher.ExpressionSyntaxNode.generateExpressionTree(ExpressionSyntaxNode.java:36)
	at edu.cmu.pact.BehaviorRecorder.ExpressionMatcher.CTATExpressionSemantic.generateExpressionTree(CTATExpressionSemantic.java:180)
	at edu.cmu.pact.BehaviorRecorder.ExpressionMatcher.CTATExpressionParser.stringToExpressionTreeNode(CTATExpressionParser.java:37)
	at edu.cmu.pact.BehaviorRecorder.ProblemModel.Matcher.ExpressionMatcherTest.isInvalidAlg(ExpressionMatcherTest.java:252)
	at edu.cmu.pact.BehaviorRecorder.ProblemModel.Matcher.ExpressionMatcherTest.testRightFactor(ExpressionMatcherTest.java:63)
	at sun.reflect.NativeMethodAccessorImpl.invoke0(Native Method)
	at sun.reflect.NativeMethodAccessorImpl.invoke(NativeMethodAccessorImpl.java:57)
	at sun.reflect.DelegatingMethodAccessorImpl.invoke(DelegatingMethodAccessorImpl.java:43)
	at java.lang.reflect.Method.invoke(Method.java:606)
	at junit.framework.TestCase.runTest(TestCase.java:154)
	at junit.framework.TestCase.runBare(TestCase.java:127)
	at junit.framework.TestResult$1.protect(TestResult.java:106)
	at junit.framework.TestResult.runProtected(TestResult.java:124)
	at junit.framework.TestResult.run(TestResult.java:109)
	at junit.framework.TestCase.run(TestCase.java:118)
	at junit.framework.TestSuite.runTest(TestSuite.java:208)
	at junit.framework.TestSuite.run(TestSuite.java:203)
	at org.apache.tools.ant.taskdefs.optional.junit.JUnitTestRunner.run(JUnitTestRunner.java:523)
	at org.apache.tools.ant.taskdefs.optional.junit.JUnitTestRunner.launch(JUnitTestRunner.java:1063)
	at org.apache.tools.ant.taskdefs.optional.junit.JUnitTestRunner.main(JUnitTestRunner.java:914)
java.lang.NullPointerException
	at edu.cmu.pact.BehaviorRecorder.ExpressionMatcher.ExpressionSyntaxNode.generateExpressionTree(ExpressionSyntaxNode.java:36)
	at edu.cmu.pact.BehaviorRecorder.ExpressionMatcher.CTATExpressionSemantic.generateExpressionTree(CTATExpressionSemantic.java:180)
	at edu.cmu.pact.BehaviorRecorder.ExpressionMatcher.CTATExpressionParser.stringToExpressionTreeNode(CTATExpressionParser.java:37)
	at edu.cmu.pact.BehaviorRecorder.ProblemModel.Matcher.ExpressionMatcherTest.isInvalidAlg(ExpressionMatcherTest.java:252)
	at edu.cmu.pact.BehaviorRecorder.ProblemModel.Matcher.ExpressionMatcherTest.testRightFactor(ExpressionMatcherTest.java:64)
	at sun.reflect.NativeMethodAccessorImpl.invoke0(Native Method)
	at sun.reflect.NativeMethodAccessorImpl.invoke(NativeMethodAccessorImpl.java:57)
	at sun.reflect.DelegatingMethodAccessorImpl.invoke(DelegatingMethodAccessorImpl.java:43)
	at java.lang.reflect.Method.invoke(Method.java:606)
	at junit.framework.TestCase.runTest(TestCase.java:154)
	at junit.framework.TestCase.runBare(TestCase.java:127)
	at junit.framework.TestResult$1.protect(TestResult.java:106)
	at junit.framework.TestResult.runProtected(TestResult.java:124)
	at junit.framework.TestResult.run(TestResult.java:109)
	at junit.framework.TestCase.run(TestCase.java:118)
	at junit.framework.TestSuite.runTest(TestSuite.java:208)
	at junit.framework.TestSuite.run(TestSuite.java:203)
	at org.apache.tools.ant.taskdefs.optional.junit.JUnitTestRunner.run(JUnitTestRunner.java:523)
	at org.apache.tools.ant.taskdefs.optional.junit.JUnitTestRunner.launch(JUnitTestRunner.java:1063)
	at org.apache.tools.ant.taskdefs.optional.junit.JUnitTestRunner.main(JUnitTestRunner.java:914)
java.lang.NullPointerException
	at edu.cmu.pact.BehaviorRecorder.ExpressionMatcher.ExpressionSyntaxNode.generateExpressionTree(ExpressionSyntaxNode.java:36)
	at edu.cmu.pact.BehaviorRecorder.ExpressionMatcher.CTATExpressionSemantic.generateExpressionTree(CTATExpressionSemantic.java:180)
	at edu.cmu.pact.BehaviorRecorder.ExpressionMatcher.CTATExpressionParser.stringToExpressionTreeNode(CTATExpressionParser.java:37)
	at edu.cmu.pact.BehaviorRecorder.ProblemModel.Matcher.ExpressionMatcherTest.isInvalidAlg(ExpressionMatcherTest.java:252)
	at edu.cmu.pact.BehaviorRecorder.ProblemModel.Matcher.ExpressionMatcherTest.testRightFactor(ExpressionMatcherTest.java:65)
	at sun.reflect.NativeMethodAccessorImpl.invoke0(Native Method)
	at sun.reflect.NativeMethodAccessorImpl.invoke(NativeMethodAccessorImpl.java:57)
	at sun.reflect.DelegatingMethodAccessorImpl.invoke(DelegatingMethodAccessorImpl.java:43)
	at java.lang.reflect.Method.invoke(Method.java:606)
	at junit.framework.TestCase.runTest(TestCase.java:154)
	at junit.framework.TestCase.runBare(TestCase.java:127)
	at junit.framework.TestResult$1.protect(TestResult.java:106)
	at junit.framework.TestResult.runProtected(TestResult.java:124)
	at junit.framework.TestResult.run(TestResult.java:109)
	at junit.framework.TestCase.run(TestCase.java:118)
	at junit.framework.TestSuite.runTest(TestSuite.java:208)
	at junit.framework.TestSuite.run(TestSuite.java:203)
	at org.apache.tools.ant.taskdefs.optional.junit.JUnitTestRunner.run(JUnitTestRunner.java:523)
	at org.apache.tools.ant.taskdefs.optional.junit.JUnitTestRunner.launch(JUnitTestRunner.java:1063)
	at org.apache.tools.ant.taskdefs.optional.junit.JUnitTestRunner.main(JUnitTestRunner.java:914)
java.lang.NullPointerException
	at edu.cmu.pact.BehaviorRecorder.ExpressionMatcher.ExpressionSyntaxNode.generateExpressionTree(ExpressionSyntaxNode.java:36)
	at edu.cmu.pact.BehaviorRecorder.ExpressionMatcher.CTATExpressionSemantic.generateExpressionTree(CTATExpressionSemantic.java:180)
	at edu.cmu.pact.BehaviorRecorder.ExpressionMatcher.CTATExpressionParser.stringToExpressionTreeNode(CTATExpressionParser.java:37)
	at edu.cmu.pact.BehaviorRecorder.ProblemModel.Matcher.ExpressionMatcherTest.isInvalidAlg(ExpressionMatcherTest.java:252)
	at edu.cmu.pact.BehaviorRecorder.ProblemModel.Matcher.ExpressionMatcherTest.testRightFactor(ExpressionMatcherTest.java:69)
	at sun.reflect.NativeMethodAccessorImpl.invoke0(Native Method)
	at sun.reflect.NativeMethodAccessorImpl.invoke(NativeMethodAccessorImpl.java:57)
	at sun.reflect.DelegatingMethodAccessorImpl.invoke(DelegatingMethodAccessorImpl.java:43)
	at java.lang.reflect.Method.invoke(Method.java:606)
	at junit.framework.TestCase.runTest(TestCase.java:154)
	at junit.framework.TestCase.runBare(TestCase.java:127)
	at junit.framework.TestResult$1.protect(TestResult.java:106)
	at junit.framework.TestResult.runProtected(TestResult.java:124)
	at junit.framework.TestResult.run(TestResult.java:109)
	at junit.framework.TestCase.run(TestCase.java:118)
	at junit.framework.TestSuite.runTest(TestSuite.java:208)
	at junit.framework.TestSuite.run(TestSuite.java:203)
	at org.apache.tools.ant.taskdefs.optional.junit.JUnitTestRunner.run(JUnitTestRunner.java:523)
	at org.apache.tools.ant.taskdefs.optional.junit.JUnitTestRunner.launch(JUnitTestRunner.java:1063)
	at org.apache.tools.ant.taskdefs.optional.junit.JUnitTestRunner.main(JUnitTestRunner.java:914)
deserializing from buffer CTATFunctionsParser.ser
Parser construction took 1 millis
deserializing from buffer CTATFunctionsParser.ser
Parser construction took 1 millis
java.lang.NullPointerException
	at edu.cmu.pact.BehaviorRecorder.ProblemModel.ProblemModel.getExampleTracerGraph(ProblemModel.java:2452)
	at edu.cmu.pact.BehaviorRecorder.ProblemModel.ProblemModel.init(ProblemModel.java:251)
	at edu.cmu.pact.BehaviorRecorder.ProblemModel.ProblemModel.&lt;init&gt;(ProblemModel.java:325)
	at edu.cmu.pact.BehaviorRecorder.Controller.BR_Controller.&lt;init&gt;(BR_Controller.java:368)
	at edu.cmu.pact.BehaviorRecorder.Controller.SingleSessionLauncher.&lt;init&gt;(SingleSessionLauncher.java:265)
	at edu.cmu.pact.BehaviorRecorder.Controller.SingleSessionLauncher.&lt;init&gt;(SingleSessionLauncher.java:199)
	at edu.cmu.pact.BehaviorRecorder.Controller.SingleSessionLauncher.&lt;init&gt;(SingleSessionLauncher.java:193)
	at edu.cmu.pact.BehaviorRecorder.Controller.SingleSessionLauncher.&lt;init&gt;(SingleSessionLauncher.java:188)
	at edu.cmu.pact.miss.SimulateLearningTest.initialize(SimulateLearningTest.java:149)
	at edu.cmu.pact.miss.SimulateLearningTest.testSim(SimulateLearningTest.java:97)
	at sun.reflect.NativeMethodAccessorImpl.invoke0(Native Method)
	at sun.reflect.NativeMethodAccessorImpl.invoke(NativeMethodAccessorImpl.java:57)
	at sun.reflect.DelegatingMethodAccessorImpl.invoke(DelegatingMethodAccessorImpl.java:43)
	at java.lang.reflect.Method.invoke(Method.java:606)
	at junit.framework.TestCase.runTest(TestCase.java:154)
	at junit.framework.TestCase.runBare(TestCase.java:127)
	at junit.framework.TestResult$1.protect(TestResult.java:106)
	at junit.framework.TestResult.runProtected(TestResult.java:124)
	at junit.framework.TestResult.run(TestResult.java:109)
	at junit.framework.TestCase.run(TestCase.java:118)
	at junit.framework.TestSuite.runTest(TestSuite.java:208)
	at junit.framework.TestSuite.run(TestSuite.java:203)
	at org.apache.tools.ant.taskdefs.optional.junit.JUnitTestRunner.run(JUnitTestRunner.java:523)
	at org.apache.tools.ant.taskdefs.optional.junit.JUnitTestRunner.launch(JUnitTestRunner.java:1063)
	at org.apache.tools.ant.taskdefs.optional.junit.JUnitTestRunner.main(JUnitTestRunner.java:914)
deserializing from buffer CTATFunctionsParser.ser
Parser construction took 2 millis
deserializing from buffer CTATFunctionsParser.ser
Parser construction took 1 millis
deserializing from buffer CTATFunctionsParser.ser
Parser construction took 1 millis
edu.cmu.pact.BehaviorRecorder.ProblemModel.ProblemModelException: The problem name: "" is empty or has unallowed characters.
	at edu.cmu.pact.BehaviorRecorder.Controller.BR_Controller.createStartStateInternal(BR_Controller.java:2413)
	at edu.cmu.pact.BehaviorRecorder.Controller.BR_Controller.createStartState(BR_Controller.java:2362)
	at edu.cmu.pact.ctat.model.CtatModeModel.changeAuthorModeOk(CtatModeModel.java:343)
	at edu.cmu.pact.ctat.model.CtatModeModel.setAuthorMode(CtatModeModel.java:215)
	at edu.cmu.pact.BehaviorRecorder.Controller.PseudoTutorMessageHandlerTest.setUp(PseudoTutorMessageHandlerTest.java:673)
	at junit.framework.TestCase.runBare(TestCase.java:125)
	at junit.framework.TestResult$1.protect(TestResult.java:106)
	at junit.framework.TestResult.runProtected(TestResult.java:124)
	at junit.framework.TestResult.run(TestResult.java:109)
	at junit.framework.TestCase.run(TestCase.java:118)
	at junit.framework.TestSuite.runTest(TestSuite.java:208)
	at junit.framework.TestSuite.run(TestSuite.java:203)
	at org.apache.tools.ant.taskdefs.optional.junit.JUnitTestRunner.run(JUnitTestRunner.java:523)
	at org.apache.tools.ant.taskdefs.optional.junit.JUnitTestRunner.launch(JUnitTestRunner.java:1063)
	at org.apache.tools.ant.taskdefs.optional.junit.JUnitTestRunner.main(JUnitTestRunner.java:914)
deserializing from buffer CTATFunctionsParser.ser
Parser construction took 1 millis
[14:45:21] +err+ 32440: Error opening test/solverTypein.brd or reading as URL: java.net.MalformedURLException: no protocol: test/solverTypein.brd; cause null &lt;edu.cmu.pact.BehaviorRecorder.ProblemModel.ProblemStateReader:161&gt;main
[14:45:21] +err+ 32441: Error on getFileAsResource(null) or getCanonicalPath(): java.lang.NullPointerException; cause null &lt;edu.cmu.pact.BehaviorRecorder.ProblemModel.ProblemStateReader:168&gt;main
[14:45:21] +err+ 32568: bad pKnown: java.lang.NumberFormatException: For input string: "c,_negative Solver" &lt;edu.cmu.pact.ctat.model.Skill:519&gt;main
[14:45:22] +err+ 32610: bad pKnown: java.lang.NumberFormatException: For input string: "c,_negative Solver" &lt;edu.cmu.pact.ctat.model.Skill:519&gt;main
[14:45:22] +err+ 32661: bad pKnown: java.lang.NumberFormatException: For input string: "c,_negative Solver" &lt;edu.cmu.pact.ctat.model.Skill:519&gt;main
[14:45:22] +err+ 32824: bad pKnown: java.lang.NumberFormatException: For input string: "c,_negative Solver" &lt;edu.cmu.pact.ctat.model.Skill:519&gt;main
[14:45:22] +err+ 33448: Error opening test/solverTypein.brd or reading as URL: java.net.MalformedURLException: no protocol: test/solverTypein.brd; cause null &lt;edu.cmu.pact.BehaviorRecorder.ProblemModel.ProblemStateReader:161&gt;main
[14:45:22] +err+ 33449: Error on getFileAsResource(null) or getCanonicalPath(): java.lang.NullPointerException; cause null &lt;edu.cmu.pact.BehaviorRecorder.ProblemModel.ProblemStateReader:168&gt;main
[14:45:23] +err+ 33581: bad pKnown: java.lang.NumberFormatException: For input string: "c,_negative Solver" &lt;edu.cmu.pact.ctat.model.Skill:519&gt;main
[14:45:23] +err+ 33633: bad pKnown: java.lang.NumberFormatException: For input string: "c,_negative Solver" &lt;edu.cmu.pact.ctat.model.Skill:519&gt;main
[14:45:23] +err+ 33927: Error opening test/x_eq_4over2.brd or reading as URL: java.net.MalformedURLException: no protocol: test/x_eq_4over2.brd; cause null &lt;edu.cmu.pact.BehaviorRecorder.ProblemModel.ProblemStateReader:161&gt;main
[14:45:23] +err+ 33928: Error on getFileAsResource(null) or getCanonicalPath(): java.lang.NullPointerException; cause null &lt;edu.cmu.pact.BehaviorRecorder.ProblemModel.ProblemStateReader:168&gt;main
</pre>
</body>
</html>
