<html xmlns:string="xalan://java.lang.String" xmlns:lxslt="http://xml.apache.org/xslt">
<head>
<META http-equiv="Content-Type" content="text/html; charset=UTF-8">
<title>Unit Test Results: All Errors</title>
<link rel="stylesheet" type="text/css" title="Style" href="stylesheet.css">
</head>
<body onload="open('allclasses-frame.html','classListFrame')">
<h1>Unit Test Results.</h1>
<table width="100%">
<tr>
<td align="left"></td><td align="right">Designed for use with <a href="http://www.junit.org/">JUnit</a> and <a href="http://ant.apache.org/">Ant</a>.</td>
</tr>
</table>
<hr size="1">
<h2>All Errors</h2>
<table class="details" border="0" cellpadding="5" cellspacing="2" width="95%">
<tr valign="top">
<th>Class</th><th>Name</th><th>Status</th><th width="80%">Type</th><th nowrap>Time(s)</th>
</tr>
<tr valign="top" class="Error">
<td><a href="/0_CTAT_GlobalTestSuite.html">CTAT_GlobalTestSuite</a></td><td><a name="testAddFractions14plus16OneIncorrect"></a><a href="/0_CTAT_GlobalTestSuite.html#testAddFractions14plus16OneIncorrect">testAddFractions14plus16OneIncorrect</a></td><td>Error</td><td>N/A<br>
<br>
<code>java.lang.NullPointerException<br>	at edu.cmu.pact.Utilities.ProcessRunner.kill(ProcessRunner.java:450)<br>	at edu.cmu.pact.BehaviorRecorder.Controller.JSExampleTracer.killChild(JSExampleTracer.java:143)<br>	at edu.cmu.pact.BehaviorRecorder.Controller.JSExampleTracerTest.tearDown(JSExampleTracerTest.java:144)<br>
</code></td><td>20.028</td>
</tr>
<tr valign="top" class="Error">
<td><a href="/0_CTAT_GlobalTestSuite.html">CTAT_GlobalTestSuite</a></td><td><a name="testChangeActionType"></a><a href="/0_CTAT_GlobalTestSuite.html#testChangeActionType">testChangeActionType</a></td><td>Error</td><td>N/A<br>
<br>
<code>java.lang.NullPointerException<br>	at edu.cmu.pact.BehaviorRecorder.ProblemModel.Graph.GraphEditsTest.testChangeActionType(GraphEditsTest.java:456)<br>
</code></td><td>0.158</td>
</tr>
<tr valign="top" class="Error">
<td><a href="/0_CTAT_GlobalTestSuite.html">CTAT_GlobalTestSuite</a></td><td><a name="testCtatModeModel"></a><a href="/0_CTAT_GlobalTestSuite.html#testCtatModeModel">testCtatModeModel</a></td><td>Error</td><td>Index: 0, Size: 0<br>
<br>
<code>java.lang.IndexOutOfBoundsException: Index: 0, Size: 0<br>	at java.util.ArrayList.rangeCheck(ArrayList.java:635)<br>	at java.util.ArrayList.get(ArrayList.java:411)<br>	at edu.cmu.pact.BehaviorRecorder.Tab.CTATTabManager.getTabByNumber(CTATTabManager.java:183)<br>	at edu.cmu.pact.BehaviorRecorder.Tab.CTATTabManager.setTabVisibility(CTATTabManager.java:272)<br>	at edu.cmu.pact.BehaviorRecorder.Controller.CTAT_Launcher.&lt;init&gt;(CTAT_Launcher.java:121)<br>	at edu.cmu.pact.BehaviorRecorder.Controller.CTAT_Launcher.&lt;init&gt;(CTAT_Launcher.java:84)<br>	at edu.cmu.pact.ctat.model.CtatModeModelTest.testCtatModeModel(CtatModeModelTest.java:74)<br>
</code></td><td>0.230</td>
</tr>
<tr valign="top" class="Error">
<td><a href="/0_CTAT_GlobalTestSuite.html">CTAT_GlobalTestSuite</a></td><td><a name="testDiskLogging"></a><a href="/0_CTAT_GlobalTestSuite.html#testDiskLogging">testDiskLogging</a></td><td>Error</td><td>Index: 0, Size: 0<br>
<br>
<code>java.lang.IndexOutOfBoundsException: Index: 0, Size: 0<br>	at java.util.ArrayList.rangeCheck(ArrayList.java:635)<br>	at java.util.ArrayList.get(ArrayList.java:411)<br>	at edu.cmu.pact.BehaviorRecorder.Tab.CTATTabManager.getTabByNumber(CTATTabManager.java:183)<br>	at edu.cmu.pact.BehaviorRecorder.Tab.CTATTabManager.setTabVisibility(CTATTabManager.java:272)<br>	at edu.cmu.pact.BehaviorRecorder.Controller.CTAT_Launcher.&lt;init&gt;(CTAT_Launcher.java:121)<br>	at edu.cmu.pact.BehaviorRecorder.Controller.CTAT_Launcher.&lt;init&gt;(CTAT_Launcher.java:84)<br>	at edu.cmu.pact.Log.AuthorActionLogTest.testDiskLogging(AuthorActionLogTest.java:285)<br>
</code></td><td>0.065</td>
</tr>
<tr valign="top" class="Error">
<td><a href="/0_CTAT_GlobalTestSuite.html">CTAT_GlobalTestSuite</a></td><td><a name="testEdgeGroupsJDOM"></a><a href="/0_CTAT_GlobalTestSuite.html#testEdgeGroupsJDOM">testEdgeGroupsJDOM</a></td><td>Error</td><td>N/A<br>
<br>
<code>java.lang.ExceptionInInitializerError<br>	at edu.cmu.pact.BehaviorRecorder.ProblemModel.ProblemStateReaderTest.setUp(ProblemStateReaderTest.java:272)<br>Caused by: java.lang.IndexOutOfBoundsException: Index: 0, Size: 0<br>	at java.util.ArrayList.rangeCheck(ArrayList.java:635)<br>	at java.util.ArrayList.get(ArrayList.java:411)<br>	at edu.cmu.pact.BehaviorRecorder.Tab.CTATTabManager.getTabByNumber(CTATTabManager.java:183)<br>	at edu.cmu.pact.BehaviorRecorder.Tab.CTATTabManager.setTabVisibility(CTATTabManager.java:272)<br>	at edu.cmu.pact.BehaviorRecorder.Controller.CTAT_Launcher.&lt;init&gt;(CTAT_Launcher.java:121)<br>	at edu.cmu.pact.BehaviorRecorder.Controller.CTAT_Launcher.&lt;init&gt;(CTAT_Launcher.java:84)<br>	at edu.cmu.pact.BehaviorRecorder.ProblemModel.ProblemStateWriterTestUtility.&lt;clinit&gt;(ProblemStateWriterTestUtility.java:45)<br>
</code></td><td>0.118</td>
</tr>
<tr valign="top" class="Error">
<td><a href="/0_CTAT_GlobalTestSuite.html">CTAT_GlobalTestSuite</a></td><td><a name="testFindPath"></a><a href="/0_CTAT_GlobalTestSuite.html#testFindPath">testFindPath</a></td><td>Error</td><td>Index: 0, Size: 0<br>
<br>
<code>java.lang.IndexOutOfBoundsException: Index: 0, Size: 0<br>	at java.util.ArrayList.rangeCheck(ArrayList.java:635)<br>	at java.util.ArrayList.get(ArrayList.java:411)<br>	at edu.cmu.pact.BehaviorRecorder.Tab.CTATTabManager.getTabByNumber(CTATTabManager.java:183)<br>	at edu.cmu.pact.BehaviorRecorder.Tab.CTATTabManager.setTabVisibility(CTATTabManager.java:272)<br>	at edu.cmu.pact.BehaviorRecorder.Controller.CTAT_Launcher.&lt;init&gt;(CTAT_Launcher.java:121)<br>	at edu.cmu.pact.BehaviorRecorder.Controller.CTAT_Launcher.&lt;init&gt;(CTAT_Launcher.java:84)<br>	at edu.cmu.pact.BehaviorRecorder.ProblemModel.ProblemModelTest.testFindPath(ProblemModelTest.java:351)<br>
</code></td><td>0.139</td>
</tr>
<tr valign="top" class="Error">
<td><a href="/0_CTAT_GlobalTestSuite.html">CTAT_GlobalTestSuite</a></td><td><a name="testGetTestClasses"></a><a href="/0_CTAT_GlobalTestSuite.html#testGetTestClasses">testGetTestClasses</a></td><td>Error</td><td>edu.cmu.hcii.ctat.NodeCommTest.suite()<br>
<br>
<code>java.lang.NoSuchMethodException: edu.cmu.hcii.ctat.NodeCommTest.suite()<br>	at java.lang.Class.getMethod(Class.java:1665)<br>	at edu.GlobalTestSuiteTest.testGetTestClasses(GlobalTestSuiteTest.java:36)<br>
</code></td><td>0.005</td>
</tr>
<tr valign="top" class="Error">
<td><a href="/0_CTAT_GlobalTestSuite.html">CTAT_GlobalTestSuite</a></td><td><a name="testInterfaceSize"></a><a href="/0_CTAT_GlobalTestSuite.html#testInterfaceSize">testInterfaceSize</a></td><td>Error</td><td>Index: 0, Size: 0<br>
<br>
<code>java.lang.IndexOutOfBoundsException: Index: 0, Size: 0<br>	at java.util.ArrayList.rangeCheck(ArrayList.java:635)<br>	at java.util.ArrayList.get(ArrayList.java:411)<br>	at edu.cmu.pact.BehaviorRecorder.Tab.CTATTabManager.getTabByNumber(CTATTabManager.java:183)<br>	at edu.cmu.pact.BehaviorRecorder.Tab.CTATTabManager.setTabVisibility(CTATTabManager.java:272)<br>	at edu.cmu.pact.BehaviorRecorder.Controller.CTAT_Launcher.&lt;init&gt;(CTAT_Launcher.java:121)<br>	at edu.cmu.pact.BehaviorRecorder.Controller.CTAT_Launcher.&lt;init&gt;(CTAT_Launcher.java:84)<br>	at edu.cmu.pact.BehaviorRecorder.InterfaceSizeTest.testInterfaceSize(InterfaceSizeTest.java:39)<br>
</code></td><td>0.113</td>
</tr>
<tr valign="top" class="Error">
<td><a href="/0_CTAT_GlobalTestSuite.html">CTAT_GlobalTestSuite</a></td><td><a name="testJDom"></a><a href="/0_CTAT_GlobalTestSuite.html#testJDom">testJDom</a></td><td>Error</td><td>Index: 0, Size: 0<br>
<br>
<code>java.lang.IndexOutOfBoundsException: Index: 0, Size: 0<br>	at java.util.ArrayList.rangeCheck(ArrayList.java:635)<br>	at java.util.ArrayList.get(ArrayList.java:411)<br>	at edu.cmu.pact.BehaviorRecorder.Tab.CTATTabManager.getTabByNumber(CTATTabManager.java:183)<br>	at edu.cmu.pact.BehaviorRecorder.Tab.CTATTabManager.setTabVisibility(CTATTabManager.java:272)<br>	at edu.cmu.pact.BehaviorRecorder.Controller.CTAT_Launcher.&lt;init&gt;(CTAT_Launcher.java:121)<br>	at edu.cmu.pact.BehaviorRecorder.Controller.CTAT_Launcher.&lt;init&gt;(CTAT_Launcher.java:84)<br>	at edu.cmu.pact.BehaviorRecorder.ProblemModel.JDomReaderTest.testJDom(JDomReaderTest.java:71)<br>
</code></td><td>0.145</td>
</tr>
<tr valign="top" class="Error">
<td><a href="/0_CTAT_GlobalTestSuite.html">CTAT_GlobalTestSuite</a></td><td><a name="testLoadGraph"></a><a href="/0_CTAT_GlobalTestSuite.html#testLoadGraph">testLoadGraph</a></td><td>Error</td><td>Could not initialize class edu.cmu.pact.BehaviorRecorder.ProblemModel.ProblemStateWriterTestUtility<br>
<br>
<code>java.lang.NoClassDefFoundError: Could not initialize class edu.cmu.pact.BehaviorRecorder.ProblemModel.ProblemStateWriterTestUtility<br>	at edu.cmu.pact.BehaviorRecorder.ProblemModel.ProblemStateReaderTest.setUp(ProblemStateReaderTest.java:272)<br>
</code></td><td>0.001</td>
</tr>
<tr valign="top" class="Error">
<td><a href="/0_CTAT_GlobalTestSuite.html">CTAT_GlobalTestSuite</a></td><td><a name="testLogDeffunctionChanges"></a><a href="/0_CTAT_GlobalTestSuite.html#testLogDeffunctionChanges">testLogDeffunctionChanges</a></td><td>Error</td><td>/Users/simstudent/CMU/pact-cvs-tree/AuthoringToolsL/java/test/edu/cmu/pact/Log/simstudent_20141001140531418.log (No such file or directory)<br>
<br>
<code>java.io.FileNotFoundException: /Users/simstudent/CMU/pact-cvs-tree/AuthoringToolsL/java/test/edu/cmu/pact/Log/simstudent_20141001140531418.log (No such file or directory)<br>	at java.io.FileInputStream.open(Native Method)<br>	at java.io.FileInputStream.&lt;init&gt;(FileInputStream.java:146)<br>	at edu.cmu.pact.Log.LogFormatUtils.makeValidXML(LogFormatUtils.java:813)<br>	at edu.cmu.pact.Log.LogFormatUtils.makeValidXML(LogFormatUtils.java:802)<br>	at edu.cmu.pact.Log.LogReteChangesTest.loadFromFile(LogReteChangesTest.java:384)<br>	at edu.cmu.pact.Log.LogReteChangesTest.testLogDeffunctionChanges(LogReteChangesTest.java:249)<br>
</code></td><td>0.041</td>
</tr>
<tr valign="top" class="Error">
<td><a href="/0_CTAT_GlobalTestSuite.html">CTAT_GlobalTestSuite</a></td><td><a name="testLogDefglobalChanges"></a><a href="/0_CTAT_GlobalTestSuite.html#testLogDefglobalChanges">testLogDefglobalChanges</a></td><td>Error</td><td>/Users/simstudent/CMU/pact-cvs-tree/AuthoringToolsL/java/test/edu/cmu/pact/Log/simstudent_20141001140531418.log (No such file or directory)<br>
<br>
<code>java.io.FileNotFoundException: /Users/simstudent/CMU/pact-cvs-tree/AuthoringToolsL/java/test/edu/cmu/pact/Log/simstudent_20141001140531418.log (No such file or directory)<br>	at java.io.FileInputStream.open(Native Method)<br>	at java.io.FileInputStream.&lt;init&gt;(FileInputStream.java:146)<br>	at edu.cmu.pact.Log.LogFormatUtils.makeValidXML(LogFormatUtils.java:813)<br>	at edu.cmu.pact.Log.LogFormatUtils.makeValidXML(LogFormatUtils.java:802)<br>	at edu.cmu.pact.Log.LogReteChangesTest.loadFromFile(LogReteChangesTest.java:384)<br>	at edu.cmu.pact.Log.LogReteChangesTest.testLogDefglobalChanges(LogReteChangesTest.java:299)<br>
</code></td><td>0.023</td>
</tr>
<tr valign="top" class="Error">
<td><a href="/0_CTAT_GlobalTestSuite.html">CTAT_GlobalTestSuite</a></td><td><a name="testLogDefruleChanges"></a><a href="/0_CTAT_GlobalTestSuite.html#testLogDefruleChanges">testLogDefruleChanges</a></td><td>Error</td><td>/Users/simstudent/CMU/pact-cvs-tree/AuthoringToolsL/java/test/edu/cmu/pact/Log/simstudent_20141001140531418.log (No such file or directory)<br>
<br>
<code>java.io.FileNotFoundException: /Users/simstudent/CMU/pact-cvs-tree/AuthoringToolsL/java/test/edu/cmu/pact/Log/simstudent_20141001140531418.log (No such file or directory)<br>	at java.io.FileInputStream.open(Native Method)<br>	at java.io.FileInputStream.&lt;init&gt;(FileInputStream.java:146)<br>	at edu.cmu.pact.Log.LogFormatUtils.makeValidXML(LogFormatUtils.java:813)<br>	at edu.cmu.pact.Log.LogFormatUtils.makeValidXML(LogFormatUtils.java:802)<br>	at edu.cmu.pact.Log.LogReteChangesTest.loadFromFile(LogReteChangesTest.java:384)<br>	at edu.cmu.pact.Log.LogReteChangesTest.testLogDefruleChanges(LogReteChangesTest.java:202)<br>
</code></td><td>0.015</td>
</tr>
<tr valign="top" class="Error">
<td><a href="/0_CTAT_GlobalTestSuite.html">CTAT_GlobalTestSuite</a></td><td><a name="testLogDeftemplateChanges"></a><a href="/0_CTAT_GlobalTestSuite.html#testLogDeftemplateChanges">testLogDeftemplateChanges</a></td><td>Error</td><td>/Users/simstudent/CMU/pact-cvs-tree/AuthoringToolsL/java/test/edu/cmu/pact/Log/simstudent_20141001140531418.log (No such file or directory)<br>
<br>
<code>java.io.FileNotFoundException: /Users/simstudent/CMU/pact-cvs-tree/AuthoringToolsL/java/test/edu/cmu/pact/Log/simstudent_20141001140531418.log (No such file or directory)<br>	at java.io.FileInputStream.open(Native Method)<br>	at java.io.FileInputStream.&lt;init&gt;(FileInputStream.java:146)<br>	at edu.cmu.pact.Log.LogFormatUtils.makeValidXML(LogFormatUtils.java:813)<br>	at edu.cmu.pact.Log.LogFormatUtils.makeValidXML(LogFormatUtils.java:802)<br>	at edu.cmu.pact.Log.LogReteChangesTest.loadFromFile(LogReteChangesTest.java:384)<br>	at edu.cmu.pact.Log.LogReteChangesTest.testLogDeftemplateChanges(LogReteChangesTest.java:149)<br>
</code></td><td>0.011</td>
</tr>
<tr valign="top" class="Error">
<td><a href="/0_CTAT_GlobalTestSuite.html">CTAT_GlobalTestSuite</a></td><td><a name="testLogSessionFromXML"></a><a href="/0_CTAT_GlobalTestSuite.html#testLogSessionFromXML">testLogSessionFromXML</a></td><td>Error</td><td>Index: 0, Size: 0<br>
<br>
<code>java.lang.IndexOutOfBoundsException: Index: 0, Size: 0<br>	at java.util.ArrayList.rangeCheck(ArrayList.java:635)<br>	at java.util.ArrayList.get(ArrayList.java:411)<br>	at edu.cmu.pact.BehaviorRecorder.Tab.CTATTabManager.getTabByNumber(CTATTabManager.java:183)<br>	at edu.cmu.pact.BehaviorRecorder.Tab.CTATTabManager.setTabVisibility(CTATTabManager.java:272)<br>	at edu.cmu.pact.BehaviorRecorder.Controller.CTAT_Launcher.&lt;init&gt;(CTAT_Launcher.java:121)<br>	at edu.cmu.pact.BehaviorRecorder.Controller.CTAT_Launcher.&lt;init&gt;(CTAT_Launcher.java:84)<br>	at edu.cmu.pact.Log.DataShopMessageObjectTest.setUp(DataShopMessageObjectTest.java:521)<br>
</code></td><td>0.041</td>
</tr>
<tr valign="top" class="Error">
<td><a href="/0_CTAT_GlobalTestSuite.html">CTAT_GlobalTestSuite</a></td><td><a name="testMatcherJDOM"></a><a href="/0_CTAT_GlobalTestSuite.html#testMatcherJDOM">testMatcherJDOM</a></td><td>Error</td><td>Could not initialize class edu.cmu.pact.BehaviorRecorder.ProblemModel.ProblemStateWriterTestUtility<br>
<br>
<code>java.lang.NoClassDefFoundError: Could not initialize class edu.cmu.pact.BehaviorRecorder.ProblemModel.ProblemStateWriterTestUtility<br>	at edu.cmu.pact.BehaviorRecorder.ProblemModel.ProblemStateReaderTest.setUp(ProblemStateReaderTest.java:272)<br>
</code></td><td>0.000</td>
</tr>
<tr valign="top" class="Error">
<td><a href="/0_CTAT_GlobalTestSuite.html">CTAT_GlobalTestSuite</a></td><td><a name="testMergeWithGroups"></a><a href="/0_CTAT_GlobalTestSuite.html#testMergeWithGroups">testMergeWithGroups</a></td><td>Error</td><td>N/A<br>
<br>
<code>java.lang.NullPointerException<br>	at edu.cmu.pact.BehaviorRecorder.Controller.BR_Controller.mergeStates2(BR_Controller.java:5178)<br>	at edu.cmu.pact.BehaviorRecorder.ProblemModel.Graph.GraphEditsTest.testMergeWithGroups(GraphEditsTest.java:349)<br>
</code></td><td>0.147</td>
</tr>
<tr valign="top" class="Error">
<td><a href="/0_CTAT_GlobalTestSuite.html">CTAT_GlobalTestSuite</a></td><td><a name="testNodeJDom"></a><a href="/0_CTAT_GlobalTestSuite.html#testNodeJDom">testNodeJDom</a></td><td>Error</td><td>Could not initialize class edu.cmu.pact.BehaviorRecorder.ProblemModel.ProblemStateWriterTestUtility<br>
<br>
<code>java.lang.NoClassDefFoundError: Could not initialize class edu.cmu.pact.BehaviorRecorder.ProblemModel.ProblemStateWriterTestUtility<br>	at edu.cmu.pact.BehaviorRecorder.ProblemModel.ProblemStateReaderTest.setUp(ProblemStateReaderTest.java:272)<br>
</code></td><td>0.001</td>
</tr>
<tr valign="top" class="Error">
<td><a href="/0_CTAT_GlobalTestSuite.html">CTAT_GlobalTestSuite</a></td><td><a name="testProblemModelListeners"></a><a href="/0_CTAT_GlobalTestSuite.html#testProblemModelListeners">testProblemModelListeners</a></td><td>Error</td><td>Index: 0, Size: 0<br>
<br>
<code>java.lang.IndexOutOfBoundsException: Index: 0, Size: 0<br>	at java.util.ArrayList.rangeCheck(ArrayList.java:635)<br>	at java.util.ArrayList.get(ArrayList.java:411)<br>	at edu.cmu.pact.BehaviorRecorder.Tab.CTATTabManager.getTabByNumber(CTATTabManager.java:183)<br>	at edu.cmu.pact.BehaviorRecorder.Tab.CTATTabManager.setTabVisibility(CTATTabManager.java:272)<br>	at edu.cmu.pact.BehaviorRecorder.Controller.CTAT_Launcher.&lt;init&gt;(CTAT_Launcher.java:121)<br>	at edu.cmu.pact.BehaviorRecorder.Controller.CTAT_Launcher.&lt;init&gt;(CTAT_Launcher.java:84)<br>	at edu.cmu.pact.BehaviorRecorder.ProblemModel.ProblemModelEventTest.setUp(ProblemModelEventTest.java:78)<br>
</code></td><td>0.046</td>
</tr>
<tr valign="top" class="Error">
<td><a href="/0_CTAT_GlobalTestSuite.html">CTAT_GlobalTestSuite</a></td><td><a name="testProcessInsertNodeAbove"></a><a href="/0_CTAT_GlobalTestSuite.html#testProcessInsertNodeAbove">testProcessInsertNodeAbove</a></td><td>Error</td><td>Index: 0, Size: 0<br>
<br>
<code>java.lang.IndexOutOfBoundsException: Index: 0, Size: 0<br>	at java.util.ArrayList.rangeCheck(ArrayList.java:635)<br>	at java.util.ArrayList.get(ArrayList.java:411)<br>	at edu.cmu.pact.BehaviorRecorder.Tab.CTATTabManager.getTabByNumber(CTATTabManager.java:183)<br>	at edu.cmu.pact.BehaviorRecorder.Tab.CTATTabManager.setTabVisibility(CTATTabManager.java:272)<br>	at edu.cmu.pact.BehaviorRecorder.Controller.CTAT_Launcher.&lt;init&gt;(CTAT_Launcher.java:121)<br>	at edu.cmu.pact.BehaviorRecorder.Controller.CTAT_Launcher.&lt;init&gt;(CTAT_Launcher.java:84)<br>	at edu.cmu.pact.BehaviorRecorder.Controller.ActionLabelHandlerTest.setUp(ActionLabelHandlerTest.java:36)<br>
</code></td><td>0.037</td>
</tr>
<tr valign="top" class="Error">
<td><a href="/0_CTAT_GlobalTestSuite.html">CTAT_GlobalTestSuite</a></td><td><a name="testProcessInsertNodeBelow"></a><a href="/0_CTAT_GlobalTestSuite.html#testProcessInsertNodeBelow">testProcessInsertNodeBelow</a></td><td>Error</td><td>Index: 0, Size: 0<br>
<br>
<code>java.lang.IndexOutOfBoundsException: Index: 0, Size: 0<br>	at java.util.ArrayList.rangeCheck(ArrayList.java:635)<br>	at java.util.ArrayList.get(ArrayList.java:411)<br>	at edu.cmu.pact.BehaviorRecorder.Tab.CTATTabManager.getTabByNumber(CTATTabManager.java:183)<br>	at edu.cmu.pact.BehaviorRecorder.Tab.CTATTabManager.setTabVisibility(CTATTabManager.java:272)<br>	at edu.cmu.pact.BehaviorRecorder.Controller.CTAT_Launcher.&lt;init&gt;(CTAT_Launcher.java:121)<br>	at edu.cmu.pact.BehaviorRecorder.Controller.CTAT_Launcher.&lt;init&gt;(CTAT_Launcher.java:84)<br>	at edu.cmu.pact.BehaviorRecorder.Controller.ActionLabelHandlerTest.setUp(ActionLabelHandlerTest.java:36)<br>
</code></td><td>0.039</td>
</tr>
<tr valign="top" class="Error">
<td><a href="/0_CTAT_GlobalTestSuite.html">CTAT_GlobalTestSuite</a></td><td><a name="testProcessMessage"></a><a href="/0_CTAT_GlobalTestSuite.html#testProcessMessage">testProcessMessage</a></td><td>Error</td><td>N/A<br>
<br>
<code>java.lang.NullPointerException<br>	at edu.cmu.pact.jess.SimStRete.getNewFactValue(SimStRete.java:1683)<br>	at edu.cmu.pact.jess.SimStRete.updateParentChunkfromFact(SimStRete.java:1728)<br>	at edu.cmu.pact.jess.SimStRete.updateChunkValues(SimStRete.java:1547)<br>	at edu.cmu.pact.jess.GoToWMMessgHandler.processMessage(GoToWMMessgHandler.java:104)<br>	at edu.cmu.pact.jess.MT.handleCommMessage(MT.java:881)<br>	at edu.cmu.pact.BehaviorRecorder.Controller.BR_Controller.getGoToWMStateResponse(BR_Controller.java:6744)<br>	at edu.cmu.pact.jess.GoToWMMessgHandlerTest.testProcessMessage(GoToWMMessgHandlerTest.java:175)<br>
</code></td><td>3.168</td>
</tr>
<tr valign="top" class="Error">
<td><a href="/0_CTAT_GlobalTestSuite.html">CTAT_GlobalTestSuite</a></td><td><a name="testPropertiesSetting"></a><a href="/0_CTAT_GlobalTestSuite.html#testPropertiesSetting">testPropertiesSetting</a></td><td>Error</td><td>Index: 0, Size: 0<br>
<br>
<code>java.lang.IndexOutOfBoundsException: Index: 0, Size: 0<br>	at java.util.ArrayList.rangeCheck(ArrayList.java:635)<br>	at java.util.ArrayList.get(ArrayList.java:411)<br>	at edu.cmu.pact.BehaviorRecorder.Tab.CTATTabManager.getTabByNumber(CTATTabManager.java:183)<br>	at edu.cmu.pact.BehaviorRecorder.Tab.CTATTabManager.setTabVisibility(CTATTabManager.java:272)<br>	at edu.cmu.pact.BehaviorRecorder.Controller.CTAT_Launcher.&lt;init&gt;(CTAT_Launcher.java:121)<br>	at edu.cmu.pact.BehaviorRecorder.Controller.CTAT_Launcher.&lt;init&gt;(CTAT_Launcher.java:84)<br>	at pact.CommWidgets.CommComposerTest.setUp(CommComposerTest.java:19)<br>
</code></td><td>0.100</td>
</tr>
<tr valign="top" class="Error">
<td><a href="/0_CTAT_GlobalTestSuite.html">CTAT_GlobalTestSuite</a></td><td><a name="testPseudoTutorModelTracing"></a><a href="/0_CTAT_GlobalTestSuite.html#testPseudoTutorModelTracing">testPseudoTutorModelTracing</a></td><td>Error</td><td>Index: 0, Size: 0<br>
<br>
<code>java.lang.IndexOutOfBoundsException: Index: 0, Size: 0<br>	at java.util.ArrayList.rangeCheck(ArrayList.java:635)<br>	at java.util.ArrayList.get(ArrayList.java:411)<br>	at edu.cmu.pact.BehaviorRecorder.Tab.CTATTabManager.getTabByNumber(CTATTabManager.java:183)<br>	at edu.cmu.pact.BehaviorRecorder.Tab.CTATTabManager.setTabVisibility(CTATTabManager.java:272)<br>	at edu.cmu.pact.BehaviorRecorder.Controller.CTAT_Launcher.&lt;init&gt;(CTAT_Launcher.java:121)<br>	at edu.cmu.pact.BehaviorRecorder.Controller.CTAT_Launcher.&lt;init&gt;(CTAT_Launcher.java:84)<br>	at edu.cmu.pact.BehaviorRecorder.ProblemModel.ProblemModelEventTest.setUp(ProblemModelEventTest.java:78)<br>
</code></td><td>0.037</td>
</tr>
<tr valign="top" class="Error">
<td><a href="/0_CTAT_GlobalTestSuite.html">CTAT_GlobalTestSuite</a></td><td><a name="testPseudoTutorModelTracing"></a><a href="/0_CTAT_GlobalTestSuite.html#testPseudoTutorModelTracing">testPseudoTutorModelTracing</a></td><td>Error</td><td>Index: 0, Size: 0<br>
<br>
<code>java.lang.IndexOutOfBoundsException: Index: 0, Size: 0<br>	at java.util.ArrayList.rangeCheck(ArrayList.java:635)<br>	at java.util.ArrayList.get(ArrayList.java:411)<br>	at edu.cmu.pact.BehaviorRecorder.Tab.CTATTabManager.getTabByNumber(CTATTabManager.java:183)<br>	at edu.cmu.pact.BehaviorRecorder.Tab.CTATTabManager.setTabVisibility(CTATTabManager.java:272)<br>	at edu.cmu.pact.BehaviorRecorder.Controller.CTAT_Launcher.&lt;init&gt;(CTAT_Launcher.java:121)<br>	at edu.cmu.pact.BehaviorRecorder.Controller.CTAT_Launcher.&lt;init&gt;(CTAT_Launcher.java:84)<br>	at edu.cmu.pact.BehaviorRecorder.ProblemModel.ProblemModelTest.testPseudoTutorModelTracing(ProblemModelTest.java:99)<br>
</code></td><td>0.143</td>
</tr>
<tr valign="top" class="Error">
<td><a href="/0_CTAT_GlobalTestSuite.html">CTAT_GlobalTestSuite</a></td><td><a name="testReadSkills"></a><a href="/0_CTAT_GlobalTestSuite.html#testReadSkills">testReadSkills</a></td><td>Error</td><td>Could not initialize class edu.cmu.pact.BehaviorRecorder.ProblemModel.ProblemStateWriterTestUtility<br>
<br>
<code>java.lang.NoClassDefFoundError: Could not initialize class edu.cmu.pact.BehaviorRecorder.ProblemModel.ProblemStateWriterTestUtility<br>	at edu.cmu.pact.BehaviorRecorder.ProblemModel.ProblemStateReaderTest.setUp(ProblemStateReaderTest.java:272)<br>
</code></td><td>0.001</td>
</tr>
<tr valign="top" class="Error">
<td><a href="/0_CTAT_GlobalTestSuite.html">CTAT_GlobalTestSuite</a></td><td><a name="testSetProblemModel"></a><a href="/0_CTAT_GlobalTestSuite.html#testSetProblemModel">testSetProblemModel</a></td><td>Error</td><td>Index: 0, Size: 0<br>
<br>
<code>java.lang.IndexOutOfBoundsException: Index: 0, Size: 0<br>	at java.util.ArrayList.rangeCheck(ArrayList.java:635)<br>	at java.util.ArrayList.get(ArrayList.java:411)<br>	at edu.cmu.pact.BehaviorRecorder.Tab.CTATTabManager.getTabByNumber(CTATTabManager.java:183)<br>	at edu.cmu.pact.BehaviorRecorder.Tab.CTATTabManager.setTabVisibility(CTATTabManager.java:272)<br>	at edu.cmu.pact.BehaviorRecorder.Controller.CTAT_Launcher.&lt;init&gt;(CTAT_Launcher.java:121)<br>	at edu.cmu.pact.BehaviorRecorder.Controller.CTAT_Launcher.&lt;init&gt;(CTAT_Launcher.java:84)<br>	at edu.cmu.pact.BehaviorRecorder.ProblemModel.Matcher.Functions.UsesProblemModelTest.setUp(UsesProblemModelTest.java:42)<br>
</code></td><td>0.036</td>
</tr>
<tr valign="top" class="Error">
<td><a href="/0_CTAT_GlobalTestSuite.html">CTAT_GlobalTestSuite</a></td><td><a name="testSetVariableTable"></a><a href="/0_CTAT_GlobalTestSuite.html#testSetVariableTable">testSetVariableTable</a></td><td>Error</td><td>Index: 0, Size: 0<br>
<br>
<code>java.lang.IndexOutOfBoundsException: Index: 0, Size: 0<br>	at java.util.ArrayList.rangeCheck(ArrayList.java:635)<br>	at java.util.ArrayList.get(ArrayList.java:411)<br>	at edu.cmu.pact.BehaviorRecorder.Tab.CTATTabManager.getTabByNumber(CTATTabManager.java:183)<br>	at edu.cmu.pact.BehaviorRecorder.Tab.CTATTabManager.setTabVisibility(CTATTabManager.java:272)<br>	at edu.cmu.pact.BehaviorRecorder.Controller.CTAT_Launcher.&lt;init&gt;(CTAT_Launcher.java:121)<br>	at edu.cmu.pact.BehaviorRecorder.Controller.CTAT_Launcher.&lt;init&gt;(CTAT_Launcher.java:84)<br>	at edu.cmu.pact.BehaviorRecorder.ProblemModel.Matcher.Functions.UsesVariableTableTest.setUp(UsesVariableTableTest.java:63)<br>
</code></td><td>0.036</td>
</tr>
<tr valign="top" class="Error">
<td><a href="/0_CTAT_GlobalTestSuite.html">CTAT_GlobalTestSuite</a></td><td><a name="testSetupJDOM"></a><a href="/0_CTAT_GlobalTestSuite.html#testSetupJDOM">testSetupJDOM</a></td><td>Error</td><td>Could not initialize class edu.cmu.pact.BehaviorRecorder.ProblemModel.ProblemStateWriterTestUtility<br>
<br>
<code>java.lang.NoClassDefFoundError: Could not initialize class edu.cmu.pact.BehaviorRecorder.ProblemModel.ProblemStateWriterTestUtility<br>	at edu.cmu.pact.BehaviorRecorder.ProblemModel.ProblemStateReaderTest.setUp(ProblemStateReaderTest.java:272)<br>
</code></td><td>0.000</td>
</tr>
<tr valign="top" class="Error">
<td><a href="/0_CTAT_GlobalTestSuite.html">CTAT_GlobalTestSuite</a></td><td><a name="testStartNodeMessagesJDom"></a><a href="/0_CTAT_GlobalTestSuite.html#testStartNodeMessagesJDom">testStartNodeMessagesJDom</a></td><td>Error</td><td>Could not initialize class edu.cmu.pact.BehaviorRecorder.ProblemModel.ProblemStateWriterTestUtility<br>
<br>
<code>java.lang.NoClassDefFoundError: Could not initialize class edu.cmu.pact.BehaviorRecorder.ProblemModel.ProblemStateWriterTestUtility<br>	at edu.cmu.pact.BehaviorRecorder.ProblemModel.ProblemStateReaderTest.setUp(ProblemStateReaderTest.java:272)<br>
</code></td><td>0.001</td>
</tr>
<tr valign="top" class="Error">
<td><a href="/0_CTAT_GlobalTestSuite.html">CTAT_GlobalTestSuite</a></td><td><a name="testStateGraphJDom"></a><a href="/0_CTAT_GlobalTestSuite.html#testStateGraphJDom">testStateGraphJDom</a></td><td>Error</td><td>Could not initialize class edu.cmu.pact.BehaviorRecorder.ProblemModel.ProblemStateWriterTestUtility<br>
<br>
<code>java.lang.NoClassDefFoundError: Could not initialize class edu.cmu.pact.BehaviorRecorder.ProblemModel.ProblemStateWriterTestUtility<br>	at edu.cmu.pact.BehaviorRecorder.ProblemModel.ProblemStateReaderTest.setUp(ProblemStateReaderTest.java:272)<br>
</code></td><td>0.001</td>
</tr>
<tr valign="top" class="Error">
<td><a href="/0_CTAT_GlobalTestSuite.html">CTAT_GlobalTestSuite</a></td><td><a name="testToXMLString"></a><a href="/0_CTAT_GlobalTestSuite.html#testToXMLString">testToXMLString</a></td><td>Error</td><td>Index: 0, Size: 0<br>
<br>
<code>java.lang.IndexOutOfBoundsException: Index: 0, Size: 0<br>	at java.util.ArrayList.rangeCheck(ArrayList.java:635)<br>	at java.util.ArrayList.get(ArrayList.java:411)<br>	at edu.cmu.pact.BehaviorRecorder.Tab.CTATTabManager.getTabByNumber(CTATTabManager.java:183)<br>	at edu.cmu.pact.BehaviorRecorder.Tab.CTATTabManager.setTabVisibility(CTATTabManager.java:272)<br>	at edu.cmu.pact.BehaviorRecorder.Controller.CTAT_Launcher.&lt;init&gt;(CTAT_Launcher.java:121)<br>	at edu.cmu.pact.BehaviorRecorder.Controller.CTAT_Launcher.&lt;init&gt;(CTAT_Launcher.java:84)<br>	at edu.cmu.pact.BehaviorRecorder.ProblemModel.Graph.Groups.DefaultGroupModelTest.setUp(DefaultGroupModelTest.java:126)<br>
</code></td><td>0.034</td>
</tr>
<tr valign="top" class="Error">
<td><a href="/0_CTAT_GlobalTestSuite.html">CTAT_GlobalTestSuite</a></td><td><a name="testToXMLString"></a><a href="/0_CTAT_GlobalTestSuite.html#testToXMLString">testToXMLString</a></td><td>Error</td><td>Index: 0, Size: 0<br>
<br>
<code>java.lang.IndexOutOfBoundsException: Index: 0, Size: 0<br>	at java.util.ArrayList.rangeCheck(ArrayList.java:635)<br>	at java.util.ArrayList.get(ArrayList.java:411)<br>	at edu.cmu.pact.BehaviorRecorder.Tab.CTATTabManager.getTabByNumber(CTATTabManager.java:183)<br>	at edu.cmu.pact.BehaviorRecorder.Tab.CTATTabManager.setTabVisibility(CTATTabManager.java:272)<br>	at edu.cmu.pact.BehaviorRecorder.Controller.CTAT_Launcher.&lt;init&gt;(CTAT_Launcher.java:121)<br>	at edu.cmu.pact.BehaviorRecorder.Controller.CTAT_Launcher.&lt;init&gt;(CTAT_Launcher.java:84)<br>	at edu.cmu.pact.BehaviorRecorder.ProblemModel.Graph.ProblemEdgeTest.setUp(ProblemEdgeTest.java:36)<br>
</code></td><td>0.040</td>
</tr>
<tr valign="top" class="Error">
<td><a href="/0_CTAT_GlobalTestSuite.html">CTAT_GlobalTestSuite</a></td><td><a name="testToXMLString"></a><a href="/0_CTAT_GlobalTestSuite.html#testToXMLString">testToXMLString</a></td><td>Error</td><td>Index: 0, Size: 0<br>
<br>
<code>java.lang.IndexOutOfBoundsException: Index: 0, Size: 0<br>	at java.util.ArrayList.rangeCheck(ArrayList.java:635)<br>	at java.util.ArrayList.get(ArrayList.java:411)<br>	at edu.cmu.pact.BehaviorRecorder.Tab.CTATTabManager.getTabByNumber(CTATTabManager.java:183)<br>	at edu.cmu.pact.BehaviorRecorder.Tab.CTATTabManager.setTabVisibility(CTATTabManager.java:272)<br>	at edu.cmu.pact.BehaviorRecorder.Controller.CTAT_Launcher.&lt;init&gt;(CTAT_Launcher.java:121)<br>	at edu.cmu.pact.BehaviorRecorder.Controller.CTAT_Launcher.&lt;init&gt;(CTAT_Launcher.java:84)<br>	at edu.cmu.pact.BehaviorRecorder.ProblemModel.Graph.ProblemNodeTest.setUp(ProblemNodeTest.java:37)<br>
</code></td><td>0.034</td>
</tr>
<tr valign="top" class="Error">
<td><a href="/0_CTAT_GlobalTestSuite.html">CTAT_GlobalTestSuite</a></td><td><a name="testTrySaveAndTestForChange"></a><a href="/0_CTAT_GlobalTestSuite.html#testTrySaveAndTestForChange">testTrySaveAndTestForChange</a></td><td>Error</td><td>Could not initialize class edu.cmu.pact.BehaviorRecorder.ProblemModel.ProblemStateWriterTestUtility<br>
<br>
<code>java.lang.NoClassDefFoundError: Could not initialize class edu.cmu.pact.BehaviorRecorder.ProblemModel.ProblemStateWriterTestUtility<br>	at edu.cmu.pact.BehaviorRecorder.ProblemModel.ProblemStateReaderTest.setUp(ProblemStateReaderTest.java:272)<br>
</code></td><td>0.001</td>
</tr>
<tr valign="top" class="Error">
<td><a href="/0_CTAT_GlobalTestSuite.html">CTAT_GlobalTestSuite</a></td><td><a name="testTutorSessionToXML"></a><a href="/0_CTAT_GlobalTestSuite.html#testTutorSessionToXML">testTutorSessionToXML</a></td><td>Error</td><td>Index: 0, Size: 0<br>
<br>
<code>java.lang.IndexOutOfBoundsException: Index: 0, Size: 0<br>	at java.util.ArrayList.rangeCheck(ArrayList.java:635)<br>	at java.util.ArrayList.get(ArrayList.java:411)<br>	at edu.cmu.pact.BehaviorRecorder.Tab.CTATTabManager.getTabByNumber(CTATTabManager.java:183)<br>	at edu.cmu.pact.BehaviorRecorder.Tab.CTATTabManager.setTabVisibility(CTATTabManager.java:272)<br>	at edu.cmu.pact.BehaviorRecorder.Controller.CTAT_Launcher.&lt;init&gt;(CTAT_Launcher.java:121)<br>	at edu.cmu.pact.BehaviorRecorder.Controller.CTAT_Launcher.&lt;init&gt;(CTAT_Launcher.java:84)<br>	at edu.cmu.pact.Log.DataShopMessageObjectTest.setUp(DataShopMessageObjectTest.java:521)<br>
</code></td><td>0.101</td>
</tr>
</table>
</body>
</html>
