<?xml version="1.0" encoding="UTF-8" ?>
<testsuite errors="1" failures="0" hostname="nbarbas-MacBook-Pro-2.local" name="CTAT_GlobalTestSuite" skipped="0" tests="1" time="0.0" timestamp="2015-11-15T19:17:23">
  <properties>
[...]
</properties>
  <testcase classname="CTAT_GlobalTestSuite" name="testDifferentMatchers" time="0.001">
    <error message="Timeout occurred. Please note the time in the report does not reflect the time until the timeout." type="junit.framework.AssertionFailedError">junit.framework.AssertionFailedError: Timeout occurred. Please note the time in the report does not reflect the time until the timeout.
</error>
  </testcase>
</testsuite>
