<html xmlns:string="xalan://java.lang.String" xmlns:lxslt="http://xml.apache.org/xslt">
<head>
<META http-equiv="Content-Type" content="text/html; charset=UTF-8">
<title>Standard Error from CTAT_GlobalTestSuite</title>
</head>
<body>
<pre>
INFO: Mixed parser and lexer specification, 294 lexer rules, 29 parser rules.
Lexer scratch construction took 7 millis
WARNING: Grammar has no top level rule, taking first rule &gt;EXPRESSION ::= TERM ;&lt;
ParserTables scratch construction took 11 millis
serializing to buffer CTATFunctionsParser.ser
Parser construction took 66 millis
deserializing from buffer CTATFunctionsParser.ser
Parser construction took 26 millis
java.net.BindException: Address already in use
	at java.net.PlainSocketImpl.socketBind(Native Method)
	at java.net.AbstractPlainSocketImpl.bind(AbstractPlainSocketImpl.java:382)
	at java.net.ServerSocket.bind(ServerSocket.java:375)
	at java.net.ServerSocket.bind(ServerSocket.java:329)
	at edu.cmu.pact.TutoringService.Monitor.run(Monitor.java:156)
deserializing from buffer CTATFunctionsParser.ser
Parser construction took 4 millis
java.net.BindException: Address already in use
	at java.net.PlainSocketImpl.socketBind(Native Method)
	at java.net.AbstractPlainSocketImpl.bind(AbstractPlainSocketImpl.java:382)
	at java.net.ServerSocket.bind(ServerSocket.java:375)
	at java.net.ServerSocket.bind(ServerSocket.java:329)
	at edu.cmu.pact.TutoringService.Monitor.run(Monitor.java:156)
deserializing from buffer CTATFunctionsParser.ser
Parser construction took 4 millis
java.net.BindException: Address already in use
	at java.net.PlainSocketImpl.socketBind(Native Method)
	at java.net.AbstractPlainSocketImpl.bind(AbstractPlainSocketImpl.java:382)
	at java.net.ServerSocket.bind(ServerSocket.java:375)
	at java.net.ServerSocket.bind(ServerSocket.java:329)
	at edu.cmu.pact.TutoringService.Monitor.run(Monitor.java:156)
deserializing from buffer CTATFunctionsParser.ser
Parser construction took 4 millis
deserializing from buffer CTATFunctionsParser.ser
Parser construction took 3 millis
java.net.BindException: Address already in use
	at java.net.PlainSocketImpl.socketBind(Native Method)
	at java.net.AbstractPlainSocketImpl.bind(AbstractPlainSocketImpl.java:382)
	at java.net.ServerSocket.bind(ServerSocket.java:375)
	at java.net.ServerSocket.bind(ServerSocket.java:329)
	at edu.cmu.pact.TutoringService.Monitor.run(Monitor.java:156)
[12:15:02] +err+ 2: Could not instantiate class cl.tutors.solver.ProblemCheckerTest:
  java.lang.InstantiationException: cl.tutors.solver.ProblemCheckerTest; cause: java.lang.NoSuchMethodException: cl.tutors.solver.ProblemCheckerTest.&lt;init&gt;() &lt;edu.GlobalTestSuiteManager:158&gt;main
java.lang.InstantiationException: cl.tutors.solver.ProblemCheckerTest
	at java.lang.Class.newInstance(Class.java:427)
	at edu.GlobalTestSuiteManager.getGlobalTestSuite(GlobalTestSuiteManager.java:150)
	at CTAT_GlobalTestSuite.suite(CTAT_GlobalTestSuite.java:34)
	at sun.reflect.NativeMethodAccessorImpl.invoke0(Native Method)
	at sun.reflect.NativeMethodAccessorImpl.invoke(NativeMethodAccessorImpl.java:62)
	at sun.reflect.DelegatingMethodAccessorImpl.invoke(DelegatingMethodAccessorImpl.java:43)
	at java.lang.reflect.Method.invoke(Method.java:497)
	at org.apache.tools.ant.taskdefs.optional.junit.JUnitTestRunner.run(JUnitTestRunner.java:405)
	at org.apache.tools.ant.taskdefs.optional.junit.JUnitTestRunner.launch(JUnitTestRunner.java:1182)
	at org.apache.tools.ant.taskdefs.optional.junit.JUnitTestRunner.main(JUnitTestRunner.java:1033)
Caused by: java.lang.NoSuchMethodException: cl.tutors.solver.ProblemCheckerTest.&lt;init&gt;()
	at java.lang.Class.getConstructor0(Class.java:3082)
	at java.lang.Class.newInstance(Class.java:412)
	... 9 more
[12:15:02] +err+ 3: Could not instantiate class edu.ProblemTypeTest:
  java.lang.InstantiationException: edu.ProblemTypeTest; cause: java.lang.NoSuchMethodException: edu.ProblemTypeTest.&lt;init&gt;() &lt;edu.GlobalTestSuiteManager:158&gt;main
java.lang.InstantiationException: edu.ProblemTypeTest
	at java.lang.Class.newInstance(Class.java:427)
	at edu.GlobalTestSuiteManager.getGlobalTestSuite(GlobalTestSuiteManager.java:150)
	at CTAT_GlobalTestSuite.suite(CTAT_GlobalTestSuite.java:34)
	at sun.reflect.NativeMethodAccessorImpl.invoke0(Native Method)
	at sun.reflect.NativeMethodAccessorImpl.invoke(NativeMethodAccessorImpl.java:62)
	at sun.reflect.DelegatingMethodAccessorImpl.invoke(DelegatingMethodAccessorImpl.java:43)
	at java.lang.reflect.Method.invoke(Method.java:497)
	at org.apache.tools.ant.taskdefs.optional.junit.JUnitTestRunner.run(JUnitTestRunner.java:405)
	at org.apache.tools.ant.taskdefs.optional.junit.JUnitTestRunner.launch(JUnitTestRunner.java:1182)
	at org.apache.tools.ant.taskdefs.optional.junit.JUnitTestRunner.main(JUnitTestRunner.java:1033)
Caused by: java.lang.NoSuchMethodException: edu.ProblemTypeTest.&lt;init&gt;()
	at java.lang.Class.getConstructor0(Class.java:3082)
	at java.lang.Class.newInstance(Class.java:412)
	... 9 more
[12:15:02] +err+ 4: Could not instantiate class edu.SerializationTest:
  java.lang.InstantiationException: edu.SerializationTest; cause: java.lang.NoSuchMethodException: edu.SerializationTest.&lt;init&gt;() &lt;edu.GlobalTestSuiteManager:158&gt;main
java.lang.InstantiationException: edu.SerializationTest
	at java.lang.Class.newInstance(Class.java:427)
	at edu.GlobalTestSuiteManager.getGlobalTestSuite(GlobalTestSuiteManager.java:150)
	at CTAT_GlobalTestSuite.suite(CTAT_GlobalTestSuite.java:34)
	at sun.reflect.NativeMethodAccessorImpl.invoke0(Native Method)
	at sun.reflect.NativeMethodAccessorImpl.invoke(NativeMethodAccessorImpl.java:62)
	at sun.reflect.DelegatingMethodAccessorImpl.invoke(DelegatingMethodAccessorImpl.java:43)
	at java.lang.reflect.Method.invoke(Method.java:497)
	at org.apache.tools.ant.taskdefs.optional.junit.JUnitTestRunner.run(JUnitTestRunner.java:405)
	at org.apache.tools.ant.taskdefs.optional.junit.JUnitTestRunner.launch(JUnitTestRunner.java:1182)
	at org.apache.tools.ant.taskdefs.optional.junit.JUnitTestRunner.main(JUnitTestRunner.java:1033)
Caused by: java.lang.NoSuchMethodException: edu.SerializationTest.&lt;init&gt;()
	at java.lang.Class.getConstructor0(Class.java:3082)
	at java.lang.Class.newInstance(Class.java:412)
	... 9 more
[12:15:02] +err+ 5: Error running suite() method in testCase null(edu.cmu.hcii.ctat.NodeCommTest):
  java.lang.NoSuchMethodException: edu.cmu.hcii.ctat.NodeCommTest.suite(); cause: null &lt;edu.GlobalTestSuiteManager:172&gt;main
java.lang.NoSuchMethodException: edu.cmu.hcii.ctat.NodeCommTest.suite()
	at java.lang.Class.getMethod(Class.java:1786)
	at edu.GlobalTestSuiteManager.getGlobalTestSuite(GlobalTestSuiteManager.java:164)
	at CTAT_GlobalTestSuite.suite(CTAT_GlobalTestSuite.java:34)
	at sun.reflect.NativeMethodAccessorImpl.invoke0(Native Method)
	at sun.reflect.NativeMethodAccessorImpl.invoke(NativeMethodAccessorImpl.java:62)
	at sun.reflect.DelegatingMethodAccessorImpl.invoke(DelegatingMethodAccessorImpl.java:43)
	at java.lang.reflect.Method.invoke(Method.java:497)
	at org.apache.tools.ant.taskdefs.optional.junit.JUnitTestRunner.run(JUnitTestRunner.java:405)
	at org.apache.tools.ant.taskdefs.optional.junit.JUnitTestRunner.launch(JUnitTestRunner.java:1182)
	at org.apache.tools.ant.taskdefs.optional.junit.JUnitTestRunner.main(JUnitTestRunner.java:1033)
deserializing from buffer CTATFunctionsParser.ser
Parser construction took 4 millis
java.net.BindException: Address already in use
	at java.net.PlainSocketImpl.socketBind(Native Method)
	at java.net.AbstractPlainSocketImpl.bind(AbstractPlainSocketImpl.java:382)
	at java.net.ServerSocket.bind(ServerSocket.java:375)
	at java.net.ServerSocket.bind(ServerSocket.java:329)
	at edu.cmu.pact.TutoringService.Monitor.run(Monitor.java:156)
deserializing from buffer CTATFunctionsParser.ser
Parser construction took 7 millis
java.net.BindException: Address already in use
	at java.net.PlainSocketImpl.socketBind(Native Method)
	at java.net.AbstractPlainSocketImpl.bind(AbstractPlainSocketImpl.java:382)
	at java.net.ServerSocket.bind(ServerSocket.java:375)
	at java.net.ServerSocket.bind(ServerSocket.java:329)
	at edu.cmu.pact.TutoringService.Monitor.run(Monitor.java:156)
deserializing from buffer CTATFunctionsParser.ser
Parser construction took 5 millis
java.net.BindException: Address already in use
	at java.net.PlainSocketImpl.socketBind(Native Method)
	at java.net.AbstractPlainSocketImpl.bind(AbstractPlainSocketImpl.java:382)
	at java.net.ServerSocket.bind(ServerSocket.java:375)
	at java.net.ServerSocket.bind(ServerSocket.java:329)
	at edu.cmu.pact.TutoringService.Monitor.run(Monitor.java:156)
[12:15:04] +err+ 6: Could not instantiate class edu.cmu.pact.BehaviorRecorder.Controller.JavaExampleTracerTest:
  java.lang.InstantiationException: edu.cmu.pact.BehaviorRecorder.Controller.JavaExampleTracerTest; cause: java.lang.NoSuchMethodException: edu.cmu.pact.BehaviorRecorder.Controller.JavaExampleTracerTest.&lt;init&gt;() &lt;edu.GlobalTestSuiteManager:158&gt;main
java.lang.InstantiationException: edu.cmu.pact.BehaviorRecorder.Controller.JavaExampleTracerTest
	at java.lang.Class.newInstance(Class.java:427)
	at edu.GlobalTestSuiteManager.getGlobalTestSuite(GlobalTestSuiteManager.java:150)
	at CTAT_GlobalTestSuite.suite(CTAT_GlobalTestSuite.java:34)
	at sun.reflect.NativeMethodAccessorImpl.invoke0(Native Method)
	at sun.reflect.NativeMethodAccessorImpl.invoke(NativeMethodAccessorImpl.java:62)
	at sun.reflect.DelegatingMethodAccessorImpl.invoke(DelegatingMethodAccessorImpl.java:43)
	at java.lang.reflect.Method.invoke(Method.java:497)
	at org.apache.tools.ant.taskdefs.optional.junit.JUnitTestRunner.run(JUnitTestRunner.java:405)
	at org.apache.tools.ant.taskdefs.optional.junit.JUnitTestRunner.launch(JUnitTestRunner.java:1182)
	at org.apache.tools.ant.taskdefs.optional.junit.JUnitTestRunner.main(JUnitTestRunner.java:1033)
Caused by: java.lang.NoSuchMethodException: edu.cmu.pact.BehaviorRecorder.Controller.JavaExampleTracerTest.&lt;init&gt;()
	at java.lang.Class.getConstructor0(Class.java:3082)
	at java.lang.Class.newInstance(Class.java:412)
	... 9 more
[12:15:04] +err+ 7: Error running suite() method in testCase null(edu.cmu.pact.Log.LogDifferences.ColumnTest):
  java.lang.NoSuchMethodException: edu.cmu.pact.Log.LogDifferences.ColumnTest.suite(); cause: null &lt;edu.GlobalTestSuiteManager:172&gt;main
java.lang.NoSuchMethodException: edu.cmu.pact.Log.LogDifferences.ColumnTest.suite()
	at java.lang.Class.getMethod(Class.java:1786)
	at edu.GlobalTestSuiteManager.getGlobalTestSuite(GlobalTestSuiteManager.java:164)
	at CTAT_GlobalTestSuite.suite(CTAT_GlobalTestSuite.java:34)
	at sun.reflect.NativeMethodAccessorImpl.invoke0(Native Method)
	at sun.reflect.NativeMethodAccessorImpl.invoke(NativeMethodAccessorImpl.java:62)
	at sun.reflect.DelegatingMethodAccessorImpl.invoke(DelegatingMethodAccessorImpl.java:43)
	at java.lang.reflect.Method.invoke(Method.java:497)
	at org.apache.tools.ant.taskdefs.optional.junit.JUnitTestRunner.run(JUnitTestRunner.java:405)
	at org.apache.tools.ant.taskdefs.optional.junit.JUnitTestRunner.launch(JUnitTestRunner.java:1182)
	at org.apache.tools.ant.taskdefs.optional.junit.JUnitTestRunner.main(JUnitTestRunner.java:1033)
[12:15:04] +err+ 8: Error running suite() method in testCase null(edu.cmu.pact.Log.LogDifferences.ContentCellTest):
  java.lang.NoSuchMethodException: edu.cmu.pact.Log.LogDifferences.ContentCellTest.suite(); cause: null &lt;edu.GlobalTestSuiteManager:172&gt;main
java.lang.NoSuchMethodException: edu.cmu.pact.Log.LogDifferences.ContentCellTest.suite()
	at java.lang.Class.getMethod(Class.java:1786)
	at edu.GlobalTestSuiteManager.getGlobalTestSuite(GlobalTestSuiteManager.java:164)
	at CTAT_GlobalTestSuite.suite(CTAT_GlobalTestSuite.java:34)
	at sun.reflect.NativeMethodAccessorImpl.invoke0(Native Method)
	at sun.reflect.NativeMethodAccessorImpl.invoke(NativeMethodAccessorImpl.java:62)
	at sun.reflect.DelegatingMethodAccessorImpl.invoke(DelegatingMethodAccessorImpl.java:43)
	at java.lang.reflect.Method.invoke(Method.java:497)
	at org.apache.tools.ant.taskdefs.optional.junit.JUnitTestRunner.run(JUnitTestRunner.java:405)
	at org.apache.tools.ant.taskdefs.optional.junit.JUnitTestRunner.launch(JUnitTestRunner.java:1182)
	at org.apache.tools.ant.taskdefs.optional.junit.JUnitTestRunner.main(JUnitTestRunner.java:1033)
[12:15:04] +err+ 9: Error running suite() method in testCase null(edu.cmu.pact.Log.LogDifferences.ContentNullTest):
  java.lang.NoSuchMethodException: edu.cmu.pact.Log.LogDifferences.ContentNullTest.suite(); cause: null &lt;edu.GlobalTestSuiteManager:172&gt;main
java.lang.NoSuchMethodException: edu.cmu.pact.Log.LogDifferences.ContentNullTest.suite()
	at java.lang.Class.getMethod(Class.java:1786)
	at edu.GlobalTestSuiteManager.getGlobalTestSuite(GlobalTestSuiteManager.java:164)
	at CTAT_GlobalTestSuite.suite(CTAT_GlobalTestSuite.java:34)
	at sun.reflect.NativeMethodAccessorImpl.invoke0(Native Method)
	at sun.reflect.NativeMethodAccessorImpl.invoke(NativeMethodAccessorImpl.java:62)
	at sun.reflect.DelegatingMethodAccessorImpl.invoke(DelegatingMethodAccessorImpl.java:43)
	at java.lang.reflect.Method.invoke(Method.java:497)
	at org.apache.tools.ant.taskdefs.optional.junit.JUnitTestRunner.run(JUnitTestRunner.java:405)
	at org.apache.tools.ant.taskdefs.optional.junit.JUnitTestRunner.launch(JUnitTestRunner.java:1182)
	at org.apache.tools.ant.taskdefs.optional.junit.JUnitTestRunner.main(JUnitTestRunner.java:1033)
[12:15:04] +err+ 10: Error running suite() method in testCase null(edu.cmu.pact.Log.LogDifferences.ContentTest):
  java.lang.NoSuchMethodException: edu.cmu.pact.Log.LogDifferences.ContentTest.suite(); cause: null &lt;edu.GlobalTestSuiteManager:172&gt;main
java.lang.NoSuchMethodException: edu.cmu.pact.Log.LogDifferences.ContentTest.suite()
	at java.lang.Class.getMethod(Class.java:1786)
	at edu.GlobalTestSuiteManager.getGlobalTestSuite(GlobalTestSuiteManager.java:164)
	at CTAT_GlobalTestSuite.suite(CTAT_GlobalTestSuite.java:34)
	at sun.reflect.NativeMethodAccessorImpl.invoke0(Native Method)
	at sun.reflect.NativeMethodAccessorImpl.invoke(NativeMethodAccessorImpl.java:62)
	at sun.reflect.DelegatingMethodAccessorImpl.invoke(DelegatingMethodAccessorImpl.java:43)
	at java.lang.reflect.Method.invoke(Method.java:497)
	at org.apache.tools.ant.taskdefs.optional.junit.JUnitTestRunner.run(JUnitTestRunner.java:405)
	at org.apache.tools.ant.taskdefs.optional.junit.JUnitTestRunner.launch(JUnitTestRunner.java:1182)
	at org.apache.tools.ant.taskdefs.optional.junit.JUnitTestRunner.main(JUnitTestRunner.java:1033)
[12:15:04] +err+ 11: Error running suite() method in testCase null(edu.cmu.pact.Log.LogDifferences.TutorMessageContentsTest):
  java.lang.NoSuchMethodException: edu.cmu.pact.Log.LogDifferences.TutorMessageContentsTest.suite(); cause: null &lt;edu.GlobalTestSuiteManager:172&gt;main
java.lang.NoSuchMethodException: edu.cmu.pact.Log.LogDifferences.TutorMessageContentsTest.suite()
	at java.lang.Class.getMethod(Class.java:1786)
	at edu.GlobalTestSuiteManager.getGlobalTestSuite(GlobalTestSuiteManager.java:164)
	at CTAT_GlobalTestSuite.suite(CTAT_GlobalTestSuite.java:34)
	at sun.reflect.NativeMethodAccessorImpl.invoke0(Native Method)
	at sun.reflect.NativeMethodAccessorImpl.invoke(NativeMethodAccessorImpl.java:62)
	at sun.reflect.DelegatingMethodAccessorImpl.invoke(DelegatingMethodAccessorImpl.java:43)
	at java.lang.reflect.Method.invoke(Method.java:497)
	at org.apache.tools.ant.taskdefs.optional.junit.JUnitTestRunner.run(JUnitTestRunner.java:405)
	at org.apache.tools.ant.taskdefs.optional.junit.JUnitTestRunner.launch(JUnitTestRunner.java:1182)
	at org.apache.tools.ant.taskdefs.optional.junit.JUnitTestRunner.main(JUnitTestRunner.java:1033)
[12:15:04] +err+ 12: Error running suite() method in testCase null(edu.cmu.pact.SocketProxy.HTTPToolProxyTest):
  java.lang.NoSuchMethodException: edu.cmu.pact.SocketProxy.HTTPToolProxyTest.suite(); cause: null &lt;edu.GlobalTestSuiteManager:172&gt;main
java.lang.NoSuchMethodException: edu.cmu.pact.SocketProxy.HTTPToolProxyTest.suite()
	at java.lang.Class.getMethod(Class.java:1786)
	at edu.GlobalTestSuiteManager.getGlobalTestSuite(GlobalTestSuiteManager.java:164)
	at CTAT_GlobalTestSuite.suite(CTAT_GlobalTestSuite.java:34)
	at sun.reflect.NativeMethodAccessorImpl.invoke0(Native Method)
	at sun.reflect.NativeMethodAccessorImpl.invoke(NativeMethodAccessorImpl.java:62)
	at sun.reflect.DelegatingMethodAccessorImpl.invoke(DelegatingMethodAccessorImpl.java:43)
	at java.lang.reflect.Method.invoke(Method.java:497)
	at org.apache.tools.ant.taskdefs.optional.junit.JUnitTestRunner.run(JUnitTestRunner.java:405)
	at org.apache.tools.ant.taskdefs.optional.junit.JUnitTestRunner.launch(JUnitTestRunner.java:1182)
	at org.apache.tools.ant.taskdefs.optional.junit.JUnitTestRunner.main(JUnitTestRunner.java:1033)
deserializing from buffer CTATFunctionsParser.ser
Parser construction took 4 millis
java.net.BindException: Address already in use
	at java.net.PlainSocketImpl.socketBind(Native Method)
	at java.net.AbstractPlainSocketImpl.bind(AbstractPlainSocketImpl.java:382)
	at java.net.ServerSocket.bind(ServerSocket.java:375)
	at java.net.ServerSocket.bind(ServerSocket.java:329)
	at edu.cmu.pact.TutoringService.Monitor.run(Monitor.java:156)
[12:15:06] +err+ 13: Could not instantiate class edu.cmu.pact.jess.GoToWMMessgHandlerTest:
  java.lang.NullPointerException; cause: null &lt;edu.GlobalTestSuiteManager:158&gt;main
java.lang.NullPointerException
	at edu.cmu.pact.BehaviorRecorder.Controller.SingleSessionLauncher.continueLaunch(SingleSessionLauncher.java:525)
	at edu.cmu.pact.BehaviorRecorder.Controller.SingleSessionLauncher.launch(SingleSessionLauncher.java:414)
	at edu.cmu.pact.jess.GoToWMMessgHandlerTest.&lt;init&gt;(GoToWMMessgHandlerTest.java:80)
	at sun.reflect.NativeConstructorAccessorImpl.newInstance0(Native Method)
	at sun.reflect.NativeConstructorAccessorImpl.newInstance(NativeConstructorAccessorImpl.java:62)
	at sun.reflect.DelegatingConstructorAccessorImpl.newInstance(DelegatingConstructorAccessorImpl.java:45)
	at java.lang.reflect.Constructor.newInstance(Constructor.java:422)
	at java.lang.Class.newInstance(Class.java:442)
	at edu.GlobalTestSuiteManager.getGlobalTestSuite(GlobalTestSuiteManager.java:150)
	at CTAT_GlobalTestSuite.suite(CTAT_GlobalTestSuite.java:34)
	at sun.reflect.NativeMethodAccessorImpl.invoke0(Native Method)
	at sun.reflect.NativeMethodAccessorImpl.invoke(NativeMethodAccessorImpl.java:62)
	at sun.reflect.DelegatingMethodAccessorImpl.invoke(DelegatingMethodAccessorImpl.java:43)
	at java.lang.reflect.Method.invoke(Method.java:497)
	at org.apache.tools.ant.taskdefs.optional.junit.JUnitTestRunner.run(JUnitTestRunner.java:405)
	at org.apache.tools.ant.taskdefs.optional.junit.JUnitTestRunner.launch(JUnitTestRunner.java:1182)
	at org.apache.tools.ant.taskdefs.optional.junit.JUnitTestRunner.main(JUnitTestRunner.java:1033)
edu.cmu.pact.BehaviorRecorder.ProblemModel.ProblemModelException: The problem name: "" is empty or has unallowed characters.
	at edu.cmu.pact.BehaviorRecorder.Controller.BR_Controller.createStartStateInternal(BR_Controller.java:2448)
	at edu.cmu.pact.BehaviorRecorder.Controller.BR_Controller.createStartState(BR_Controller.java:2397)
	at edu.cmu.pact.ctat.model.CtatModeModel.changeAuthorModeOk(CtatModeModel.java:349)
	at edu.cmu.pact.ctat.model.CtatModeModel.setAuthorMode(CtatModeModel.java:215)
	at edu.cmu.pact.BehaviorRecorder.Controller.PseudoTutorMessageHandlerTest.setUp(PseudoTutorMessageHandlerTest.java:696)
	at junit.framework.TestCase.runBare(TestCase.java:125)
	at junit.framework.TestResult$1.protect(TestResult.java:106)
	at junit.framework.TestResult.runProtected(TestResult.java:124)
	at junit.framework.TestResult.run(TestResult.java:109)
	at junit.framework.TestCase.run(TestCase.java:118)
	at junit.framework.TestSuite.runTest(TestSuite.java:208)
	at junit.framework.TestSuite.run(TestSuite.java:203)
	at org.apache.tools.ant.taskdefs.optional.junit.JUnitTestRunner.run(JUnitTestRunner.java:535)
	at org.apache.tools.ant.taskdefs.optional.junit.JUnitTestRunner.launch(JUnitTestRunner.java:1182)
	at org.apache.tools.ant.taskdefs.optional.junit.JUnitTestRunner.main(JUnitTestRunner.java:1033)
edu.cmu.pact.BehaviorRecorder.ProblemModel.ProblemModelException: The problem name: "" is empty or has unallowed characters.
	at edu.cmu.pact.BehaviorRecorder.Controller.BR_Controller.createStartStateInternal(BR_Controller.java:2448)
	at edu.cmu.pact.BehaviorRecorder.Controller.BR_Controller.createStartState(BR_Controller.java:2397)
	at edu.cmu.pact.ctat.model.CtatModeModel.changeAuthorModeOk(CtatModeModel.java:349)
	at edu.cmu.pact.ctat.model.CtatModeModel.setAuthorMode(CtatModeModel.java:215)
	at edu.cmu.pact.BehaviorRecorder.Controller.PseudoTutorMessageHandlerTest.setUp(PseudoTutorMessageHandlerTest.java:696)
	at junit.framework.TestCase.runBare(TestCase.java:125)
	at junit.framework.TestResult$1.protect(TestResult.java:106)
	at junit.framework.TestResult.runProtected(TestResult.java:124)
	at junit.framework.TestResult.run(TestResult.java:109)
	at junit.framework.TestCase.run(TestCase.java:118)
	at junit.framework.TestSuite.runTest(TestSuite.java:208)
	at junit.framework.TestSuite.run(TestSuite.java:203)
	at org.apache.tools.ant.taskdefs.optional.junit.JUnitTestRunner.run(JUnitTestRunner.java:535)
	at org.apache.tools.ant.taskdefs.optional.junit.JUnitTestRunner.launch(JUnitTestRunner.java:1182)
	at org.apache.tools.ant.taskdefs.optional.junit.JUnitTestRunner.main(JUnitTestRunner.java:1033)
edu.cmu.pact.BehaviorRecorder.ProblemModel.ProblemModelException: The problem name: "" is empty or has unallowed characters.
	at edu.cmu.pact.BehaviorRecorder.Controller.BR_Controller.createStartStateInternal(BR_Controller.java:2448)
	at edu.cmu.pact.BehaviorRecorder.Controller.BR_Controller.createStartState(BR_Controller.java:2397)
	at edu.cmu.pact.ctat.model.CtatModeModel.changeAuthorModeOk(CtatModeModel.java:349)
	at edu.cmu.pact.ctat.model.CtatModeModel.setAuthorMode(CtatModeModel.java:215)
	at edu.cmu.pact.BehaviorRecorder.Controller.PseudoTutorMessageHandlerTest.setUp(PseudoTutorMessageHandlerTest.java:696)
	at junit.framework.TestCase.runBare(TestCase.java:125)
	at junit.framework.TestResult$1.protect(TestResult.java:106)
	at junit.framework.TestResult.runProtected(TestResult.java:124)
	at junit.framework.TestResult.run(TestResult.java:109)
	at junit.framework.TestCase.run(TestCase.java:118)
	at junit.framework.TestSuite.runTest(TestSuite.java:208)
	at junit.framework.TestSuite.run(TestSuite.java:203)
	at org.apache.tools.ant.taskdefs.optional.junit.JUnitTestRunner.run(JUnitTestRunner.java:535)
	at org.apache.tools.ant.taskdefs.optional.junit.JUnitTestRunner.launch(JUnitTestRunner.java:1182)
	at org.apache.tools.ant.taskdefs.optional.junit.JUnitTestRunner.main(JUnitTestRunner.java:1033)
edu.cmu.pact.BehaviorRecorder.ProblemModel.ProblemModelException: The problem name: "" is empty or has unallowed characters.
	at edu.cmu.pact.BehaviorRecorder.Controller.BR_Controller.createStartStateInternal(BR_Controller.java:2448)
	at edu.cmu.pact.BehaviorRecorder.Controller.BR_Controller.createStartState(BR_Controller.java:2397)
	at edu.cmu.pact.ctat.model.CtatModeModel.changeAuthorModeOk(CtatModeModel.java:349)
	at edu.cmu.pact.ctat.model.CtatModeModel.setAuthorMode(CtatModeModel.java:215)
	at edu.cmu.pact.BehaviorRecorder.Controller.PseudoTutorMessageHandlerTest.setUp(PseudoTutorMessageHandlerTest.java:696)
	at junit.framework.TestCase.runBare(TestCase.java:125)
	at junit.framework.TestResult$1.protect(TestResult.java:106)
	at junit.framework.TestResult.runProtected(TestResult.java:124)
	at junit.framework.TestResult.run(TestResult.java:109)
	at junit.framework.TestCase.run(TestCase.java:118)
	at junit.framework.TestSuite.runTest(TestSuite.java:208)
	at junit.framework.TestSuite.run(TestSuite.java:203)
	at org.apache.tools.ant.taskdefs.optional.junit.JUnitTestRunner.run(JUnitTestRunner.java:535)
	at org.apache.tools.ant.taskdefs.optional.junit.JUnitTestRunner.launch(JUnitTestRunner.java:1182)
	at org.apache.tools.ant.taskdefs.optional.junit.JUnitTestRunner.main(JUnitTestRunner.java:1033)
edu.cmu.pact.BehaviorRecorder.ProblemModel.ProblemModelException: The problem name: "" is empty or has unallowed characters.
	at edu.cmu.pact.BehaviorRecorder.Controller.BR_Controller.createStartStateInternal(BR_Controller.java:2448)
	at edu.cmu.pact.BehaviorRecorder.Controller.BR_Controller.createStartState(BR_Controller.java:2397)
	at edu.cmu.pact.ctat.model.CtatModeModel.changeAuthorModeOk(CtatModeModel.java:349)
	at edu.cmu.pact.ctat.model.CtatModeModel.setAuthorMode(CtatModeModel.java:215)
	at edu.cmu.pact.BehaviorRecorder.Controller.PseudoTutorMessageHandlerTest.setUp(PseudoTutorMessageHandlerTest.java:696)
	at junit.framework.TestCase.runBare(TestCase.java:125)
	at junit.framework.TestResult$1.protect(TestResult.java:106)
	at junit.framework.TestResult.runProtected(TestResult.java:124)
	at junit.framework.TestResult.run(TestResult.java:109)
	at junit.framework.TestCase.run(TestCase.java:118)
	at junit.framework.TestSuite.runTest(TestSuite.java:208)
	at junit.framework.TestSuite.run(TestSuite.java:203)
	at org.apache.tools.ant.taskdefs.optional.junit.JUnitTestRunner.run(JUnitTestRunner.java:535)
	at org.apache.tools.ant.taskdefs.optional.junit.JUnitTestRunner.launch(JUnitTestRunner.java:1182)
	at org.apache.tools.ant.taskdefs.optional.junit.JUnitTestRunner.main(JUnitTestRunner.java:1033)
edu.cmu.pact.BehaviorRecorder.ProblemModel.ProblemModelException: The problem name: "" is empty or has unallowed characters.
	at edu.cmu.pact.BehaviorRecorder.Controller.BR_Controller.createStartStateInternal(BR_Controller.java:2448)
	at edu.cmu.pact.BehaviorRecorder.Controller.BR_Controller.createStartState(BR_Controller.java:2397)
	at edu.cmu.pact.ctat.model.CtatModeModel.changeAuthorModeOk(CtatModeModel.java:349)
	at edu.cmu.pact.ctat.model.CtatModeModel.setAuthorMode(CtatModeModel.java:215)
	at edu.cmu.pact.BehaviorRecorder.Controller.PseudoTutorMessageHandlerTest.setUp(PseudoTutorMessageHandlerTest.java:696)
	at junit.framework.TestCase.runBare(TestCase.java:125)
	at junit.framework.TestResult$1.protect(TestResult.java:106)
	at junit.framework.TestResult.runProtected(TestResult.java:124)
	at junit.framework.TestResult.run(TestResult.java:109)
	at junit.framework.TestCase.run(TestCase.java:118)
	at junit.framework.TestSuite.runTest(TestSuite.java:208)
	at junit.framework.TestSuite.run(TestSuite.java:203)
	at org.apache.tools.ant.taskdefs.optional.junit.JUnitTestRunner.run(JUnitTestRunner.java:535)
	at org.apache.tools.ant.taskdefs.optional.junit.JUnitTestRunner.launch(JUnitTestRunner.java:1182)
	at org.apache.tools.ant.taskdefs.optional.junit.JUnitTestRunner.main(JUnitTestRunner.java:1033)
edu.cmu.pact.BehaviorRecorder.ProblemModel.ProblemModelException: The problem name: "" is empty or has unallowed characters.
	at edu.cmu.pact.BehaviorRecorder.Controller.BR_Controller.createStartStateInternal(BR_Controller.java:2448)
	at edu.cmu.pact.BehaviorRecorder.Controller.BR_Controller.createStartState(BR_Controller.java:2397)
	at edu.cmu.pact.ctat.model.CtatModeModel.changeAuthorModeOk(CtatModeModel.java:349)
	at edu.cmu.pact.ctat.model.CtatModeModel.setAuthorMode(CtatModeModel.java:215)
	at edu.cmu.pact.BehaviorRecorder.Controller.PseudoTutorMessageHandlerTest.setUp(PseudoTutorMessageHandlerTest.java:696)
	at junit.framework.TestCase.runBare(TestCase.java:125)
	at junit.framework.TestResult$1.protect(TestResult.java:106)
	at junit.framework.TestResult.runProtected(TestResult.java:124)
	at junit.framework.TestResult.run(TestResult.java:109)
	at junit.framework.TestCase.run(TestCase.java:118)
	at junit.framework.TestSuite.runTest(TestSuite.java:208)
	at junit.framework.TestSuite.run(TestSuite.java:203)
	at org.apache.tools.ant.taskdefs.optional.junit.JUnitTestRunner.run(JUnitTestRunner.java:535)
	at org.apache.tools.ant.taskdefs.optional.junit.JUnitTestRunner.launch(JUnitTestRunner.java:1182)
	at org.apache.tools.ant.taskdefs.optional.junit.JUnitTestRunner.main(JUnitTestRunner.java:1033)
edu.cmu.pact.BehaviorRecorder.ProblemModel.ProblemModelException: The problem name: "" is empty or has unallowed characters.
	at edu.cmu.pact.BehaviorRecorder.Controller.BR_Controller.createStartStateInternal(BR_Controller.java:2448)
	at edu.cmu.pact.BehaviorRecorder.Controller.BR_Controller.createStartState(BR_Controller.java:2397)
	at edu.cmu.pact.ctat.model.CtatModeModel.changeAuthorModeOk(CtatModeModel.java:349)
	at edu.cmu.pact.ctat.model.CtatModeModel.setAuthorMode(CtatModeModel.java:215)
	at edu.cmu.pact.BehaviorRecorder.Controller.PseudoTutorMessageHandlerTest.setUp(PseudoTutorMessageHandlerTest.java:696)
	at junit.framework.TestCase.runBare(TestCase.java:125)
	at junit.framework.TestResult$1.protect(TestResult.java:106)
	at junit.framework.TestResult.runProtected(TestResult.java:124)
	at junit.framework.TestResult.run(TestResult.java:109)
	at junit.framework.TestCase.run(TestCase.java:118)
	at junit.framework.TestSuite.runTest(TestSuite.java:208)
	at junit.framework.TestSuite.run(TestSuite.java:203)
	at org.apache.tools.ant.taskdefs.optional.junit.JUnitTestRunner.run(JUnitTestRunner.java:535)
	at org.apache.tools.ant.taskdefs.optional.junit.JUnitTestRunner.launch(JUnitTestRunner.java:1182)
	at org.apache.tools.ant.taskdefs.optional.junit.JUnitTestRunner.main(JUnitTestRunner.java:1033)
edu.cmu.pact.BehaviorRecorder.ProblemModel.ProblemModelException: The problem name: "" is empty or has unallowed characters.
	at edu.cmu.pact.BehaviorRecorder.Controller.BR_Controller.createStartStateInternal(BR_Controller.java:2448)
	at edu.cmu.pact.BehaviorRecorder.Controller.BR_Controller.createStartState(BR_Controller.java:2397)
	at edu.cmu.pact.ctat.model.CtatModeModel.changeAuthorModeOk(CtatModeModel.java:349)
	at edu.cmu.pact.ctat.model.CtatModeModel.setAuthorMode(CtatModeModel.java:215)
	at edu.cmu.pact.BehaviorRecorder.Controller.PseudoTutorMessageHandlerTest.setUp(PseudoTutorMessageHandlerTest.java:696)
	at junit.framework.TestCase.runBare(TestCase.java:125)
	at junit.framework.TestResult$1.protect(TestResult.java:106)
	at junit.framework.TestResult.runProtected(TestResult.java:124)
	at junit.framework.TestResult.run(TestResult.java:109)
	at junit.framework.TestCase.run(TestCase.java:118)
	at junit.framework.TestSuite.runTest(TestSuite.java:208)
	at junit.framework.TestSuite.run(TestSuite.java:203)
	at org.apache.tools.ant.taskdefs.optional.junit.JUnitTestRunner.run(JUnitTestRunner.java:535)
	at org.apache.tools.ant.taskdefs.optional.junit.JUnitTestRunner.launch(JUnitTestRunner.java:1182)
	at org.apache.tools.ant.taskdefs.optional.junit.JUnitTestRunner.main(JUnitTestRunner.java:1033)
deserializing from buffer CTATFunctionsParser.ser
Parser construction took 9 millis
java.net.BindException: Address already in use
	at java.net.PlainSocketImpl.socketBind(Native Method)
	at java.net.AbstractPlainSocketImpl.bind(AbstractPlainSocketImpl.java:382)
	at java.net.ServerSocket.bind(ServerSocket.java:375)
	at java.net.ServerSocket.bind(ServerSocket.java:329)
	at edu.cmu.pact.TutoringService.Monitor.run(Monitor.java:156)
edu.cmu.pact.BehaviorRecorder.ProblemModel.ProblemModelException: The problem name: "" is empty or has unallowed characters.
	at edu.cmu.pact.BehaviorRecorder.Controller.BR_Controller.createStartStateInternal(BR_Controller.java:2448)
	at edu.cmu.pact.BehaviorRecorder.Controller.BR_Controller.createStartState(BR_Controller.java:2397)
	at edu.cmu.pact.ctat.model.CtatModeModel.changeAuthorModeOk(CtatModeModel.java:349)
	at edu.cmu.pact.ctat.model.CtatModeModel.setAuthorMode(CtatModeModel.java:215)
	at edu.cmu.pact.BehaviorRecorder.Controller.PseudoTutorMessageHandlerTest.setUp(PseudoTutorMessageHandlerTest.java:696)
	at junit.framework.TestCase.runBare(TestCase.java:125)
	at junit.framework.TestResult$1.protect(TestResult.java:106)
	at junit.framework.TestResult.runProtected(TestResult.java:124)
	at junit.framework.TestResult.run(TestResult.java:109)
	at junit.framework.TestCase.run(TestCase.java:118)
	at junit.framework.TestSuite.runTest(TestSuite.java:208)
	at junit.framework.TestSuite.run(TestSuite.java:203)
	at org.apache.tools.ant.taskdefs.optional.junit.JUnitTestRunner.run(JUnitTestRunner.java:535)
	at org.apache.tools.ant.taskdefs.optional.junit.JUnitTestRunner.launch(JUnitTestRunner.java:1182)
	at org.apache.tools.ant.taskdefs.optional.junit.JUnitTestRunner.main(JUnitTestRunner.java:1033)
edu.cmu.pact.BehaviorRecorder.ProblemModel.ProblemModelException: The problem name: "" is empty or has unallowed characters.
	at edu.cmu.pact.BehaviorRecorder.Controller.BR_Controller.createStartStateInternal(BR_Controller.java:2448)
	at edu.cmu.pact.BehaviorRecorder.Controller.BR_Controller.createStartState(BR_Controller.java:2397)
	at edu.cmu.pact.ctat.model.CtatModeModel.changeAuthorModeOk(CtatModeModel.java:349)
	at edu.cmu.pact.ctat.model.CtatModeModel.setAuthorMode(CtatModeModel.java:215)
	at edu.cmu.pact.BehaviorRecorder.Controller.PseudoTutorMessageHandlerTest.setUp(PseudoTutorMessageHandlerTest.java:696)
	at junit.framework.TestCase.runBare(TestCase.java:125)
	at junit.framework.TestResult$1.protect(TestResult.java:106)
	at junit.framework.TestResult.runProtected(TestResult.java:124)
	at junit.framework.TestResult.run(TestResult.java:109)
	at junit.framework.TestCase.run(TestCase.java:118)
	at junit.framework.TestSuite.runTest(TestSuite.java:208)
	at junit.framework.TestSuite.run(TestSuite.java:203)
	at org.apache.tools.ant.taskdefs.optional.junit.JUnitTestRunner.run(JUnitTestRunner.java:535)
	at org.apache.tools.ant.taskdefs.optional.junit.JUnitTestRunner.launch(JUnitTestRunner.java:1182)
	at org.apache.tools.ant.taskdefs.optional.junit.JUnitTestRunner.main(JUnitTestRunner.java:1033)
edu.cmu.pact.BehaviorRecorder.ProblemModel.ProblemModelException: The problem name: "" is empty or has unallowed characters.
	at edu.cmu.pact.BehaviorRecorder.Controller.BR_Controller.createStartStateInternal(BR_Controller.java:2448)
	at edu.cmu.pact.BehaviorRecorder.Controller.BR_Controller.createStartState(BR_Controller.java:2397)
	at edu.cmu.pact.ctat.model.CtatModeModel.changeAuthorModeOk(CtatModeModel.java:349)
	at edu.cmu.pact.ctat.model.CtatModeModel.setAuthorMode(CtatModeModel.java:215)
	at edu.cmu.pact.BehaviorRecorder.Controller.PseudoTutorMessageHandlerTest.setUp(PseudoTutorMessageHandlerTest.java:696)
	at junit.framework.TestCase.runBare(TestCase.java:125)
	at junit.framework.TestResult$1.protect(TestResult.java:106)
	at junit.framework.TestResult.runProtected(TestResult.java:124)
	at junit.framework.TestResult.run(TestResult.java:109)
	at junit.framework.TestCase.run(TestCase.java:118)
	at junit.framework.TestSuite.runTest(TestSuite.java:208)
	at junit.framework.TestSuite.run(TestSuite.java:203)
	at org.apache.tools.ant.taskdefs.optional.junit.JUnitTestRunner.run(JUnitTestRunner.java:535)
	at org.apache.tools.ant.taskdefs.optional.junit.JUnitTestRunner.launch(JUnitTestRunner.java:1182)
	at org.apache.tools.ant.taskdefs.optional.junit.JUnitTestRunner.main(JUnitTestRunner.java:1033)
edu.cmu.pact.BehaviorRecorder.ProblemModel.ProblemModelException: The problem name: "" is empty or has unallowed characters.
	at edu.cmu.pact.BehaviorRecorder.Controller.BR_Controller.createStartStateInternal(BR_Controller.java:2448)
	at edu.cmu.pact.BehaviorRecorder.Controller.BR_Controller.createStartState(BR_Controller.java:2397)
	at edu.cmu.pact.ctat.model.CtatModeModel.changeAuthorModeOk(CtatModeModel.java:349)
	at edu.cmu.pact.ctat.model.CtatModeModel.setAuthorMode(CtatModeModel.java:215)
	at edu.cmu.pact.BehaviorRecorder.Controller.PseudoTutorMessageHandlerTest.setUp(PseudoTutorMessageHandlerTest.java:696)
	at junit.framework.TestCase.runBare(TestCase.java:125)
	at junit.framework.TestResult$1.protect(TestResult.java:106)
	at junit.framework.TestResult.runProtected(TestResult.java:124)
	at junit.framework.TestResult.run(TestResult.java:109)
	at junit.framework.TestCase.run(TestCase.java:118)
	at junit.framework.TestSuite.runTest(TestSuite.java:208)
	at junit.framework.TestSuite.run(TestSuite.java:203)
	at org.apache.tools.ant.taskdefs.optional.junit.JUnitTestRunner.run(JUnitTestRunner.java:535)
	at org.apache.tools.ant.taskdefs.optional.junit.JUnitTestRunner.launch(JUnitTestRunner.java:1182)
	at org.apache.tools.ant.taskdefs.optional.junit.JUnitTestRunner.main(JUnitTestRunner.java:1033)
edu.cmu.pact.BehaviorRecorder.ProblemModel.ProblemModelException: The problem name: "" is empty or has unallowed characters.
	at edu.cmu.pact.BehaviorRecorder.Controller.BR_Controller.createStartStateInternal(BR_Controller.java:2448)
	at edu.cmu.pact.BehaviorRecorder.Controller.BR_Controller.createStartState(BR_Controller.java:2397)
	at edu.cmu.pact.ctat.model.CtatModeModel.changeAuthorModeOk(CtatModeModel.java:349)
	at edu.cmu.pact.ctat.model.CtatModeModel.setAuthorMode(CtatModeModel.java:215)
	at edu.cmu.pact.BehaviorRecorder.Controller.PseudoTutorMessageHandlerTest.setUp(PseudoTutorMessageHandlerTest.java:696)
	at junit.framework.TestCase.runBare(TestCase.java:125)
	at junit.framework.TestResult$1.protect(TestResult.java:106)
	at junit.framework.TestResult.runProtected(TestResult.java:124)
	at junit.framework.TestResult.run(TestResult.java:109)
	at junit.framework.TestCase.run(TestCase.java:118)
	at junit.framework.TestSuite.runTest(TestSuite.java:208)
	at junit.framework.TestSuite.run(TestSuite.java:203)
	at org.apache.tools.ant.taskdefs.optional.junit.JUnitTestRunner.run(JUnitTestRunner.java:535)
	at org.apache.tools.ant.taskdefs.optional.junit.JUnitTestRunner.launch(JUnitTestRunner.java:1182)
	at org.apache.tools.ant.taskdefs.optional.junit.JUnitTestRunner.main(JUnitTestRunner.java:1033)
edu.cmu.pact.BehaviorRecorder.ProblemModel.ProblemModelException: The problem name: "" is empty or has unallowed characters.
	at edu.cmu.pact.BehaviorRecorder.Controller.BR_Controller.createStartStateInternal(BR_Controller.java:2448)
	at edu.cmu.pact.BehaviorRecorder.Controller.BR_Controller.createStartState(BR_Controller.java:2397)
	at edu.cmu.pact.ctat.model.CtatModeModel.changeAuthorModeOk(CtatModeModel.java:349)
	at edu.cmu.pact.ctat.model.CtatModeModel.setAuthorMode(CtatModeModel.java:215)
	at edu.cmu.pact.BehaviorRecorder.Controller.PseudoTutorMessageHandlerTest.setUp(PseudoTutorMessageHandlerTest.java:696)
	at junit.framework.TestCase.runBare(TestCase.java:125)
	at junit.framework.TestResult$1.protect(TestResult.java:106)
	at junit.framework.TestResult.runProtected(TestResult.java:124)
	at junit.framework.TestResult.run(TestResult.java:109)
	at junit.framework.TestCase.run(TestCase.java:118)
	at junit.framework.TestSuite.runTest(TestSuite.java:208)
	at junit.framework.TestSuite.run(TestSuite.java:203)
	at org.apache.tools.ant.taskdefs.optional.junit.JUnitTestRunner.run(JUnitTestRunner.java:535)
	at org.apache.tools.ant.taskdefs.optional.junit.JUnitTestRunner.launch(JUnitTestRunner.java:1182)
	at org.apache.tools.ant.taskdefs.optional.junit.JUnitTestRunner.main(JUnitTestRunner.java:1033)
Exception on executing: [Ljava.lang.String;@25d87313
java.io.IOException: Cannot run program "nodejs": error=2, No such file or directory
	at java.lang.ProcessBuilder.start(ProcessBuilder.java:1048)
	at java.lang.Runtime.exec(Runtime.java:620)
	at java.lang.Runtime.exec(Runtime.java:485)
	at edu.cmu.pact.Utilities.ProcessRunner.exec(ProcessRunner.java:236)
	at edu.cmu.pact.BehaviorRecorder.Controller.JSExampleTracer.&lt;init&gt;(JSExampleTracer.java:71)
	at edu.cmu.pact.BehaviorRecorder.Controller.JSExampleTracerTest.setUp(JSExampleTracerTest.java:126)
	at junit.framework.TestCase.runBare(TestCase.java:125)
	at junit.framework.TestResult$1.protect(TestResult.java:106)
	at junit.framework.TestResult.runProtected(TestResult.java:124)
	at junit.framework.TestResult.run(TestResult.java:109)
	at junit.framework.TestCase.run(TestCase.java:118)
	at junit.framework.TestSuite.runTest(TestSuite.java:208)
	at junit.framework.TestSuite.run(TestSuite.java:203)
	at org.apache.tools.ant.taskdefs.optional.junit.JUnitTestRunner.run(JUnitTestRunner.java:535)
	at org.apache.tools.ant.taskdefs.optional.junit.JUnitTestRunner.launch(JUnitTestRunner.java:1182)
	at org.apache.tools.ant.taskdefs.optional.junit.JUnitTestRunner.main(JUnitTestRunner.java:1033)
Caused by: java.io.IOException: error=2, No such file or directory
	at java.lang.UNIXProcess.forkAndExec(Native Method)
	at java.lang.UNIXProcess.&lt;init&gt;(UNIXProcess.java:248)
	at java.lang.ProcessImpl.start(ProcessImpl.java:134)
	at java.lang.ProcessBuilder.start(ProcessBuilder.java:1029)
	... 15 more
[12:15:29] +err+ 605: Error on UTP.init(null): java.security.InvalidParameterException: Controller cannot be null.; cause null &lt;edu.cmu.pact.BehaviorRecorder.Controller.PseudoTutorMessageHandlerTest$SinkToolProxy:91&gt;main
[12:15:29] +err+ 606: Error on response[-1]: java.net.ConnectException: Connection refused; cause null;
  request was &lt;message&gt;&lt;verb&gt;SendNoteProperty&lt;/verb&gt;&lt;properties&gt;&lt;MessageType&gt;SetPreferences&lt;/MessageType&gt;&lt;question_file&gt;http://localhost:8888//Users/simstudent/Desktop/SimStudentGithub/SimStudent-master/APLUS/java/test/edu/cmu/pact/BehaviorRecorder/Controller/1416flash.brd&lt;/question_file&gt;&lt;problem_name&gt;/Users/simstudent/Desktop/SimStudentGithub/SimStudent-master/APLUS/java/test/edu/cmu/pact/BehaviorRecorder/Controller/1416flash.brd&lt;/problem_name&gt;&lt;/properties&gt;&lt;/message&gt; &lt;edu.cmu.pact.BehaviorRecorder.Controller.JSExampleTracer:116&gt;main
java.net.ConnectException: Connection refused
	at java.net.PlainSocketImpl.socketConnect(Native Method)
	at java.net.AbstractPlainSocketImpl.doConnect(AbstractPlainSocketImpl.java:345)
	at java.net.AbstractPlainSocketImpl.connectToAddress(AbstractPlainSocketImpl.java:206)
	at java.net.AbstractPlainSocketImpl.connect(AbstractPlainSocketImpl.java:188)
	at java.net.SocksSocketImpl.connect(SocksSocketImpl.java:392)
	at java.net.Socket.connect(Socket.java:589)
	at java.net.Socket.connect(Socket.java:538)
	at sun.net.NetworkClient.doConnect(NetworkClient.java:180)
	at sun.net.www.http.HttpClient.openServer(HttpClient.java:432)
	at sun.net.www.http.HttpClient.openServer(HttpClient.java:527)
	at sun.net.www.http.HttpClient.&lt;init&gt;(HttpClient.java:211)
	at sun.net.www.http.HttpClient.New(HttpClient.java:308)
	at sun.net.www.http.HttpClient.New(HttpClient.java:326)
	at sun.net.www.protocol.http.HttpURLConnection.getNewHttpClient(HttpURLConnection.java:1168)
	at sun.net.www.protocol.http.HttpURLConnection.plainConnect0(HttpURLConnection.java:1104)
	at sun.net.www.protocol.http.HttpURLConnection.plainConnect(HttpURLConnection.java:998)
	at sun.net.www.protocol.http.HttpURLConnection.connect(HttpURLConnection.java:932)
	at sun.net.www.protocol.http.HttpURLConnection.getOutputStream0(HttpURLConnection.java:1282)
	at sun.net.www.protocol.http.HttpURLConnection.getOutputStream(HttpURLConnection.java:1257)
	at edu.cmu.hcii.utilities.HttpToolEmulator.sendAndWait(HttpToolEmulator.java:90)
	at edu.cmu.pact.BehaviorRecorder.Controller.JSExampleTracer.getExampleTracerResponses(JSExampleTracer.java:99)
	at edu.cmu.pact.BehaviorRecorder.Controller.JSExampleTracer.openBRD(JSExampleTracer.java:133)
	at edu.cmu.pact.BehaviorRecorder.Controller.JSExampleTracerTest.openBRD(JSExampleTracerTest.java:145)
	at edu.cmu.pact.BehaviorRecorder.Controller.PseudoTutorMessageHandlerTest.testAddFractions14plus16OneIncorrect(PseudoTutorMessageHandlerTest.java:978)
	at sun.reflect.NativeMethodAccessorImpl.invoke0(Native Method)
	at sun.reflect.NativeMethodAccessorImpl.invoke(NativeMethodAccessorImpl.java:62)
	at sun.reflect.DelegatingMethodAccessorImpl.invoke(DelegatingMethodAccessorImpl.java:43)
	at java.lang.reflect.Method.invoke(Method.java:497)
	at junit.framework.TestCase.runTest(TestCase.java:154)
	at junit.framework.TestCase.runBare(TestCase.java:127)
	at junit.framework.TestResult$1.protect(TestResult.java:106)
	at junit.framework.TestResult.runProtected(TestResult.java:124)
	at junit.framework.TestResult.run(TestResult.java:109)
	at junit.framework.TestCase.run(TestCase.java:118)
	at junit.framework.TestSuite.runTest(TestSuite.java:208)
	at junit.framework.TestSuite.run(TestSuite.java:203)
	at org.apache.tools.ant.taskdefs.optional.junit.JUnitTestRunner.run(JUnitTestRunner.java:535)
	at org.apache.tools.ant.taskdefs.optional.junit.JUnitTestRunner.launch(JUnitTestRunner.java:1182)
	at org.apache.tools.ant.taskdefs.optional.junit.JUnitTestRunner.main(JUnitTestRunner.java:1033)
edu.cmu.pact.BehaviorRecorder.ProblemModel.ProblemModelException: The problem name: "" is empty or has unallowed characters.
	at edu.cmu.pact.BehaviorRecorder.Controller.BR_Controller.createStartStateInternal(BR_Controller.java:2448)
	at edu.cmu.pact.BehaviorRecorder.Controller.BR_Controller.createStartState(BR_Controller.java:2397)
	at edu.cmu.pact.ctat.model.CtatModeModel.changeAuthorModeOk(CtatModeModel.java:349)
	at edu.cmu.pact.ctat.model.CtatModeModel.setAuthorMode(CtatModeModel.java:215)
	at edu.cmu.pact.BehaviorRecorder.Controller.PseudoTutorMessageHandlerTest.setUp(PseudoTutorMessageHandlerTest.java:696)
	at junit.framework.TestCase.runBare(TestCase.java:125)
	at junit.framework.TestResult$1.protect(TestResult.java:106)
	at junit.framework.TestResult.runProtected(TestResult.java:124)
	at junit.framework.TestResult.run(TestResult.java:109)
	at junit.framework.TestCase.run(TestCase.java:118)
	at junit.framework.TestSuite.runTest(TestSuite.java:208)
	at junit.framework.TestSuite.run(TestSuite.java:203)
	at org.apache.tools.ant.taskdefs.optional.junit.JUnitTestRunner.run(JUnitTestRunner.java:535)
	at org.apache.tools.ant.taskdefs.optional.junit.JUnitTestRunner.launch(JUnitTestRunner.java:1182)
	at org.apache.tools.ant.taskdefs.optional.junit.JUnitTestRunner.main(JUnitTestRunner.java:1033)
[12:15:34] +err+ 2160: MT.loadInterfaceTemplates(): interfaceTemplatesList is null &lt;edu.cmu.pact.jess.MTRete:1258&gt;main
[12:15:35] +err+ 2167: bad pKnown: java.lang.NumberFormatException: For input string: "c,_negative Solver" &lt;edu.cmu.pact.ctat.model.Skill:519&gt;main
[12:15:35] +err+ 2170: bad pKnown: java.lang.NumberFormatException: For input string: "c,_negative Solver" &lt;edu.cmu.pact.ctat.model.Skill:519&gt;main
[12:15:35] +err+ 2173: bad pKnown: java.lang.NumberFormatException: For input string: "c,_negative Solver" &lt;edu.cmu.pact.ctat.model.Skill:519&gt;main
[12:15:35] +err+ 2176: bad pKnown: java.lang.NumberFormatException: For input string: "c,_negative Solver" &lt;edu.cmu.pact.ctat.model.Skill:519&gt;main
deserializing from buffer CTATFunctionsParser.ser
Parser construction took 2 millis
java.net.BindException: Address already in use
	at java.net.PlainSocketImpl.socketBind(Native Method)
	at java.net.AbstractPlainSocketImpl.bind(AbstractPlainSocketImpl.java:382)
	at java.net.ServerSocket.bind(ServerSocket.java:375)
	at java.net.ServerSocket.bind(ServerSocket.java:329)
	at edu.cmu.pact.TutoringService.Monitor.run(Monitor.java:156)
edu.cmu.pact.BehaviorRecorder.ProblemModel.ProblemModelException: The problem name: "" is empty or has unallowed characters.
	at edu.cmu.pact.BehaviorRecorder.Controller.BR_Controller.createStartStateInternal(BR_Controller.java:2448)
	at edu.cmu.pact.BehaviorRecorder.Controller.BR_Controller.createStartState(BR_Controller.java:2397)
	at edu.cmu.pact.ctat.model.CtatModeModel.changeAuthorModeOk(CtatModeModel.java:349)
	at edu.cmu.pact.ctat.model.CtatModeModel.setAuthorMode(CtatModeModel.java:215)
	at edu.cmu.pact.BehaviorRecorder.Controller.PseudoTutorMessageHandlerTest.setUp(PseudoTutorMessageHandlerTest.java:696)
	at junit.framework.TestCase.runBare(TestCase.java:125)
	at junit.framework.TestResult$1.protect(TestResult.java:106)
	at junit.framework.TestResult.runProtected(TestResult.java:124)
	at junit.framework.TestResult.run(TestResult.java:109)
	at junit.framework.TestCase.run(TestCase.java:118)
	at junit.framework.TestSuite.runTest(TestSuite.java:208)
	at junit.framework.TestSuite.run(TestSuite.java:203)
	at org.apache.tools.ant.taskdefs.optional.junit.JUnitTestRunner.run(JUnitTestRunner.java:535)
	at org.apache.tools.ant.taskdefs.optional.junit.JUnitTestRunner.launch(JUnitTestRunner.java:1182)
	at org.apache.tools.ant.taskdefs.optional.junit.JUnitTestRunner.main(JUnitTestRunner.java:1033)
deserializing from buffer CTATFunctionsParser.ser
Parser construction took 1 millis
deserializing from buffer CTATFunctionsParser.ser
Parser construction took 1 millis
Exception in thread "Thread-28" java.lang.NullPointerException
	at net.infonode.properties.propertymap.PropertyMapManager.addMapChanges(Unknown Source)
	at net.infonode.properties.propertymap.PropertyMapImpl$1.signalEmitted(Unknown Source)
	at net.infonode.util.signal.Signal.emit(Unknown Source)
	at net.infonode.util.collection.notifymap.AbstractConstChangeNotifyMap.fireEntriesChanged(Unknown Source)
	at net.infonode.properties.propertymap.PropertyMapImpl$PropertyObjectMap.fireEntriesChanged(Unknown Source)
	at net.infonode.properties.propertymap.PropertyMapImpl$PropertyObjectMap.signalEmitted(Unknown Source)
	at net.infonode.util.signal.Signal.emit(Unknown Source)
	at net.infonode.util.collection.notifymap.AbstractConstChangeNotifyMap.fireEntriesChanged(Unknown Source)
	at net.infonode.util.collection.notifymap.ConstChangeNotifyVectorMap.addMap(Unknown Source)
	at net.infonode.properties.propertymap.PropertyMapImpl.addSuperMap(Unknown Source)
	at net.infonode.properties.propertymap.PropertyMapImpl.addSuperMap(Unknown Source)
	at net.infonode.tabbedpanel.TabbedPanelProperties.addSuperObject(Unknown Source)
	at net.infonode.docking.AbstractTabWindow.setTabWindowProperties(Unknown Source)
	at net.infonode.docking.WindowBar.&lt;init&gt;(Unknown Source)
	at net.infonode.docking.RootWindow.createWindowBars(Unknown Source)
	at net.infonode.docking.RootWindow.&lt;init&gt;(Unknown Source)
	at net.infonode.docking.RootWindow.&lt;init&gt;(Unknown Source)
	at net.infonode.docking.util.DockingUtil.createRootWindow(Unknown Source)
	at net.infonode.docking.util.DockingUtil.createRootWindow(Unknown Source)
	at net.infonode.docking.util.DockingUtil.createRootWindow(Unknown Source)
	at edu.cmu.pact.ctatview.DockManager.dockWindows(DockManager.java:385)
	at edu.cmu.pact.ctatview.DockManager.dockWindowsNow(DockManager.java:841)
	at edu.cmu.pact.ctatview.CtatFrameController.dockWindowsNow(CtatFrameController.java:41)
	at edu.cmu.pact.BehaviorRecorder.Controller.CTAT_Launcher.dockWindowsNow(CTAT_Launcher.java:333)
	at edu.cmu.pact.BehaviorRecorder.Controller.CTAT_Launcher.&lt;init&gt;(CTAT_Launcher.java:146)
	at edu.cmu.pact.BehaviorRecorder.Controller.CTAT_Launcher.&lt;init&gt;(CTAT_Launcher.java:88)
	at edu.cmu.pact.BehaviorRecorder.Controller.ServerTest$1.run(ServerTest.java:28)
	at java.lang.Thread.run(Thread.java:745)
java.lang.NullPointerException
	at net.infonode.properties.propertymap.PropertyMapManager.addMapChanges(Unknown Source)
	at net.infonode.properties.propertymap.PropertyMapImpl$1.signalEmitted(Unknown Source)
	at net.infonode.util.signal.Signal.emit(Unknown Source)
	at net.infonode.util.collection.notifymap.AbstractConstChangeNotifyMap.fireEntriesChanged(Unknown Source)
	at net.infonode.properties.propertymap.PropertyMapImpl$PropertyObjectMap.fireEntriesChanged(Unknown Source)
	at net.infonode.properties.propertymap.PropertyMapImpl.firePropertyValueChanged(Unknown Source)
	at net.infonode.properties.propertymap.value.PropertyRefValue.signalEmitted(Unknown Source)
	at net.infonode.util.signal.Signal.emit(Unknown Source)
	at net.infonode.util.collection.notifymap.AbstractConstChangeNotifyMap.fireEntriesChanged(Unknown Source)
	at net.infonode.properties.propertymap.PropertyMapImpl$PropertyObjectMap.fireEntriesChanged(Unknown Source)
	at net.infonode.properties.propertymap.PropertyMapImpl$PropertyObjectMap.signalEmitted(Unknown Source)
	at net.infonode.util.signal.Signal.emit(Unknown Source)
	at net.infonode.util.collection.notifymap.AbstractConstChangeNotifyMap.fireEntriesChanged(Unknown Source)
	at net.infonode.util.collection.notifymap.ConstChangeNotifyVectorMap$1.signalEmitted(Unknown Source)
	at net.infonode.util.signal.Signal.emit(Unknown Source)
	at net.infonode.util.collection.notifymap.AbstractConstChangeNotifyMap.fireEntriesChanged(Unknown Source)
	at net.infonode.properties.propertymap.PropertyMapImpl$PropertyObjectMap.fireEntriesChanged(Unknown Source)
	at net.infonode.properties.propertymap.PropertyMapImpl.firePropertyValueChanged(Unknown Source)
	at net.infonode.properties.propertymap.PropertyMapImpl.setValue(Unknown Source)
	at net.infonode.properties.propertymap.PropertyMapValueHandler.setValue(Unknown Source)
	at net.infonode.properties.util.ValueHandlerProperty.setValue(Unknown Source)
	at net.infonode.properties.types.BorderProperty.set(Unknown Source)
	at net.infonode.properties.gui.util.ComponentProperties.setBorder(Unknown Source)
	at net.infonode.tabbedpanel.titledtab.TitledTabProperties$2.run(Unknown Source)
	at net.infonode.properties.propertymap.PropertyMapManager.runBatch(Unknown Source)
	at net.infonode.tabbedpanel.titledtab.TitledTabProperties.updateVisualProperties(Unknown Source)
	at net.infonode.tabbedpanel.titledtab.TitledTabProperties.access$000(Unknown Source)
	at net.infonode.tabbedpanel.titledtab.TitledTabProperties$1.lookAndFeelChanged(Unknown Source)
	at net.infonode.gui.DynamicUIManager.fireLookAndFeelChanged(Unknown Source)
	at net.infonode.gui.DynamicUIManager.access$300(Unknown Source)
	at net.infonode.gui.DynamicUIManager$2.propertyChange(Unknown Source)
	at java.beans.PropertyChangeSupport.fire(PropertyChangeSupport.java:335)
	at java.beans.PropertyChangeSupport.firePropertyChange(PropertyChangeSupport.java:327)
	at javax.swing.event.SwingPropertyChangeSupport.firePropertyChange(SwingPropertyChangeSupport.java:92)
	at java.beans.PropertyChangeSupport.firePropertyChange(PropertyChangeSupport.java:263)
	at javax.swing.UIManager.setLookAndFeel(UIManager.java:548)
	at javax.swing.UIManager.setLookAndFeel(UIManager.java:583)
	at edu.cmu.pact.BehaviorRecorder.Controller.SingleSessionLauncher.installNativeLookAndFeel(SingleSessionLauncher.java:374)
	at edu.cmu.pact.BehaviorRecorder.Controller.SingleSessionLauncher.&lt;init&gt;(SingleSessionLauncher.java:246)
	at edu.cmu.pact.BehaviorRecorder.Controller.SingleSessionLauncher.&lt;init&gt;(SingleSessionLauncher.java:187)
	at edu.cmu.pact.BehaviorRecorder.Controller.CTAT_Launcher.&lt;init&gt;(CTAT_Launcher.java:129)
	at edu.cmu.pact.BehaviorRecorder.Controller.CTAT_Launcher.&lt;init&gt;(CTAT_Launcher.java:88)
	at edu.cmu.pact.ctat.model.CtatModeModelTest.testCtatModeModel(CtatModeModelTest.java:74)
	at sun.reflect.NativeMethodAccessorImpl.invoke0(Native Method)
	at sun.reflect.NativeMethodAccessorImpl.invoke(NativeMethodAccessorImpl.java:62)
	at sun.reflect.DelegatingMethodAccessorImpl.invoke(DelegatingMethodAccessorImpl.java:43)
	at java.lang.reflect.Method.invoke(Method.java:497)
	at junit.framework.TestCase.runTest(TestCase.java:154)
	at junit.framework.TestCase.runBare(TestCase.java:127)
	at junit.framework.TestResult$1.protect(TestResult.java:106)
	at junit.framework.TestResult.runProtected(TestResult.java:124)
	at junit.framework.TestResult.run(TestResult.java:109)
	at junit.framework.TestCase.run(TestCase.java:118)
	at junit.framework.TestSuite.runTest(TestSuite.java:208)
	at junit.framework.TestSuite.run(TestSuite.java:203)
	at org.apache.tools.ant.taskdefs.optional.junit.JUnitTestRunner.run(JUnitTestRunner.java:535)
	at org.apache.tools.ant.taskdefs.optional.junit.JUnitTestRunner.launch(JUnitTestRunner.java:1182)
	at org.apache.tools.ant.taskdefs.optional.junit.JUnitTestRunner.main(JUnitTestRunner.java:1033)
deserializing from buffer CTATFunctionsParser.ser
Parser construction took 1 millis
edu.cmu.pact.BehaviorRecorder.ProblemModel.ProblemModelException: The problem name: "" is empty or has unallowed characters.
	at edu.cmu.pact.BehaviorRecorder.Controller.BR_Controller.createStartStateInternal(BR_Controller.java:2448)
	at edu.cmu.pact.BehaviorRecorder.Controller.BR_Controller.createStartState(BR_Controller.java:2397)
	at edu.cmu.pact.ctat.model.CtatModeModel.changeAuthorModeOk(CtatModeModel.java:349)
	at edu.cmu.pact.ctat.model.CtatModeModel.setAuthorMode(CtatModeModel.java:215)
	at edu.cmu.pact.BehaviorRecorder.Controller.PseudoTutorMessageHandlerTest.setUp(PseudoTutorMessageHandlerTest.java:696)
	at junit.framework.TestCase.runBare(TestCase.java:125)
	at junit.framework.TestResult$1.protect(TestResult.java:106)
	at junit.framework.TestResult.runProtected(TestResult.java:124)
	at junit.framework.TestResult.run(TestResult.java:109)
	at junit.framework.TestCase.run(TestCase.java:118)
	at junit.framework.TestSuite.runTest(TestSuite.java:208)
	at junit.framework.TestSuite.run(TestSuite.java:203)
	at org.apache.tools.ant.taskdefs.optional.junit.JUnitTestRunner.run(JUnitTestRunner.java:535)
	at org.apache.tools.ant.taskdefs.optional.junit.JUnitTestRunner.launch(JUnitTestRunner.java:1182)
	at org.apache.tools.ant.taskdefs.optional.junit.JUnitTestRunner.main(JUnitTestRunner.java:1033)
java.lang.NullPointerException
	at net.infonode.properties.propertymap.PropertyMapManager.addMapChanges(Unknown Source)
	at net.infonode.properties.propertymap.PropertyMapImpl$1.signalEmitted(Unknown Source)
	at net.infonode.util.signal.Signal.emit(Unknown Source)
	at net.infonode.util.collection.notifymap.AbstractConstChangeNotifyMap.fireEntriesChanged(Unknown Source)
	at net.infonode.properties.propertymap.PropertyMapImpl$PropertyObjectMap.fireEntriesChanged(Unknown Source)
	at net.infonode.properties.propertymap.PropertyMapImpl.firePropertyValueChanged(Unknown Source)
	at net.infonode.properties.propertymap.value.PropertyRefValue.signalEmitted(Unknown Source)
	at net.infonode.util.signal.Signal.emit(Unknown Source)
	at net.infonode.util.collection.notifymap.AbstractConstChangeNotifyMap.fireEntriesChanged(Unknown Source)
	at net.infonode.properties.propertymap.PropertyMapImpl$PropertyObjectMap.fireEntriesChanged(Unknown Source)
	at net.infonode.properties.propertymap.PropertyMapImpl$PropertyObjectMap.signalEmitted(Unknown Source)
	at net.infonode.util.signal.Signal.emit(Unknown Source)
	at net.infonode.util.collection.notifymap.AbstractConstChangeNotifyMap.fireEntriesChanged(Unknown Source)
	at net.infonode.util.collection.notifymap.ConstChangeNotifyVectorMap$1.signalEmitted(Unknown Source)
	at net.infonode.util.signal.Signal.emit(Unknown Source)
	at net.infonode.util.collection.notifymap.AbstractConstChangeNotifyMap.fireEntriesChanged(Unknown Source)
	at net.infonode.properties.propertymap.PropertyMapImpl$PropertyObjectMap.fireEntriesChanged(Unknown Source)
	at net.infonode.properties.propertymap.PropertyMapImpl.firePropertyValueChanged(Unknown Source)
	at net.infonode.properties.propertymap.PropertyMapImpl.setValue(Unknown Source)
	at net.infonode.properties.propertymap.PropertyMapValueHandler.setValue(Unknown Source)
	at net.infonode.properties.util.ValueHandlerProperty.setValue(Unknown Source)
	at net.infonode.properties.types.BorderProperty.set(Unknown Source)
	at net.infonode.properties.gui.util.ComponentProperties.setBorder(Unknown Source)
	at net.infonode.tabbedpanel.titledtab.TitledTabProperties$2.run(Unknown Source)
	at net.infonode.properties.propertymap.PropertyMapManager.runBatch(Unknown Source)
	at net.infonode.tabbedpanel.titledtab.TitledTabProperties.updateVisualProperties(Unknown Source)
	at net.infonode.tabbedpanel.titledtab.TitledTabProperties.access$000(Unknown Source)
	at net.infonode.tabbedpanel.titledtab.TitledTabProperties$1.lookAndFeelChanged(Unknown Source)
	at net.infonode.gui.DynamicUIManager.fireLookAndFeelChanged(Unknown Source)
	at net.infonode.gui.DynamicUIManager.access$300(Unknown Source)
	at net.infonode.gui.DynamicUIManager$2.propertyChange(Unknown Source)
	at java.beans.PropertyChangeSupport.fire(PropertyChangeSupport.java:335)
	at java.beans.PropertyChangeSupport.firePropertyChange(PropertyChangeSupport.java:327)
	at javax.swing.event.SwingPropertyChangeSupport.firePropertyChange(SwingPropertyChangeSupport.java:92)
	at java.beans.PropertyChangeSupport.firePropertyChange(PropertyChangeSupport.java:263)
	at javax.swing.UIManager.setLookAndFeel(UIManager.java:548)
	at javax.swing.UIManager.setLookAndFeel(UIManager.java:583)
	at edu.cmu.pact.BehaviorRecorder.Controller.SingleSessionLauncher.installNativeLookAndFeel(SingleSessionLauncher.java:374)
	at edu.cmu.pact.BehaviorRecorder.Controller.SingleSessionLauncher.&lt;init&gt;(SingleSessionLauncher.java:246)
	at edu.cmu.pact.BehaviorRecorder.Controller.SingleSessionLauncher.&lt;init&gt;(SingleSessionLauncher.java:187)
	at edu.cmu.pact.BehaviorRecorder.Controller.CTAT_Launcher.&lt;init&gt;(CTAT_Launcher.java:129)
	at edu.cmu.pact.BehaviorRecorder.Controller.CTAT_Launcher.&lt;init&gt;(CTAT_Launcher.java:88)
	at edu.cmu.pact.Log.AuthorActionLogTest.testDiskLogging(AuthorActionLogTest.java:285)
	at sun.reflect.NativeMethodAccessorImpl.invoke0(Native Method)
	at sun.reflect.NativeMethodAccessorImpl.invoke(NativeMethodAccessorImpl.java:62)
	at sun.reflect.DelegatingMethodAccessorImpl.invoke(DelegatingMethodAccessorImpl.java:43)
	at java.lang.reflect.Method.invoke(Method.java:497)
	at junit.framework.TestCase.runTest(TestCase.java:154)
	at junit.framework.TestCase.runBare(TestCase.java:127)
	at junit.framework.TestResult$1.protect(TestResult.java:106)
	at junit.framework.TestResult.runProtected(TestResult.java:124)
	at junit.framework.TestResult.run(TestResult.java:109)
	at junit.framework.TestCase.run(TestCase.java:118)
	at junit.framework.TestSuite.runTest(TestSuite.java:208)
	at junit.framework.TestSuite.run(TestSuite.java:203)
	at org.apache.tools.ant.taskdefs.optional.junit.JUnitTestRunner.run(JUnitTestRunner.java:535)
	at org.apache.tools.ant.taskdefs.optional.junit.JUnitTestRunner.launch(JUnitTestRunner.java:1182)
	at org.apache.tools.ant.taskdefs.optional.junit.JUnitTestRunner.main(JUnitTestRunner.java:1033)
deserializing from buffer CTATFunctionsParser.ser
Parser construction took 1 millis
deserializing from buffer CTATFunctionsParser.ser
Parser construction took 2 millis
java.lang.IllegalStateException: ERROR: Wrong symbol: EOF, state 23
1:	x +
 	   ^
Expected was (one of): `stringdef`, '-', `identifier`, `number`, '(', "true", "null", "false"

	at edu.cmu.pact.BehaviorRecorder.ProblemModel.Matcher.CTATFunctions.evaluate(CTATFunctions.java:1006)
	at edu.cmu.pact.BehaviorRecorder.ProblemModel.Matcher.ExpressionMatcher.evaluate(ExpressionMatcher.java:237)
	at edu.cmu.pact.BehaviorRecorder.ProblemModel.Matcher.ExpressionMatcher.testVector(ExpressionMatcher.java:270)
	at edu.cmu.pact.BehaviorRecorder.ProblemModel.Matcher.ExpressionMatcher.testInput(ExpressionMatcher.java:257)
	at edu.cmu.pact.BehaviorRecorder.ProblemModel.Matcher.ExpressionMatcher.match(ExpressionMatcher.java:402)
	at edu.cmu.pact.BehaviorRecorder.ProblemModel.Matcher.ExactMatcher.match(ExactMatcher.java:175)
	at edu.cmu.pact.BehaviorRecorder.ProblemModel.Matcher.MatcherTest.testExpressionSyntaxError(MatcherTest.java:307)
	at edu.cmu.pact.BehaviorRecorder.ProblemModel.Matcher.MatcherTest.testExpressionMatching(MatcherTest.java:413)
	at sun.reflect.NativeMethodAccessorImpl.invoke0(Native Method)
	at sun.reflect.NativeMethodAccessorImpl.invoke(NativeMethodAccessorImpl.java:62)
	at sun.reflect.DelegatingMethodAccessorImpl.invoke(DelegatingMethodAccessorImpl.java:43)
	at java.lang.reflect.Method.invoke(Method.java:497)
	at junit.framework.TestCase.runTest(TestCase.java:154)
	at junit.framework.TestCase.runBare(TestCase.java:127)
	at junit.framework.TestResult$1.protect(TestResult.java:106)
	at junit.framework.TestResult.runProtected(TestResult.java:124)
	at junit.framework.TestResult.run(TestResult.java:109)
	at junit.framework.TestCase.run(TestCase.java:118)
	at junit.framework.TestSuite.runTest(TestSuite.java:208)
	at junit.framework.TestSuite.run(TestSuite.java:203)
	at org.apache.tools.ant.taskdefs.optional.junit.JUnitTestRunner.run(JUnitTestRunner.java:535)
	at org.apache.tools.ant.taskdefs.optional.junit.JUnitTestRunner.launch(JUnitTestRunner.java:1182)
	at org.apache.tools.ant.taskdefs.optional.junit.JUnitTestRunner.main(JUnitTestRunner.java:1033)
deserializing from buffer CTATFunctionsParser.ser
Parser construction took 1 millis
deserializing from buffer CTATFunctionsParser.ser
Parser construction took 1 millis
deserializing from buffer CTATFunctionsParser.ser
Parser construction took 1 millis
java.lang.NullPointerException
	at net.infonode.properties.propertymap.PropertyMapManager.addMapChanges(Unknown Source)
	at net.infonode.properties.propertymap.PropertyMapImpl$1.signalEmitted(Unknown Source)
	at net.infonode.util.signal.Signal.emit(Unknown Source)
	at net.infonode.util.collection.notifymap.AbstractConstChangeNotifyMap.fireEntriesChanged(Unknown Source)
	at net.infonode.properties.propertymap.PropertyMapImpl$PropertyObjectMap.fireEntriesChanged(Unknown Source)
	at net.infonode.properties.propertymap.PropertyMapImpl.firePropertyValueChanged(Unknown Source)
	at net.infonode.properties.propertymap.value.PropertyRefValue.signalEmitted(Unknown Source)
	at net.infonode.util.signal.Signal.emit(Unknown Source)
	at net.infonode.util.collection.notifymap.AbstractConstChangeNotifyMap.fireEntriesChanged(Unknown Source)
	at net.infonode.properties.propertymap.PropertyMapImpl$PropertyObjectMap.fireEntriesChanged(Unknown Source)
	at net.infonode.properties.propertymap.PropertyMapImpl$PropertyObjectMap.signalEmitted(Unknown Source)
	at net.infonode.util.signal.Signal.emit(Unknown Source)
	at net.infonode.util.collection.notifymap.AbstractConstChangeNotifyMap.fireEntriesChanged(Unknown Source)
	at net.infonode.util.collection.notifymap.ConstChangeNotifyVectorMap$1.signalEmitted(Unknown Source)
	at net.infonode.util.signal.Signal.emit(Unknown Source)
	at net.infonode.util.collection.notifymap.AbstractConstChangeNotifyMap.fireEntriesChanged(Unknown Source)
	at net.infonode.properties.propertymap.PropertyMapImpl$PropertyObjectMap.fireEntriesChanged(Unknown Source)
	at net.infonode.properties.propertymap.PropertyMapImpl.firePropertyValueChanged(Unknown Source)
	at net.infonode.properties.propertymap.PropertyMapImpl.setValue(Unknown Source)
	at net.infonode.properties.propertymap.PropertyMapValueHandler.setValue(Unknown Source)
	at net.infonode.properties.util.ValueHandlerProperty.setValue(Unknown Source)
	at net.infonode.properties.types.BorderProperty.set(Unknown Source)
	at net.infonode.properties.gui.util.ComponentProperties.setBorder(Unknown Source)
	at net.infonode.tabbedpanel.titledtab.TitledTabProperties$2.run(Unknown Source)
	at net.infonode.properties.propertymap.PropertyMapManager.runBatch(Unknown Source)
	at net.infonode.tabbedpanel.titledtab.TitledTabProperties.updateVisualProperties(Unknown Source)
	at net.infonode.tabbedpanel.titledtab.TitledTabProperties.access$000(Unknown Source)
	at net.infonode.tabbedpanel.titledtab.TitledTabProperties$1.lookAndFeelChanged(Unknown Source)
	at net.infonode.gui.DynamicUIManager.fireLookAndFeelChanged(Unknown Source)
	at net.infonode.gui.DynamicUIManager.access$300(Unknown Source)
	at net.infonode.gui.DynamicUIManager$2.propertyChange(Unknown Source)
	at java.beans.PropertyChangeSupport.fire(PropertyChangeSupport.java:335)
	at java.beans.PropertyChangeSupport.firePropertyChange(PropertyChangeSupport.java:327)
	at javax.swing.event.SwingPropertyChangeSupport.firePropertyChange(SwingPropertyChangeSupport.java:92)
	at java.beans.PropertyChangeSupport.firePropertyChange(PropertyChangeSupport.java:263)
	at javax.swing.UIManager.setLookAndFeel(UIManager.java:548)
	at javax.swing.UIManager.setLookAndFeel(UIManager.java:583)
	at edu.cmu.pact.BehaviorRecorder.Controller.SingleSessionLauncher.installNativeLookAndFeel(SingleSessionLauncher.java:374)
	at edu.cmu.pact.BehaviorRecorder.Controller.SingleSessionLauncher.&lt;init&gt;(SingleSessionLauncher.java:246)
	at edu.cmu.pact.BehaviorRecorder.Controller.SingleSessionLauncher.&lt;init&gt;(SingleSessionLauncher.java:187)
	at edu.cmu.pact.BehaviorRecorder.Controller.CTAT_Launcher.&lt;init&gt;(CTAT_Launcher.java:129)
	at edu.cmu.pact.BehaviorRecorder.Controller.CTAT_Launcher.&lt;init&gt;(CTAT_Launcher.java:88)
	at edu.cmu.pact.BehaviorRecorder.ProblemModel.ProblemModelTest.testFindPath(ProblemModelTest.java:351)
	at sun.reflect.NativeMethodAccessorImpl.invoke0(Native Method)
	at sun.reflect.NativeMethodAccessorImpl.invoke(NativeMethodAccessorImpl.java:62)
	at sun.reflect.DelegatingMethodAccessorImpl.invoke(DelegatingMethodAccessorImpl.java:43)
	at java.lang.reflect.Method.invoke(Method.java:497)
	at junit.framework.TestCase.runTest(TestCase.java:154)
	at junit.framework.TestCase.runBare(TestCase.java:127)
	at junit.framework.TestResult$1.protect(TestResult.java:106)
	at junit.framework.TestResult.runProtected(TestResult.java:124)
	at junit.framework.TestResult.run(TestResult.java:109)
	at junit.framework.TestCase.run(TestCase.java:118)
	at junit.framework.TestSuite.runTest(TestSuite.java:208)
	at junit.framework.TestSuite.run(TestSuite.java:203)
	at org.apache.tools.ant.taskdefs.optional.junit.JUnitTestRunner.run(JUnitTestRunner.java:535)
	at org.apache.tools.ant.taskdefs.optional.junit.JUnitTestRunner.launch(JUnitTestRunner.java:1182)
	at org.apache.tools.ant.taskdefs.optional.junit.JUnitTestRunner.main(JUnitTestRunner.java:1033)
deserializing from buffer CTATFunctionsParser.ser
Parser construction took 1 millis
[12:16:02] +err+ 4197: Error loading java.util.ArrayList: class does not implement jess.Userfunction &lt;edu.cmu.pact.jess.FunctionPackage:71&gt;main
[12:16:02] +err+ 4198: Could not load class edu.cmu.pact.jess.SomeUnknownFunction: java.lang.ClassNotFoundException: edu.cmu.pact.jess.SomeUnknownFunction &lt;edu.cmu.pact.jess.FunctionPackage:44&gt;main
[12:16:03] +err+ 4227: Could not instantiate class cl.tutors.solver.ProblemCheckerTest:
  java.lang.InstantiationException: cl.tutors.solver.ProblemCheckerTest; cause: java.lang.NoSuchMethodException: cl.tutors.solver.ProblemCheckerTest.&lt;init&gt;() &lt;edu.GlobalTestSuiteManager:158&gt;main
java.lang.InstantiationException: cl.tutors.solver.ProblemCheckerTest
	at java.lang.Class.newInstance(Class.java:427)
	at edu.GlobalTestSuiteManager.getGlobalTestSuite(GlobalTestSuiteManager.java:150)
	at edu.GlobalTestSuiteTest.testGetTestSuite(GlobalTestSuiteTest.java:44)
	at sun.reflect.NativeMethodAccessorImpl.invoke0(Native Method)
	at sun.reflect.NativeMethodAccessorImpl.invoke(NativeMethodAccessorImpl.java:62)
	at sun.reflect.DelegatingMethodAccessorImpl.invoke(DelegatingMethodAccessorImpl.java:43)
	at java.lang.reflect.Method.invoke(Method.java:497)
	at junit.framework.TestCase.runTest(TestCase.java:154)
	at junit.framework.TestCase.runBare(TestCase.java:127)
	at junit.framework.TestResult$1.protect(TestResult.java:106)
	at junit.framework.TestResult.runProtected(TestResult.java:124)
	at junit.framework.TestResult.run(TestResult.java:109)
	at junit.framework.TestCase.run(TestCase.java:118)
	at junit.framework.TestSuite.runTest(TestSuite.java:208)
	at junit.framework.TestSuite.run(TestSuite.java:203)
	at org.apache.tools.ant.taskdefs.optional.junit.JUnitTestRunner.run(JUnitTestRunner.java:535)
	at org.apache.tools.ant.taskdefs.optional.junit.JUnitTestRunner.launch(JUnitTestRunner.java:1182)
	at org.apache.tools.ant.taskdefs.optional.junit.JUnitTestRunner.main(JUnitTestRunner.java:1033)
Caused by: java.lang.NoSuchMethodException: cl.tutors.solver.ProblemCheckerTest.&lt;init&gt;()
	at java.lang.Class.getConstructor0(Class.java:3082)
	at java.lang.Class.newInstance(Class.java:412)
	... 17 more
[12:16:03] +err+ 4228: Could not instantiate class edu.ProblemTypeTest:
  java.lang.InstantiationException: edu.ProblemTypeTest; cause: java.lang.NoSuchMethodException: edu.ProblemTypeTest.&lt;init&gt;() &lt;edu.GlobalTestSuiteManager:158&gt;main
java.lang.InstantiationException: edu.ProblemTypeTest
	at java.lang.Class.newInstance(Class.java:427)
	at edu.GlobalTestSuiteManager.getGlobalTestSuite(GlobalTestSuiteManager.java:150)
	at edu.GlobalTestSuiteTest.testGetTestSuite(GlobalTestSuiteTest.java:44)
	at sun.reflect.NativeMethodAccessorImpl.invoke0(Native Method)
	at sun.reflect.NativeMethodAccessorImpl.invoke(NativeMethodAccessorImpl.java:62)
	at sun.reflect.DelegatingMethodAccessorImpl.invoke(DelegatingMethodAccessorImpl.java:43)
	at java.lang.reflect.Method.invoke(Method.java:497)
	at junit.framework.TestCase.runTest(TestCase.java:154)
	at junit.framework.TestCase.runBare(TestCase.java:127)
	at junit.framework.TestResult$1.protect(TestResult.java:106)
	at junit.framework.TestResult.runProtected(TestResult.java:124)
	at junit.framework.TestResult.run(TestResult.java:109)
	at junit.framework.TestCase.run(TestCase.java:118)
	at junit.framework.TestSuite.runTest(TestSuite.java:208)
	at junit.framework.TestSuite.run(TestSuite.java:203)
	at org.apache.tools.ant.taskdefs.optional.junit.JUnitTestRunner.run(JUnitTestRunner.java:535)
	at org.apache.tools.ant.taskdefs.optional.junit.JUnitTestRunner.launch(JUnitTestRunner.java:1182)
	at org.apache.tools.ant.taskdefs.optional.junit.JUnitTestRunner.main(JUnitTestRunner.java:1033)
Caused by: java.lang.NoSuchMethodException: edu.ProblemTypeTest.&lt;init&gt;()
	at java.lang.Class.getConstructor0(Class.java:3082)
	at java.lang.Class.newInstance(Class.java:412)
	... 17 more
[12:16:03] +err+ 4229: Could not instantiate class edu.SerializationTest:
  java.lang.InstantiationException: edu.SerializationTest; cause: java.lang.NoSuchMethodException: edu.SerializationTest.&lt;init&gt;() &lt;edu.GlobalTestSuiteManager:158&gt;main
java.lang.InstantiationException: edu.SerializationTest
	at java.lang.Class.newInstance(Class.java:427)
	at edu.GlobalTestSuiteManager.getGlobalTestSuite(GlobalTestSuiteManager.java:150)
	at edu.GlobalTestSuiteTest.testGetTestSuite(GlobalTestSuiteTest.java:44)
	at sun.reflect.NativeMethodAccessorImpl.invoke0(Native Method)
	at sun.reflect.NativeMethodAccessorImpl.invoke(NativeMethodAccessorImpl.java:62)
	at sun.reflect.DelegatingMethodAccessorImpl.invoke(DelegatingMethodAccessorImpl.java:43)
	at java.lang.reflect.Method.invoke(Method.java:497)
	at junit.framework.TestCase.runTest(TestCase.java:154)
	at junit.framework.TestCase.runBare(TestCase.java:127)
	at junit.framework.TestResult$1.protect(TestResult.java:106)
	at junit.framework.TestResult.runProtected(TestResult.java:124)
	at junit.framework.TestResult.run(TestResult.java:109)
	at junit.framework.TestCase.run(TestCase.java:118)
	at junit.framework.TestSuite.runTest(TestSuite.java:208)
	at junit.framework.TestSuite.run(TestSuite.java:203)
	at org.apache.tools.ant.taskdefs.optional.junit.JUnitTestRunner.run(JUnitTestRunner.java:535)
	at org.apache.tools.ant.taskdefs.optional.junit.JUnitTestRunner.launch(JUnitTestRunner.java:1182)
	at org.apache.tools.ant.taskdefs.optional.junit.JUnitTestRunner.main(JUnitTestRunner.java:1033)
Caused by: java.lang.NoSuchMethodException: edu.SerializationTest.&lt;init&gt;()
	at java.lang.Class.getConstructor0(Class.java:3082)
	at java.lang.Class.newInstance(Class.java:412)
	... 17 more
[12:16:03] +err+ 4230: Error running suite() method in testCase null(edu.cmu.hcii.ctat.NodeCommTest):
  java.lang.NoSuchMethodException: edu.cmu.hcii.ctat.NodeCommTest.suite(); cause: null &lt;edu.GlobalTestSuiteManager:172&gt;main
java.lang.NoSuchMethodException: edu.cmu.hcii.ctat.NodeCommTest.suite()
	at java.lang.Class.getMethod(Class.java:1786)
	at edu.GlobalTestSuiteManager.getGlobalTestSuite(GlobalTestSuiteManager.java:164)
	at edu.GlobalTestSuiteTest.testGetTestSuite(GlobalTestSuiteTest.java:44)
	at sun.reflect.NativeMethodAccessorImpl.invoke0(Native Method)
	at sun.reflect.NativeMethodAccessorImpl.invoke(NativeMethodAccessorImpl.java:62)
	at sun.reflect.DelegatingMethodAccessorImpl.invoke(DelegatingMethodAccessorImpl.java:43)
	at java.lang.reflect.Method.invoke(Method.java:497)
	at junit.framework.TestCase.runTest(TestCase.java:154)
	at junit.framework.TestCase.runBare(TestCase.java:127)
	at junit.framework.TestResult$1.protect(TestResult.java:106)
	at junit.framework.TestResult.runProtected(TestResult.java:124)
	at junit.framework.TestResult.run(TestResult.java:109)
	at junit.framework.TestCase.run(TestCase.java:118)
	at junit.framework.TestSuite.runTest(TestSuite.java:208)
	at junit.framework.TestSuite.run(TestSuite.java:203)
	at org.apache.tools.ant.taskdefs.optional.junit.JUnitTestRunner.run(JUnitTestRunner.java:535)
	at org.apache.tools.ant.taskdefs.optional.junit.JUnitTestRunner.launch(JUnitTestRunner.java:1182)
	at org.apache.tools.ant.taskdefs.optional.junit.JUnitTestRunner.main(JUnitTestRunner.java:1033)
java.lang.NullPointerException
	at net.infonode.properties.propertymap.PropertyMapManager.addMapChanges(Unknown Source)
	at net.infonode.properties.propertymap.PropertyMapImpl$1.signalEmitted(Unknown Source)
	at net.infonode.util.signal.Signal.emit(Unknown Source)
	at net.infonode.util.collection.notifymap.AbstractConstChangeNotifyMap.fireEntriesChanged(Unknown Source)
	at net.infonode.properties.propertymap.PropertyMapImpl$PropertyObjectMap.fireEntriesChanged(Unknown Source)
	at net.infonode.properties.propertymap.PropertyMapImpl.firePropertyValueChanged(Unknown Source)
	at net.infonode.properties.propertymap.value.PropertyRefValue.signalEmitted(Unknown Source)
	at net.infonode.util.signal.Signal.emit(Unknown Source)
	at net.infonode.util.collection.notifymap.AbstractConstChangeNotifyMap.fireEntriesChanged(Unknown Source)
	at net.infonode.properties.propertymap.PropertyMapImpl$PropertyObjectMap.fireEntriesChanged(Unknown Source)
	at net.infonode.properties.propertymap.PropertyMapImpl$PropertyObjectMap.signalEmitted(Unknown Source)
	at net.infonode.util.signal.Signal.emit(Unknown Source)
	at net.infonode.util.collection.notifymap.AbstractConstChangeNotifyMap.fireEntriesChanged(Unknown Source)
	at net.infonode.util.collection.notifymap.ConstChangeNotifyVectorMap$1.signalEmitted(Unknown Source)
	at net.infonode.util.signal.Signal.emit(Unknown Source)
	at net.infonode.util.collection.notifymap.AbstractConstChangeNotifyMap.fireEntriesChanged(Unknown Source)
	at net.infonode.properties.propertymap.PropertyMapImpl$PropertyObjectMap.fireEntriesChanged(Unknown Source)
	at net.infonode.properties.propertymap.PropertyMapImpl.firePropertyValueChanged(Unknown Source)
	at net.infonode.properties.propertymap.PropertyMapImpl.setValue(Unknown Source)
	at net.infonode.properties.propertymap.PropertyMapValueHandler.setValue(Unknown Source)
	at net.infonode.properties.util.ValueHandlerProperty.setValue(Unknown Source)
	at net.infonode.properties.types.BorderProperty.set(Unknown Source)
	at net.infonode.properties.gui.util.ComponentProperties.setBorder(Unknown Source)
	at net.infonode.tabbedpanel.titledtab.TitledTabProperties$2.run(Unknown Source)
	at net.infonode.properties.propertymap.PropertyMapManager.runBatch(Unknown Source)
	at net.infonode.tabbedpanel.titledtab.TitledTabProperties.updateVisualProperties(Unknown Source)
	at net.infonode.tabbedpanel.titledtab.TitledTabProperties.access$000(Unknown Source)
	at net.infonode.tabbedpanel.titledtab.TitledTabProperties$1.lookAndFeelChanged(Unknown Source)
	at net.infonode.gui.DynamicUIManager.fireLookAndFeelChanged(Unknown Source)
	at net.infonode.gui.DynamicUIManager.access$300(Unknown Source)
	at net.infonode.gui.DynamicUIManager$2.propertyChange(Unknown Source)
	at java.beans.PropertyChangeSupport.fire(PropertyChangeSupport.java:335)
	at java.beans.PropertyChangeSupport.firePropertyChange(PropertyChangeSupport.java:327)
	at javax.swing.event.SwingPropertyChangeSupport.firePropertyChange(SwingPropertyChangeSupport.java:92)
	at java.beans.PropertyChangeSupport.firePropertyChange(PropertyChangeSupport.java:263)
	at javax.swing.UIManager.setLookAndFeel(UIManager.java:548)
	at javax.swing.UIManager.setLookAndFeel(UIManager.java:583)
	at edu.cmu.pact.BehaviorRecorder.Controller.SingleSessionLauncher.installNativeLookAndFeel(SingleSessionLauncher.java:374)
	at edu.cmu.pact.BehaviorRecorder.Controller.SingleSessionLauncher.&lt;init&gt;(SingleSessionLauncher.java:246)
	at edu.cmu.pact.BehaviorRecorder.Controller.SingleSessionLauncher.&lt;init&gt;(SingleSessionLauncher.java:187)
	at edu.cmu.pact.BehaviorRecorder.Controller.CTAT_Launcher.&lt;init&gt;(CTAT_Launcher.java:129)
	at edu.cmu.pact.BehaviorRecorder.Controller.CTAT_Launcher.&lt;init&gt;(CTAT_Launcher.java:88)
	at edu.cmu.pact.BehaviorRecorder.Controller.BR_ControllerTest.&lt;init&gt;(BR_ControllerTest.java:18)
	at sun.reflect.NativeConstructorAccessorImpl.newInstance0(Native Method)
	at sun.reflect.NativeConstructorAccessorImpl.newInstance(NativeConstructorAccessorImpl.java:62)
	at sun.reflect.DelegatingConstructorAccessorImpl.newInstance(DelegatingConstructorAccessorImpl.java:45)
	at java.lang.reflect.Constructor.newInstance(Constructor.java:422)
	at java.lang.Class.newInstance(Class.java:442)
	at edu.GlobalTestSuiteManager.getGlobalTestSuite(GlobalTestSuiteManager.java:150)
	at edu.GlobalTestSuiteTest.testGetTestSuite(GlobalTestSuiteTest.java:44)
	at sun.reflect.NativeMethodAccessorImpl.invoke0(Native Method)
	at sun.reflect.NativeMethodAccessorImpl.invoke(NativeMethodAccessorImpl.java:62)
	at sun.reflect.DelegatingMethodAccessorImpl.invoke(DelegatingMethodAccessorImpl.java:43)
	at java.lang.reflect.Method.invoke(Method.java:497)
	at junit.framework.TestCase.runTest(TestCase.java:154)
	at junit.framework.TestCase.runBare(TestCase.java:127)
	at junit.framework.TestResult$1.protect(TestResult.java:106)
	at junit.framework.TestResult.runProtected(TestResult.java:124)
	at junit.framework.TestResult.run(TestResult.java:109)
	at junit.framework.TestCase.run(TestCase.java:118)
	at junit.framework.TestSuite.runTest(TestSuite.java:208)
	at junit.framework.TestSuite.run(TestSuite.java:203)
	at org.apache.tools.ant.taskdefs.optional.junit.JUnitTestRunner.run(JUnitTestRunner.java:535)
	at org.apache.tools.ant.taskdefs.optional.junit.JUnitTestRunner.launch(JUnitTestRunner.java:1182)
	at org.apache.tools.ant.taskdefs.optional.junit.JUnitTestRunner.main(JUnitTestRunner.java:1033)
deserializing from buffer CTATFunctionsParser.ser
Parser construction took 0 millis
[12:16:03] +err+ 4234: Could not instantiate class edu.cmu.pact.BehaviorRecorder.Controller.BR_ControllerTest:
  java.lang.IndexOutOfBoundsException: Index: 0, Size: 0; cause: null &lt;edu.GlobalTestSuiteManager:158&gt;main
java.lang.IndexOutOfBoundsException: Index: 0, Size: 0
	at java.util.ArrayList.rangeCheck(ArrayList.java:653)
	at java.util.ArrayList.get(ArrayList.java:429)
	at edu.cmu.pact.BehaviorRecorder.Tab.CTATTabManager.getTabByNumber(CTATTabManager.java:195)
	at edu.cmu.pact.BehaviorRecorder.Tab.CTATTabManager.setTabVisibility(CTATTabManager.java:284)
	at edu.cmu.pact.BehaviorRecorder.Controller.CTAT_Launcher.&lt;init&gt;(CTAT_Launcher.java:133)
	at edu.cmu.pact.BehaviorRecorder.Controller.CTAT_Launcher.&lt;init&gt;(CTAT_Launcher.java:88)
	at edu.cmu.pact.BehaviorRecorder.Controller.BR_ControllerTest.&lt;init&gt;(BR_ControllerTest.java:18)
	at sun.reflect.NativeConstructorAccessorImpl.newInstance0(Native Method)
	at sun.reflect.NativeConstructorAccessorImpl.newInstance(NativeConstructorAccessorImpl.java:62)
	at sun.reflect.DelegatingConstructorAccessorImpl.newInstance(DelegatingConstructorAccessorImpl.java:45)
	at java.lang.reflect.Constructor.newInstance(Constructor.java:422)
	at java.lang.Class.newInstance(Class.java:442)
	at edu.GlobalTestSuiteManager.getGlobalTestSuite(GlobalTestSuiteManager.java:150)
	at edu.GlobalTestSuiteTest.testGetTestSuite(GlobalTestSuiteTest.java:44)
	at sun.reflect.NativeMethodAccessorImpl.invoke0(Native Method)
	at sun.reflect.NativeMethodAccessorImpl.invoke(NativeMethodAccessorImpl.java:62)
	at sun.reflect.DelegatingMethodAccessorImpl.invoke(DelegatingMethodAccessorImpl.java:43)
	at java.lang.reflect.Method.invoke(Method.java:497)
	at junit.framework.TestCase.runTest(TestCase.java:154)
	at junit.framework.TestCase.runBare(TestCase.java:127)
	at junit.framework.TestResult$1.protect(TestResult.java:106)
	at junit.framework.TestResult.runProtected(TestResult.java:124)
	at junit.framework.TestResult.run(TestResult.java:109)
	at junit.framework.TestCase.run(TestCase.java:118)
	at junit.framework.TestSuite.runTest(TestSuite.java:208)
	at junit.framework.TestSuite.run(TestSuite.java:203)
	at org.apache.tools.ant.taskdefs.optional.junit.JUnitTestRunner.run(JUnitTestRunner.java:535)
	at org.apache.tools.ant.taskdefs.optional.junit.JUnitTestRunner.launch(JUnitTestRunner.java:1182)
	at org.apache.tools.ant.taskdefs.optional.junit.JUnitTestRunner.main(JUnitTestRunner.java:1033)
[12:16:03] +err+ 4235: Could not instantiate class edu.cmu.pact.BehaviorRecorder.Controller.JavaExampleTracerTest:
  java.lang.InstantiationException: edu.cmu.pact.BehaviorRecorder.Controller.JavaExampleTracerTest; cause: java.lang.NoSuchMethodException: edu.cmu.pact.BehaviorRecorder.Controller.JavaExampleTracerTest.&lt;init&gt;() &lt;edu.GlobalTestSuiteManager:158&gt;main
java.lang.InstantiationException: edu.cmu.pact.BehaviorRecorder.Controller.JavaExampleTracerTest
	at java.lang.Class.newInstance(Class.java:427)
	at edu.GlobalTestSuiteManager.getGlobalTestSuite(GlobalTestSuiteManager.java:150)
	at edu.GlobalTestSuiteTest.testGetTestSuite(GlobalTestSuiteTest.java:44)
	at sun.reflect.NativeMethodAccessorImpl.invoke0(Native Method)
	at sun.reflect.NativeMethodAccessorImpl.invoke(NativeMethodAccessorImpl.java:62)
	at sun.reflect.DelegatingMethodAccessorImpl.invoke(DelegatingMethodAccessorImpl.java:43)
	at java.lang.reflect.Method.invoke(Method.java:497)
	at junit.framework.TestCase.runTest(TestCase.java:154)
	at junit.framework.TestCase.runBare(TestCase.java:127)
	at junit.framework.TestResult$1.protect(TestResult.java:106)
	at junit.framework.TestResult.runProtected(TestResult.java:124)
	at junit.framework.TestResult.run(TestResult.java:109)
	at junit.framework.TestCase.run(TestCase.java:118)
	at junit.framework.TestSuite.runTest(TestSuite.java:208)
	at junit.framework.TestSuite.run(TestSuite.java:203)
	at org.apache.tools.ant.taskdefs.optional.junit.JUnitTestRunner.run(JUnitTestRunner.java:535)
	at org.apache.tools.ant.taskdefs.optional.junit.JUnitTestRunner.launch(JUnitTestRunner.java:1182)
	at org.apache.tools.ant.taskdefs.optional.junit.JUnitTestRunner.main(JUnitTestRunner.java:1033)
Caused by: java.lang.NoSuchMethodException: edu.cmu.pact.BehaviorRecorder.Controller.JavaExampleTracerTest.&lt;init&gt;()
	at java.lang.Class.getConstructor0(Class.java:3082)
	at java.lang.Class.newInstance(Class.java:412)
	... 17 more
[12:16:03] +err+ 4236: Error running suite() method in testCase null(edu.cmu.pact.Log.LogDifferences.ColumnTest):
  java.lang.NoSuchMethodException: edu.cmu.pact.Log.LogDifferences.ColumnTest.suite(); cause: null &lt;edu.GlobalTestSuiteManager:172&gt;main
java.lang.NoSuchMethodException: edu.cmu.pact.Log.LogDifferences.ColumnTest.suite()
	at java.lang.Class.getMethod(Class.java:1786)
	at edu.GlobalTestSuiteManager.getGlobalTestSuite(GlobalTestSuiteManager.java:164)
	at edu.GlobalTestSuiteTest.testGetTestSuite(GlobalTestSuiteTest.java:44)
	at sun.reflect.NativeMethodAccessorImpl.invoke0(Native Method)
	at sun.reflect.NativeMethodAccessorImpl.invoke(NativeMethodAccessorImpl.java:62)
	at sun.reflect.DelegatingMethodAccessorImpl.invoke(DelegatingMethodAccessorImpl.java:43)
	at java.lang.reflect.Method.invoke(Method.java:497)
	at junit.framework.TestCase.runTest(TestCase.java:154)
	at junit.framework.TestCase.runBare(TestCase.java:127)
	at junit.framework.TestResult$1.protect(TestResult.java:106)
	at junit.framework.TestResult.runProtected(TestResult.java:124)
	at junit.framework.TestResult.run(TestResult.java:109)
	at junit.framework.TestCase.run(TestCase.java:118)
	at junit.framework.TestSuite.runTest(TestSuite.java:208)
	at junit.framework.TestSuite.run(TestSuite.java:203)
	at org.apache.tools.ant.taskdefs.optional.junit.JUnitTestRunner.run(JUnitTestRunner.java:535)
	at org.apache.tools.ant.taskdefs.optional.junit.JUnitTestRunner.launch(JUnitTestRunner.java:1182)
	at org.apache.tools.ant.taskdefs.optional.junit.JUnitTestRunner.main(JUnitTestRunner.java:1033)
[12:16:03] +err+ 4237: Error running suite() method in testCase null(edu.cmu.pact.Log.LogDifferences.ContentCellTest):
  java.lang.NoSuchMethodException: edu.cmu.pact.Log.LogDifferences.ContentCellTest.suite(); cause: null &lt;edu.GlobalTestSuiteManager:172&gt;main
java.lang.NoSuchMethodException: edu.cmu.pact.Log.LogDifferences.ContentCellTest.suite()
	at java.lang.Class.getMethod(Class.java:1786)
	at edu.GlobalTestSuiteManager.getGlobalTestSuite(GlobalTestSuiteManager.java:164)
	at edu.GlobalTestSuiteTest.testGetTestSuite(GlobalTestSuiteTest.java:44)
	at sun.reflect.NativeMethodAccessorImpl.invoke0(Native Method)
	at sun.reflect.NativeMethodAccessorImpl.invoke(NativeMethodAccessorImpl.java:62)
	at sun.reflect.DelegatingMethodAccessorImpl.invoke(DelegatingMethodAccessorImpl.java:43)
	at java.lang.reflect.Method.invoke(Method.java:497)
	at junit.framework.TestCase.runTest(TestCase.java:154)
	at junit.framework.TestCase.runBare(TestCase.java:127)
	at junit.framework.TestResult$1.protect(TestResult.java:106)
	at junit.framework.TestResult.runProtected(TestResult.java:124)
	at junit.framework.TestResult.run(TestResult.java:109)
	at junit.framework.TestCase.run(TestCase.java:118)
	at junit.framework.TestSuite.runTest(TestSuite.java:208)
	at junit.framework.TestSuite.run(TestSuite.java:203)
	at org.apache.tools.ant.taskdefs.optional.junit.JUnitTestRunner.run(JUnitTestRunner.java:535)
	at org.apache.tools.ant.taskdefs.optional.junit.JUnitTestRunner.launch(JUnitTestRunner.java:1182)
	at org.apache.tools.ant.taskdefs.optional.junit.JUnitTestRunner.main(JUnitTestRunner.java:1033)
[12:16:03] +err+ 4238: Error running suite() method in testCase null(edu.cmu.pact.Log.LogDifferences.ContentNullTest):
  java.lang.NoSuchMethodException: edu.cmu.pact.Log.LogDifferences.ContentNullTest.suite(); cause: null &lt;edu.GlobalTestSuiteManager:172&gt;main
java.lang.NoSuchMethodException: edu.cmu.pact.Log.LogDifferences.ContentNullTest.suite()
	at java.lang.Class.getMethod(Class.java:1786)
	at edu.GlobalTestSuiteManager.getGlobalTestSuite(GlobalTestSuiteManager.java:164)
	at edu.GlobalTestSuiteTest.testGetTestSuite(GlobalTestSuiteTest.java:44)
	at sun.reflect.NativeMethodAccessorImpl.invoke0(Native Method)
	at sun.reflect.NativeMethodAccessorImpl.invoke(NativeMethodAccessorImpl.java:62)
	at sun.reflect.DelegatingMethodAccessorImpl.invoke(DelegatingMethodAccessorImpl.java:43)
	at java.lang.reflect.Method.invoke(Method.java:497)
	at junit.framework.TestCase.runTest(TestCase.java:154)
	at junit.framework.TestCase.runBare(TestCase.java:127)
	at junit.framework.TestResult$1.protect(TestResult.java:106)
	at junit.framework.TestResult.runProtected(TestResult.java:124)
	at junit.framework.TestResult.run(TestResult.java:109)
	at junit.framework.TestCase.run(TestCase.java:118)
	at junit.framework.TestSuite.runTest(TestSuite.java:208)
	at junit.framework.TestSuite.run(TestSuite.java:203)
	at org.apache.tools.ant.taskdefs.optional.junit.JUnitTestRunner.run(JUnitTestRunner.java:535)
	at org.apache.tools.ant.taskdefs.optional.junit.JUnitTestRunner.launch(JUnitTestRunner.java:1182)
	at org.apache.tools.ant.taskdefs.optional.junit.JUnitTestRunner.main(JUnitTestRunner.java:1033)
[12:16:03] +err+ 4239: Error running suite() method in testCase null(edu.cmu.pact.Log.LogDifferences.ContentTest):
  java.lang.NoSuchMethodException: edu.cmu.pact.Log.LogDifferences.ContentTest.suite(); cause: null &lt;edu.GlobalTestSuiteManager:172&gt;main
java.lang.NoSuchMethodException: edu.cmu.pact.Log.LogDifferences.ContentTest.suite()
	at java.lang.Class.getMethod(Class.java:1786)
	at edu.GlobalTestSuiteManager.getGlobalTestSuite(GlobalTestSuiteManager.java:164)
	at edu.GlobalTestSuiteTest.testGetTestSuite(GlobalTestSuiteTest.java:44)
	at sun.reflect.NativeMethodAccessorImpl.invoke0(Native Method)
	at sun.reflect.NativeMethodAccessorImpl.invoke(NativeMethodAccessorImpl.java:62)
	at sun.reflect.DelegatingMethodAccessorImpl.invoke(DelegatingMethodAccessorImpl.java:43)
	at java.lang.reflect.Method.invoke(Method.java:497)
	at junit.framework.TestCase.runTest(TestCase.java:154)
	at junit.framework.TestCase.runBare(TestCase.java:127)
	at junit.framework.TestResult$1.protect(TestResult.java:106)
	at junit.framework.TestResult.runProtected(TestResult.java:124)
	at junit.framework.TestResult.run(TestResult.java:109)
	at junit.framework.TestCase.run(TestCase.java:118)
	at junit.framework.TestSuite.runTest(TestSuite.java:208)
	at junit.framework.TestSuite.run(TestSuite.java:203)
	at org.apache.tools.ant.taskdefs.optional.junit.JUnitTestRunner.run(JUnitTestRunner.java:535)
	at org.apache.tools.ant.taskdefs.optional.junit.JUnitTestRunner.launch(JUnitTestRunner.java:1182)
	at org.apache.tools.ant.taskdefs.optional.junit.JUnitTestRunner.main(JUnitTestRunner.java:1033)
[12:16:03] +err+ 4240: Could not instantiate class edu.cmu.pact.Log.LogDifferences.TutorMessageContentsTest:
  java.lang.NullPointerException; cause: null &lt;edu.GlobalTestSuiteManager:158&gt;main
java.lang.NullPointerException
	at edu.cmu.pact.Log.DataShopMessageObject.&lt;init&gt;(DataShopMessageObject.java:151)
	at edu.cmu.pact.Log.LogDifferences.TutorMessageContentsTest.createTutorActionLogFromXML(TutorMessageContentsTest.java:189)
	at edu.cmu.pact.Log.LogDifferences.TutorMessageContentsTest.stringToTutorActionLog(TutorMessageContentsTest.java:162)
	at edu.cmu.pact.Log.LogDifferences.TutorMessageContentsTest.&lt;init&gt;(TutorMessageContentsTest.java:32)
	at sun.reflect.NativeConstructorAccessorImpl.newInstance0(Native Method)
	at sun.reflect.NativeConstructorAccessorImpl.newInstance(NativeConstructorAccessorImpl.java:62)
	at sun.reflect.DelegatingConstructorAccessorImpl.newInstance(DelegatingConstructorAccessorImpl.java:45)
	at java.lang.reflect.Constructor.newInstance(Constructor.java:422)
	at java.lang.Class.newInstance(Class.java:442)
	at edu.GlobalTestSuiteManager.getGlobalTestSuite(GlobalTestSuiteManager.java:150)
	at edu.GlobalTestSuiteTest.testGetTestSuite(GlobalTestSuiteTest.java:44)
	at sun.reflect.NativeMethodAccessorImpl.invoke0(Native Method)
	at sun.reflect.NativeMethodAccessorImpl.invoke(NativeMethodAccessorImpl.java:62)
	at sun.reflect.DelegatingMethodAccessorImpl.invoke(DelegatingMethodAccessorImpl.java:43)
	at java.lang.reflect.Method.invoke(Method.java:497)
	at junit.framework.TestCase.runTest(TestCase.java:154)
	at junit.framework.TestCase.runBare(TestCase.java:127)
	at junit.framework.TestResult$1.protect(TestResult.java:106)
	at junit.framework.TestResult.runProtected(TestResult.java:124)
	at junit.framework.TestResult.run(TestResult.java:109)
	at junit.framework.TestCase.run(TestCase.java:118)
	at junit.framework.TestSuite.runTest(TestSuite.java:208)
	at junit.framework.TestSuite.run(TestSuite.java:203)
	at org.apache.tools.ant.taskdefs.optional.junit.JUnitTestRunner.run(JUnitTestRunner.java:535)
	at org.apache.tools.ant.taskdefs.optional.junit.JUnitTestRunner.launch(JUnitTestRunner.java:1182)
	at org.apache.tools.ant.taskdefs.optional.junit.JUnitTestRunner.main(JUnitTestRunner.java:1033)
[12:16:03] +err+ 4241: Error running suite() method in testCase null(edu.cmu.pact.SocketProxy.HTTPToolProxyTest):
  java.lang.NoSuchMethodException: edu.cmu.pact.SocketProxy.HTTPToolProxyTest.suite(); cause: null &lt;edu.GlobalTestSuiteManager:172&gt;main
java.lang.NoSuchMethodException: edu.cmu.pact.SocketProxy.HTTPToolProxyTest.suite()
	at java.lang.Class.getMethod(Class.java:1786)
	at edu.GlobalTestSuiteManager.getGlobalTestSuite(GlobalTestSuiteManager.java:164)
	at edu.GlobalTestSuiteTest.testGetTestSuite(GlobalTestSuiteTest.java:44)
	at sun.reflect.NativeMethodAccessorImpl.invoke0(Native Method)
	at sun.reflect.NativeMethodAccessorImpl.invoke(NativeMethodAccessorImpl.java:62)
	at sun.reflect.DelegatingMethodAccessorImpl.invoke(DelegatingMethodAccessorImpl.java:43)
	at java.lang.reflect.Method.invoke(Method.java:497)
	at junit.framework.TestCase.runTest(TestCase.java:154)
	at junit.framework.TestCase.runBare(TestCase.java:127)
	at junit.framework.TestResult$1.protect(TestResult.java:106)
	at junit.framework.TestResult.runProtected(TestResult.java:124)
	at junit.framework.TestResult.run(TestResult.java:109)
	at junit.framework.TestCase.run(TestCase.java:118)
	at junit.framework.TestSuite.runTest(TestSuite.java:208)
	at junit.framework.TestSuite.run(TestSuite.java:203)
	at org.apache.tools.ant.taskdefs.optional.junit.JUnitTestRunner.run(JUnitTestRunner.java:535)
	at org.apache.tools.ant.taskdefs.optional.junit.JUnitTestRunner.launch(JUnitTestRunner.java:1182)
	at org.apache.tools.ant.taskdefs.optional.junit.JUnitTestRunner.main(JUnitTestRunner.java:1033)
java.lang.NullPointerException
	at net.infonode.properties.propertymap.PropertyMapManager.addMapChanges(Unknown Source)
	at net.infonode.properties.propertymap.PropertyMapImpl$1.signalEmitted(Unknown Source)
	at net.infonode.util.signal.Signal.emit(Unknown Source)
	at net.infonode.util.collection.notifymap.AbstractConstChangeNotifyMap.fireEntriesChanged(Unknown Source)
	at net.infonode.properties.propertymap.PropertyMapImpl$PropertyObjectMap.fireEntriesChanged(Unknown Source)
	at net.infonode.properties.propertymap.PropertyMapImpl.firePropertyValueChanged(Unknown Source)
	at net.infonode.properties.propertymap.value.PropertyRefValue.signalEmitted(Unknown Source)
	at net.infonode.util.signal.Signal.emit(Unknown Source)
	at net.infonode.util.collection.notifymap.AbstractConstChangeNotifyMap.fireEntriesChanged(Unknown Source)
	at net.infonode.properties.propertymap.PropertyMapImpl$PropertyObjectMap.fireEntriesChanged(Unknown Source)
	at net.infonode.properties.propertymap.PropertyMapImpl$PropertyObjectMap.signalEmitted(Unknown Source)
	at net.infonode.util.signal.Signal.emit(Unknown Source)
	at net.infonode.util.collection.notifymap.AbstractConstChangeNotifyMap.fireEntriesChanged(Unknown Source)
	at net.infonode.util.collection.notifymap.ConstChangeNotifyVectorMap$1.signalEmitted(Unknown Source)
	at net.infonode.util.signal.Signal.emit(Unknown Source)
	at net.infonode.util.collection.notifymap.AbstractConstChangeNotifyMap.fireEntriesChanged(Unknown Source)
	at net.infonode.properties.propertymap.PropertyMapImpl$PropertyObjectMap.fireEntriesChanged(Unknown Source)
	at net.infonode.properties.propertymap.PropertyMapImpl.firePropertyValueChanged(Unknown Source)
	at net.infonode.properties.propertymap.PropertyMapImpl.setValue(Unknown Source)
	at net.infonode.properties.propertymap.PropertyMapValueHandler.setValue(Unknown Source)
	at net.infonode.properties.util.ValueHandlerProperty.setValue(Unknown Source)
	at net.infonode.properties.types.BorderProperty.set(Unknown Source)
	at net.infonode.properties.gui.util.ComponentProperties.setBorder(Unknown Source)
	at net.infonode.tabbedpanel.titledtab.TitledTabProperties$2.run(Unknown Source)
	at net.infonode.properties.propertymap.PropertyMapManager.runBatch(Unknown Source)
	at net.infonode.tabbedpanel.titledtab.TitledTabProperties.updateVisualProperties(Unknown Source)
	at net.infonode.tabbedpanel.titledtab.TitledTabProperties.access$000(Unknown Source)
	at net.infonode.tabbedpanel.titledtab.TitledTabProperties$1.lookAndFeelChanged(Unknown Source)
	at net.infonode.gui.DynamicUIManager.fireLookAndFeelChanged(Unknown Source)
	at net.infonode.gui.DynamicUIManager.access$300(Unknown Source)
	at net.infonode.gui.DynamicUIManager$2.propertyChange(Unknown Source)
	at java.beans.PropertyChangeSupport.fire(PropertyChangeSupport.java:335)
	at java.beans.PropertyChangeSupport.firePropertyChange(PropertyChangeSupport.java:327)
	at javax.swing.event.SwingPropertyChangeSupport.firePropertyChange(SwingPropertyChangeSupport.java:92)
	at java.beans.PropertyChangeSupport.firePropertyChange(PropertyChangeSupport.java:263)
	at javax.swing.UIManager.setLookAndFeel(UIManager.java:548)
	at javax.swing.UIManager.setLookAndFeel(UIManager.java:583)
	at edu.cmu.pact.BehaviorRecorder.Controller.SingleSessionLauncher.installNativeLookAndFeel(SingleSessionLauncher.java:374)
	at edu.cmu.pact.BehaviorRecorder.Controller.SingleSessionLauncher.&lt;init&gt;(SingleSessionLauncher.java:246)
	at edu.cmu.pact.BehaviorRecorder.Controller.SingleSessionLauncher.&lt;init&gt;(SingleSessionLauncher.java:187)
	at edu.cmu.pact.BehaviorRecorder.Controller.CTAT_Launcher.&lt;init&gt;(CTAT_Launcher.java:129)
	at edu.cmu.pact.BehaviorRecorder.Controller.CTAT_Launcher.&lt;init&gt;(CTAT_Launcher.java:88)
	at edu.cmu.pact.jess.GoToWMMessgHandlerTest.&lt;init&gt;(GoToWMMessgHandlerTest.java:79)
	at sun.reflect.NativeConstructorAccessorImpl.newInstance0(Native Method)
	at sun.reflect.NativeConstructorAccessorImpl.newInstance(NativeConstructorAccessorImpl.java:62)
	at sun.reflect.DelegatingConstructorAccessorImpl.newInstance(DelegatingConstructorAccessorImpl.java:45)
	at java.lang.reflect.Constructor.newInstance(Constructor.java:422)
	at java.lang.Class.newInstance(Class.java:442)
	at edu.GlobalTestSuiteManager.getGlobalTestSuite(GlobalTestSuiteManager.java:150)
	at edu.GlobalTestSuiteTest.testGetTestSuite(GlobalTestSuiteTest.java:44)
	at sun.reflect.NativeMethodAccessorImpl.invoke0(Native Method)
	at sun.reflect.NativeMethodAccessorImpl.invoke(NativeMethodAccessorImpl.java:62)
	at sun.reflect.DelegatingMethodAccessorImpl.invoke(DelegatingMethodAccessorImpl.java:43)
	at java.lang.reflect.Method.invoke(Method.java:497)
	at junit.framework.TestCase.runTest(TestCase.java:154)
	at junit.framework.TestCase.runBare(TestCase.java:127)
	at junit.framework.TestResult$1.protect(TestResult.java:106)
	at junit.framework.TestResult.runProtected(TestResult.java:124)
	at junit.framework.TestResult.run(TestResult.java:109)
	at junit.framework.TestCase.run(TestCase.java:118)
	at junit.framework.TestSuite.runTest(TestSuite.java:208)
	at junit.framework.TestSuite.run(TestSuite.java:203)
	at org.apache.tools.ant.taskdefs.optional.junit.JUnitTestRunner.run(JUnitTestRunner.java:535)
	at org.apache.tools.ant.taskdefs.optional.junit.JUnitTestRunner.launch(JUnitTestRunner.java:1182)
	at org.apache.tools.ant.taskdefs.optional.junit.JUnitTestRunner.main(JUnitTestRunner.java:1033)
deserializing from buffer CTATFunctionsParser.ser
Parser construction took 1 millis
[12:16:03] +err+ 4245: Could not instantiate class edu.cmu.pact.jess.GoToWMMessgHandlerTest:
  java.lang.IndexOutOfBoundsException: Index: 0, Size: 0; cause: null &lt;edu.GlobalTestSuiteManager:158&gt;main
java.lang.IndexOutOfBoundsException: Index: 0, Size: 0
	at java.util.ArrayList.rangeCheck(ArrayList.java:653)
	at java.util.ArrayList.get(ArrayList.java:429)
	at edu.cmu.pact.BehaviorRecorder.Tab.CTATTabManager.getTabByNumber(CTATTabManager.java:195)
	at edu.cmu.pact.BehaviorRecorder.Tab.CTATTabManager.setTabVisibility(CTATTabManager.java:284)
	at edu.cmu.pact.BehaviorRecorder.Controller.CTAT_Launcher.&lt;init&gt;(CTAT_Launcher.java:133)
	at edu.cmu.pact.BehaviorRecorder.Controller.CTAT_Launcher.&lt;init&gt;(CTAT_Launcher.java:88)
	at edu.cmu.pact.jess.GoToWMMessgHandlerTest.&lt;init&gt;(GoToWMMessgHandlerTest.java:79)
	at sun.reflect.NativeConstructorAccessorImpl.newInstance0(Native Method)
	at sun.reflect.NativeConstructorAccessorImpl.newInstance(NativeConstructorAccessorImpl.java:62)
	at sun.reflect.DelegatingConstructorAccessorImpl.newInstance(DelegatingConstructorAccessorImpl.java:45)
	at java.lang.reflect.Constructor.newInstance(Constructor.java:422)
	at java.lang.Class.newInstance(Class.java:442)
	at edu.GlobalTestSuiteManager.getGlobalTestSuite(GlobalTestSuiteManager.java:150)
	at edu.GlobalTestSuiteTest.testGetTestSuite(GlobalTestSuiteTest.java:44)
	at sun.reflect.NativeMethodAccessorImpl.invoke0(Native Method)
	at sun.reflect.NativeMethodAccessorImpl.invoke(NativeMethodAccessorImpl.java:62)
	at sun.reflect.DelegatingMethodAccessorImpl.invoke(DelegatingMethodAccessorImpl.java:43)
	at java.lang.reflect.Method.invoke(Method.java:497)
	at junit.framework.TestCase.runTest(TestCase.java:154)
	at junit.framework.TestCase.runBare(TestCase.java:127)
	at junit.framework.TestResult$1.protect(TestResult.java:106)
	at junit.framework.TestResult.runProtected(TestResult.java:124)
	at junit.framework.TestResult.run(TestResult.java:109)
	at junit.framework.TestCase.run(TestCase.java:118)
	at junit.framework.TestSuite.runTest(TestSuite.java:208)
	at junit.framework.TestSuite.run(TestSuite.java:203)
	at org.apache.tools.ant.taskdefs.optional.junit.JUnitTestRunner.run(JUnitTestRunner.java:535)
	at org.apache.tools.ant.taskdefs.optional.junit.JUnitTestRunner.launch(JUnitTestRunner.java:1182)
	at org.apache.tools.ant.taskdefs.optional.junit.JUnitTestRunner.main(JUnitTestRunner.java:1033)
java.lang.NullPointerException
	at net.infonode.properties.propertymap.PropertyMapManager.addMapChanges(Unknown Source)
	at net.infonode.properties.propertymap.PropertyMapImpl$1.signalEmitted(Unknown Source)
	at net.infonode.util.signal.Signal.emit(Unknown Source)
	at net.infonode.util.collection.notifymap.AbstractConstChangeNotifyMap.fireEntriesChanged(Unknown Source)
	at net.infonode.properties.propertymap.PropertyMapImpl$PropertyObjectMap.fireEntriesChanged(Unknown Source)
	at net.infonode.properties.propertymap.PropertyMapImpl.firePropertyValueChanged(Unknown Source)
	at net.infonode.properties.propertymap.value.PropertyRefValue.signalEmitted(Unknown Source)
	at net.infonode.util.signal.Signal.emit(Unknown Source)
	at net.infonode.util.collection.notifymap.AbstractConstChangeNotifyMap.fireEntriesChanged(Unknown Source)
	at net.infonode.properties.propertymap.PropertyMapImpl$PropertyObjectMap.fireEntriesChanged(Unknown Source)
	at net.infonode.properties.propertymap.PropertyMapImpl$PropertyObjectMap.signalEmitted(Unknown Source)
	at net.infonode.util.signal.Signal.emit(Unknown Source)
	at net.infonode.util.collection.notifymap.AbstractConstChangeNotifyMap.fireEntriesChanged(Unknown Source)
	at net.infonode.util.collection.notifymap.ConstChangeNotifyVectorMap$1.signalEmitted(Unknown Source)
	at net.infonode.util.signal.Signal.emit(Unknown Source)
	at net.infonode.util.collection.notifymap.AbstractConstChangeNotifyMap.fireEntriesChanged(Unknown Source)
	at net.infonode.properties.propertymap.PropertyMapImpl$PropertyObjectMap.fireEntriesChanged(Unknown Source)
	at net.infonode.properties.propertymap.PropertyMapImpl.firePropertyValueChanged(Unknown Source)
	at net.infonode.properties.propertymap.PropertyMapImpl.setValue(Unknown Source)
	at net.infonode.properties.propertymap.PropertyMapValueHandler.setValue(Unknown Source)
	at net.infonode.properties.util.ValueHandlerProperty.setValue(Unknown Source)
	at net.infonode.properties.types.BorderProperty.set(Unknown Source)
	at net.infonode.properties.gui.util.ComponentProperties.setBorder(Unknown Source)
	at net.infonode.tabbedpanel.titledtab.TitledTabProperties$2.run(Unknown Source)
	at net.infonode.properties.propertymap.PropertyMapManager.runBatch(Unknown Source)
	at net.infonode.tabbedpanel.titledtab.TitledTabProperties.updateVisualProperties(Unknown Source)
	at net.infonode.tabbedpanel.titledtab.TitledTabProperties.access$000(Unknown Source)
	at net.infonode.tabbedpanel.titledtab.TitledTabProperties$1.lookAndFeelChanged(Unknown Source)
	at net.infonode.gui.DynamicUIManager.fireLookAndFeelChanged(Unknown Source)
	at net.infonode.gui.DynamicUIManager.access$300(Unknown Source)
	at net.infonode.gui.DynamicUIManager$2.propertyChange(Unknown Source)
	at java.beans.PropertyChangeSupport.fire(PropertyChangeSupport.java:335)
	at java.beans.PropertyChangeSupport.firePropertyChange(PropertyChangeSupport.java:327)
	at javax.swing.event.SwingPropertyChangeSupport.firePropertyChange(SwingPropertyChangeSupport.java:92)
	at java.beans.PropertyChangeSupport.firePropertyChange(PropertyChangeSupport.java:263)
	at javax.swing.UIManager.setLookAndFeel(UIManager.java:548)
	at javax.swing.UIManager.setLookAndFeel(UIManager.java:583)
	at edu.cmu.pact.BehaviorRecorder.Controller.SingleSessionLauncher.installNativeLookAndFeel(SingleSessionLauncher.java:374)
	at edu.cmu.pact.BehaviorRecorder.Controller.SingleSessionLauncher.&lt;init&gt;(SingleSessionLauncher.java:246)
	at edu.cmu.pact.BehaviorRecorder.Controller.SingleSessionLauncher.&lt;init&gt;(SingleSessionLauncher.java:187)
	at edu.cmu.pact.BehaviorRecorder.Controller.CTAT_Launcher.&lt;init&gt;(CTAT_Launcher.java:129)
	at edu.cmu.pact.BehaviorRecorder.Controller.CTAT_Launcher.&lt;init&gt;(CTAT_Launcher.java:88)
	at edu.cmu.pact.BehaviorRecorder.InterfaceSizeTest.testInterfaceSize(InterfaceSizeTest.java:39)
	at sun.reflect.NativeMethodAccessorImpl.invoke0(Native Method)
	at sun.reflect.NativeMethodAccessorImpl.invoke(NativeMethodAccessorImpl.java:62)
	at sun.reflect.DelegatingMethodAccessorImpl.invoke(DelegatingMethodAccessorImpl.java:43)
	at java.lang.reflect.Method.invoke(Method.java:497)
	at junit.framework.TestCase.runTest(TestCase.java:154)
	at junit.framework.TestCase.runBare(TestCase.java:127)
	at junit.framework.TestResult$1.protect(TestResult.java:106)
	at junit.framework.TestResult.runProtected(TestResult.java:124)
	at junit.framework.TestResult.run(TestResult.java:109)
	at junit.framework.TestCase.run(TestCase.java:118)
	at junit.framework.TestSuite.runTest(TestSuite.java:208)
	at junit.framework.TestSuite.run(TestSuite.java:203)
	at org.apache.tools.ant.taskdefs.optional.junit.JUnitTestRunner.run(JUnitTestRunner.java:535)
	at org.apache.tools.ant.taskdefs.optional.junit.JUnitTestRunner.launch(JUnitTestRunner.java:1182)
	at org.apache.tools.ant.taskdefs.optional.junit.JUnitTestRunner.main(JUnitTestRunner.java:1033)
deserializing from buffer CTATFunctionsParser.ser
Parser construction took 1 millis
java.lang.NullPointerException
	at net.infonode.properties.propertymap.PropertyMapManager.addMapChanges(Unknown Source)
	at net.infonode.properties.propertymap.PropertyMapImpl$1.signalEmitted(Unknown Source)
	at net.infonode.util.signal.Signal.emit(Unknown Source)
	at net.infonode.util.collection.notifymap.AbstractConstChangeNotifyMap.fireEntriesChanged(Unknown Source)
	at net.infonode.properties.propertymap.PropertyMapImpl$PropertyObjectMap.fireEntriesChanged(Unknown Source)
	at net.infonode.properties.propertymap.PropertyMapImpl.firePropertyValueChanged(Unknown Source)
	at net.infonode.properties.propertymap.value.PropertyRefValue.signalEmitted(Unknown Source)
	at net.infonode.util.signal.Signal.emit(Unknown Source)
	at net.infonode.util.collection.notifymap.AbstractConstChangeNotifyMap.fireEntriesChanged(Unknown Source)
	at net.infonode.properties.propertymap.PropertyMapImpl$PropertyObjectMap.fireEntriesChanged(Unknown Source)
	at net.infonode.properties.propertymap.PropertyMapImpl$PropertyObjectMap.signalEmitted(Unknown Source)
	at net.infonode.util.signal.Signal.emit(Unknown Source)
	at net.infonode.util.collection.notifymap.AbstractConstChangeNotifyMap.fireEntriesChanged(Unknown Source)
	at net.infonode.util.collection.notifymap.ConstChangeNotifyVectorMap$1.signalEmitted(Unknown Source)
	at net.infonode.util.signal.Signal.emit(Unknown Source)
	at net.infonode.util.collection.notifymap.AbstractConstChangeNotifyMap.fireEntriesChanged(Unknown Source)
	at net.infonode.properties.propertymap.PropertyMapImpl$PropertyObjectMap.fireEntriesChanged(Unknown Source)
	at net.infonode.properties.propertymap.PropertyMapImpl.firePropertyValueChanged(Unknown Source)
	at net.infonode.properties.propertymap.PropertyMapImpl.setValue(Unknown Source)
	at net.infonode.properties.propertymap.PropertyMapValueHandler.setValue(Unknown Source)
	at net.infonode.properties.util.ValueHandlerProperty.setValue(Unknown Source)
	at net.infonode.properties.types.BorderProperty.set(Unknown Source)
	at net.infonode.properties.gui.util.ComponentProperties.setBorder(Unknown Source)
	at net.infonode.tabbedpanel.titledtab.TitledTabProperties$2.run(Unknown Source)
	at net.infonode.properties.propertymap.PropertyMapManager.runBatch(Unknown Source)
	at net.infonode.tabbedpanel.titledtab.TitledTabProperties.updateVisualProperties(Unknown Source)
	at net.infonode.tabbedpanel.titledtab.TitledTabProperties.access$000(Unknown Source)
	at net.infonode.tabbedpanel.titledtab.TitledTabProperties$1.lookAndFeelChanged(Unknown Source)
	at net.infonode.gui.DynamicUIManager.fireLookAndFeelChanged(Unknown Source)
	at net.infonode.gui.DynamicUIManager.access$300(Unknown Source)
	at net.infonode.gui.DynamicUIManager$2.propertyChange(Unknown Source)
	at java.beans.PropertyChangeSupport.fire(PropertyChangeSupport.java:335)
	at java.beans.PropertyChangeSupport.firePropertyChange(PropertyChangeSupport.java:327)
	at javax.swing.event.SwingPropertyChangeSupport.firePropertyChange(SwingPropertyChangeSupport.java:92)
	at java.beans.PropertyChangeSupport.firePropertyChange(PropertyChangeSupport.java:263)
	at javax.swing.UIManager.setLookAndFeel(UIManager.java:548)
	at javax.swing.UIManager.setLookAndFeel(UIManager.java:583)
	at edu.cmu.pact.BehaviorRecorder.Controller.SingleSessionLauncher.installNativeLookAndFeel(SingleSessionLauncher.java:374)
	at edu.cmu.pact.BehaviorRecorder.Controller.SingleSessionLauncher.&lt;init&gt;(SingleSessionLauncher.java:246)
	at edu.cmu.pact.BehaviorRecorder.Controller.SingleSessionLauncher.&lt;init&gt;(SingleSessionLauncher.java:187)
	at edu.cmu.pact.BehaviorRecorder.Controller.CTAT_Launcher.&lt;init&gt;(CTAT_Launcher.java:129)
	at edu.cmu.pact.BehaviorRecorder.Controller.CTAT_Launcher.&lt;init&gt;(CTAT_Launcher.java:88)
	at edu.cmu.pact.BehaviorRecorder.ProblemModel.JDomReaderTest.testJDom(JDomReaderTest.java:71)
	at sun.reflect.NativeMethodAccessorImpl.invoke0(Native Method)
	at sun.reflect.NativeMethodAccessorImpl.invoke(NativeMethodAccessorImpl.java:62)
	at sun.reflect.DelegatingMethodAccessorImpl.invoke(DelegatingMethodAccessorImpl.java:43)
	at java.lang.reflect.Method.invoke(Method.java:497)
	at junit.framework.TestCase.runTest(TestCase.java:154)
	at junit.framework.TestCase.runBare(TestCase.java:127)
	at junit.framework.TestResult$1.protect(TestResult.java:106)
	at junit.framework.TestResult.runProtected(TestResult.java:124)
	at junit.framework.TestResult.run(TestResult.java:109)
	at junit.framework.TestCase.run(TestCase.java:118)
	at junit.framework.TestSuite.runTest(TestSuite.java:208)
	at junit.framework.TestSuite.run(TestSuite.java:203)
	at org.apache.tools.ant.taskdefs.optional.junit.JUnitTestRunner.run(JUnitTestRunner.java:535)
	at org.apache.tools.ant.taskdefs.optional.junit.JUnitTestRunner.launch(JUnitTestRunner.java:1182)
	at org.apache.tools.ant.taskdefs.optional.junit.JUnitTestRunner.main(JUnitTestRunner.java:1033)
deserializing from buffer CTATFunctionsParser.ser
Parser construction took 1 millis
Exception in thread "AWT-EventQueue-0" java.lang.NullPointerException
	at edu.cmu.pact.BehaviorRecorder.ProblemModel.JDomReaderTest$1.run(JDomReaderTest.java:59)
	at java.awt.event.InvocationEvent.dispatch(InvocationEvent.java:311)
	at java.awt.EventQueue.dispatchEventImpl(EventQueue.java:749)
	at java.awt.EventQueue.access$500(EventQueue.java:97)
	at java.awt.EventQueue$3.run(EventQueue.java:702)
	at java.awt.EventQueue$3.run(EventQueue.java:696)
	at java.security.AccessController.doPrivileged(Native Method)
	at java.security.ProtectionDomain$1.doIntersectionPrivilege(ProtectionDomain.java:75)
	at java.awt.EventQueue.dispatchEvent(EventQueue.java:719)
	at java.awt.EventDispatchThread.pumpOneEventForFilters(EventDispatchThread.java:201)
	at java.awt.EventDispatchThread.pumpEventsForFilter(EventDispatchThread.java:116)
	at java.awt.EventDispatchThread.pumpEventsForHierarchy(EventDispatchThread.java:105)
	at java.awt.EventDispatchThread.pumpEvents(EventDispatchThread.java:101)
	at java.awt.EventDispatchThread.pumpEvents(EventDispatchThread.java:93)
	at java.awt.EventDispatchThread.run(EventDispatchThread.java:82)
[12:16:05] +err+ 4747: MT.loadInterfaceTemplates(): interfaceTemplatesList is null &lt;edu.cmu.pact.jess.MTRete:1258&gt;main
java.lang.NullPointerException
	at net.infonode.properties.propertymap.PropertyMapManager.addMapChanges(Unknown Source)
	at net.infonode.properties.propertymap.PropertyMapImpl$1.signalEmitted(Unknown Source)
	at net.infonode.util.signal.Signal.emit(Unknown Source)
	at net.infonode.util.collection.notifymap.AbstractConstChangeNotifyMap.fireEntriesChanged(Unknown Source)
	at net.infonode.properties.propertymap.PropertyMapImpl$PropertyObjectMap.fireEntriesChanged(Unknown Source)
	at net.infonode.properties.propertymap.PropertyMapImpl.firePropertyValueChanged(Unknown Source)
	at net.infonode.properties.propertymap.value.PropertyRefValue.signalEmitted(Unknown Source)
	at net.infonode.util.signal.Signal.emit(Unknown Source)
	at net.infonode.util.collection.notifymap.AbstractConstChangeNotifyMap.fireEntriesChanged(Unknown Source)
	at net.infonode.properties.propertymap.PropertyMapImpl$PropertyObjectMap.fireEntriesChanged(Unknown Source)
	at net.infonode.properties.propertymap.PropertyMapImpl$PropertyObjectMap.signalEmitted(Unknown Source)
	at net.infonode.util.signal.Signal.emit(Unknown Source)
	at net.infonode.util.collection.notifymap.AbstractConstChangeNotifyMap.fireEntriesChanged(Unknown Source)
	at net.infonode.util.collection.notifymap.ConstChangeNotifyVectorMap$1.signalEmitted(Unknown Source)
	at net.infonode.util.signal.Signal.emit(Unknown Source)
	at net.infonode.util.collection.notifymap.AbstractConstChangeNotifyMap.fireEntriesChanged(Unknown Source)
	at net.infonode.properties.propertymap.PropertyMapImpl$PropertyObjectMap.fireEntriesChanged(Unknown Source)
	at net.infonode.properties.propertymap.PropertyMapImpl.firePropertyValueChanged(Unknown Source)
	at net.infonode.properties.propertymap.PropertyMapImpl.setValue(Unknown Source)
	at net.infonode.properties.propertymap.PropertyMapValueHandler.setValue(Unknown Source)
	at net.infonode.properties.util.ValueHandlerProperty.setValue(Unknown Source)
	at net.infonode.properties.types.BorderProperty.set(Unknown Source)
	at net.infonode.properties.gui.util.ComponentProperties.setBorder(Unknown Source)
	at net.infonode.tabbedpanel.titledtab.TitledTabProperties$2.run(Unknown Source)
	at net.infonode.properties.propertymap.PropertyMapManager.runBatch(Unknown Source)
	at net.infonode.tabbedpanel.titledtab.TitledTabProperties.updateVisualProperties(Unknown Source)
	at net.infonode.tabbedpanel.titledtab.TitledTabProperties.access$000(Unknown Source)
	at net.infonode.tabbedpanel.titledtab.TitledTabProperties$1.lookAndFeelChanged(Unknown Source)
	at net.infonode.gui.DynamicUIManager.fireLookAndFeelChanged(Unknown Source)
	at net.infonode.gui.DynamicUIManager.access$300(Unknown Source)
	at net.infonode.gui.DynamicUIManager$2.propertyChange(Unknown Source)
	at java.beans.PropertyChangeSupport.fire(PropertyChangeSupport.java:335)
	at java.beans.PropertyChangeSupport.firePropertyChange(PropertyChangeSupport.java:327)
	at javax.swing.event.SwingPropertyChangeSupport.firePropertyChange(SwingPropertyChangeSupport.java:92)
	at java.beans.PropertyChangeSupport.firePropertyChange(PropertyChangeSupport.java:263)
	at javax.swing.UIManager.setLookAndFeel(UIManager.java:548)
	at javax.swing.UIManager.setLookAndFeel(UIManager.java:583)
	at edu.cmu.pact.BehaviorRecorder.Controller.SingleSessionLauncher.installNativeLookAndFeel(SingleSessionLauncher.java:374)
	at edu.cmu.pact.BehaviorRecorder.Controller.SingleSessionLauncher.&lt;init&gt;(SingleSessionLauncher.java:246)
	at edu.cmu.pact.BehaviorRecorder.Controller.SingleSessionLauncher.&lt;init&gt;(SingleSessionLauncher.java:187)
	at edu.cmu.pact.BehaviorRecorder.Controller.CTAT_Launcher.&lt;init&gt;(CTAT_Launcher.java:129)
	at edu.cmu.pact.BehaviorRecorder.Controller.CTAT_Launcher.&lt;init&gt;(CTAT_Launcher.java:88)
	at edu.cmu.pact.Log.DataShopMessageObjectTest.setUp(DataShopMessageObjectTest.java:521)
	at junit.framework.TestCase.runBare(TestCase.java:125)
	at junit.framework.TestResult$1.protect(TestResult.java:106)
	at junit.framework.TestResult.runProtected(TestResult.java:124)
	at junit.framework.TestResult.run(TestResult.java:109)
	at junit.framework.TestCase.run(TestCase.java:118)
	at junit.framework.TestSuite.runTest(TestSuite.java:208)
	at junit.framework.TestSuite.run(TestSuite.java:203)
	at org.apache.tools.ant.taskdefs.optional.junit.JUnitTestRunner.run(JUnitTestRunner.java:535)
	at org.apache.tools.ant.taskdefs.optional.junit.JUnitTestRunner.launch(JUnitTestRunner.java:1182)
	at org.apache.tools.ant.taskdefs.optional.junit.JUnitTestRunner.main(JUnitTestRunner.java:1033)
deserializing from buffer CTATFunctionsParser.ser
Parser construction took 1 millis
INFO: Mixed parser and lexer specification, 25 lexer rules, 11 parser rules.

INFO: Mixed parser and lexer specification, 268 lexer rules, 16 parser rules.
Lexer scratch construction took 1 millis
WARNING: Grammar has no top level rule, taking first rule &gt;EXPRESSION ::= TERM ;&lt;
ParserTables scratch construction took 2 millis
serializing to buffer CTATExpressionSemanticParser.ser
Parser construction took 4 millis
deserializing from buffer CTATExpressionSemanticParser.ser
Parser construction took 1 millis
java.lang.NullPointerException
	at edu.cmu.pact.BehaviorRecorder.ExpressionMatcher.ExpressionSyntaxNode.generateExpressionTree(ExpressionSyntaxNode.java:36)
	at edu.cmu.pact.BehaviorRecorder.ExpressionMatcher.CTATExpressionSemantic.generateExpressionTree(CTATExpressionSemantic.java:180)
	at edu.cmu.pact.BehaviorRecorder.ExpressionMatcher.CTATExpressionParser.stringToExpressionTreeNode(CTATExpressionParser.java:37)
	at edu.cmu.pact.BehaviorRecorder.ProblemModel.Matcher.ExpressionMatcherTest.isInvalidAlg(ExpressionMatcherTest.java:252)
	at edu.cmu.pact.BehaviorRecorder.ProblemModel.Matcher.ExpressionMatcherTest.testNewExpressionMatcherAll(ExpressionMatcherTest.java:86)
	at sun.reflect.NativeMethodAccessorImpl.invoke0(Native Method)
	at sun.reflect.NativeMethodAccessorImpl.invoke(NativeMethodAccessorImpl.java:62)
	at sun.reflect.DelegatingMethodAccessorImpl.invoke(DelegatingMethodAccessorImpl.java:43)
	at java.lang.reflect.Method.invoke(Method.java:497)
	at junit.framework.TestCase.runTest(TestCase.java:154)
	at junit.framework.TestCase.runBare(TestCase.java:127)
	at junit.framework.TestResult$1.protect(TestResult.java:106)
	at junit.framework.TestResult.runProtected(TestResult.java:124)
	at junit.framework.TestResult.run(TestResult.java:109)
	at junit.framework.TestCase.run(TestCase.java:118)
	at junit.framework.TestSuite.runTest(TestSuite.java:208)
	at junit.framework.TestSuite.run(TestSuite.java:203)
	at org.apache.tools.ant.taskdefs.optional.junit.JUnitTestRunner.run(JUnitTestRunner.java:535)
	at org.apache.tools.ant.taskdefs.optional.junit.JUnitTestRunner.launch(JUnitTestRunner.java:1182)
	at org.apache.tools.ant.taskdefs.optional.junit.JUnitTestRunner.main(JUnitTestRunner.java:1033)
java.lang.NullPointerException
	at edu.cmu.pact.BehaviorRecorder.ExpressionMatcher.ExpressionSyntaxNode.generateExpressionTree(ExpressionSyntaxNode.java:36)
	at edu.cmu.pact.BehaviorRecorder.ExpressionMatcher.CTATExpressionSemantic.generateExpressionTree(CTATExpressionSemantic.java:180)
	at edu.cmu.pact.BehaviorRecorder.ExpressionMatcher.CTATExpressionParser.stringToExpressionTreeNode(CTATExpressionParser.java:37)
	at edu.cmu.pact.BehaviorRecorder.ProblemModel.Matcher.ExpressionMatcherTest.isInvalidAlg(ExpressionMatcherTest.java:252)
	at edu.cmu.pact.BehaviorRecorder.ProblemModel.Matcher.ExpressionMatcherTest.testNewExpressionMatcherAll(ExpressionMatcherTest.java:87)
	at sun.reflect.NativeMethodAccessorImpl.invoke0(Native Method)
	at sun.reflect.NativeMethodAccessorImpl.invoke(NativeMethodAccessorImpl.java:62)
	at sun.reflect.DelegatingMethodAccessorImpl.invoke(DelegatingMethodAccessorImpl.java:43)
	at java.lang.reflect.Method.invoke(Method.java:497)
	at junit.framework.TestCase.runTest(TestCase.java:154)
	at junit.framework.TestCase.runBare(TestCase.java:127)
	at junit.framework.TestResult$1.protect(TestResult.java:106)
	at junit.framework.TestResult.runProtected(TestResult.java:124)
	at junit.framework.TestResult.run(TestResult.java:109)
	at junit.framework.TestCase.run(TestCase.java:118)
	at junit.framework.TestSuite.runTest(TestSuite.java:208)
	at junit.framework.TestSuite.run(TestSuite.java:203)
	at org.apache.tools.ant.taskdefs.optional.junit.JUnitTestRunner.run(JUnitTestRunner.java:535)
	at org.apache.tools.ant.taskdefs.optional.junit.JUnitTestRunner.launch(JUnitTestRunner.java:1182)
	at org.apache.tools.ant.taskdefs.optional.junit.JUnitTestRunner.main(JUnitTestRunner.java:1033)
java.lang.NullPointerException
	at edu.cmu.pact.BehaviorRecorder.ExpressionMatcher.ExpressionSyntaxNode.generateExpressionTree(ExpressionSyntaxNode.java:36)
	at edu.cmu.pact.BehaviorRecorder.ExpressionMatcher.CTATExpressionSemantic.generateExpressionTree(CTATExpressionSemantic.java:180)
	at edu.cmu.pact.BehaviorRecorder.ExpressionMatcher.CTATExpressionParser.stringToExpressionTreeNode(CTATExpressionParser.java:37)
	at edu.cmu.pact.BehaviorRecorder.ProblemModel.Matcher.ExpressionMatcherTest.isInvalidAlg(ExpressionMatcherTest.java:252)
	at edu.cmu.pact.BehaviorRecorder.ProblemModel.Matcher.ExpressionMatcherTest.testNewExpressionMatcherAll(ExpressionMatcherTest.java:88)
	at sun.reflect.NativeMethodAccessorImpl.invoke0(Native Method)
	at sun.reflect.NativeMethodAccessorImpl.invoke(NativeMethodAccessorImpl.java:62)
	at sun.reflect.DelegatingMethodAccessorImpl.invoke(DelegatingMethodAccessorImpl.java:43)
	at java.lang.reflect.Method.invoke(Method.java:497)
	at junit.framework.TestCase.runTest(TestCase.java:154)
	at junit.framework.TestCase.runBare(TestCase.java:127)
	at junit.framework.TestResult$1.protect(TestResult.java:106)
	at junit.framework.TestResult.runProtected(TestResult.java:124)
	at junit.framework.TestResult.run(TestResult.java:109)
	at junit.framework.TestCase.run(TestCase.java:118)
	at junit.framework.TestSuite.runTest(TestSuite.java:208)
	at junit.framework.TestSuite.run(TestSuite.java:203)
	at org.apache.tools.ant.taskdefs.optional.junit.JUnitTestRunner.run(JUnitTestRunner.java:535)
	at org.apache.tools.ant.taskdefs.optional.junit.JUnitTestRunner.launch(JUnitTestRunner.java:1182)
	at org.apache.tools.ant.taskdefs.optional.junit.JUnitTestRunner.main(JUnitTestRunner.java:1033)
deserializing from buffer CTATFunctionsParser.ser
Parser construction took 1 millis
deserializing from buffer CTATExpressionSemanticParser.ser
Parser construction took 0 millis
deserializing from buffer CTATExpressionSemanticParser.ser
Parser construction took 1 millis
deserializing from buffer CTATExpressionSemanticParser.ser
Parser construction took 1 millis
deserializing from buffer CTATExpressionSemanticParser.ser
Parser construction took 1 millis
deserializing from buffer CTATFunctionsParser.ser
Parser construction took 1 millis
deserializing from buffer CTATExpressionSemanticParser.ser
Parser construction took 1 millis
deserializing from buffer CTATExpressionSemanticParser.ser
Parser construction took 1 millis
deserializing from buffer CTATExpressionSemanticParser.ser
Parser construction took 1 millis
deserializing from buffer CTATExpressionSemanticParser.ser
Parser construction took 1 millis
[12:16:13] +err+ 14260: bad pKnown: java.lang.NumberFormatException: For input string: "c,_negative Solver" &lt;edu.cmu.pact.ctat.model.Skill:519&gt;main
[12:16:13] +err+ 14301: bad pKnown: java.lang.NumberFormatException: For input string: "c,_negative Solver" &lt;edu.cmu.pact.ctat.model.Skill:519&gt;main
java.lang.NullPointerException
	at net.infonode.properties.propertymap.PropertyMapManager.addMapChanges(Unknown Source)
	at net.infonode.properties.propertymap.PropertyMapImpl$1.signalEmitted(Unknown Source)
	at net.infonode.util.signal.Signal.emit(Unknown Source)
	at net.infonode.util.collection.notifymap.AbstractConstChangeNotifyMap.fireEntriesChanged(Unknown Source)
	at net.infonode.properties.propertymap.PropertyMapImpl$PropertyObjectMap.fireEntriesChanged(Unknown Source)
	at net.infonode.properties.propertymap.PropertyMapImpl.firePropertyValueChanged(Unknown Source)
	at net.infonode.properties.propertymap.value.PropertyRefValue.signalEmitted(Unknown Source)
	at net.infonode.util.signal.Signal.emit(Unknown Source)
	at net.infonode.util.collection.notifymap.AbstractConstChangeNotifyMap.fireEntriesChanged(Unknown Source)
	at net.infonode.properties.propertymap.PropertyMapImpl$PropertyObjectMap.fireEntriesChanged(Unknown Source)
	at net.infonode.properties.propertymap.PropertyMapImpl$PropertyObjectMap.signalEmitted(Unknown Source)
	at net.infonode.util.signal.Signal.emit(Unknown Source)
	at net.infonode.util.collection.notifymap.AbstractConstChangeNotifyMap.fireEntriesChanged(Unknown Source)
	at net.infonode.util.collection.notifymap.ConstChangeNotifyVectorMap$1.signalEmitted(Unknown Source)
	at net.infonode.util.signal.Signal.emit(Unknown Source)
	at net.infonode.util.collection.notifymap.AbstractConstChangeNotifyMap.fireEntriesChanged(Unknown Source)
	at net.infonode.properties.propertymap.PropertyMapImpl$PropertyObjectMap.fireEntriesChanged(Unknown Source)
	at net.infonode.properties.propertymap.PropertyMapImpl.firePropertyValueChanged(Unknown Source)
	at net.infonode.properties.propertymap.PropertyMapImpl.setValue(Unknown Source)
	at net.infonode.properties.propertymap.PropertyMapValueHandler.setValue(Unknown Source)
	at net.infonode.properties.util.ValueHandlerProperty.setValue(Unknown Source)
	at net.infonode.properties.types.BorderProperty.set(Unknown Source)
	at net.infonode.properties.gui.util.ComponentProperties.setBorder(Unknown Source)
	at net.infonode.tabbedpanel.titledtab.TitledTabProperties$2.run(Unknown Source)
	at net.infonode.properties.propertymap.PropertyMapManager.runBatch(Unknown Source)
	at net.infonode.tabbedpanel.titledtab.TitledTabProperties.updateVisualProperties(Unknown Source)
	at net.infonode.tabbedpanel.titledtab.TitledTabProperties.access$000(Unknown Source)
	at net.infonode.tabbedpanel.titledtab.TitledTabProperties$1.lookAndFeelChanged(Unknown Source)
	at net.infonode.gui.DynamicUIManager.fireLookAndFeelChanged(Unknown Source)
	at net.infonode.gui.DynamicUIManager.access$300(Unknown Source)
	at net.infonode.gui.DynamicUIManager$2.propertyChange(Unknown Source)
	at java.beans.PropertyChangeSupport.fire(PropertyChangeSupport.java:335)
	at java.beans.PropertyChangeSupport.firePropertyChange(PropertyChangeSupport.java:327)
	at javax.swing.event.SwingPropertyChangeSupport.firePropertyChange(SwingPropertyChangeSupport.java:92)
	at java.beans.PropertyChangeSupport.firePropertyChange(PropertyChangeSupport.java:263)
	at javax.swing.UIManager.setLookAndFeel(UIManager.java:548)
	at javax.swing.UIManager.setLookAndFeel(UIManager.java:583)
	at edu.cmu.pact.BehaviorRecorder.Controller.SingleSessionLauncher.installNativeLookAndFeel(SingleSessionLauncher.java:374)
	at edu.cmu.pact.BehaviorRecorder.Controller.SingleSessionLauncher.&lt;init&gt;(SingleSessionLauncher.java:246)
	at edu.cmu.pact.BehaviorRecorder.Controller.SingleSessionLauncher.&lt;init&gt;(SingleSessionLauncher.java:187)
	at edu.cmu.pact.BehaviorRecorder.Controller.CTAT_Launcher.&lt;init&gt;(CTAT_Launcher.java:129)
	at edu.cmu.pact.BehaviorRecorder.Controller.CTAT_Launcher.&lt;init&gt;(CTAT_Launcher.java:88)
	at edu.cmu.pact.BehaviorRecorder.ProblemModel.ProblemModelEventTest.setUp(ProblemModelEventTest.java:78)
	at junit.framework.TestCase.runBare(TestCase.java:125)
	at junit.framework.TestResult$1.protect(TestResult.java:106)
	at junit.framework.TestResult.runProtected(TestResult.java:124)
	at junit.framework.TestResult.run(TestResult.java:109)
	at junit.framework.TestCase.run(TestCase.java:118)
	at junit.framework.TestSuite.runTest(TestSuite.java:208)
	at junit.framework.TestSuite.run(TestSuite.java:203)
	at org.apache.tools.ant.taskdefs.optional.junit.JUnitTestRunner.run(JUnitTestRunner.java:535)
	at org.apache.tools.ant.taskdefs.optional.junit.JUnitTestRunner.launch(JUnitTestRunner.java:1182)
	at org.apache.tools.ant.taskdefs.optional.junit.JUnitTestRunner.main(JUnitTestRunner.java:1033)
deserializing from buffer CTATFunctionsParser.ser
Parser construction took 1 millis
java.lang.NullPointerException
	at net.infonode.properties.propertymap.PropertyMapManager.addMapChanges(Unknown Source)
	at net.infonode.properties.propertymap.PropertyMapImpl$1.signalEmitted(Unknown Source)
	at net.infonode.util.signal.Signal.emit(Unknown Source)
	at net.infonode.util.collection.notifymap.AbstractConstChangeNotifyMap.fireEntriesChanged(Unknown Source)
	at net.infonode.properties.propertymap.PropertyMapImpl$PropertyObjectMap.fireEntriesChanged(Unknown Source)
	at net.infonode.properties.propertymap.PropertyMapImpl.firePropertyValueChanged(Unknown Source)
	at net.infonode.properties.propertymap.value.PropertyRefValue.signalEmitted(Unknown Source)
	at net.infonode.util.signal.Signal.emit(Unknown Source)
	at net.infonode.util.collection.notifymap.AbstractConstChangeNotifyMap.fireEntriesChanged(Unknown Source)
	at net.infonode.properties.propertymap.PropertyMapImpl$PropertyObjectMap.fireEntriesChanged(Unknown Source)
	at net.infonode.properties.propertymap.PropertyMapImpl$PropertyObjectMap.signalEmitted(Unknown Source)
	at net.infonode.util.signal.Signal.emit(Unknown Source)
	at net.infonode.util.collection.notifymap.AbstractConstChangeNotifyMap.fireEntriesChanged(Unknown Source)
	at net.infonode.util.collection.notifymap.ConstChangeNotifyVectorMap$1.signalEmitted(Unknown Source)
	at net.infonode.util.signal.Signal.emit(Unknown Source)
	at net.infonode.util.collection.notifymap.AbstractConstChangeNotifyMap.fireEntriesChanged(Unknown Source)
	at net.infonode.properties.propertymap.PropertyMapImpl$PropertyObjectMap.fireEntriesChanged(Unknown Source)
	at net.infonode.properties.propertymap.PropertyMapImpl.firePropertyValueChanged(Unknown Source)
	at net.infonode.properties.propertymap.PropertyMapImpl.setValue(Unknown Source)
	at net.infonode.properties.propertymap.PropertyMapValueHandler.setValue(Unknown Source)
	at net.infonode.properties.util.ValueHandlerProperty.setValue(Unknown Source)
	at net.infonode.properties.types.BorderProperty.set(Unknown Source)
	at net.infonode.properties.gui.util.ComponentProperties.setBorder(Unknown Source)
	at net.infonode.tabbedpanel.titledtab.TitledTabProperties$2.run(Unknown Source)
	at net.infonode.properties.propertymap.PropertyMapManager.runBatch(Unknown Source)
	at net.infonode.tabbedpanel.titledtab.TitledTabProperties.updateVisualProperties(Unknown Source)
	at net.infonode.tabbedpanel.titledtab.TitledTabProperties.access$000(Unknown Source)
	at net.infonode.tabbedpanel.titledtab.TitledTabProperties$1.lookAndFeelChanged(Unknown Source)
	at net.infonode.gui.DynamicUIManager.fireLookAndFeelChanged(Unknown Source)
	at net.infonode.gui.DynamicUIManager.access$300(Unknown Source)
	at net.infonode.gui.DynamicUIManager$2.propertyChange(Unknown Source)
	at java.beans.PropertyChangeSupport.fire(PropertyChangeSupport.java:335)
	at java.beans.PropertyChangeSupport.firePropertyChange(PropertyChangeSupport.java:327)
	at javax.swing.event.SwingPropertyChangeSupport.firePropertyChange(SwingPropertyChangeSupport.java:92)
	at java.beans.PropertyChangeSupport.firePropertyChange(PropertyChangeSupport.java:263)
	at javax.swing.UIManager.setLookAndFeel(UIManager.java:548)
	at javax.swing.UIManager.setLookAndFeel(UIManager.java:583)
	at edu.cmu.pact.BehaviorRecorder.Controller.SingleSessionLauncher.installNativeLookAndFeel(SingleSessionLauncher.java:374)
	at edu.cmu.pact.BehaviorRecorder.Controller.SingleSessionLauncher.&lt;init&gt;(SingleSessionLauncher.java:246)
	at edu.cmu.pact.BehaviorRecorder.Controller.SingleSessionLauncher.&lt;init&gt;(SingleSessionLauncher.java:187)
	at edu.cmu.pact.BehaviorRecorder.Controller.CTAT_Launcher.&lt;init&gt;(CTAT_Launcher.java:129)
	at edu.cmu.pact.BehaviorRecorder.Controller.CTAT_Launcher.&lt;init&gt;(CTAT_Launcher.java:88)
	at edu.cmu.pact.BehaviorRecorder.Controller.ActionLabelHandlerTest.setUp(ActionLabelHandlerTest.java:36)
	at junit.framework.TestCase.runBare(TestCase.java:125)
	at junit.framework.TestResult$1.protect(TestResult.java:106)
	at junit.framework.TestResult.runProtected(TestResult.java:124)
	at junit.framework.TestResult.run(TestResult.java:109)
	at junit.framework.TestCase.run(TestCase.java:118)
	at junit.framework.TestSuite.runTest(TestSuite.java:208)
	at junit.framework.TestSuite.run(TestSuite.java:203)
	at org.apache.tools.ant.taskdefs.optional.junit.JUnitTestRunner.run(JUnitTestRunner.java:535)
	at org.apache.tools.ant.taskdefs.optional.junit.JUnitTestRunner.launch(JUnitTestRunner.java:1182)
	at org.apache.tools.ant.taskdefs.optional.junit.JUnitTestRunner.main(JUnitTestRunner.java:1033)
deserializing from buffer CTATFunctionsParser.ser
Parser construction took 1 millis
java.lang.NullPointerException
	at net.infonode.properties.propertymap.PropertyMapManager.addMapChanges(Unknown Source)
	at net.infonode.properties.propertymap.PropertyMapImpl$1.signalEmitted(Unknown Source)
	at net.infonode.util.signal.Signal.emit(Unknown Source)
	at net.infonode.util.collection.notifymap.AbstractConstChangeNotifyMap.fireEntriesChanged(Unknown Source)
	at net.infonode.properties.propertymap.PropertyMapImpl$PropertyObjectMap.fireEntriesChanged(Unknown Source)
	at net.infonode.properties.propertymap.PropertyMapImpl.firePropertyValueChanged(Unknown Source)
	at net.infonode.properties.propertymap.value.PropertyRefValue.signalEmitted(Unknown Source)
	at net.infonode.util.signal.Signal.emit(Unknown Source)
	at net.infonode.util.collection.notifymap.AbstractConstChangeNotifyMap.fireEntriesChanged(Unknown Source)
	at net.infonode.properties.propertymap.PropertyMapImpl$PropertyObjectMap.fireEntriesChanged(Unknown Source)
	at net.infonode.properties.propertymap.PropertyMapImpl$PropertyObjectMap.signalEmitted(Unknown Source)
	at net.infonode.util.signal.Signal.emit(Unknown Source)
	at net.infonode.util.collection.notifymap.AbstractConstChangeNotifyMap.fireEntriesChanged(Unknown Source)
	at net.infonode.util.collection.notifymap.ConstChangeNotifyVectorMap$1.signalEmitted(Unknown Source)
	at net.infonode.util.signal.Signal.emit(Unknown Source)
	at net.infonode.util.collection.notifymap.AbstractConstChangeNotifyMap.fireEntriesChanged(Unknown Source)
	at net.infonode.properties.propertymap.PropertyMapImpl$PropertyObjectMap.fireEntriesChanged(Unknown Source)
	at net.infonode.properties.propertymap.PropertyMapImpl.firePropertyValueChanged(Unknown Source)
	at net.infonode.properties.propertymap.PropertyMapImpl.setValue(Unknown Source)
	at net.infonode.properties.propertymap.PropertyMapValueHandler.setValue(Unknown Source)
	at net.infonode.properties.util.ValueHandlerProperty.setValue(Unknown Source)
	at net.infonode.properties.types.BorderProperty.set(Unknown Source)
	at net.infonode.properties.gui.util.ComponentProperties.setBorder(Unknown Source)
	at net.infonode.tabbedpanel.titledtab.TitledTabProperties$2.run(Unknown Source)
	at net.infonode.properties.propertymap.PropertyMapManager.runBatch(Unknown Source)
	at net.infonode.tabbedpanel.titledtab.TitledTabProperties.updateVisualProperties(Unknown Source)
	at net.infonode.tabbedpanel.titledtab.TitledTabProperties.access$000(Unknown Source)
	at net.infonode.tabbedpanel.titledtab.TitledTabProperties$1.lookAndFeelChanged(Unknown Source)
	at net.infonode.gui.DynamicUIManager.fireLookAndFeelChanged(Unknown Source)
	at net.infonode.gui.DynamicUIManager.access$300(Unknown Source)
	at net.infonode.gui.DynamicUIManager$2.propertyChange(Unknown Source)
	at java.beans.PropertyChangeSupport.fire(PropertyChangeSupport.java:335)
	at java.beans.PropertyChangeSupport.firePropertyChange(PropertyChangeSupport.java:327)
	at javax.swing.event.SwingPropertyChangeSupport.firePropertyChange(SwingPropertyChangeSupport.java:92)
	at java.beans.PropertyChangeSupport.firePropertyChange(PropertyChangeSupport.java:263)
	at javax.swing.UIManager.setLookAndFeel(UIManager.java:548)
	at javax.swing.UIManager.setLookAndFeel(UIManager.java:583)
	at edu.cmu.pact.BehaviorRecorder.Controller.SingleSessionLauncher.installNativeLookAndFeel(SingleSessionLauncher.java:374)
	at edu.cmu.pact.BehaviorRecorder.Controller.SingleSessionLauncher.&lt;init&gt;(SingleSessionLauncher.java:246)
	at edu.cmu.pact.BehaviorRecorder.Controller.SingleSessionLauncher.&lt;init&gt;(SingleSessionLauncher.java:187)
	at edu.cmu.pact.BehaviorRecorder.Controller.CTAT_Launcher.&lt;init&gt;(CTAT_Launcher.java:129)
	at edu.cmu.pact.BehaviorRecorder.Controller.CTAT_Launcher.&lt;init&gt;(CTAT_Launcher.java:88)
	at edu.cmu.pact.BehaviorRecorder.Controller.ActionLabelHandlerTest.setUp(ActionLabelHandlerTest.java:36)
	at junit.framework.TestCase.runBare(TestCase.java:125)
	at junit.framework.TestResult$1.protect(TestResult.java:106)
	at junit.framework.TestResult.runProtected(TestResult.java:124)
	at junit.framework.TestResult.run(TestResult.java:109)
	at junit.framework.TestCase.run(TestCase.java:118)
	at junit.framework.TestSuite.runTest(TestSuite.java:208)
	at junit.framework.TestSuite.run(TestSuite.java:203)
	at org.apache.tools.ant.taskdefs.optional.junit.JUnitTestRunner.run(JUnitTestRunner.java:535)
	at org.apache.tools.ant.taskdefs.optional.junit.JUnitTestRunner.launch(JUnitTestRunner.java:1182)
	at org.apache.tools.ant.taskdefs.optional.junit.JUnitTestRunner.main(JUnitTestRunner.java:1033)
deserializing from buffer CTATFunctionsParser.ser
Parser construction took 1 millis
java.lang.NullPointerException
	at net.infonode.properties.propertymap.PropertyMapManager.addMapChanges(Unknown Source)
	at net.infonode.properties.propertymap.PropertyMapImpl$1.signalEmitted(Unknown Source)
	at net.infonode.util.signal.Signal.emit(Unknown Source)
	at net.infonode.util.collection.notifymap.AbstractConstChangeNotifyMap.fireEntriesChanged(Unknown Source)
	at net.infonode.properties.propertymap.PropertyMapImpl$PropertyObjectMap.fireEntriesChanged(Unknown Source)
	at net.infonode.properties.propertymap.PropertyMapImpl.firePropertyValueChanged(Unknown Source)
	at net.infonode.properties.propertymap.value.PropertyRefValue.signalEmitted(Unknown Source)
	at net.infonode.util.signal.Signal.emit(Unknown Source)
	at net.infonode.util.collection.notifymap.AbstractConstChangeNotifyMap.fireEntriesChanged(Unknown Source)
	at net.infonode.properties.propertymap.PropertyMapImpl$PropertyObjectMap.fireEntriesChanged(Unknown Source)
	at net.infonode.properties.propertymap.PropertyMapImpl$PropertyObjectMap.signalEmitted(Unknown Source)
	at net.infonode.util.signal.Signal.emit(Unknown Source)
	at net.infonode.util.collection.notifymap.AbstractConstChangeNotifyMap.fireEntriesChanged(Unknown Source)
	at net.infonode.util.collection.notifymap.ConstChangeNotifyVectorMap$1.signalEmitted(Unknown Source)
	at net.infonode.util.signal.Signal.emit(Unknown Source)
	at net.infonode.util.collection.notifymap.AbstractConstChangeNotifyMap.fireEntriesChanged(Unknown Source)
	at net.infonode.properties.propertymap.PropertyMapImpl$PropertyObjectMap.fireEntriesChanged(Unknown Source)
	at net.infonode.properties.propertymap.PropertyMapImpl.firePropertyValueChanged(Unknown Source)
	at net.infonode.properties.propertymap.PropertyMapImpl.setValue(Unknown Source)
	at net.infonode.properties.propertymap.PropertyMapValueHandler.setValue(Unknown Source)
	at net.infonode.properties.util.ValueHandlerProperty.setValue(Unknown Source)
	at net.infonode.properties.types.BorderProperty.set(Unknown Source)
	at net.infonode.properties.gui.util.ComponentProperties.setBorder(Unknown Source)
	at net.infonode.tabbedpanel.titledtab.TitledTabProperties$2.run(Unknown Source)
	at net.infonode.properties.propertymap.PropertyMapManager.runBatch(Unknown Source)
	at net.infonode.tabbedpanel.titledtab.TitledTabProperties.updateVisualProperties(Unknown Source)
	at net.infonode.tabbedpanel.titledtab.TitledTabProperties.access$000(Unknown Source)
	at net.infonode.tabbedpanel.titledtab.TitledTabProperties$1.lookAndFeelChanged(Unknown Source)
	at net.infonode.gui.DynamicUIManager.fireLookAndFeelChanged(Unknown Source)
	at net.infonode.gui.DynamicUIManager.access$300(Unknown Source)
	at net.infonode.gui.DynamicUIManager$2.propertyChange(Unknown Source)
	at java.beans.PropertyChangeSupport.fire(PropertyChangeSupport.java:335)
	at java.beans.PropertyChangeSupport.firePropertyChange(PropertyChangeSupport.java:327)
	at javax.swing.event.SwingPropertyChangeSupport.firePropertyChange(SwingPropertyChangeSupport.java:92)
	at java.beans.PropertyChangeSupport.firePropertyChange(PropertyChangeSupport.java:263)
	at javax.swing.UIManager.setLookAndFeel(UIManager.java:548)
	at javax.swing.UIManager.setLookAndFeel(UIManager.java:583)
	at edu.cmu.pact.BehaviorRecorder.Controller.SingleSessionLauncher.installNativeLookAndFeel(SingleSessionLauncher.java:374)
	at edu.cmu.pact.BehaviorRecorder.Controller.SingleSessionLauncher.&lt;init&gt;(SingleSessionLauncher.java:246)
	at edu.cmu.pact.BehaviorRecorder.Controller.SingleSessionLauncher.&lt;init&gt;(SingleSessionLauncher.java:187)
	at edu.cmu.pact.BehaviorRecorder.Controller.CTAT_Launcher.&lt;init&gt;(CTAT_Launcher.java:129)
	at edu.cmu.pact.BehaviorRecorder.Controller.CTAT_Launcher.&lt;init&gt;(CTAT_Launcher.java:88)
	at pact.CommWidgets.CommComposerTest.setUp(CommComposerTest.java:19)
	at junit.framework.TestCase.runBare(TestCase.java:125)
	at junit.framework.TestResult$1.protect(TestResult.java:106)
	at junit.framework.TestResult.runProtected(TestResult.java:124)
	at junit.framework.TestResult.run(TestResult.java:109)
	at junit.framework.TestCase.run(TestCase.java:118)
	at junit.framework.TestSuite.runTest(TestSuite.java:208)
	at junit.framework.TestSuite.run(TestSuite.java:203)
	at org.apache.tools.ant.taskdefs.optional.junit.JUnitTestRunner.run(JUnitTestRunner.java:535)
	at org.apache.tools.ant.taskdefs.optional.junit.JUnitTestRunner.launch(JUnitTestRunner.java:1182)
	at org.apache.tools.ant.taskdefs.optional.junit.JUnitTestRunner.main(JUnitTestRunner.java:1033)
deserializing from buffer CTATFunctionsParser.ser
Parser construction took 1 millis
java.lang.NullPointerException
	at net.infonode.properties.propertymap.PropertyMapManager.addMapChanges(Unknown Source)
	at net.infonode.properties.propertymap.PropertyMapImpl$1.signalEmitted(Unknown Source)
	at net.infonode.util.signal.Signal.emit(Unknown Source)
	at net.infonode.util.collection.notifymap.AbstractConstChangeNotifyMap.fireEntriesChanged(Unknown Source)
	at net.infonode.properties.propertymap.PropertyMapImpl$PropertyObjectMap.fireEntriesChanged(Unknown Source)
	at net.infonode.properties.propertymap.PropertyMapImpl.firePropertyValueChanged(Unknown Source)
	at net.infonode.properties.propertymap.value.PropertyRefValue.signalEmitted(Unknown Source)
	at net.infonode.util.signal.Signal.emit(Unknown Source)
	at net.infonode.util.collection.notifymap.AbstractConstChangeNotifyMap.fireEntriesChanged(Unknown Source)
	at net.infonode.properties.propertymap.PropertyMapImpl$PropertyObjectMap.fireEntriesChanged(Unknown Source)
	at net.infonode.properties.propertymap.PropertyMapImpl$PropertyObjectMap.signalEmitted(Unknown Source)
	at net.infonode.util.signal.Signal.emit(Unknown Source)
	at net.infonode.util.collection.notifymap.AbstractConstChangeNotifyMap.fireEntriesChanged(Unknown Source)
	at net.infonode.util.collection.notifymap.ConstChangeNotifyVectorMap$1.signalEmitted(Unknown Source)
	at net.infonode.util.signal.Signal.emit(Unknown Source)
	at net.infonode.util.collection.notifymap.AbstractConstChangeNotifyMap.fireEntriesChanged(Unknown Source)
	at net.infonode.properties.propertymap.PropertyMapImpl$PropertyObjectMap.fireEntriesChanged(Unknown Source)
	at net.infonode.properties.propertymap.PropertyMapImpl.firePropertyValueChanged(Unknown Source)
	at net.infonode.properties.propertymap.PropertyMapImpl.setValue(Unknown Source)
	at net.infonode.properties.propertymap.PropertyMapValueHandler.setValue(Unknown Source)
	at net.infonode.properties.util.ValueHandlerProperty.setValue(Unknown Source)
	at net.infonode.properties.types.BorderProperty.set(Unknown Source)
	at net.infonode.properties.gui.util.ComponentProperties.setBorder(Unknown Source)
	at net.infonode.tabbedpanel.titledtab.TitledTabProperties$2.run(Unknown Source)
	at net.infonode.properties.propertymap.PropertyMapManager.runBatch(Unknown Source)
	at net.infonode.tabbedpanel.titledtab.TitledTabProperties.updateVisualProperties(Unknown Source)
	at net.infonode.tabbedpanel.titledtab.TitledTabProperties.access$000(Unknown Source)
	at net.infonode.tabbedpanel.titledtab.TitledTabProperties$1.lookAndFeelChanged(Unknown Source)
	at net.infonode.gui.DynamicUIManager.fireLookAndFeelChanged(Unknown Source)
	at net.infonode.gui.DynamicUIManager.access$300(Unknown Source)
	at net.infonode.gui.DynamicUIManager$2.propertyChange(Unknown Source)
	at java.beans.PropertyChangeSupport.fire(PropertyChangeSupport.java:335)
	at java.beans.PropertyChangeSupport.firePropertyChange(PropertyChangeSupport.java:327)
	at javax.swing.event.SwingPropertyChangeSupport.firePropertyChange(SwingPropertyChangeSupport.java:92)
	at java.beans.PropertyChangeSupport.firePropertyChange(PropertyChangeSupport.java:263)
	at javax.swing.UIManager.setLookAndFeel(UIManager.java:548)
	at javax.swing.UIManager.setLookAndFeel(UIManager.java:583)
	at edu.cmu.pact.BehaviorRecorder.Controller.SingleSessionLauncher.installNativeLookAndFeel(SingleSessionLauncher.java:374)
	at edu.cmu.pact.BehaviorRecorder.Controller.SingleSessionLauncher.&lt;init&gt;(SingleSessionLauncher.java:246)
	at edu.cmu.pact.BehaviorRecorder.Controller.SingleSessionLauncher.&lt;init&gt;(SingleSessionLauncher.java:187)
	at edu.cmu.pact.BehaviorRecorder.Controller.CTAT_Launcher.&lt;init&gt;(CTAT_Launcher.java:129)
	at edu.cmu.pact.BehaviorRecorder.Controller.CTAT_Launcher.&lt;init&gt;(CTAT_Launcher.java:88)
	at edu.cmu.pact.BehaviorRecorder.ProblemModel.ProblemModelEventTest.setUp(ProblemModelEventTest.java:78)
	at junit.framework.TestCase.runBare(TestCase.java:125)
	at junit.framework.TestResult$1.protect(TestResult.java:106)
	at junit.framework.TestResult.runProtected(TestResult.java:124)
	at junit.framework.TestResult.run(TestResult.java:109)
	at junit.framework.TestCase.run(TestCase.java:118)
	at junit.framework.TestSuite.runTest(TestSuite.java:208)
	at junit.framework.TestSuite.run(TestSuite.java:203)
	at org.apache.tools.ant.taskdefs.optional.junit.JUnitTestRunner.run(JUnitTestRunner.java:535)
	at org.apache.tools.ant.taskdefs.optional.junit.JUnitTestRunner.launch(JUnitTestRunner.java:1182)
	at org.apache.tools.ant.taskdefs.optional.junit.JUnitTestRunner.main(JUnitTestRunner.java:1033)
deserializing from buffer CTATFunctionsParser.ser
Parser construction took 0 millis
java.lang.NullPointerException
	at net.infonode.properties.propertymap.PropertyMapManager.addMapChanges(Unknown Source)
	at net.infonode.properties.propertymap.PropertyMapImpl$1.signalEmitted(Unknown Source)
	at net.infonode.util.signal.Signal.emit(Unknown Source)
	at net.infonode.util.collection.notifymap.AbstractConstChangeNotifyMap.fireEntriesChanged(Unknown Source)
	at net.infonode.properties.propertymap.PropertyMapImpl$PropertyObjectMap.fireEntriesChanged(Unknown Source)
	at net.infonode.properties.propertymap.PropertyMapImpl.firePropertyValueChanged(Unknown Source)
	at net.infonode.properties.propertymap.value.PropertyRefValue.signalEmitted(Unknown Source)
	at net.infonode.util.signal.Signal.emit(Unknown Source)
	at net.infonode.util.collection.notifymap.AbstractConstChangeNotifyMap.fireEntriesChanged(Unknown Source)
	at net.infonode.properties.propertymap.PropertyMapImpl$PropertyObjectMap.fireEntriesChanged(Unknown Source)
	at net.infonode.properties.propertymap.PropertyMapImpl$PropertyObjectMap.signalEmitted(Unknown Source)
	at net.infonode.util.signal.Signal.emit(Unknown Source)
	at net.infonode.util.collection.notifymap.AbstractConstChangeNotifyMap.fireEntriesChanged(Unknown Source)
	at net.infonode.util.collection.notifymap.ConstChangeNotifyVectorMap$1.signalEmitted(Unknown Source)
	at net.infonode.util.signal.Signal.emit(Unknown Source)
	at net.infonode.util.collection.notifymap.AbstractConstChangeNotifyMap.fireEntriesChanged(Unknown Source)
	at net.infonode.properties.propertymap.PropertyMapImpl$PropertyObjectMap.fireEntriesChanged(Unknown Source)
	at net.infonode.properties.propertymap.PropertyMapImpl.firePropertyValueChanged(Unknown Source)
	at net.infonode.properties.propertymap.PropertyMapImpl.setValue(Unknown Source)
	at net.infonode.properties.propertymap.PropertyMapValueHandler.setValue(Unknown Source)
	at net.infonode.properties.util.ValueHandlerProperty.setValue(Unknown Source)
	at net.infonode.properties.types.BorderProperty.set(Unknown Source)
	at net.infonode.properties.gui.util.ComponentProperties.setBorder(Unknown Source)
	at net.infonode.tabbedpanel.titledtab.TitledTabProperties$2.run(Unknown Source)
	at net.infonode.properties.propertymap.PropertyMapManager.runBatch(Unknown Source)
	at net.infonode.tabbedpanel.titledtab.TitledTabProperties.updateVisualProperties(Unknown Source)
	at net.infonode.tabbedpanel.titledtab.TitledTabProperties.access$000(Unknown Source)
	at net.infonode.tabbedpanel.titledtab.TitledTabProperties$1.lookAndFeelChanged(Unknown Source)
	at net.infonode.gui.DynamicUIManager.fireLookAndFeelChanged(Unknown Source)
	at net.infonode.gui.DynamicUIManager.access$300(Unknown Source)
	at net.infonode.gui.DynamicUIManager$2.propertyChange(Unknown Source)
	at java.beans.PropertyChangeSupport.fire(PropertyChangeSupport.java:335)
	at java.beans.PropertyChangeSupport.firePropertyChange(PropertyChangeSupport.java:327)
	at javax.swing.event.SwingPropertyChangeSupport.firePropertyChange(SwingPropertyChangeSupport.java:92)
	at java.beans.PropertyChangeSupport.firePropertyChange(PropertyChangeSupport.java:263)
	at javax.swing.UIManager.setLookAndFeel(UIManager.java:548)
	at javax.swing.UIManager.setLookAndFeel(UIManager.java:583)
	at edu.cmu.pact.BehaviorRecorder.Controller.SingleSessionLauncher.installNativeLookAndFeel(SingleSessionLauncher.java:374)
	at edu.cmu.pact.BehaviorRecorder.Controller.SingleSessionLauncher.&lt;init&gt;(SingleSessionLauncher.java:246)
	at edu.cmu.pact.BehaviorRecorder.Controller.SingleSessionLauncher.&lt;init&gt;(SingleSessionLauncher.java:187)
	at edu.cmu.pact.BehaviorRecorder.Controller.CTAT_Launcher.&lt;init&gt;(CTAT_Launcher.java:129)
	at edu.cmu.pact.BehaviorRecorder.Controller.CTAT_Launcher.&lt;init&gt;(CTAT_Launcher.java:88)
	at edu.cmu.pact.BehaviorRecorder.ProblemModel.ProblemModelTest.testPseudoTutorModelTracing(ProblemModelTest.java:99)
	at sun.reflect.NativeMethodAccessorImpl.invoke0(Native Method)
	at sun.reflect.NativeMethodAccessorImpl.invoke(NativeMethodAccessorImpl.java:62)
	at sun.reflect.DelegatingMethodAccessorImpl.invoke(DelegatingMethodAccessorImpl.java:43)
	at java.lang.reflect.Method.invoke(Method.java:497)
	at junit.framework.TestCase.runTest(TestCase.java:154)
	at junit.framework.TestCase.runBare(TestCase.java:127)
	at junit.framework.TestResult$1.protect(TestResult.java:106)
	at junit.framework.TestResult.runProtected(TestResult.java:124)
	at junit.framework.TestResult.run(TestResult.java:109)
	at junit.framework.TestCase.run(TestCase.java:118)
	at junit.framework.TestSuite.runTest(TestSuite.java:208)
	at junit.framework.TestSuite.run(TestSuite.java:203)
	at org.apache.tools.ant.taskdefs.optional.junit.JUnitTestRunner.run(JUnitTestRunner.java:535)
	at org.apache.tools.ant.taskdefs.optional.junit.JUnitTestRunner.launch(JUnitTestRunner.java:1182)
	at org.apache.tools.ant.taskdefs.optional.junit.JUnitTestRunner.main(JUnitTestRunner.java:1033)
deserializing from buffer CTATFunctionsParser.ser
Parser construction took 0 millis
edu.cmu.pact.BehaviorRecorder.ProblemModel.ProblemModelException: The problem name: "" is empty or has unallowed characters.
	at edu.cmu.pact.BehaviorRecorder.Controller.BR_Controller.createStartStateInternal(BR_Controller.java:2448)
	at edu.cmu.pact.BehaviorRecorder.Controller.BR_Controller.createStartState(BR_Controller.java:2397)
	at edu.cmu.pact.ctat.model.CtatModeModel.changeAuthorModeOk(CtatModeModel.java:349)
	at edu.cmu.pact.ctat.model.CtatModeModel.setAuthorMode(CtatModeModel.java:215)
	at edu.cmu.pact.BehaviorRecorder.Controller.PseudoTutorMessageHandlerTest.setUp(PseudoTutorMessageHandlerTest.java:696)
	at junit.framework.TestCase.runBare(TestCase.java:125)
	at junit.framework.TestResult$1.protect(TestResult.java:106)
	at junit.framework.TestResult.runProtected(TestResult.java:124)
	at junit.framework.TestResult.run(TestResult.java:109)
	at junit.framework.TestCase.run(TestCase.java:118)
	at junit.framework.TestSuite.runTest(TestSuite.java:208)
	at junit.framework.TestSuite.run(TestSuite.java:203)
	at org.apache.tools.ant.taskdefs.optional.junit.JUnitTestRunner.run(JUnitTestRunner.java:535)
	at org.apache.tools.ant.taskdefs.optional.junit.JUnitTestRunner.launch(JUnitTestRunner.java:1182)
	at org.apache.tools.ant.taskdefs.optional.junit.JUnitTestRunner.main(JUnitTestRunner.java:1033)
deserializing from buffer CTATExpressionSemanticParser.ser
Parser construction took 1 millis
java.lang.NullPointerException
	at edu.cmu.pact.BehaviorRecorder.ExpressionMatcher.ExpressionSyntaxNode.generateExpressionTree(ExpressionSyntaxNode.java:36)
	at edu.cmu.pact.BehaviorRecorder.ExpressionMatcher.CTATExpressionSemantic.generateExpressionTree(CTATExpressionSemantic.java:180)
	at edu.cmu.pact.BehaviorRecorder.ExpressionMatcher.CTATExpressionParser.stringToExpressionTreeNode(CTATExpressionParser.java:37)
	at edu.cmu.pact.BehaviorRecorder.ProblemModel.Matcher.ExpressionMatcherTest.isInvalidAlg(ExpressionMatcherTest.java:252)
	at edu.cmu.pact.BehaviorRecorder.ProblemModel.Matcher.ExpressionMatcherTest.testRightFactor(ExpressionMatcherTest.java:63)
	at sun.reflect.NativeMethodAccessorImpl.invoke0(Native Method)
	at sun.reflect.NativeMethodAccessorImpl.invoke(NativeMethodAccessorImpl.java:62)
	at sun.reflect.DelegatingMethodAccessorImpl.invoke(DelegatingMethodAccessorImpl.java:43)
	at java.lang.reflect.Method.invoke(Method.java:497)
	at junit.framework.TestCase.runTest(TestCase.java:154)
	at junit.framework.TestCase.runBare(TestCase.java:127)
	at junit.framework.TestResult$1.protect(TestResult.java:106)
	at junit.framework.TestResult.runProtected(TestResult.java:124)
	at junit.framework.TestResult.run(TestResult.java:109)
	at junit.framework.TestCase.run(TestCase.java:118)
	at junit.framework.TestSuite.runTest(TestSuite.java:208)
	at junit.framework.TestSuite.run(TestSuite.java:203)
	at org.apache.tools.ant.taskdefs.optional.junit.JUnitTestRunner.run(JUnitTestRunner.java:535)
	at org.apache.tools.ant.taskdefs.optional.junit.JUnitTestRunner.launch(JUnitTestRunner.java:1182)
	at org.apache.tools.ant.taskdefs.optional.junit.JUnitTestRunner.main(JUnitTestRunner.java:1033)
java.lang.NullPointerException
	at edu.cmu.pact.BehaviorRecorder.ExpressionMatcher.ExpressionSyntaxNode.generateExpressionTree(ExpressionSyntaxNode.java:36)
	at edu.cmu.pact.BehaviorRecorder.ExpressionMatcher.CTATExpressionSemantic.generateExpressionTree(CTATExpressionSemantic.java:180)
	at edu.cmu.pact.BehaviorRecorder.ExpressionMatcher.CTATExpressionParser.stringToExpressionTreeNode(CTATExpressionParser.java:37)
	at edu.cmu.pact.BehaviorRecorder.ProblemModel.Matcher.ExpressionMatcherTest.isInvalidAlg(ExpressionMatcherTest.java:252)
	at edu.cmu.pact.BehaviorRecorder.ProblemModel.Matcher.ExpressionMatcherTest.testRightFactor(ExpressionMatcherTest.java:64)
	at sun.reflect.NativeMethodAccessorImpl.invoke0(Native Method)
	at sun.reflect.NativeMethodAccessorImpl.invoke(NativeMethodAccessorImpl.java:62)
	at sun.reflect.DelegatingMethodAccessorImpl.invoke(DelegatingMethodAccessorImpl.java:43)
	at java.lang.reflect.Method.invoke(Method.java:497)
	at junit.framework.TestCase.runTest(TestCase.java:154)
	at junit.framework.TestCase.runBare(TestCase.java:127)
	at junit.framework.TestResult$1.protect(TestResult.java:106)
	at junit.framework.TestResult.runProtected(TestResult.java:124)
	at junit.framework.TestResult.run(TestResult.java:109)
	at junit.framework.TestCase.run(TestCase.java:118)
	at junit.framework.TestSuite.runTest(TestSuite.java:208)
	at junit.framework.TestSuite.run(TestSuite.java:203)
	at org.apache.tools.ant.taskdefs.optional.junit.JUnitTestRunner.run(JUnitTestRunner.java:535)
	at org.apache.tools.ant.taskdefs.optional.junit.JUnitTestRunner.launch(JUnitTestRunner.java:1182)
	at org.apache.tools.ant.taskdefs.optional.junit.JUnitTestRunner.main(JUnitTestRunner.java:1033)
java.lang.NullPointerException
	at edu.cmu.pact.BehaviorRecorder.ExpressionMatcher.ExpressionSyntaxNode.generateExpressionTree(ExpressionSyntaxNode.java:36)
	at edu.cmu.pact.BehaviorRecorder.ExpressionMatcher.CTATExpressionSemantic.generateExpressionTree(CTATExpressionSemantic.java:180)
	at edu.cmu.pact.BehaviorRecorder.ExpressionMatcher.CTATExpressionParser.stringToExpressionTreeNode(CTATExpressionParser.java:37)
	at edu.cmu.pact.BehaviorRecorder.ProblemModel.Matcher.ExpressionMatcherTest.isInvalidAlg(ExpressionMatcherTest.java:252)
	at edu.cmu.pact.BehaviorRecorder.ProblemModel.Matcher.ExpressionMatcherTest.testRightFactor(ExpressionMatcherTest.java:65)
	at sun.reflect.NativeMethodAccessorImpl.invoke0(Native Method)
	at sun.reflect.NativeMethodAccessorImpl.invoke(NativeMethodAccessorImpl.java:62)
	at sun.reflect.DelegatingMethodAccessorImpl.invoke(DelegatingMethodAccessorImpl.java:43)
	at java.lang.reflect.Method.invoke(Method.java:497)
	at junit.framework.TestCase.runTest(TestCase.java:154)
	at junit.framework.TestCase.runBare(TestCase.java:127)
	at junit.framework.TestResult$1.protect(TestResult.java:106)
	at junit.framework.TestResult.runProtected(TestResult.java:124)
	at junit.framework.TestResult.run(TestResult.java:109)
	at junit.framework.TestCase.run(TestCase.java:118)
	at junit.framework.TestSuite.runTest(TestSuite.java:208)
	at junit.framework.TestSuite.run(TestSuite.java:203)
	at org.apache.tools.ant.taskdefs.optional.junit.JUnitTestRunner.run(JUnitTestRunner.java:535)
	at org.apache.tools.ant.taskdefs.optional.junit.JUnitTestRunner.launch(JUnitTestRunner.java:1182)
	at org.apache.tools.ant.taskdefs.optional.junit.JUnitTestRunner.main(JUnitTestRunner.java:1033)
java.lang.NullPointerException
	at edu.cmu.pact.BehaviorRecorder.ExpressionMatcher.ExpressionSyntaxNode.generateExpressionTree(ExpressionSyntaxNode.java:36)
	at edu.cmu.pact.BehaviorRecorder.ExpressionMatcher.CTATExpressionSemantic.generateExpressionTree(CTATExpressionSemantic.java:180)
	at edu.cmu.pact.BehaviorRecorder.ExpressionMatcher.CTATExpressionParser.stringToExpressionTreeNode(CTATExpressionParser.java:37)
	at edu.cmu.pact.BehaviorRecorder.ProblemModel.Matcher.ExpressionMatcherTest.isInvalidAlg(ExpressionMatcherTest.java:252)
	at edu.cmu.pact.BehaviorRecorder.ProblemModel.Matcher.ExpressionMatcherTest.testRightFactor(ExpressionMatcherTest.java:69)
	at sun.reflect.NativeMethodAccessorImpl.invoke0(Native Method)
	at sun.reflect.NativeMethodAccessorImpl.invoke(NativeMethodAccessorImpl.java:62)
	at sun.reflect.DelegatingMethodAccessorImpl.invoke(DelegatingMethodAccessorImpl.java:43)
	at java.lang.reflect.Method.invoke(Method.java:497)
	at junit.framework.TestCase.runTest(TestCase.java:154)
	at junit.framework.TestCase.runBare(TestCase.java:127)
	at junit.framework.TestResult$1.protect(TestResult.java:106)
	at junit.framework.TestResult.runProtected(TestResult.java:124)
	at junit.framework.TestResult.run(TestResult.java:109)
	at junit.framework.TestCase.run(TestCase.java:118)
	at junit.framework.TestSuite.runTest(TestSuite.java:208)
	at junit.framework.TestSuite.run(TestSuite.java:203)
	at org.apache.tools.ant.taskdefs.optional.junit.JUnitTestRunner.run(JUnitTestRunner.java:535)
	at org.apache.tools.ant.taskdefs.optional.junit.JUnitTestRunner.launch(JUnitTestRunner.java:1182)
	at org.apache.tools.ant.taskdefs.optional.junit.JUnitTestRunner.main(JUnitTestRunner.java:1033)
java.lang.NullPointerException
	at net.infonode.properties.propertymap.PropertyMapManager.addMapChanges(Unknown Source)
	at net.infonode.properties.propertymap.PropertyMapImpl$1.signalEmitted(Unknown Source)
	at net.infonode.util.signal.Signal.emit(Unknown Source)
	at net.infonode.util.collection.notifymap.AbstractConstChangeNotifyMap.fireEntriesChanged(Unknown Source)
	at net.infonode.properties.propertymap.PropertyMapImpl$PropertyObjectMap.fireEntriesChanged(Unknown Source)
	at net.infonode.properties.propertymap.PropertyMapImpl.firePropertyValueChanged(Unknown Source)
	at net.infonode.properties.propertymap.value.PropertyRefValue.signalEmitted(Unknown Source)
	at net.infonode.util.signal.Signal.emit(Unknown Source)
	at net.infonode.util.collection.notifymap.AbstractConstChangeNotifyMap.fireEntriesChanged(Unknown Source)
	at net.infonode.properties.propertymap.PropertyMapImpl$PropertyObjectMap.fireEntriesChanged(Unknown Source)
	at net.infonode.properties.propertymap.PropertyMapImpl$PropertyObjectMap.signalEmitted(Unknown Source)
	at net.infonode.util.signal.Signal.emit(Unknown Source)
	at net.infonode.util.collection.notifymap.AbstractConstChangeNotifyMap.fireEntriesChanged(Unknown Source)
	at net.infonode.util.collection.notifymap.ConstChangeNotifyVectorMap$1.signalEmitted(Unknown Source)
	at net.infonode.util.signal.Signal.emit(Unknown Source)
	at net.infonode.util.collection.notifymap.AbstractConstChangeNotifyMap.fireEntriesChanged(Unknown Source)
	at net.infonode.properties.propertymap.PropertyMapImpl$PropertyObjectMap.fireEntriesChanged(Unknown Source)
	at net.infonode.properties.propertymap.PropertyMapImpl.firePropertyValueChanged(Unknown Source)
	at net.infonode.properties.propertymap.PropertyMapImpl.setValue(Unknown Source)
	at net.infonode.properties.propertymap.PropertyMapValueHandler.setValue(Unknown Source)
	at net.infonode.properties.util.ValueHandlerProperty.setValue(Unknown Source)
	at net.infonode.properties.types.BorderProperty.set(Unknown Source)
	at net.infonode.properties.gui.util.ComponentProperties.setBorder(Unknown Source)
	at net.infonode.tabbedpanel.titledtab.TitledTabProperties$2.run(Unknown Source)
	at net.infonode.properties.propertymap.PropertyMapManager.runBatch(Unknown Source)
	at net.infonode.tabbedpanel.titledtab.TitledTabProperties.updateVisualProperties(Unknown Source)
	at net.infonode.tabbedpanel.titledtab.TitledTabProperties.access$000(Unknown Source)
	at net.infonode.tabbedpanel.titledtab.TitledTabProperties$1.lookAndFeelChanged(Unknown Source)
	at net.infonode.gui.DynamicUIManager.fireLookAndFeelChanged(Unknown Source)
	at net.infonode.gui.DynamicUIManager.access$300(Unknown Source)
	at net.infonode.gui.DynamicUIManager$2.propertyChange(Unknown Source)
	at java.beans.PropertyChangeSupport.fire(PropertyChangeSupport.java:335)
	at java.beans.PropertyChangeSupport.firePropertyChange(PropertyChangeSupport.java:327)
	at javax.swing.event.SwingPropertyChangeSupport.firePropertyChange(SwingPropertyChangeSupport.java:92)
	at java.beans.PropertyChangeSupport.firePropertyChange(PropertyChangeSupport.java:263)
	at javax.swing.UIManager.setLookAndFeel(UIManager.java:548)
	at javax.swing.UIManager.setLookAndFeel(UIManager.java:583)
	at edu.cmu.pact.BehaviorRecorder.Controller.SingleSessionLauncher.installNativeLookAndFeel(SingleSessionLauncher.java:374)
	at edu.cmu.pact.BehaviorRecorder.Controller.SingleSessionLauncher.&lt;init&gt;(SingleSessionLauncher.java:246)
	at edu.cmu.pact.BehaviorRecorder.Controller.SingleSessionLauncher.&lt;init&gt;(SingleSessionLauncher.java:187)
	at edu.cmu.pact.BehaviorRecorder.Controller.CTAT_Launcher.&lt;init&gt;(CTAT_Launcher.java:129)
	at edu.cmu.pact.BehaviorRecorder.Controller.CTAT_Launcher.&lt;init&gt;(CTAT_Launcher.java:88)
	at edu.cmu.pact.BehaviorRecorder.ProblemModel.Matcher.Functions.UsesProblemModelTest.setUp(UsesProblemModelTest.java:42)
	at junit.framework.TestCase.runBare(TestCase.java:125)
	at junit.framework.TestResult$1.protect(TestResult.java:106)
	at junit.framework.TestResult.runProtected(TestResult.java:124)
	at junit.framework.TestResult.run(TestResult.java:109)
	at junit.framework.TestCase.run(TestCase.java:118)
	at junit.framework.TestSuite.runTest(TestSuite.java:208)
	at junit.framework.TestSuite.run(TestSuite.java:203)
	at org.apache.tools.ant.taskdefs.optional.junit.JUnitTestRunner.run(JUnitTestRunner.java:535)
	at org.apache.tools.ant.taskdefs.optional.junit.JUnitTestRunner.launch(JUnitTestRunner.java:1182)
	at org.apache.tools.ant.taskdefs.optional.junit.JUnitTestRunner.main(JUnitTestRunner.java:1033)
deserializing from buffer CTATFunctionsParser.ser
Parser construction took 1 millis
java.lang.NullPointerException
	at net.infonode.properties.propertymap.PropertyMapManager.addMapChanges(Unknown Source)
	at net.infonode.properties.propertymap.PropertyMapImpl$1.signalEmitted(Unknown Source)
	at net.infonode.util.signal.Signal.emit(Unknown Source)
	at net.infonode.util.collection.notifymap.AbstractConstChangeNotifyMap.fireEntriesChanged(Unknown Source)
	at net.infonode.properties.propertymap.PropertyMapImpl$PropertyObjectMap.fireEntriesChanged(Unknown Source)
	at net.infonode.properties.propertymap.PropertyMapImpl.firePropertyValueChanged(Unknown Source)
	at net.infonode.properties.propertymap.value.PropertyRefValue.signalEmitted(Unknown Source)
	at net.infonode.util.signal.Signal.emit(Unknown Source)
	at net.infonode.util.collection.notifymap.AbstractConstChangeNotifyMap.fireEntriesChanged(Unknown Source)
	at net.infonode.properties.propertymap.PropertyMapImpl$PropertyObjectMap.fireEntriesChanged(Unknown Source)
	at net.infonode.properties.propertymap.PropertyMapImpl$PropertyObjectMap.signalEmitted(Unknown Source)
	at net.infonode.util.signal.Signal.emit(Unknown Source)
	at net.infonode.util.collection.notifymap.AbstractConstChangeNotifyMap.fireEntriesChanged(Unknown Source)
	at net.infonode.util.collection.notifymap.ConstChangeNotifyVectorMap$1.signalEmitted(Unknown Source)
	at net.infonode.util.signal.Signal.emit(Unknown Source)
	at net.infonode.util.collection.notifymap.AbstractConstChangeNotifyMap.fireEntriesChanged(Unknown Source)
	at net.infonode.properties.propertymap.PropertyMapImpl$PropertyObjectMap.fireEntriesChanged(Unknown Source)
	at net.infonode.properties.propertymap.PropertyMapImpl.firePropertyValueChanged(Unknown Source)
	at net.infonode.properties.propertymap.PropertyMapImpl.setValue(Unknown Source)
	at net.infonode.properties.propertymap.PropertyMapValueHandler.setValue(Unknown Source)
	at net.infonode.properties.util.ValueHandlerProperty.setValue(Unknown Source)
	at net.infonode.properties.types.BorderProperty.set(Unknown Source)
	at net.infonode.properties.gui.util.ComponentProperties.setBorder(Unknown Source)
	at net.infonode.tabbedpanel.titledtab.TitledTabProperties$2.run(Unknown Source)
	at net.infonode.properties.propertymap.PropertyMapManager.runBatch(Unknown Source)
	at net.infonode.tabbedpanel.titledtab.TitledTabProperties.updateVisualProperties(Unknown Source)
	at net.infonode.tabbedpanel.titledtab.TitledTabProperties.access$000(Unknown Source)
	at net.infonode.tabbedpanel.titledtab.TitledTabProperties$1.lookAndFeelChanged(Unknown Source)
	at net.infonode.gui.DynamicUIManager.fireLookAndFeelChanged(Unknown Source)
	at net.infonode.gui.DynamicUIManager.access$300(Unknown Source)
	at net.infonode.gui.DynamicUIManager$2.propertyChange(Unknown Source)
	at java.beans.PropertyChangeSupport.fire(PropertyChangeSupport.java:335)
	at java.beans.PropertyChangeSupport.firePropertyChange(PropertyChangeSupport.java:327)
	at javax.swing.event.SwingPropertyChangeSupport.firePropertyChange(SwingPropertyChangeSupport.java:92)
	at java.beans.PropertyChangeSupport.firePropertyChange(PropertyChangeSupport.java:263)
	at javax.swing.UIManager.setLookAndFeel(UIManager.java:548)
	at javax.swing.UIManager.setLookAndFeel(UIManager.java:583)
	at edu.cmu.pact.BehaviorRecorder.Controller.SingleSessionLauncher.installNativeLookAndFeel(SingleSessionLauncher.java:374)
	at edu.cmu.pact.BehaviorRecorder.Controller.SingleSessionLauncher.&lt;init&gt;(SingleSessionLauncher.java:246)
	at edu.cmu.pact.BehaviorRecorder.Controller.SingleSessionLauncher.&lt;init&gt;(SingleSessionLauncher.java:187)
	at edu.cmu.pact.BehaviorRecorder.Controller.CTAT_Launcher.&lt;init&gt;(CTAT_Launcher.java:129)
	at edu.cmu.pact.BehaviorRecorder.Controller.CTAT_Launcher.&lt;init&gt;(CTAT_Launcher.java:88)
	at edu.cmu.pact.BehaviorRecorder.ProblemModel.Matcher.Functions.UsesVariableTableTest.setUp(UsesVariableTableTest.java:63)
	at junit.framework.TestCase.runBare(TestCase.java:125)
	at junit.framework.TestResult$1.protect(TestResult.java:106)
	at junit.framework.TestResult.runProtected(TestResult.java:124)
	at junit.framework.TestResult.run(TestResult.java:109)
	at junit.framework.TestCase.run(TestCase.java:118)
	at junit.framework.TestSuite.runTest(TestSuite.java:208)
	at junit.framework.TestSuite.run(TestSuite.java:203)
	at org.apache.tools.ant.taskdefs.optional.junit.JUnitTestRunner.run(JUnitTestRunner.java:535)
	at org.apache.tools.ant.taskdefs.optional.junit.JUnitTestRunner.launch(JUnitTestRunner.java:1182)
	at org.apache.tools.ant.taskdefs.optional.junit.JUnitTestRunner.main(JUnitTestRunner.java:1033)
deserializing from buffer CTATFunctionsParser.ser
Parser construction took 1 millis
java.lang.NullPointerException
	at net.infonode.properties.propertymap.PropertyMapManager.addMapChanges(Unknown Source)
	at net.infonode.properties.propertymap.PropertyMapImpl$1.signalEmitted(Unknown Source)
	at net.infonode.util.signal.Signal.emit(Unknown Source)
	at net.infonode.util.collection.notifymap.AbstractConstChangeNotifyMap.fireEntriesChanged(Unknown Source)
	at net.infonode.properties.propertymap.PropertyMapImpl$PropertyObjectMap.fireEntriesChanged(Unknown Source)
	at net.infonode.properties.propertymap.PropertyMapImpl.firePropertyValueChanged(Unknown Source)
	at net.infonode.properties.propertymap.value.PropertyRefValue.signalEmitted(Unknown Source)
	at net.infonode.util.signal.Signal.emit(Unknown Source)
	at net.infonode.util.collection.notifymap.AbstractConstChangeNotifyMap.fireEntriesChanged(Unknown Source)
	at net.infonode.properties.propertymap.PropertyMapImpl$PropertyObjectMap.fireEntriesChanged(Unknown Source)
	at net.infonode.properties.propertymap.PropertyMapImpl$PropertyObjectMap.signalEmitted(Unknown Source)
	at net.infonode.util.signal.Signal.emit(Unknown Source)
	at net.infonode.util.collection.notifymap.AbstractConstChangeNotifyMap.fireEntriesChanged(Unknown Source)
	at net.infonode.util.collection.notifymap.ConstChangeNotifyVectorMap$1.signalEmitted(Unknown Source)
	at net.infonode.util.signal.Signal.emit(Unknown Source)
	at net.infonode.util.collection.notifymap.AbstractConstChangeNotifyMap.fireEntriesChanged(Unknown Source)
	at net.infonode.properties.propertymap.PropertyMapImpl$PropertyObjectMap.fireEntriesChanged(Unknown Source)
	at net.infonode.properties.propertymap.PropertyMapImpl.firePropertyValueChanged(Unknown Source)
	at net.infonode.properties.propertymap.PropertyMapImpl.setValue(Unknown Source)
	at net.infonode.properties.propertymap.PropertyMapValueHandler.setValue(Unknown Source)
	at net.infonode.properties.util.ValueHandlerProperty.setValue(Unknown Source)
	at net.infonode.properties.types.BorderProperty.set(Unknown Source)
	at net.infonode.properties.gui.util.ComponentProperties.setBorder(Unknown Source)
	at net.infonode.tabbedpanel.titledtab.TitledTabProperties$2.run(Unknown Source)
	at net.infonode.properties.propertymap.PropertyMapManager.runBatch(Unknown Source)
	at net.infonode.tabbedpanel.titledtab.TitledTabProperties.updateVisualProperties(Unknown Source)
	at net.infonode.tabbedpanel.titledtab.TitledTabProperties.access$000(Unknown Source)
	at net.infonode.tabbedpanel.titledtab.TitledTabProperties$1.lookAndFeelChanged(Unknown Source)
	at net.infonode.gui.DynamicUIManager.fireLookAndFeelChanged(Unknown Source)
	at net.infonode.gui.DynamicUIManager.access$300(Unknown Source)
	at net.infonode.gui.DynamicUIManager$2.propertyChange(Unknown Source)
	at java.beans.PropertyChangeSupport.fire(PropertyChangeSupport.java:335)
	at java.beans.PropertyChangeSupport.firePropertyChange(PropertyChangeSupport.java:327)
	at javax.swing.event.SwingPropertyChangeSupport.firePropertyChange(SwingPropertyChangeSupport.java:92)
	at java.beans.PropertyChangeSupport.firePropertyChange(PropertyChangeSupport.java:263)
	at javax.swing.UIManager.setLookAndFeel(UIManager.java:548)
	at javax.swing.UIManager.setLookAndFeel(UIManager.java:583)
	at edu.cmu.pact.BehaviorRecorder.Controller.SingleSessionLauncher.installNativeLookAndFeel(SingleSessionLauncher.java:374)
	at edu.cmu.pact.BehaviorRecorder.Controller.SingleSessionLauncher.&lt;init&gt;(SingleSessionLauncher.java:246)
	at edu.cmu.pact.BehaviorRecorder.Controller.SingleSessionLauncher.&lt;init&gt;(SingleSessionLauncher.java:203)
	at edu.cmu.pact.BehaviorRecorder.Controller.SingleSessionLauncher.&lt;init&gt;(SingleSessionLauncher.java:197)
	at edu.cmu.pact.BehaviorRecorder.Controller.SingleSessionLauncher.&lt;init&gt;(SingleSessionLauncher.java:192)
	at edu.cmu.pact.miss.SimulateLearningTest.initialize(SimulateLearningTest.java:149)
	at edu.cmu.pact.miss.SimulateLearningTest.testSim(SimulateLearningTest.java:97)
	at sun.reflect.NativeMethodAccessorImpl.invoke0(Native Method)
	at sun.reflect.NativeMethodAccessorImpl.invoke(NativeMethodAccessorImpl.java:62)
	at sun.reflect.DelegatingMethodAccessorImpl.invoke(DelegatingMethodAccessorImpl.java:43)
	at java.lang.reflect.Method.invoke(Method.java:497)
	at junit.framework.TestCase.runTest(TestCase.java:154)
	at junit.framework.TestCase.runBare(TestCase.java:127)
	at junit.framework.TestResult$1.protect(TestResult.java:106)
	at junit.framework.TestResult.runProtected(TestResult.java:124)
	at junit.framework.TestResult.run(TestResult.java:109)
	at junit.framework.TestCase.run(TestCase.java:118)
	at junit.framework.TestSuite.runTest(TestSuite.java:208)
	at junit.framework.TestSuite.run(TestSuite.java:203)
	at org.apache.tools.ant.taskdefs.optional.junit.JUnitTestRunner.run(JUnitTestRunner.java:535)
	at org.apache.tools.ant.taskdefs.optional.junit.JUnitTestRunner.launch(JUnitTestRunner.java:1182)
	at org.apache.tools.ant.taskdefs.optional.junit.JUnitTestRunner.main(JUnitTestRunner.java:1033)
java.lang.NullPointerException
	at edu.cmu.pact.BehaviorRecorder.ProblemModel.ProblemModel.getExampleTracerGraph(ProblemModel.java:2460)
	at edu.cmu.pact.BehaviorRecorder.ProblemModel.ProblemModel.init(ProblemModel.java:251)
	at edu.cmu.pact.BehaviorRecorder.ProblemModel.ProblemModel.&lt;init&gt;(ProblemModel.java:325)
	at edu.cmu.pact.BehaviorRecorder.Controller.BR_Controller.&lt;init&gt;(BR_Controller.java:377)
	at edu.cmu.pact.BehaviorRecorder.Controller.SingleSessionLauncher.&lt;init&gt;(SingleSessionLauncher.java:270)
	at edu.cmu.pact.BehaviorRecorder.Controller.SingleSessionLauncher.&lt;init&gt;(SingleSessionLauncher.java:203)
	at edu.cmu.pact.BehaviorRecorder.Controller.SingleSessionLauncher.&lt;init&gt;(SingleSessionLauncher.java:197)
	at edu.cmu.pact.BehaviorRecorder.Controller.SingleSessionLauncher.&lt;init&gt;(SingleSessionLauncher.java:192)
	at edu.cmu.pact.miss.SimulateLearningTest.initialize(SimulateLearningTest.java:149)
	at edu.cmu.pact.miss.SimulateLearningTest.testSim(SimulateLearningTest.java:97)
	at sun.reflect.NativeMethodAccessorImpl.invoke0(Native Method)
	at sun.reflect.NativeMethodAccessorImpl.invoke(NativeMethodAccessorImpl.java:62)
	at sun.reflect.DelegatingMethodAccessorImpl.invoke(DelegatingMethodAccessorImpl.java:43)
	at java.lang.reflect.Method.invoke(Method.java:497)
	at junit.framework.TestCase.runTest(TestCase.java:154)
	at junit.framework.TestCase.runBare(TestCase.java:127)
	at junit.framework.TestResult$1.protect(TestResult.java:106)
	at junit.framework.TestResult.runProtected(TestResult.java:124)
	at junit.framework.TestResult.run(TestResult.java:109)
	at junit.framework.TestCase.run(TestCase.java:118)
	at junit.framework.TestSuite.runTest(TestSuite.java:208)
	at junit.framework.TestSuite.run(TestSuite.java:203)
	at org.apache.tools.ant.taskdefs.optional.junit.JUnitTestRunner.run(JUnitTestRunner.java:535)
	at org.apache.tools.ant.taskdefs.optional.junit.JUnitTestRunner.launch(JUnitTestRunner.java:1182)
	at org.apache.tools.ant.taskdefs.optional.junit.JUnitTestRunner.main(JUnitTestRunner.java:1033)
java.lang.NullPointerException
	at net.infonode.properties.propertymap.PropertyMapManager.addMapChanges(Unknown Source)
	at net.infonode.properties.propertymap.PropertyMapImpl$1.signalEmitted(Unknown Source)
	at net.infonode.util.signal.Signal.emit(Unknown Source)
	at net.infonode.util.collection.notifymap.AbstractConstChangeNotifyMap.fireEntriesChanged(Unknown Source)
	at net.infonode.properties.propertymap.PropertyMapImpl$PropertyObjectMap.fireEntriesChanged(Unknown Source)
	at net.infonode.properties.propertymap.PropertyMapImpl.firePropertyValueChanged(Unknown Source)
	at net.infonode.properties.propertymap.value.PropertyRefValue.signalEmitted(Unknown Source)
	at net.infonode.util.signal.Signal.emit(Unknown Source)
	at net.infonode.util.collection.notifymap.AbstractConstChangeNotifyMap.fireEntriesChanged(Unknown Source)
	at net.infonode.properties.propertymap.PropertyMapImpl$PropertyObjectMap.fireEntriesChanged(Unknown Source)
	at net.infonode.properties.propertymap.PropertyMapImpl$PropertyObjectMap.signalEmitted(Unknown Source)
	at net.infonode.util.signal.Signal.emit(Unknown Source)
	at net.infonode.util.collection.notifymap.AbstractConstChangeNotifyMap.fireEntriesChanged(Unknown Source)
	at net.infonode.util.collection.notifymap.ConstChangeNotifyVectorMap$1.signalEmitted(Unknown Source)
	at net.infonode.util.signal.Signal.emit(Unknown Source)
	at net.infonode.util.collection.notifymap.AbstractConstChangeNotifyMap.fireEntriesChanged(Unknown Source)
	at net.infonode.properties.propertymap.PropertyMapImpl$PropertyObjectMap.fireEntriesChanged(Unknown Source)
	at net.infonode.properties.propertymap.PropertyMapImpl.firePropertyValueChanged(Unknown Source)
	at net.infonode.properties.propertymap.PropertyMapImpl.setValue(Unknown Source)
	at net.infonode.properties.propertymap.PropertyMapValueHandler.setValue(Unknown Source)
	at net.infonode.properties.util.ValueHandlerProperty.setValue(Unknown Source)
	at net.infonode.properties.types.BorderProperty.set(Unknown Source)
	at net.infonode.properties.gui.util.ComponentProperties.setBorder(Unknown Source)
	at net.infonode.tabbedpanel.titledtab.TitledTabProperties$2.run(Unknown Source)
	at net.infonode.properties.propertymap.PropertyMapManager.runBatch(Unknown Source)
	at net.infonode.tabbedpanel.titledtab.TitledTabProperties.updateVisualProperties(Unknown Source)
	at net.infonode.tabbedpanel.titledtab.TitledTabProperties.access$000(Unknown Source)
	at net.infonode.tabbedpanel.titledtab.TitledTabProperties$1.lookAndFeelChanged(Unknown Source)
	at net.infonode.gui.DynamicUIManager.fireLookAndFeelChanged(Unknown Source)
	at net.infonode.gui.DynamicUIManager.access$300(Unknown Source)
	at net.infonode.gui.DynamicUIManager$2.propertyChange(Unknown Source)
	at java.beans.PropertyChangeSupport.fire(PropertyChangeSupport.java:335)
	at java.beans.PropertyChangeSupport.firePropertyChange(PropertyChangeSupport.java:327)
	at javax.swing.event.SwingPropertyChangeSupport.firePropertyChange(SwingPropertyChangeSupport.java:92)
	at java.beans.PropertyChangeSupport.firePropertyChange(PropertyChangeSupport.java:263)
	at javax.swing.UIManager.setLookAndFeel(UIManager.java:548)
	at javax.swing.UIManager.setLookAndFeel(UIManager.java:583)
	at edu.cmu.pact.BehaviorRecorder.Controller.SingleSessionLauncher.installNativeLookAndFeel(SingleSessionLauncher.java:374)
	at edu.cmu.pact.BehaviorRecorder.Controller.SingleSessionLauncher.&lt;init&gt;(SingleSessionLauncher.java:246)
	at edu.cmu.pact.BehaviorRecorder.Controller.SingleSessionLauncher.&lt;init&gt;(SingleSessionLauncher.java:187)
	at edu.cmu.pact.BehaviorRecorder.Controller.CTAT_Launcher.&lt;init&gt;(CTAT_Launcher.java:129)
	at edu.cmu.pact.BehaviorRecorder.Controller.CTAT_Launcher.&lt;init&gt;(CTAT_Launcher.java:88)
	at edu.cmu.pact.BehaviorRecorder.ProblemModel.Graph.Groups.DefaultGroupModelTest.setUp(DefaultGroupModelTest.java:126)
	at junit.framework.TestCase.runBare(TestCase.java:125)
	at junit.framework.TestResult$1.protect(TestResult.java:106)
	at junit.framework.TestResult.runProtected(TestResult.java:124)
	at junit.framework.TestResult.run(TestResult.java:109)
	at junit.framework.TestCase.run(TestCase.java:118)
	at junit.framework.TestSuite.runTest(TestSuite.java:208)
	at junit.framework.TestSuite.run(TestSuite.java:203)
	at org.apache.tools.ant.taskdefs.optional.junit.JUnitTestRunner.run(JUnitTestRunner.java:535)
	at org.apache.tools.ant.taskdefs.optional.junit.JUnitTestRunner.launch(JUnitTestRunner.java:1182)
	at org.apache.tools.ant.taskdefs.optional.junit.JUnitTestRunner.main(JUnitTestRunner.java:1033)
deserializing from buffer CTATFunctionsParser.ser
Parser construction took 1 millis
java.lang.NullPointerException
	at net.infonode.properties.propertymap.PropertyMapManager.addMapChanges(Unknown Source)
	at net.infonode.properties.propertymap.PropertyMapImpl$1.signalEmitted(Unknown Source)
	at net.infonode.util.signal.Signal.emit(Unknown Source)
	at net.infonode.util.collection.notifymap.AbstractConstChangeNotifyMap.fireEntriesChanged(Unknown Source)
	at net.infonode.properties.propertymap.PropertyMapImpl$PropertyObjectMap.fireEntriesChanged(Unknown Source)
	at net.infonode.properties.propertymap.PropertyMapImpl.firePropertyValueChanged(Unknown Source)
	at net.infonode.properties.propertymap.value.PropertyRefValue.signalEmitted(Unknown Source)
	at net.infonode.util.signal.Signal.emit(Unknown Source)
	at net.infonode.util.collection.notifymap.AbstractConstChangeNotifyMap.fireEntriesChanged(Unknown Source)
	at net.infonode.properties.propertymap.PropertyMapImpl$PropertyObjectMap.fireEntriesChanged(Unknown Source)
	at net.infonode.properties.propertymap.PropertyMapImpl$PropertyObjectMap.signalEmitted(Unknown Source)
	at net.infonode.util.signal.Signal.emit(Unknown Source)
	at net.infonode.util.collection.notifymap.AbstractConstChangeNotifyMap.fireEntriesChanged(Unknown Source)
	at net.infonode.util.collection.notifymap.ConstChangeNotifyVectorMap$1.signalEmitted(Unknown Source)
	at net.infonode.util.signal.Signal.emit(Unknown Source)
	at net.infonode.util.collection.notifymap.AbstractConstChangeNotifyMap.fireEntriesChanged(Unknown Source)
	at net.infonode.properties.propertymap.PropertyMapImpl$PropertyObjectMap.fireEntriesChanged(Unknown Source)
	at net.infonode.properties.propertymap.PropertyMapImpl.firePropertyValueChanged(Unknown Source)
	at net.infonode.properties.propertymap.PropertyMapImpl.setValue(Unknown Source)
	at net.infonode.properties.propertymap.PropertyMapValueHandler.setValue(Unknown Source)
	at net.infonode.properties.util.ValueHandlerProperty.setValue(Unknown Source)
	at net.infonode.properties.types.BorderProperty.set(Unknown Source)
	at net.infonode.properties.gui.util.ComponentProperties.setBorder(Unknown Source)
	at net.infonode.tabbedpanel.titledtab.TitledTabProperties$2.run(Unknown Source)
	at net.infonode.properties.propertymap.PropertyMapManager.runBatch(Unknown Source)
	at net.infonode.tabbedpanel.titledtab.TitledTabProperties.updateVisualProperties(Unknown Source)
	at net.infonode.tabbedpanel.titledtab.TitledTabProperties.access$000(Unknown Source)
	at net.infonode.tabbedpanel.titledtab.TitledTabProperties$1.lookAndFeelChanged(Unknown Source)
	at net.infonode.gui.DynamicUIManager.fireLookAndFeelChanged(Unknown Source)
	at net.infonode.gui.DynamicUIManager.access$300(Unknown Source)
	at net.infonode.gui.DynamicUIManager$2.propertyChange(Unknown Source)
	at java.beans.PropertyChangeSupport.fire(PropertyChangeSupport.java:335)
	at java.beans.PropertyChangeSupport.firePropertyChange(PropertyChangeSupport.java:327)
	at javax.swing.event.SwingPropertyChangeSupport.firePropertyChange(SwingPropertyChangeSupport.java:92)
	at java.beans.PropertyChangeSupport.firePropertyChange(PropertyChangeSupport.java:263)
	at javax.swing.UIManager.setLookAndFeel(UIManager.java:548)
	at javax.swing.UIManager.setLookAndFeel(UIManager.java:583)
	at edu.cmu.pact.BehaviorRecorder.Controller.SingleSessionLauncher.installNativeLookAndFeel(SingleSessionLauncher.java:374)
	at edu.cmu.pact.BehaviorRecorder.Controller.SingleSessionLauncher.&lt;init&gt;(SingleSessionLauncher.java:246)
	at edu.cmu.pact.BehaviorRecorder.Controller.SingleSessionLauncher.&lt;init&gt;(SingleSessionLauncher.java:187)
	at edu.cmu.pact.BehaviorRecorder.Controller.CTAT_Launcher.&lt;init&gt;(CTAT_Launcher.java:129)
	at edu.cmu.pact.BehaviorRecorder.Controller.CTAT_Launcher.&lt;init&gt;(CTAT_Launcher.java:88)
	at edu.cmu.pact.BehaviorRecorder.ProblemModel.Graph.ProblemEdgeTest.setUp(ProblemEdgeTest.java:36)
	at junit.framework.TestCase.runBare(TestCase.java:125)
	at junit.framework.TestResult$1.protect(TestResult.java:106)
	at junit.framework.TestResult.runProtected(TestResult.java:124)
	at junit.framework.TestResult.run(TestResult.java:109)
	at junit.framework.TestCase.run(TestCase.java:118)
	at junit.framework.TestSuite.runTest(TestSuite.java:208)
	at junit.framework.TestSuite.run(TestSuite.java:203)
	at org.apache.tools.ant.taskdefs.optional.junit.JUnitTestRunner.run(JUnitTestRunner.java:535)
	at org.apache.tools.ant.taskdefs.optional.junit.JUnitTestRunner.launch(JUnitTestRunner.java:1182)
	at org.apache.tools.ant.taskdefs.optional.junit.JUnitTestRunner.main(JUnitTestRunner.java:1033)
deserializing from buffer CTATFunctionsParser.ser
Parser construction took 1 millis
java.lang.NullPointerException
	at net.infonode.properties.propertymap.PropertyMapManager.addMapChanges(Unknown Source)
	at net.infonode.properties.propertymap.PropertyMapImpl$1.signalEmitted(Unknown Source)
	at net.infonode.util.signal.Signal.emit(Unknown Source)
	at net.infonode.util.collection.notifymap.AbstractConstChangeNotifyMap.fireEntriesChanged(Unknown Source)
	at net.infonode.properties.propertymap.PropertyMapImpl$PropertyObjectMap.fireEntriesChanged(Unknown Source)
	at net.infonode.properties.propertymap.PropertyMapImpl.firePropertyValueChanged(Unknown Source)
	at net.infonode.properties.propertymap.value.PropertyRefValue.signalEmitted(Unknown Source)
	at net.infonode.util.signal.Signal.emit(Unknown Source)
	at net.infonode.util.collection.notifymap.AbstractConstChangeNotifyMap.fireEntriesChanged(Unknown Source)
	at net.infonode.properties.propertymap.PropertyMapImpl$PropertyObjectMap.fireEntriesChanged(Unknown Source)
	at net.infonode.properties.propertymap.PropertyMapImpl$PropertyObjectMap.signalEmitted(Unknown Source)
	at net.infonode.util.signal.Signal.emit(Unknown Source)
	at net.infonode.util.collection.notifymap.AbstractConstChangeNotifyMap.fireEntriesChanged(Unknown Source)
	at net.infonode.util.collection.notifymap.ConstChangeNotifyVectorMap$1.signalEmitted(Unknown Source)
	at net.infonode.util.signal.Signal.emit(Unknown Source)
	at net.infonode.util.collection.notifymap.AbstractConstChangeNotifyMap.fireEntriesChanged(Unknown Source)
	at net.infonode.properties.propertymap.PropertyMapImpl$PropertyObjectMap.fireEntriesChanged(Unknown Source)
	at net.infonode.properties.propertymap.PropertyMapImpl.firePropertyValueChanged(Unknown Source)
	at net.infonode.properties.propertymap.PropertyMapImpl.setValue(Unknown Source)
	at net.infonode.properties.propertymap.PropertyMapValueHandler.setValue(Unknown Source)
	at net.infonode.properties.util.ValueHandlerProperty.setValue(Unknown Source)
	at net.infonode.properties.types.BorderProperty.set(Unknown Source)
	at net.infonode.properties.gui.util.ComponentProperties.setBorder(Unknown Source)
	at net.infonode.tabbedpanel.titledtab.TitledTabProperties$2.run(Unknown Source)
	at net.infonode.properties.propertymap.PropertyMapManager.runBatch(Unknown Source)
	at net.infonode.tabbedpanel.titledtab.TitledTabProperties.updateVisualProperties(Unknown Source)
	at net.infonode.tabbedpanel.titledtab.TitledTabProperties.access$000(Unknown Source)
	at net.infonode.tabbedpanel.titledtab.TitledTabProperties$1.lookAndFeelChanged(Unknown Source)
	at net.infonode.gui.DynamicUIManager.fireLookAndFeelChanged(Unknown Source)
	at net.infonode.gui.DynamicUIManager.access$300(Unknown Source)
	at net.infonode.gui.DynamicUIManager$2.propertyChange(Unknown Source)
	at java.beans.PropertyChangeSupport.fire(PropertyChangeSupport.java:335)
	at java.beans.PropertyChangeSupport.firePropertyChange(PropertyChangeSupport.java:327)
	at javax.swing.event.SwingPropertyChangeSupport.firePropertyChange(SwingPropertyChangeSupport.java:92)
	at java.beans.PropertyChangeSupport.firePropertyChange(PropertyChangeSupport.java:263)
	at javax.swing.UIManager.setLookAndFeel(UIManager.java:548)
	at javax.swing.UIManager.setLookAndFeel(UIManager.java:583)
	at edu.cmu.pact.BehaviorRecorder.Controller.SingleSessionLauncher.installNativeLookAndFeel(SingleSessionLauncher.java:374)
	at edu.cmu.pact.BehaviorRecorder.Controller.SingleSessionLauncher.&lt;init&gt;(SingleSessionLauncher.java:246)
	at edu.cmu.pact.BehaviorRecorder.Controller.SingleSessionLauncher.&lt;init&gt;(SingleSessionLauncher.java:187)
	at edu.cmu.pact.BehaviorRecorder.Controller.CTAT_Launcher.&lt;init&gt;(CTAT_Launcher.java:129)
	at edu.cmu.pact.BehaviorRecorder.Controller.CTAT_Launcher.&lt;init&gt;(CTAT_Launcher.java:88)
	at edu.cmu.pact.BehaviorRecorder.ProblemModel.Graph.ProblemNodeTest.setUp(ProblemNodeTest.java:37)
	at junit.framework.TestCase.runBare(TestCase.java:125)
	at junit.framework.TestResult$1.protect(TestResult.java:106)
	at junit.framework.TestResult.runProtected(TestResult.java:124)
	at junit.framework.TestResult.run(TestResult.java:109)
	at junit.framework.TestCase.run(TestCase.java:118)
	at junit.framework.TestSuite.runTest(TestSuite.java:208)
	at junit.framework.TestSuite.run(TestSuite.java:203)
	at org.apache.tools.ant.taskdefs.optional.junit.JUnitTestRunner.run(JUnitTestRunner.java:535)
	at org.apache.tools.ant.taskdefs.optional.junit.JUnitTestRunner.launch(JUnitTestRunner.java:1182)
	at org.apache.tools.ant.taskdefs.optional.junit.JUnitTestRunner.main(JUnitTestRunner.java:1033)
deserializing from buffer CTATFunctionsParser.ser
Parser construction took 1 millis
edu.cmu.pact.BehaviorRecorder.ProblemModel.ProblemModelException: The problem name: "" is empty or has unallowed characters.
	at edu.cmu.pact.BehaviorRecorder.Controller.BR_Controller.createStartStateInternal(BR_Controller.java:2448)
	at edu.cmu.pact.BehaviorRecorder.Controller.BR_Controller.createStartState(BR_Controller.java:2397)
	at edu.cmu.pact.ctat.model.CtatModeModel.changeAuthorModeOk(CtatModeModel.java:349)
	at edu.cmu.pact.ctat.model.CtatModeModel.setAuthorMode(CtatModeModel.java:215)
	at edu.cmu.pact.BehaviorRecorder.Controller.PseudoTutorMessageHandlerTest.setUp(PseudoTutorMessageHandlerTest.java:696)
	at junit.framework.TestCase.runBare(TestCase.java:125)
	at junit.framework.TestResult$1.protect(TestResult.java:106)
	at junit.framework.TestResult.runProtected(TestResult.java:124)
	at junit.framework.TestResult.run(TestResult.java:109)
	at junit.framework.TestCase.run(TestCase.java:118)
	at junit.framework.TestSuite.runTest(TestSuite.java:208)
	at junit.framework.TestSuite.run(TestSuite.java:203)
	at org.apache.tools.ant.taskdefs.optional.junit.JUnitTestRunner.run(JUnitTestRunner.java:535)
	at org.apache.tools.ant.taskdefs.optional.junit.JUnitTestRunner.launch(JUnitTestRunner.java:1182)
	at org.apache.tools.ant.taskdefs.optional.junit.JUnitTestRunner.main(JUnitTestRunner.java:1033)
[12:16:33] +err+ 21859: Utils.showExceptionOccurredDialog Error loading file:
  &lt;html&gt;The file could not be found or the format of the file is not recognized. &lt;br&gt;Please check the file and try again.&lt;br&gt;Error:  &lt;edu.cmu.pact.Utilities.Utils:725&gt;main
java.lang.NullPointerException
	at net.infonode.properties.propertymap.PropertyMapManager.addMapChanges(Unknown Source)
	at net.infonode.properties.propertymap.PropertyMapImpl$1.signalEmitted(Unknown Source)
	at net.infonode.util.signal.Signal.emit(Unknown Source)
	at net.infonode.util.collection.notifymap.AbstractConstChangeNotifyMap.fireEntriesChanged(Unknown Source)
	at net.infonode.properties.propertymap.PropertyMapImpl$PropertyObjectMap.fireEntriesChanged(Unknown Source)
	at net.infonode.properties.propertymap.PropertyMapImpl.firePropertyValueChanged(Unknown Source)
	at net.infonode.properties.propertymap.value.PropertyRefValue.signalEmitted(Unknown Source)
	at net.infonode.util.signal.Signal.emit(Unknown Source)
	at net.infonode.util.collection.notifymap.AbstractConstChangeNotifyMap.fireEntriesChanged(Unknown Source)
	at net.infonode.properties.propertymap.PropertyMapImpl$PropertyObjectMap.fireEntriesChanged(Unknown Source)
	at net.infonode.properties.propertymap.PropertyMapImpl.firePropertyValueChanged(Unknown Source)
	at net.infonode.properties.propertymap.PropertyMapImpl.setValue(Unknown Source)
	at net.infonode.properties.propertymap.PropertyMapValueHandler.setValue(Unknown Source)
	at net.infonode.properties.util.ValueHandlerProperty.setValue(Unknown Source)
	at net.infonode.properties.types.StringProperty.set(Unknown Source)
	at net.infonode.docking.properties.ViewProperties.setTitle(Unknown Source)
	at edu.cmu.pact.ctatview.DockManager.refreshGraphTitle(DockManager.java:1084)
	at edu.cmu.pact.BehaviorRecorder.Controller.BR_Controller.openBRDFileAndSendStartState(BR_Controller.java:4457)
	at edu.cmu.pact.BehaviorRecorder.Controller.BR_Controller.openBRFromURL(BR_Controller.java:894)
	at edu.cmu.pact.BehaviorRecorder.Controller.BR_Controller.openBRFromURL(BR_Controller.java:873)
	at edu.cmu.pact.BehaviorRecorder.Controller.PseudoTutorMessageHandlerTest.testTraversalHints(PseudoTutorMessageHandlerTest.java:880)
	at sun.reflect.NativeMethodAccessorImpl.invoke0(Native Method)
	at sun.reflect.NativeMethodAccessorImpl.invoke(NativeMethodAccessorImpl.java:62)
	at sun.reflect.DelegatingMethodAccessorImpl.invoke(DelegatingMethodAccessorImpl.java:43)
	at java.lang.reflect.Method.invoke(Method.java:497)
	at junit.framework.TestCase.runTest(TestCase.java:154)
	at junit.framework.TestCase.runBare(TestCase.java:127)
	at junit.framework.TestResult$1.protect(TestResult.java:106)
	at junit.framework.TestResult.runProtected(TestResult.java:124)
	at junit.framework.TestResult.run(TestResult.java:109)
	at junit.framework.TestCase.run(TestCase.java:118)
	at junit.framework.TestSuite.runTest(TestSuite.java:208)
	at junit.framework.TestSuite.run(TestSuite.java:203)
	at org.apache.tools.ant.taskdefs.optional.junit.JUnitTestRunner.run(JUnitTestRunner.java:535)
	at org.apache.tools.ant.taskdefs.optional.junit.JUnitTestRunner.launch(JUnitTestRunner.java:1182)
	at org.apache.tools.ant.taskdefs.optional.junit.JUnitTestRunner.main(JUnitTestRunner.java:1033)
java.lang.NullPointerException
	at net.infonode.properties.propertymap.PropertyMapManager.addMapChanges(Unknown Source)
	at net.infonode.properties.propertymap.PropertyMapImpl$1.signalEmitted(Unknown Source)
	at net.infonode.util.signal.Signal.emit(Unknown Source)
	at net.infonode.util.collection.notifymap.AbstractConstChangeNotifyMap.fireEntriesChanged(Unknown Source)
	at net.infonode.properties.propertymap.PropertyMapImpl$PropertyObjectMap.fireEntriesChanged(Unknown Source)
	at net.infonode.properties.propertymap.PropertyMapImpl.firePropertyValueChanged(Unknown Source)
	at net.infonode.properties.propertymap.value.PropertyRefValue.signalEmitted(Unknown Source)
	at net.infonode.util.signal.Signal.emit(Unknown Source)
	at net.infonode.util.collection.notifymap.AbstractConstChangeNotifyMap.fireEntriesChanged(Unknown Source)
	at net.infonode.properties.propertymap.PropertyMapImpl$PropertyObjectMap.fireEntriesChanged(Unknown Source)
	at net.infonode.properties.propertymap.PropertyMapImpl$PropertyObjectMap.signalEmitted(Unknown Source)
	at net.infonode.util.signal.Signal.emit(Unknown Source)
	at net.infonode.util.collection.notifymap.AbstractConstChangeNotifyMap.fireEntriesChanged(Unknown Source)
	at net.infonode.util.collection.notifymap.ConstChangeNotifyVectorMap$1.signalEmitted(Unknown Source)
	at net.infonode.util.signal.Signal.emit(Unknown Source)
	at net.infonode.util.collection.notifymap.AbstractConstChangeNotifyMap.fireEntriesChanged(Unknown Source)
	at net.infonode.properties.propertymap.PropertyMapImpl$PropertyObjectMap.fireEntriesChanged(Unknown Source)
	at net.infonode.properties.propertymap.PropertyMapImpl.firePropertyValueChanged(Unknown Source)
	at net.infonode.properties.propertymap.PropertyMapImpl.setValue(Unknown Source)
	at net.infonode.properties.propertymap.PropertyMapValueHandler.setValue(Unknown Source)
	at net.infonode.properties.util.ValueHandlerProperty.setValue(Unknown Source)
	at net.infonode.properties.types.BorderProperty.set(Unknown Source)
	at net.infonode.properties.gui.util.ComponentProperties.setBorder(Unknown Source)
	at net.infonode.tabbedpanel.titledtab.TitledTabProperties$2.run(Unknown Source)
	at net.infonode.properties.propertymap.PropertyMapManager.runBatch(Unknown Source)
	at net.infonode.tabbedpanel.titledtab.TitledTabProperties.updateVisualProperties(Unknown Source)
	at net.infonode.tabbedpanel.titledtab.TitledTabProperties.access$000(Unknown Source)
	at net.infonode.tabbedpanel.titledtab.TitledTabProperties$1.lookAndFeelChanged(Unknown Source)
	at net.infonode.gui.DynamicUIManager.fireLookAndFeelChanged(Unknown Source)
	at net.infonode.gui.DynamicUIManager.access$300(Unknown Source)
	at net.infonode.gui.DynamicUIManager$2.propertyChange(Unknown Source)
	at java.beans.PropertyChangeSupport.fire(PropertyChangeSupport.java:335)
	at java.beans.PropertyChangeSupport.firePropertyChange(PropertyChangeSupport.java:327)
	at javax.swing.event.SwingPropertyChangeSupport.firePropertyChange(SwingPropertyChangeSupport.java:92)
	at java.beans.PropertyChangeSupport.firePropertyChange(PropertyChangeSupport.java:263)
	at javax.swing.UIManager.setLookAndFeel(UIManager.java:548)
	at javax.swing.UIManager.setLookAndFeel(UIManager.java:583)
	at edu.cmu.pact.BehaviorRecorder.Controller.SingleSessionLauncher.installNativeLookAndFeel(SingleSessionLauncher.java:374)
	at edu.cmu.pact.BehaviorRecorder.Controller.SingleSessionLauncher.&lt;init&gt;(SingleSessionLauncher.java:246)
	at edu.cmu.pact.BehaviorRecorder.Controller.SingleSessionLauncher.&lt;init&gt;(SingleSessionLauncher.java:187)
	at edu.cmu.pact.BehaviorRecorder.Controller.CTAT_Launcher.&lt;init&gt;(CTAT_Launcher.java:129)
	at edu.cmu.pact.BehaviorRecorder.Controller.CTAT_Launcher.&lt;init&gt;(CTAT_Launcher.java:88)
	at edu.cmu.pact.Log.DataShopMessageObjectTest.setUp(DataShopMessageObjectTest.java:521)
	at junit.framework.TestCase.runBare(TestCase.java:125)
	at junit.framework.TestResult$1.protect(TestResult.java:106)
	at junit.framework.TestResult.runProtected(TestResult.java:124)
	at junit.framework.TestResult.run(TestResult.java:109)
	at junit.framework.TestCase.run(TestCase.java:118)
	at junit.framework.TestSuite.runTest(TestSuite.java:208)
	at junit.framework.TestSuite.run(TestSuite.java:203)
	at org.apache.tools.ant.taskdefs.optional.junit.JUnitTestRunner.run(JUnitTestRunner.java:535)
	at org.apache.tools.ant.taskdefs.optional.junit.JUnitTestRunner.launch(JUnitTestRunner.java:1182)
	at org.apache.tools.ant.taskdefs.optional.junit.JUnitTestRunner.main(JUnitTestRunner.java:1033)
deserializing from buffer CTATFunctionsParser.ser
Parser construction took 0 millis
[12:16:33] +err+ 22421: bad pKnown: java.lang.NumberFormatException: For input string: "c,_negative Solver" &lt;edu.cmu.pact.ctat.model.Skill:519&gt;main
[12:16:33] +err+ 22473: bad pKnown: java.lang.NumberFormatException: For input string: "c,_negative Solver" &lt;edu.cmu.pact.ctat.model.Skill:519&gt;main
</pre>
</body>
</html>
