<html xmlns:string="xalan://java.lang.String" xmlns:lxslt="http://xml.apache.org/xslt">
<head>
<META http-equiv="Content-Type" content="text/html; charset=UTF-8">
<title>Unit Test Results: All Errors</title>
<link rel="stylesheet" type="text/css" title="Style" href="stylesheet.css">
</head>
<body onload="open('allclasses-frame.html','classListFrame')">
<h1>Unit Test Results.</h1>
<table width="100%">
<tr>
<td align="left"></td><td align="right">Designed for use with <a href="http://www.junit.org/">JUnit</a> and <a href="http://ant.apache.org/">Ant</a>.</td>
</tr>
</table>
<hr size="1">
<h2>All Errors</h2>
<table class="details" border="0" cellpadding="5" cellspacing="2" width="95%">
<tr valign="top">
<th>Class</th><th>Name</th><th>Status</th><th width="80%">Type</th><th nowrap>Time(s)</th>
</tr>
<tr valign="top" class="Error">
<td><a href="/0_CTAT_GlobalTestSuite.html">CTAT_GlobalTestSuite</a></td><td><a name="testChangeActionType"></a><a href="/0_CTAT_GlobalTestSuite.html#testChangeActionType">testChangeActionType</a></td><td>Error</td><td>N/A<br>
<br>
<code>java.lang.NullPointerException<br>	at edu.cmu.pact.BehaviorRecorder.ProblemModel.Graph.GraphEditsTest.testChangeActionType(GraphEditsTest.java:456)<br>
</code></td><td>0.164</td>
</tr>
<tr valign="top" class="Error">
<td><a href="/0_CTAT_GlobalTestSuite.html">CTAT_GlobalTestSuite</a></td><td><a name="testCtatModeModel"></a><a href="/0_CTAT_GlobalTestSuite.html#testCtatModeModel">testCtatModeModel</a></td><td>Error</td><td>Index: 0, Size: 0<br>
<br>
<code>java.lang.IndexOutOfBoundsException: Index: 0, Size: 0<br>	at java.util.ArrayList.rangeCheck(ArrayList.java:635)<br>	at java.util.ArrayList.get(ArrayList.java:411)<br>	at edu.cmu.pact.BehaviorRecorder.Tab.CTATTabManager.getTabByNumber(CTATTabManager.java:183)<br>	at edu.cmu.pact.BehaviorRecorder.Tab.CTATTabManager.setTabVisibility(CTATTabManager.java:272)<br>	at edu.cmu.pact.BehaviorRecorder.Controller.CTAT_Launcher.&lt;init&gt;(CTAT_Launcher.java:118)<br>	at edu.cmu.pact.BehaviorRecorder.Controller.CTAT_Launcher.&lt;init&gt;(CTAT_Launcher.java:83)<br>	at edu.cmu.pact.ctat.model.CtatModeModelTest.testCtatModeModel(CtatModeModelTest.java:74)<br>
</code></td><td>0.241</td>
</tr>
<tr valign="top" class="Error">
<td><a href="/0_CTAT_GlobalTestSuite.html">CTAT_GlobalTestSuite</a></td><td><a name="testDiskLogging"></a><a href="/0_CTAT_GlobalTestSuite.html#testDiskLogging">testDiskLogging</a></td><td>Error</td><td>Index: 0, Size: 0<br>
<br>
<code>java.lang.IndexOutOfBoundsException: Index: 0, Size: 0<br>	at java.util.ArrayList.rangeCheck(ArrayList.java:635)<br>	at java.util.ArrayList.get(ArrayList.java:411)<br>	at edu.cmu.pact.BehaviorRecorder.Tab.CTATTabManager.getTabByNumber(CTATTabManager.java:183)<br>	at edu.cmu.pact.BehaviorRecorder.Tab.CTATTabManager.setTabVisibility(CTATTabManager.java:272)<br>	at edu.cmu.pact.BehaviorRecorder.Controller.CTAT_Launcher.&lt;init&gt;(CTAT_Launcher.java:118)<br>	at edu.cmu.pact.BehaviorRecorder.Controller.CTAT_Launcher.&lt;init&gt;(CTAT_Launcher.java:83)<br>	at edu.cmu.pact.Log.AuthorActionLogTest.testDiskLogging(AuthorActionLogTest.java:285)<br>
</code></td><td>0.031</td>
</tr>
<tr valign="top" class="Error">
<td><a href="/0_CTAT_GlobalTestSuite.html">CTAT_GlobalTestSuite</a></td><td><a name="testEdgeGroupsJDOM"></a><a href="/0_CTAT_GlobalTestSuite.html#testEdgeGroupsJDOM">testEdgeGroupsJDOM</a></td><td>Error</td><td>N/A<br>
<br>
<code>java.lang.ExceptionInInitializerError<br>	at edu.cmu.pact.BehaviorRecorder.ProblemModel.ProblemStateReaderTest.setUp(ProblemStateReaderTest.java:272)<br>Caused by: java.lang.IndexOutOfBoundsException: Index: 0, Size: 0<br>	at java.util.ArrayList.rangeCheck(ArrayList.java:635)<br>	at java.util.ArrayList.get(ArrayList.java:411)<br>	at edu.cmu.pact.BehaviorRecorder.Tab.CTATTabManager.getTabByNumber(CTATTabManager.java:183)<br>	at edu.cmu.pact.BehaviorRecorder.Tab.CTATTabManager.setTabVisibility(CTATTabManager.java:272)<br>	at edu.cmu.pact.BehaviorRecorder.Controller.CTAT_Launcher.&lt;init&gt;(CTAT_Launcher.java:118)<br>	at edu.cmu.pact.BehaviorRecorder.Controller.CTAT_Launcher.&lt;init&gt;(CTAT_Launcher.java:83)<br>	at edu.cmu.pact.BehaviorRecorder.ProblemModel.ProblemStateWriterTestUtility.&lt;clinit&gt;(ProblemStateWriterTestUtility.java:45)<br>
</code></td><td>0.110</td>
</tr>
<tr valign="top" class="Error">
<td><a href="/0_CTAT_GlobalTestSuite.html">CTAT_GlobalTestSuite</a></td><td><a name="testFindPath"></a><a href="/0_CTAT_GlobalTestSuite.html#testFindPath">testFindPath</a></td><td>Error</td><td>Index: 0, Size: 0<br>
<br>
<code>java.lang.IndexOutOfBoundsException: Index: 0, Size: 0<br>	at java.util.ArrayList.rangeCheck(ArrayList.java:635)<br>	at java.util.ArrayList.get(ArrayList.java:411)<br>	at edu.cmu.pact.BehaviorRecorder.Tab.CTATTabManager.getTabByNumber(CTATTabManager.java:183)<br>	at edu.cmu.pact.BehaviorRecorder.Tab.CTATTabManager.setTabVisibility(CTATTabManager.java:272)<br>	at edu.cmu.pact.BehaviorRecorder.Controller.CTAT_Launcher.&lt;init&gt;(CTAT_Launcher.java:118)<br>	at edu.cmu.pact.BehaviorRecorder.Controller.CTAT_Launcher.&lt;init&gt;(CTAT_Launcher.java:83)<br>	at edu.cmu.pact.BehaviorRecorder.ProblemModel.ProblemModelTest.testFindPath(ProblemModelTest.java:351)<br>
</code></td><td>0.136</td>
</tr>
<tr valign="top" class="Error">
<td><a href="/0_CTAT_GlobalTestSuite.html">CTAT_GlobalTestSuite</a></td><td><a name="testGetTestClasses"></a><a href="/0_CTAT_GlobalTestSuite.html#testGetTestClasses">testGetTestClasses</a></td><td>Error</td><td>Index: 0, Size: 0<br>
<br>
<code>java.lang.IndexOutOfBoundsException: Index: 0, Size: 0<br>	at java.util.ArrayList.rangeCheck(ArrayList.java:635)<br>	at java.util.ArrayList.get(ArrayList.java:411)<br>	at edu.cmu.pact.BehaviorRecorder.Tab.CTATTabManager.getTabByNumber(CTATTabManager.java:183)<br>	at edu.cmu.pact.BehaviorRecorder.Tab.CTATTabManager.setTabVisibility(CTATTabManager.java:272)<br>	at edu.cmu.pact.BehaviorRecorder.Controller.CTAT_Launcher.&lt;init&gt;(CTAT_Launcher.java:118)<br>	at edu.cmu.pact.BehaviorRecorder.Controller.CTAT_Launcher.&lt;init&gt;(CTAT_Launcher.java:83)<br>	at edu.cmu.pact.BehaviorRecorder.Controller.BR_ControllerTest.&lt;init&gt;(BR_ControllerTest.java:18)<br>	at java.lang.reflect.Constructor.newInstance(Constructor.java:526)<br>	at java.lang.Class.newInstance(Class.java:374)<br>	at edu.GlobalTestSuiteTest.testGetTestClasses(GlobalTestSuiteTest.java:31)<br>
</code></td><td>0.034</td>
</tr>
<tr valign="top" class="Error">
<td><a href="/0_CTAT_GlobalTestSuite.html">CTAT_GlobalTestSuite</a></td><td><a name="testInterfaceSize"></a><a href="/0_CTAT_GlobalTestSuite.html#testInterfaceSize">testInterfaceSize</a></td><td>Error</td><td>Index: 0, Size: 0<br>
<br>
<code>java.lang.IndexOutOfBoundsException: Index: 0, Size: 0<br>	at java.util.ArrayList.rangeCheck(ArrayList.java:635)<br>	at java.util.ArrayList.get(ArrayList.java:411)<br>	at edu.cmu.pact.BehaviorRecorder.Tab.CTATTabManager.getTabByNumber(CTATTabManager.java:183)<br>	at edu.cmu.pact.BehaviorRecorder.Tab.CTATTabManager.setTabVisibility(CTATTabManager.java:272)<br>	at edu.cmu.pact.BehaviorRecorder.Controller.CTAT_Launcher.&lt;init&gt;(CTAT_Launcher.java:118)<br>	at edu.cmu.pact.BehaviorRecorder.Controller.CTAT_Launcher.&lt;init&gt;(CTAT_Launcher.java:83)<br>	at edu.cmu.pact.BehaviorRecorder.InterfaceSizeTest.testInterfaceSize(InterfaceSizeTest.java:39)<br>
</code></td><td>0.182</td>
</tr>
<tr valign="top" class="Error">
<td><a href="/0_CTAT_GlobalTestSuite.html">CTAT_GlobalTestSuite</a></td><td><a name="testJDom"></a><a href="/0_CTAT_GlobalTestSuite.html#testJDom">testJDom</a></td><td>Error</td><td>Index: 0, Size: 0<br>
<br>
<code>java.lang.IndexOutOfBoundsException: Index: 0, Size: 0<br>	at java.util.ArrayList.rangeCheck(ArrayList.java:635)<br>	at java.util.ArrayList.get(ArrayList.java:411)<br>	at edu.cmu.pact.BehaviorRecorder.Tab.CTATTabManager.getTabByNumber(CTATTabManager.java:183)<br>	at edu.cmu.pact.BehaviorRecorder.Tab.CTATTabManager.setTabVisibility(CTATTabManager.java:272)<br>	at edu.cmu.pact.BehaviorRecorder.Controller.CTAT_Launcher.&lt;init&gt;(CTAT_Launcher.java:118)<br>	at edu.cmu.pact.BehaviorRecorder.Controller.CTAT_Launcher.&lt;init&gt;(CTAT_Launcher.java:83)<br>	at edu.cmu.pact.BehaviorRecorder.ProblemModel.JDomReaderTest.testJDom(JDomReaderTest.java:71)<br>
</code></td><td>0.138</td>
</tr>
<tr valign="top" class="Error">
<td><a href="/0_CTAT_GlobalTestSuite.html">CTAT_GlobalTestSuite</a></td><td><a name="testLoadGraph"></a><a href="/0_CTAT_GlobalTestSuite.html#testLoadGraph">testLoadGraph</a></td><td>Error</td><td>Could not initialize class edu.cmu.pact.BehaviorRecorder.ProblemModel.ProblemStateWriterTestUtility<br>
<br>
<code>java.lang.NoClassDefFoundError: Could not initialize class edu.cmu.pact.BehaviorRecorder.ProblemModel.ProblemStateWriterTestUtility<br>	at edu.cmu.pact.BehaviorRecorder.ProblemModel.ProblemStateReaderTest.setUp(ProblemStateReaderTest.java:272)<br>
</code></td><td>0.001</td>
</tr>
<tr valign="top" class="Error">
<td><a href="/0_CTAT_GlobalTestSuite.html">CTAT_GlobalTestSuite</a></td><td><a name="testLogDeffunctionChanges"></a><a href="/0_CTAT_GlobalTestSuite.html#testLogDeffunctionChanges">testLogDeffunctionChanges</a></td><td>Error</td><td>/Users/simstudent/CMU/pact-cvs-tree/AuthoringToolsL/java/test/edu/cmu/pact/Log/simstudent_20140617090528787.log (No such file or directory)<br>
<br>
<code>java.io.FileNotFoundException: /Users/simstudent/CMU/pact-cvs-tree/AuthoringToolsL/java/test/edu/cmu/pact/Log/simstudent_20140617090528787.log (No such file or directory)<br>	at java.io.FileInputStream.open(Native Method)<br>	at java.io.FileInputStream.&lt;init&gt;(FileInputStream.java:146)<br>	at edu.cmu.pact.Log.LogFormatUtils.makeValidXML(LogFormatUtils.java:814)<br>	at edu.cmu.pact.Log.LogFormatUtils.makeValidXML(LogFormatUtils.java:803)<br>	at edu.cmu.pact.Log.LogReteChangesTest.loadFromFile(LogReteChangesTest.java:384)<br>	at edu.cmu.pact.Log.LogReteChangesTest.testLogDeffunctionChanges(LogReteChangesTest.java:249)<br>
</code></td><td>0.036</td>
</tr>
<tr valign="top" class="Error">
<td><a href="/0_CTAT_GlobalTestSuite.html">CTAT_GlobalTestSuite</a></td><td><a name="testLogDefglobalChanges"></a><a href="/0_CTAT_GlobalTestSuite.html#testLogDefglobalChanges">testLogDefglobalChanges</a></td><td>Error</td><td>/Users/simstudent/CMU/pact-cvs-tree/AuthoringToolsL/java/test/edu/cmu/pact/Log/simstudent_20140617090528787.log (No such file or directory)<br>
<br>
<code>java.io.FileNotFoundException: /Users/simstudent/CMU/pact-cvs-tree/AuthoringToolsL/java/test/edu/cmu/pact/Log/simstudent_20140617090528787.log (No such file or directory)<br>	at java.io.FileInputStream.open(Native Method)<br>	at java.io.FileInputStream.&lt;init&gt;(FileInputStream.java:146)<br>	at edu.cmu.pact.Log.LogFormatUtils.makeValidXML(LogFormatUtils.java:814)<br>	at edu.cmu.pact.Log.LogFormatUtils.makeValidXML(LogFormatUtils.java:803)<br>	at edu.cmu.pact.Log.LogReteChangesTest.loadFromFile(LogReteChangesTest.java:384)<br>	at edu.cmu.pact.Log.LogReteChangesTest.testLogDefglobalChanges(LogReteChangesTest.java:299)<br>
</code></td><td>0.015</td>
</tr>
<tr valign="top" class="Error">
<td><a href="/0_CTAT_GlobalTestSuite.html">CTAT_GlobalTestSuite</a></td><td><a name="testLogDefruleChanges"></a><a href="/0_CTAT_GlobalTestSuite.html#testLogDefruleChanges">testLogDefruleChanges</a></td><td>Error</td><td>/Users/simstudent/CMU/pact-cvs-tree/AuthoringToolsL/java/test/edu/cmu/pact/Log/simstudent_20140617090528787.log (No such file or directory)<br>
<br>
<code>java.io.FileNotFoundException: /Users/simstudent/CMU/pact-cvs-tree/AuthoringToolsL/java/test/edu/cmu/pact/Log/simstudent_20140617090528787.log (No such file or directory)<br>	at java.io.FileInputStream.open(Native Method)<br>	at java.io.FileInputStream.&lt;init&gt;(FileInputStream.java:146)<br>	at edu.cmu.pact.Log.LogFormatUtils.makeValidXML(LogFormatUtils.java:814)<br>	at edu.cmu.pact.Log.LogFormatUtils.makeValidXML(LogFormatUtils.java:803)<br>	at edu.cmu.pact.Log.LogReteChangesTest.loadFromFile(LogReteChangesTest.java:384)<br>	at edu.cmu.pact.Log.LogReteChangesTest.testLogDefruleChanges(LogReteChangesTest.java:202)<br>
</code></td><td>0.014</td>
</tr>
<tr valign="top" class="Error">
<td><a href="/0_CTAT_GlobalTestSuite.html">CTAT_GlobalTestSuite</a></td><td><a name="testLogDeftemplateChanges"></a><a href="/0_CTAT_GlobalTestSuite.html#testLogDeftemplateChanges">testLogDeftemplateChanges</a></td><td>Error</td><td>/Users/simstudent/CMU/pact-cvs-tree/AuthoringToolsL/java/test/edu/cmu/pact/Log/simstudent_20140617090528787.log (No such file or directory)<br>
<br>
<code>java.io.FileNotFoundException: /Users/simstudent/CMU/pact-cvs-tree/AuthoringToolsL/java/test/edu/cmu/pact/Log/simstudent_20140617090528787.log (No such file or directory)<br>	at java.io.FileInputStream.open(Native Method)<br>	at java.io.FileInputStream.&lt;init&gt;(FileInputStream.java:146)<br>	at edu.cmu.pact.Log.LogFormatUtils.makeValidXML(LogFormatUtils.java:814)<br>	at edu.cmu.pact.Log.LogFormatUtils.makeValidXML(LogFormatUtils.java:803)<br>	at edu.cmu.pact.Log.LogReteChangesTest.loadFromFile(LogReteChangesTest.java:384)<br>	at edu.cmu.pact.Log.LogReteChangesTest.testLogDeftemplateChanges(LogReteChangesTest.java:149)<br>
</code></td><td>0.011</td>
</tr>
<tr valign="top" class="Error">
<td><a href="/0_CTAT_GlobalTestSuite.html">CTAT_GlobalTestSuite</a></td><td><a name="testLogSessionFromXML"></a><a href="/0_CTAT_GlobalTestSuite.html#testLogSessionFromXML">testLogSessionFromXML</a></td><td>Error</td><td>Index: 0, Size: 0<br>
<br>
<code>java.lang.IndexOutOfBoundsException: Index: 0, Size: 0<br>	at java.util.ArrayList.rangeCheck(ArrayList.java:635)<br>	at java.util.ArrayList.get(ArrayList.java:411)<br>	at edu.cmu.pact.BehaviorRecorder.Tab.CTATTabManager.getTabByNumber(CTATTabManager.java:183)<br>	at edu.cmu.pact.BehaviorRecorder.Tab.CTATTabManager.setTabVisibility(CTATTabManager.java:272)<br>	at edu.cmu.pact.BehaviorRecorder.Controller.CTAT_Launcher.&lt;init&gt;(CTAT_Launcher.java:118)<br>	at edu.cmu.pact.BehaviorRecorder.Controller.CTAT_Launcher.&lt;init&gt;(CTAT_Launcher.java:83)<br>	at edu.cmu.pact.Log.DataShopMessageObjectTest.setUp(DataShopMessageObjectTest.java:521)<br>
</code></td><td>0.038</td>
</tr>
<tr valign="top" class="Error">
<td><a href="/0_CTAT_GlobalTestSuite.html">CTAT_GlobalTestSuite</a></td><td><a name="testMatcherJDOM"></a><a href="/0_CTAT_GlobalTestSuite.html#testMatcherJDOM">testMatcherJDOM</a></td><td>Error</td><td>Could not initialize class edu.cmu.pact.BehaviorRecorder.ProblemModel.ProblemStateWriterTestUtility<br>
<br>
<code>java.lang.NoClassDefFoundError: Could not initialize class edu.cmu.pact.BehaviorRecorder.ProblemModel.ProblemStateWriterTestUtility<br>	at edu.cmu.pact.BehaviorRecorder.ProblemModel.ProblemStateReaderTest.setUp(ProblemStateReaderTest.java:272)<br>
</code></td><td>0.001</td>
</tr>
<tr valign="top" class="Error">
<td><a href="/0_CTAT_GlobalTestSuite.html">CTAT_GlobalTestSuite</a></td><td><a name="testMergeWithGroups"></a><a href="/0_CTAT_GlobalTestSuite.html#testMergeWithGroups">testMergeWithGroups</a></td><td>Error</td><td>N/A<br>
<br>
<code>java.lang.NullPointerException<br>	at edu.cmu.pact.BehaviorRecorder.Controller.BR_Controller.mergeStates2(BR_Controller.java:5174)<br>	at edu.cmu.pact.BehaviorRecorder.ProblemModel.Graph.GraphEditsTest.testMergeWithGroups(GraphEditsTest.java:349)<br>
</code></td><td>0.115</td>
</tr>
<tr valign="top" class="Error">
<td><a href="/0_CTAT_GlobalTestSuite.html">CTAT_GlobalTestSuite</a></td><td><a name="testNodeJDom"></a><a href="/0_CTAT_GlobalTestSuite.html#testNodeJDom">testNodeJDom</a></td><td>Error</td><td>Could not initialize class edu.cmu.pact.BehaviorRecorder.ProblemModel.ProblemStateWriterTestUtility<br>
<br>
<code>java.lang.NoClassDefFoundError: Could not initialize class edu.cmu.pact.BehaviorRecorder.ProblemModel.ProblemStateWriterTestUtility<br>	at edu.cmu.pact.BehaviorRecorder.ProblemModel.ProblemStateReaderTest.setUp(ProblemStateReaderTest.java:272)<br>
</code></td><td>0.001</td>
</tr>
<tr valign="top" class="Error">
<td><a href="/0_CTAT_GlobalTestSuite.html">CTAT_GlobalTestSuite</a></td><td><a name="testProblemModelListeners"></a><a href="/0_CTAT_GlobalTestSuite.html#testProblemModelListeners">testProblemModelListeners</a></td><td>Error</td><td>Index: 0, Size: 0<br>
<br>
<code>java.lang.IndexOutOfBoundsException: Index: 0, Size: 0<br>	at java.util.ArrayList.rangeCheck(ArrayList.java:635)<br>	at java.util.ArrayList.get(ArrayList.java:411)<br>	at edu.cmu.pact.BehaviorRecorder.Tab.CTATTabManager.getTabByNumber(CTATTabManager.java:183)<br>	at edu.cmu.pact.BehaviorRecorder.Tab.CTATTabManager.setTabVisibility(CTATTabManager.java:272)<br>	at edu.cmu.pact.BehaviorRecorder.Controller.CTAT_Launcher.&lt;init&gt;(CTAT_Launcher.java:118)<br>	at edu.cmu.pact.BehaviorRecorder.Controller.CTAT_Launcher.&lt;init&gt;(CTAT_Launcher.java:83)<br>	at edu.cmu.pact.BehaviorRecorder.ProblemModel.ProblemModelEventTest.setUp(ProblemModelEventTest.java:78)<br>
</code></td><td>0.037</td>
</tr>
<tr valign="top" class="Error">
<td><a href="/0_CTAT_GlobalTestSuite.html">CTAT_GlobalTestSuite</a></td><td><a name="testProcessInsertNodeAbove"></a><a href="/0_CTAT_GlobalTestSuite.html#testProcessInsertNodeAbove">testProcessInsertNodeAbove</a></td><td>Error</td><td>Index: 0, Size: 0<br>
<br>
<code>java.lang.IndexOutOfBoundsException: Index: 0, Size: 0<br>	at java.util.ArrayList.rangeCheck(ArrayList.java:635)<br>	at java.util.ArrayList.get(ArrayList.java:411)<br>	at edu.cmu.pact.BehaviorRecorder.Tab.CTATTabManager.getTabByNumber(CTATTabManager.java:183)<br>	at edu.cmu.pact.BehaviorRecorder.Tab.CTATTabManager.setTabVisibility(CTATTabManager.java:272)<br>	at edu.cmu.pact.BehaviorRecorder.Controller.CTAT_Launcher.&lt;init&gt;(CTAT_Launcher.java:118)<br>	at edu.cmu.pact.BehaviorRecorder.Controller.CTAT_Launcher.&lt;init&gt;(CTAT_Launcher.java:83)<br>	at edu.cmu.pact.BehaviorRecorder.Controller.ActionLabelHandlerTest.setUp(ActionLabelHandlerTest.java:36)<br>
</code></td><td>0.034</td>
</tr>
<tr valign="top" class="Error">
<td><a href="/0_CTAT_GlobalTestSuite.html">CTAT_GlobalTestSuite</a></td><td><a name="testProcessInsertNodeBelow"></a><a href="/0_CTAT_GlobalTestSuite.html#testProcessInsertNodeBelow">testProcessInsertNodeBelow</a></td><td>Error</td><td>Index: 0, Size: 0<br>
<br>
<code>java.lang.IndexOutOfBoundsException: Index: 0, Size: 0<br>	at java.util.ArrayList.rangeCheck(ArrayList.java:635)<br>	at java.util.ArrayList.get(ArrayList.java:411)<br>	at edu.cmu.pact.BehaviorRecorder.Tab.CTATTabManager.getTabByNumber(CTATTabManager.java:183)<br>	at edu.cmu.pact.BehaviorRecorder.Tab.CTATTabManager.setTabVisibility(CTATTabManager.java:272)<br>	at edu.cmu.pact.BehaviorRecorder.Controller.CTAT_Launcher.&lt;init&gt;(CTAT_Launcher.java:118)<br>	at edu.cmu.pact.BehaviorRecorder.Controller.CTAT_Launcher.&lt;init&gt;(CTAT_Launcher.java:83)<br>	at edu.cmu.pact.BehaviorRecorder.Controller.ActionLabelHandlerTest.setUp(ActionLabelHandlerTest.java:36)<br>
</code></td><td>0.033</td>
</tr>
<tr valign="top" class="Error">
<td><a href="/0_CTAT_GlobalTestSuite.html">CTAT_GlobalTestSuite</a></td><td><a name="testPropertiesSetting"></a><a href="/0_CTAT_GlobalTestSuite.html#testPropertiesSetting">testPropertiesSetting</a></td><td>Error</td><td>Index: 0, Size: 0<br>
<br>
<code>java.lang.IndexOutOfBoundsException: Index: 0, Size: 0<br>	at java.util.ArrayList.rangeCheck(ArrayList.java:635)<br>	at java.util.ArrayList.get(ArrayList.java:411)<br>	at edu.cmu.pact.BehaviorRecorder.Tab.CTATTabManager.getTabByNumber(CTATTabManager.java:183)<br>	at edu.cmu.pact.BehaviorRecorder.Tab.CTATTabManager.setTabVisibility(CTATTabManager.java:272)<br>	at edu.cmu.pact.BehaviorRecorder.Controller.CTAT_Launcher.&lt;init&gt;(CTAT_Launcher.java:118)<br>	at edu.cmu.pact.BehaviorRecorder.Controller.CTAT_Launcher.&lt;init&gt;(CTAT_Launcher.java:83)<br>	at pact.CommWidgets.CommComposerTest.setUp(CommComposerTest.java:19)<br>
</code></td><td>0.080</td>
</tr>
<tr valign="top" class="Error">
<td><a href="/0_CTAT_GlobalTestSuite.html">CTAT_GlobalTestSuite</a></td><td><a name="testPseudoTutorModelTracing"></a><a href="/0_CTAT_GlobalTestSuite.html#testPseudoTutorModelTracing">testPseudoTutorModelTracing</a></td><td>Error</td><td>Index: 0, Size: 0<br>
<br>
<code>java.lang.IndexOutOfBoundsException: Index: 0, Size: 0<br>	at java.util.ArrayList.rangeCheck(ArrayList.java:635)<br>	at java.util.ArrayList.get(ArrayList.java:411)<br>	at edu.cmu.pact.BehaviorRecorder.Tab.CTATTabManager.getTabByNumber(CTATTabManager.java:183)<br>	at edu.cmu.pact.BehaviorRecorder.Tab.CTATTabManager.setTabVisibility(CTATTabManager.java:272)<br>	at edu.cmu.pact.BehaviorRecorder.Controller.CTAT_Launcher.&lt;init&gt;(CTAT_Launcher.java:118)<br>	at edu.cmu.pact.BehaviorRecorder.Controller.CTAT_Launcher.&lt;init&gt;(CTAT_Launcher.java:83)<br>	at edu.cmu.pact.BehaviorRecorder.ProblemModel.ProblemModelEventTest.setUp(ProblemModelEventTest.java:78)<br>
</code></td><td>0.058</td>
</tr>
<tr valign="top" class="Error">
<td><a href="/0_CTAT_GlobalTestSuite.html">CTAT_GlobalTestSuite</a></td><td><a name="testPseudoTutorModelTracing"></a><a href="/0_CTAT_GlobalTestSuite.html#testPseudoTutorModelTracing">testPseudoTutorModelTracing</a></td><td>Error</td><td>Index: 0, Size: 0<br>
<br>
<code>java.lang.IndexOutOfBoundsException: Index: 0, Size: 0<br>	at java.util.ArrayList.rangeCheck(ArrayList.java:635)<br>	at java.util.ArrayList.get(ArrayList.java:411)<br>	at edu.cmu.pact.BehaviorRecorder.Tab.CTATTabManager.getTabByNumber(CTATTabManager.java:183)<br>	at edu.cmu.pact.BehaviorRecorder.Tab.CTATTabManager.setTabVisibility(CTATTabManager.java:272)<br>	at edu.cmu.pact.BehaviorRecorder.Controller.CTAT_Launcher.&lt;init&gt;(CTAT_Launcher.java:118)<br>	at edu.cmu.pact.BehaviorRecorder.Controller.CTAT_Launcher.&lt;init&gt;(CTAT_Launcher.java:83)<br>	at edu.cmu.pact.BehaviorRecorder.ProblemModel.ProblemModelTest.testPseudoTutorModelTracing(ProblemModelTest.java:99)<br>
</code></td><td>0.134</td>
</tr>
<tr valign="top" class="Error">
<td><a href="/0_CTAT_GlobalTestSuite.html">CTAT_GlobalTestSuite</a></td><td><a name="testReadSkills"></a><a href="/0_CTAT_GlobalTestSuite.html#testReadSkills">testReadSkills</a></td><td>Error</td><td>Could not initialize class edu.cmu.pact.BehaviorRecorder.ProblemModel.ProblemStateWriterTestUtility<br>
<br>
<code>java.lang.NoClassDefFoundError: Could not initialize class edu.cmu.pact.BehaviorRecorder.ProblemModel.ProblemStateWriterTestUtility<br>	at edu.cmu.pact.BehaviorRecorder.ProblemModel.ProblemStateReaderTest.setUp(ProblemStateReaderTest.java:272)<br>
</code></td><td>0.000</td>
</tr>
<tr valign="top" class="Error">
<td><a href="/0_CTAT_GlobalTestSuite.html">CTAT_GlobalTestSuite</a></td><td><a name="testRewireDest"></a><a href="/0_CTAT_GlobalTestSuite.html#testRewireDest">testRewireDest</a></td><td>Error</td><td>N/A<br>
<br>
<code>java.lang.NullPointerException<br>	at org.jgraph.graph.EdgeRenderer.createShape(Unknown Source)<br>	at org.jgraph.graph.EdgeView.getShape(Unknown Source)<br>	at org.jgraph.graph.EdgeRenderer.getPaintBounds(Unknown Source)<br>	at org.jgraph.graph.EdgeRenderer.getBounds(Unknown Source)<br>	at org.jgraph.graph.EdgeView.getBounds(Unknown Source)<br>	at org.jgraph.graph.AbstractCellView.getBounds(Unknown Source)<br>	at org.jgraph.plaf.basic.BasicGraphUI.updateCachedPreferredSize(Unknown Source)<br>	at org.jgraph.plaf.basic.BasicGraphUI.getPreferredSize(Unknown Source)<br>	at javax.swing.JComponent.getPreferredSize(JComponent.java:1660)<br>	at javax.swing.ScrollPaneLayout.layoutContainer(ScrollPaneLayout.java:790)<br>	at java.awt.Container.layout(Container.java:1503)<br>	at java.awt.Container.doLayout(Container.java:1492)<br>	at java.awt.Container.validateTree(Container.java:1688)<br>	at java.awt.Container.validate(Container.java:1623)<br>	at javax.swing.JViewport.validateView(JViewport.java:485)<br>	at javax.swing.JViewport.scrollRectToVisible(JViewport.java:396)<br>	at javax.swing.JComponent.scrollRectToVisible(JComponent.java:3107)<br>	at org.jgraph.JGraph.scrollPointToVisible(Unknown Source)<br>	at edu.cmu.pact.BehaviorRecorder.Controller.BR_Controller.goToStartState(BR_Controller.java:2908)<br>	at edu.cmu.pact.BehaviorRecorder.Controller.BR_Controller.problemNodeClicked(BR_Controller.java:6949)<br>	at edu.cmu.pact.BehaviorRecorder.ProblemModel.Graph.GraphEditsTest.doDemoModeStartAndDoneStateClick(GraphEditsTest.java:493)<br>	at edu.cmu.pact.BehaviorRecorder.ProblemModel.Graph.GraphEditsTest.testRewireDest(GraphEditsTest.java:224)<br>
</code></td><td>0.351</td>
</tr>
<tr valign="top" class="Error">
<td><a href="/0_CTAT_GlobalTestSuite.html">CTAT_GlobalTestSuite</a></td><td><a name="testSetProblemModel"></a><a href="/0_CTAT_GlobalTestSuite.html#testSetProblemModel">testSetProblemModel</a></td><td>Error</td><td>Index: 0, Size: 0<br>
<br>
<code>java.lang.IndexOutOfBoundsException: Index: 0, Size: 0<br>	at java.util.ArrayList.rangeCheck(ArrayList.java:635)<br>	at java.util.ArrayList.get(ArrayList.java:411)<br>	at edu.cmu.pact.BehaviorRecorder.Tab.CTATTabManager.getTabByNumber(CTATTabManager.java:183)<br>	at edu.cmu.pact.BehaviorRecorder.Tab.CTATTabManager.setTabVisibility(CTATTabManager.java:272)<br>	at edu.cmu.pact.BehaviorRecorder.Controller.CTAT_Launcher.&lt;init&gt;(CTAT_Launcher.java:118)<br>	at edu.cmu.pact.BehaviorRecorder.Controller.CTAT_Launcher.&lt;init&gt;(CTAT_Launcher.java:83)<br>	at edu.cmu.pact.BehaviorRecorder.ProblemModel.Matcher.Functions.UsesProblemModelTest.setUp(UsesProblemModelTest.java:42)<br>
</code></td><td>0.032</td>
</tr>
<tr valign="top" class="Error">
<td><a href="/0_CTAT_GlobalTestSuite.html">CTAT_GlobalTestSuite</a></td><td><a name="testSetVariableTable"></a><a href="/0_CTAT_GlobalTestSuite.html#testSetVariableTable">testSetVariableTable</a></td><td>Error</td><td>Index: 0, Size: 0<br>
<br>
<code>java.lang.IndexOutOfBoundsException: Index: 0, Size: 0<br>	at java.util.ArrayList.rangeCheck(ArrayList.java:635)<br>	at java.util.ArrayList.get(ArrayList.java:411)<br>	at edu.cmu.pact.BehaviorRecorder.Tab.CTATTabManager.getTabByNumber(CTATTabManager.java:183)<br>	at edu.cmu.pact.BehaviorRecorder.Tab.CTATTabManager.setTabVisibility(CTATTabManager.java:272)<br>	at edu.cmu.pact.BehaviorRecorder.Controller.CTAT_Launcher.&lt;init&gt;(CTAT_Launcher.java:118)<br>	at edu.cmu.pact.BehaviorRecorder.Controller.CTAT_Launcher.&lt;init&gt;(CTAT_Launcher.java:83)<br>	at edu.cmu.pact.BehaviorRecorder.ProblemModel.Matcher.Functions.UsesVariableTableTest.setUp(UsesVariableTableTest.java:63)<br>
</code></td><td>0.034</td>
</tr>
<tr valign="top" class="Error">
<td><a href="/0_CTAT_GlobalTestSuite.html">CTAT_GlobalTestSuite</a></td><td><a name="testSetupJDOM"></a><a href="/0_CTAT_GlobalTestSuite.html#testSetupJDOM">testSetupJDOM</a></td><td>Error</td><td>Could not initialize class edu.cmu.pact.BehaviorRecorder.ProblemModel.ProblemStateWriterTestUtility<br>
<br>
<code>java.lang.NoClassDefFoundError: Could not initialize class edu.cmu.pact.BehaviorRecorder.ProblemModel.ProblemStateWriterTestUtility<br>	at edu.cmu.pact.BehaviorRecorder.ProblemModel.ProblemStateReaderTest.setUp(ProblemStateReaderTest.java:272)<br>
</code></td><td>0.000</td>
</tr>
<tr valign="top" class="Error">
<td><a href="/0_CTAT_GlobalTestSuite.html">CTAT_GlobalTestSuite</a></td><td><a name="testStartNodeMessagesJDom"></a><a href="/0_CTAT_GlobalTestSuite.html#testStartNodeMessagesJDom">testStartNodeMessagesJDom</a></td><td>Error</td><td>Could not initialize class edu.cmu.pact.BehaviorRecorder.ProblemModel.ProblemStateWriterTestUtility<br>
<br>
<code>java.lang.NoClassDefFoundError: Could not initialize class edu.cmu.pact.BehaviorRecorder.ProblemModel.ProblemStateWriterTestUtility<br>	at edu.cmu.pact.BehaviorRecorder.ProblemModel.ProblemStateReaderTest.setUp(ProblemStateReaderTest.java:272)<br>
</code></td><td>0.001</td>
</tr>
<tr valign="top" class="Error">
<td><a href="/0_CTAT_GlobalTestSuite.html">CTAT_GlobalTestSuite</a></td><td><a name="testStateGraphJDom"></a><a href="/0_CTAT_GlobalTestSuite.html#testStateGraphJDom">testStateGraphJDom</a></td><td>Error</td><td>Could not initialize class edu.cmu.pact.BehaviorRecorder.ProblemModel.ProblemStateWriterTestUtility<br>
<br>
<code>java.lang.NoClassDefFoundError: Could not initialize class edu.cmu.pact.BehaviorRecorder.ProblemModel.ProblemStateWriterTestUtility<br>	at edu.cmu.pact.BehaviorRecorder.ProblemModel.ProblemStateReaderTest.setUp(ProblemStateReaderTest.java:272)<br>
</code></td><td>0.001</td>
</tr>
<tr valign="top" class="Error">
<td><a href="/0_CTAT_GlobalTestSuite.html">CTAT_GlobalTestSuite</a></td><td><a name="testToXMLString"></a><a href="/0_CTAT_GlobalTestSuite.html#testToXMLString">testToXMLString</a></td><td>Error</td><td>Index: 0, Size: 0<br>
<br>
<code>java.lang.IndexOutOfBoundsException: Index: 0, Size: 0<br>	at java.util.ArrayList.rangeCheck(ArrayList.java:635)<br>	at java.util.ArrayList.get(ArrayList.java:411)<br>	at edu.cmu.pact.BehaviorRecorder.Tab.CTATTabManager.getTabByNumber(CTATTabManager.java:183)<br>	at edu.cmu.pact.BehaviorRecorder.Tab.CTATTabManager.setTabVisibility(CTATTabManager.java:272)<br>	at edu.cmu.pact.BehaviorRecorder.Controller.CTAT_Launcher.&lt;init&gt;(CTAT_Launcher.java:118)<br>	at edu.cmu.pact.BehaviorRecorder.Controller.CTAT_Launcher.&lt;init&gt;(CTAT_Launcher.java:83)<br>	at edu.cmu.pact.BehaviorRecorder.ProblemModel.Graph.Groups.DefaultGroupModelTest.setUp(DefaultGroupModelTest.java:126)<br>
</code></td><td>0.033</td>
</tr>
<tr valign="top" class="Error">
<td><a href="/0_CTAT_GlobalTestSuite.html">CTAT_GlobalTestSuite</a></td><td><a name="testToXMLString"></a><a href="/0_CTAT_GlobalTestSuite.html#testToXMLString">testToXMLString</a></td><td>Error</td><td>Index: 0, Size: 0<br>
<br>
<code>java.lang.IndexOutOfBoundsException: Index: 0, Size: 0<br>	at java.util.ArrayList.rangeCheck(ArrayList.java:635)<br>	at java.util.ArrayList.get(ArrayList.java:411)<br>	at edu.cmu.pact.BehaviorRecorder.Tab.CTATTabManager.getTabByNumber(CTATTabManager.java:183)<br>	at edu.cmu.pact.BehaviorRecorder.Tab.CTATTabManager.setTabVisibility(CTATTabManager.java:272)<br>	at edu.cmu.pact.BehaviorRecorder.Controller.CTAT_Launcher.&lt;init&gt;(CTAT_Launcher.java:118)<br>	at edu.cmu.pact.BehaviorRecorder.Controller.CTAT_Launcher.&lt;init&gt;(CTAT_Launcher.java:83)<br>	at edu.cmu.pact.BehaviorRecorder.ProblemModel.Graph.ProblemEdgeTest.setUp(ProblemEdgeTest.java:36)<br>
</code></td><td>0.033</td>
</tr>
<tr valign="top" class="Error">
<td><a href="/0_CTAT_GlobalTestSuite.html">CTAT_GlobalTestSuite</a></td><td><a name="testToXMLString"></a><a href="/0_CTAT_GlobalTestSuite.html#testToXMLString">testToXMLString</a></td><td>Error</td><td>Index: 0, Size: 0<br>
<br>
<code>java.lang.IndexOutOfBoundsException: Index: 0, Size: 0<br>	at java.util.ArrayList.rangeCheck(ArrayList.java:635)<br>	at java.util.ArrayList.get(ArrayList.java:411)<br>	at edu.cmu.pact.BehaviorRecorder.Tab.CTATTabManager.getTabByNumber(CTATTabManager.java:183)<br>	at edu.cmu.pact.BehaviorRecorder.Tab.CTATTabManager.setTabVisibility(CTATTabManager.java:272)<br>	at edu.cmu.pact.BehaviorRecorder.Controller.CTAT_Launcher.&lt;init&gt;(CTAT_Launcher.java:118)<br>	at edu.cmu.pact.BehaviorRecorder.Controller.CTAT_Launcher.&lt;init&gt;(CTAT_Launcher.java:83)<br>	at edu.cmu.pact.BehaviorRecorder.ProblemModel.Graph.ProblemNodeTest.setUp(ProblemNodeTest.java:37)<br>
</code></td><td>0.032</td>
</tr>
<tr valign="top" class="Error">
<td><a href="/0_CTAT_GlobalTestSuite.html">CTAT_GlobalTestSuite</a></td><td><a name="testTrySaveAndTestForChange"></a><a href="/0_CTAT_GlobalTestSuite.html#testTrySaveAndTestForChange">testTrySaveAndTestForChange</a></td><td>Error</td><td>Could not initialize class edu.cmu.pact.BehaviorRecorder.ProblemModel.ProblemStateWriterTestUtility<br>
<br>
<code>java.lang.NoClassDefFoundError: Could not initialize class edu.cmu.pact.BehaviorRecorder.ProblemModel.ProblemStateWriterTestUtility<br>	at edu.cmu.pact.BehaviorRecorder.ProblemModel.ProblemStateReaderTest.setUp(ProblemStateReaderTest.java:272)<br>
</code></td><td>0.001</td>
</tr>
<tr valign="top" class="Error">
<td><a href="/0_CTAT_GlobalTestSuite.html">CTAT_GlobalTestSuite</a></td><td><a name="testTutorSessionToXML"></a><a href="/0_CTAT_GlobalTestSuite.html#testTutorSessionToXML">testTutorSessionToXML</a></td><td>Error</td><td>Index: 0, Size: 0<br>
<br>
<code>java.lang.IndexOutOfBoundsException: Index: 0, Size: 0<br>	at java.util.ArrayList.rangeCheck(ArrayList.java:635)<br>	at java.util.ArrayList.get(ArrayList.java:411)<br>	at edu.cmu.pact.BehaviorRecorder.Tab.CTATTabManager.getTabByNumber(CTATTabManager.java:183)<br>	at edu.cmu.pact.BehaviorRecorder.Tab.CTATTabManager.setTabVisibility(CTATTabManager.java:272)<br>	at edu.cmu.pact.BehaviorRecorder.Controller.CTAT_Launcher.&lt;init&gt;(CTAT_Launcher.java:118)<br>	at edu.cmu.pact.BehaviorRecorder.Controller.CTAT_Launcher.&lt;init&gt;(CTAT_Launcher.java:83)<br>	at edu.cmu.pact.Log.DataShopMessageObjectTest.setUp(DataShopMessageObjectTest.java:521)<br>
</code></td><td>0.078</td>
</tr>
</table>
</body>
</html>
