<html xmlns:string="xalan://java.lang.String" xmlns:lxslt="http://xml.apache.org/xslt">
<head>
<META http-equiv="Content-Type" content="text/html; charset=UTF-8">
<title>Standard Error from CTAT_GlobalTestSuite</title>
</head>
<body>
<pre>
INFO: Mixed parser and lexer specification, 294 lexer rules, 29 parser rules.
Lexer scratch construction took 17 millis
WARNING: Grammar has no top level rule, taking first rule &gt;EXPRESSION ::= TERM ;&lt;
ParserTables scratch construction took 31 millis
serializing to buffer CTATFunctionsParser.ser
Parser construction took 150 millis
java.net.BindException: Address already in use
	at java.net.PlainSocketImpl.socketBind(Native Method)
	at java.net.AbstractPlainSocketImpl.bind(AbstractPlainSocketImpl.java:376)
	at java.net.ServerSocket.bind(ServerSocket.java:376)
	at java.net.ServerSocket.bind(ServerSocket.java:330)
	at edu.cmu.pact.TutoringService.Monitor.run(Monitor.java:156)
deserializing from buffer CTATFunctionsParser.ser
Parser construction took 70 millis
java.net.BindException: Address already in use
	at java.net.PlainSocketImpl.socketBind(Native Method)
	at java.net.AbstractPlainSocketImpl.bind(AbstractPlainSocketImpl.java:376)
	at java.net.ServerSocket.bind(ServerSocket.java:376)
	at java.net.ServerSocket.bind(ServerSocket.java:330)
	at edu.cmu.pact.TutoringService.Monitor.run(Monitor.java:156)
deserializing from buffer CTATFunctionsParser.ser
Parser construction took 35 millis
java.net.BindException: Address already in use
	at java.net.PlainSocketImpl.socketBind(Native Method)
	at java.net.AbstractPlainSocketImpl.bind(AbstractPlainSocketImpl.java:376)
	at java.net.ServerSocket.bind(ServerSocket.java:376)
	at java.net.ServerSocket.bind(ServerSocket.java:330)
	at edu.cmu.pact.TutoringService.Monitor.run(Monitor.java:156)
deserializing from buffer CTATFunctionsParser.ser
Parser construction took 32 millis
java.net.BindException: Address already in use
	at java.net.PlainSocketImpl.socketBind(Native Method)
	at java.net.AbstractPlainSocketImpl.bind(AbstractPlainSocketImpl.java:376)
	at java.net.ServerSocket.bind(ServerSocket.java:376)
	at java.net.ServerSocket.bind(ServerSocket.java:330)
	at edu.cmu.pact.TutoringService.Monitor.run(Monitor.java:156)
deserializing from buffer CTATFunctionsParser.ser
Parser construction took 11 millis
deserializing from buffer CTATFunctionsParser.ser
Parser construction took 7 millis
java.net.BindException: Address already in use
	at java.net.PlainSocketImpl.socketBind(Native Method)
	at java.net.AbstractPlainSocketImpl.bind(AbstractPlainSocketImpl.java:376)
	at java.net.ServerSocket.bind(ServerSocket.java:376)
	at java.net.ServerSocket.bind(ServerSocket.java:330)
	at edu.cmu.pact.TutoringService.Monitor.run(Monitor.java:156)
[13:37:06] +err+ 2: Error running suite() method in testCase null(edu.cmu.hcii.ctat.NodeCommTest):
  java.lang.NoSuchMethodException: edu.cmu.hcii.ctat.NodeCommTest.suite(); cause: null &lt;edu.GlobalTestSuiteManager:172&gt;main
java.lang.NoSuchMethodException: edu.cmu.hcii.ctat.NodeCommTest.suite()
	at java.lang.Class.getMethod(Class.java:1665)
	at edu.GlobalTestSuiteManager.getGlobalTestSuite(GlobalTestSuiteManager.java:164)
	at CTAT_GlobalTestSuite.suite(CTAT_GlobalTestSuite.java:34)
	at sun.reflect.NativeMethodAccessorImpl.invoke0(Native Method)
	at sun.reflect.NativeMethodAccessorImpl.invoke(NativeMethodAccessorImpl.java:57)
	at sun.reflect.DelegatingMethodAccessorImpl.invoke(DelegatingMethodAccessorImpl.java:43)
	at java.lang.reflect.Method.invoke(Method.java:606)
	at org.apache.tools.ant.taskdefs.optional.junit.JUnitTestRunner.run(JUnitTestRunner.java:400)
	at org.apache.tools.ant.taskdefs.optional.junit.JUnitTestRunner.launch(JUnitTestRunner.java:1063)
	at org.apache.tools.ant.taskdefs.optional.junit.JUnitTestRunner.main(JUnitTestRunner.java:914)
deserializing from buffer CTATFunctionsParser.ser
Parser construction took 5 millis
java.net.BindException: Address already in use
	at java.net.PlainSocketImpl.socketBind(Native Method)
	at java.net.AbstractPlainSocketImpl.bind(AbstractPlainSocketImpl.java:376)
	at java.net.ServerSocket.bind(ServerSocket.java:376)
	at java.net.ServerSocket.bind(ServerSocket.java:330)
	at edu.cmu.pact.TutoringService.Monitor.run(Monitor.java:156)
deserializing from buffer CTATFunctionsParser.ser
Parser construction took 3 millis
java.net.BindException: Address already in use
	at java.net.PlainSocketImpl.socketBind(Native Method)
	at java.net.AbstractPlainSocketImpl.bind(AbstractPlainSocketImpl.java:376)
	at java.net.ServerSocket.bind(ServerSocket.java:376)
	at java.net.ServerSocket.bind(ServerSocket.java:330)
	at edu.cmu.pact.TutoringService.Monitor.run(Monitor.java:156)
deserializing from buffer CTATFunctionsParser.ser
Parser construction took 3 millis
java.net.BindException: Address already in use
	at java.net.PlainSocketImpl.socketBind(Native Method)
	at java.net.AbstractPlainSocketImpl.bind(AbstractPlainSocketImpl.java:376)
	at java.net.ServerSocket.bind(ServerSocket.java:376)
	at java.net.ServerSocket.bind(ServerSocket.java:330)
	at edu.cmu.pact.TutoringService.Monitor.run(Monitor.java:156)
[13:37:08] +err+ 3: Could not instantiate class edu.cmu.pact.BehaviorRecorder.Controller.JavaExampleTracerTest:
  java.lang.InstantiationException: edu.cmu.pact.BehaviorRecorder.Controller.JavaExampleTracerTest; cause: null &lt;edu.GlobalTestSuiteManager:158&gt;main
java.lang.InstantiationException: edu.cmu.pact.BehaviorRecorder.Controller.JavaExampleTracerTest
	at java.lang.Class.newInstance(Class.java:359)
	at edu.GlobalTestSuiteManager.getGlobalTestSuite(GlobalTestSuiteManager.java:150)
	at CTAT_GlobalTestSuite.suite(CTAT_GlobalTestSuite.java:34)
	at sun.reflect.NativeMethodAccessorImpl.invoke0(Native Method)
	at sun.reflect.NativeMethodAccessorImpl.invoke(NativeMethodAccessorImpl.java:57)
	at sun.reflect.DelegatingMethodAccessorImpl.invoke(DelegatingMethodAccessorImpl.java:43)
	at java.lang.reflect.Method.invoke(Method.java:606)
	at org.apache.tools.ant.taskdefs.optional.junit.JUnitTestRunner.run(JUnitTestRunner.java:400)
	at org.apache.tools.ant.taskdefs.optional.junit.JUnitTestRunner.launch(JUnitTestRunner.java:1063)
	at org.apache.tools.ant.taskdefs.optional.junit.JUnitTestRunner.main(JUnitTestRunner.java:914)
[13:37:08] +err+ 4: Error running suite() method in testCase null(edu.cmu.pact.Log.LogDifferences.ColumnTest):
  java.lang.NoSuchMethodException: edu.cmu.pact.Log.LogDifferences.ColumnTest.suite(); cause: null &lt;edu.GlobalTestSuiteManager:172&gt;main
java.lang.NoSuchMethodException: edu.cmu.pact.Log.LogDifferences.ColumnTest.suite()
	at java.lang.Class.getMethod(Class.java:1665)
	at edu.GlobalTestSuiteManager.getGlobalTestSuite(GlobalTestSuiteManager.java:164)
	at CTAT_GlobalTestSuite.suite(CTAT_GlobalTestSuite.java:34)
	at sun.reflect.NativeMethodAccessorImpl.invoke0(Native Method)
	at sun.reflect.NativeMethodAccessorImpl.invoke(NativeMethodAccessorImpl.java:57)
	at sun.reflect.DelegatingMethodAccessorImpl.invoke(DelegatingMethodAccessorImpl.java:43)
	at java.lang.reflect.Method.invoke(Method.java:606)
	at org.apache.tools.ant.taskdefs.optional.junit.JUnitTestRunner.run(JUnitTestRunner.java:400)
	at org.apache.tools.ant.taskdefs.optional.junit.JUnitTestRunner.launch(JUnitTestRunner.java:1063)
	at org.apache.tools.ant.taskdefs.optional.junit.JUnitTestRunner.main(JUnitTestRunner.java:914)
[13:37:08] +err+ 5: Error running suite() method in testCase null(edu.cmu.pact.Log.LogDifferences.ContentCellTest):
  java.lang.NoSuchMethodException: edu.cmu.pact.Log.LogDifferences.ContentCellTest.suite(); cause: null &lt;edu.GlobalTestSuiteManager:172&gt;main
java.lang.NoSuchMethodException: edu.cmu.pact.Log.LogDifferences.ContentCellTest.suite()
	at java.lang.Class.getMethod(Class.java:1665)
	at edu.GlobalTestSuiteManager.getGlobalTestSuite(GlobalTestSuiteManager.java:164)
	at CTAT_GlobalTestSuite.suite(CTAT_GlobalTestSuite.java:34)
	at sun.reflect.NativeMethodAccessorImpl.invoke0(Native Method)
	at sun.reflect.NativeMethodAccessorImpl.invoke(NativeMethodAccessorImpl.java:57)
	at sun.reflect.DelegatingMethodAccessorImpl.invoke(DelegatingMethodAccessorImpl.java:43)
	at java.lang.reflect.Method.invoke(Method.java:606)
	at org.apache.tools.ant.taskdefs.optional.junit.JUnitTestRunner.run(JUnitTestRunner.java:400)
	at org.apache.tools.ant.taskdefs.optional.junit.JUnitTestRunner.launch(JUnitTestRunner.java:1063)
	at org.apache.tools.ant.taskdefs.optional.junit.JUnitTestRunner.main(JUnitTestRunner.java:914)
[13:37:08] +err+ 6: Error running suite() method in testCase null(edu.cmu.pact.Log.LogDifferences.ContentNullTest):
  java.lang.NoSuchMethodException: edu.cmu.pact.Log.LogDifferences.ContentNullTest.suite(); cause: null &lt;edu.GlobalTestSuiteManager:172&gt;main
java.lang.NoSuchMethodException: edu.cmu.pact.Log.LogDifferences.ContentNullTest.suite()
	at java.lang.Class.getMethod(Class.java:1665)
	at edu.GlobalTestSuiteManager.getGlobalTestSuite(GlobalTestSuiteManager.java:164)
	at CTAT_GlobalTestSuite.suite(CTAT_GlobalTestSuite.java:34)
	at sun.reflect.NativeMethodAccessorImpl.invoke0(Native Method)
	at sun.reflect.NativeMethodAccessorImpl.invoke(NativeMethodAccessorImpl.java:57)
	at sun.reflect.DelegatingMethodAccessorImpl.invoke(DelegatingMethodAccessorImpl.java:43)
	at java.lang.reflect.Method.invoke(Method.java:606)
	at org.apache.tools.ant.taskdefs.optional.junit.JUnitTestRunner.run(JUnitTestRunner.java:400)
	at org.apache.tools.ant.taskdefs.optional.junit.JUnitTestRunner.launch(JUnitTestRunner.java:1063)
	at org.apache.tools.ant.taskdefs.optional.junit.JUnitTestRunner.main(JUnitTestRunner.java:914)
[13:37:08] +err+ 7: Error running suite() method in testCase null(edu.cmu.pact.Log.LogDifferences.ContentTest):
  java.lang.NoSuchMethodException: edu.cmu.pact.Log.LogDifferences.ContentTest.suite(); cause: null &lt;edu.GlobalTestSuiteManager:172&gt;main
java.lang.NoSuchMethodException: edu.cmu.pact.Log.LogDifferences.ContentTest.suite()
	at java.lang.Class.getMethod(Class.java:1665)
	at edu.GlobalTestSuiteManager.getGlobalTestSuite(GlobalTestSuiteManager.java:164)
	at CTAT_GlobalTestSuite.suite(CTAT_GlobalTestSuite.java:34)
	at sun.reflect.NativeMethodAccessorImpl.invoke0(Native Method)
	at sun.reflect.NativeMethodAccessorImpl.invoke(NativeMethodAccessorImpl.java:57)
	at sun.reflect.DelegatingMethodAccessorImpl.invoke(DelegatingMethodAccessorImpl.java:43)
	at java.lang.reflect.Method.invoke(Method.java:606)
	at org.apache.tools.ant.taskdefs.optional.junit.JUnitTestRunner.run(JUnitTestRunner.java:400)
	at org.apache.tools.ant.taskdefs.optional.junit.JUnitTestRunner.launch(JUnitTestRunner.java:1063)
	at org.apache.tools.ant.taskdefs.optional.junit.JUnitTestRunner.main(JUnitTestRunner.java:914)
[13:37:08] +err+ 8: Error running suite() method in testCase null(edu.cmu.pact.Log.LogDifferences.TutorMessageContentsTest):
  java.lang.NoSuchMethodException: edu.cmu.pact.Log.LogDifferences.TutorMessageContentsTest.suite(); cause: null &lt;edu.GlobalTestSuiteManager:172&gt;main
java.lang.NoSuchMethodException: edu.cmu.pact.Log.LogDifferences.TutorMessageContentsTest.suite()
	at java.lang.Class.getMethod(Class.java:1665)
	at edu.GlobalTestSuiteManager.getGlobalTestSuite(GlobalTestSuiteManager.java:164)
	at CTAT_GlobalTestSuite.suite(CTAT_GlobalTestSuite.java:34)
	at sun.reflect.NativeMethodAccessorImpl.invoke0(Native Method)
	at sun.reflect.NativeMethodAccessorImpl.invoke(NativeMethodAccessorImpl.java:57)
	at sun.reflect.DelegatingMethodAccessorImpl.invoke(DelegatingMethodAccessorImpl.java:43)
	at java.lang.reflect.Method.invoke(Method.java:606)
	at org.apache.tools.ant.taskdefs.optional.junit.JUnitTestRunner.run(JUnitTestRunner.java:400)
	at org.apache.tools.ant.taskdefs.optional.junit.JUnitTestRunner.launch(JUnitTestRunner.java:1063)
	at org.apache.tools.ant.taskdefs.optional.junit.JUnitTestRunner.main(JUnitTestRunner.java:914)
[13:37:08] +err+ 9: Error running suite() method in testCase null(edu.cmu.pact.SocketProxy.HTTPToolProxyTest):
  java.lang.NoSuchMethodException: edu.cmu.pact.SocketProxy.HTTPToolProxyTest.suite(); cause: null &lt;edu.GlobalTestSuiteManager:172&gt;main
java.lang.NoSuchMethodException: edu.cmu.pact.SocketProxy.HTTPToolProxyTest.suite()
	at java.lang.Class.getMethod(Class.java:1665)
	at edu.GlobalTestSuiteManager.getGlobalTestSuite(GlobalTestSuiteManager.java:164)
	at CTAT_GlobalTestSuite.suite(CTAT_GlobalTestSuite.java:34)
	at sun.reflect.NativeMethodAccessorImpl.invoke0(Native Method)
	at sun.reflect.NativeMethodAccessorImpl.invoke(NativeMethodAccessorImpl.java:57)
	at sun.reflect.DelegatingMethodAccessorImpl.invoke(DelegatingMethodAccessorImpl.java:43)
	at java.lang.reflect.Method.invoke(Method.java:606)
	at org.apache.tools.ant.taskdefs.optional.junit.JUnitTestRunner.run(JUnitTestRunner.java:400)
	at org.apache.tools.ant.taskdefs.optional.junit.JUnitTestRunner.launch(JUnitTestRunner.java:1063)
	at org.apache.tools.ant.taskdefs.optional.junit.JUnitTestRunner.main(JUnitTestRunner.java:914)
deserializing from buffer CTATFunctionsParser.ser
Parser construction took 2 millis
java.net.BindException: Address already in use
	at java.net.PlainSocketImpl.socketBind(Native Method)
	at java.net.AbstractPlainSocketImpl.bind(AbstractPlainSocketImpl.java:376)
	at java.net.ServerSocket.bind(ServerSocket.java:376)
	at java.net.ServerSocket.bind(ServerSocket.java:330)
	at edu.cmu.pact.TutoringService.Monitor.run(Monitor.java:156)
deserializing from buffer CTATFunctionsParser.ser
Parser construction took 3 millis
java.net.BindException: Address already in use
	at java.net.PlainSocketImpl.socketBind(Native Method)
	at java.net.AbstractPlainSocketImpl.bind(AbstractPlainSocketImpl.java:376)
	at java.net.ServerSocket.bind(ServerSocket.java:376)
	at java.net.ServerSocket.bind(ServerSocket.java:330)
	at edu.cmu.pact.TutoringService.Monitor.run(Monitor.java:156)
edu.cmu.pact.BehaviorRecorder.ProblemModel.ProblemModelException: The problem name: "" is empty or has unallowed characters.
	at edu.cmu.pact.BehaviorRecorder.Controller.BR_Controller.createStartStateInternal(BR_Controller.java:2412)
	at edu.cmu.pact.BehaviorRecorder.Controller.BR_Controller.createStartState(BR_Controller.java:2361)
	at edu.cmu.pact.ctat.model.CtatModeModel.changeAuthorModeOk(CtatModeModel.java:343)
	at edu.cmu.pact.ctat.model.CtatModeModel.setAuthorMode(CtatModeModel.java:215)
	at edu.cmu.pact.BehaviorRecorder.Controller.PseudoTutorMessageHandlerTest.setUp(PseudoTutorMessageHandlerTest.java:673)
	at junit.framework.TestCase.runBare(TestCase.java:125)
	at junit.framework.TestResult$1.protect(TestResult.java:106)
	at junit.framework.TestResult.runProtected(TestResult.java:124)
	at junit.framework.TestResult.run(TestResult.java:109)
	at junit.framework.TestCase.run(TestCase.java:118)
	at junit.framework.TestSuite.runTest(TestSuite.java:208)
	at junit.framework.TestSuite.run(TestSuite.java:203)
	at org.apache.tools.ant.taskdefs.optional.junit.JUnitTestRunner.run(JUnitTestRunner.java:523)
	at org.apache.tools.ant.taskdefs.optional.junit.JUnitTestRunner.launch(JUnitTestRunner.java:1063)
	at org.apache.tools.ant.taskdefs.optional.junit.JUnitTestRunner.main(JUnitTestRunner.java:914)
edu.cmu.pact.BehaviorRecorder.ProblemModel.ProblemModelException: The problem name: "" is empty or has unallowed characters.
	at edu.cmu.pact.BehaviorRecorder.Controller.BR_Controller.createStartStateInternal(BR_Controller.java:2412)
	at edu.cmu.pact.BehaviorRecorder.Controller.BR_Controller.createStartState(BR_Controller.java:2361)
	at edu.cmu.pact.ctat.model.CtatModeModel.changeAuthorModeOk(CtatModeModel.java:343)
	at edu.cmu.pact.ctat.model.CtatModeModel.setAuthorMode(CtatModeModel.java:215)
	at edu.cmu.pact.BehaviorRecorder.Controller.PseudoTutorMessageHandlerTest.setUp(PseudoTutorMessageHandlerTest.java:673)
	at junit.framework.TestCase.runBare(TestCase.java:125)
	at junit.framework.TestResult$1.protect(TestResult.java:106)
	at junit.framework.TestResult.runProtected(TestResult.java:124)
	at junit.framework.TestResult.run(TestResult.java:109)
	at junit.framework.TestCase.run(TestCase.java:118)
	at junit.framework.TestSuite.runTest(TestSuite.java:208)
	at junit.framework.TestSuite.run(TestSuite.java:203)
	at org.apache.tools.ant.taskdefs.optional.junit.JUnitTestRunner.run(JUnitTestRunner.java:523)
	at org.apache.tools.ant.taskdefs.optional.junit.JUnitTestRunner.launch(JUnitTestRunner.java:1063)
	at org.apache.tools.ant.taskdefs.optional.junit.JUnitTestRunner.main(JUnitTestRunner.java:914)
edu.cmu.pact.BehaviorRecorder.ProblemModel.ProblemModelException: The problem name: "" is empty or has unallowed characters.
	at edu.cmu.pact.BehaviorRecorder.Controller.BR_Controller.createStartStateInternal(BR_Controller.java:2412)
	at edu.cmu.pact.BehaviorRecorder.Controller.BR_Controller.createStartState(BR_Controller.java:2361)
	at edu.cmu.pact.ctat.model.CtatModeModel.changeAuthorModeOk(CtatModeModel.java:343)
	at edu.cmu.pact.ctat.model.CtatModeModel.setAuthorMode(CtatModeModel.java:215)
	at edu.cmu.pact.BehaviorRecorder.Controller.PseudoTutorMessageHandlerTest.setUp(PseudoTutorMessageHandlerTest.java:673)
	at junit.framework.TestCase.runBare(TestCase.java:125)
	at junit.framework.TestResult$1.protect(TestResult.java:106)
	at junit.framework.TestResult.runProtected(TestResult.java:124)
	at junit.framework.TestResult.run(TestResult.java:109)
	at junit.framework.TestCase.run(TestCase.java:118)
	at junit.framework.TestSuite.runTest(TestSuite.java:208)
	at junit.framework.TestSuite.run(TestSuite.java:203)
	at org.apache.tools.ant.taskdefs.optional.junit.JUnitTestRunner.run(JUnitTestRunner.java:523)
	at org.apache.tools.ant.taskdefs.optional.junit.JUnitTestRunner.launch(JUnitTestRunner.java:1063)
	at org.apache.tools.ant.taskdefs.optional.junit.JUnitTestRunner.main(JUnitTestRunner.java:914)
edu.cmu.pact.BehaviorRecorder.ProblemModel.ProblemModelException: The problem name: "" is empty or has unallowed characters.
	at edu.cmu.pact.BehaviorRecorder.Controller.BR_Controller.createStartStateInternal(BR_Controller.java:2412)
	at edu.cmu.pact.BehaviorRecorder.Controller.BR_Controller.createStartState(BR_Controller.java:2361)
	at edu.cmu.pact.ctat.model.CtatModeModel.changeAuthorModeOk(CtatModeModel.java:343)
	at edu.cmu.pact.ctat.model.CtatModeModel.setAuthorMode(CtatModeModel.java:215)
	at edu.cmu.pact.BehaviorRecorder.Controller.PseudoTutorMessageHandlerTest.setUp(PseudoTutorMessageHandlerTest.java:673)
	at junit.framework.TestCase.runBare(TestCase.java:125)
	at junit.framework.TestResult$1.protect(TestResult.java:106)
	at junit.framework.TestResult.runProtected(TestResult.java:124)
	at junit.framework.TestResult.run(TestResult.java:109)
	at junit.framework.TestCase.run(TestCase.java:118)
	at junit.framework.TestSuite.runTest(TestSuite.java:208)
	at junit.framework.TestSuite.run(TestSuite.java:203)
	at org.apache.tools.ant.taskdefs.optional.junit.JUnitTestRunner.run(JUnitTestRunner.java:523)
	at org.apache.tools.ant.taskdefs.optional.junit.JUnitTestRunner.launch(JUnitTestRunner.java:1063)
	at org.apache.tools.ant.taskdefs.optional.junit.JUnitTestRunner.main(JUnitTestRunner.java:914)
edu.cmu.pact.BehaviorRecorder.ProblemModel.ProblemModelException: The problem name: "" is empty or has unallowed characters.
	at edu.cmu.pact.BehaviorRecorder.Controller.BR_Controller.createStartStateInternal(BR_Controller.java:2412)
	at edu.cmu.pact.BehaviorRecorder.Controller.BR_Controller.createStartState(BR_Controller.java:2361)
	at edu.cmu.pact.ctat.model.CtatModeModel.changeAuthorModeOk(CtatModeModel.java:343)
	at edu.cmu.pact.ctat.model.CtatModeModel.setAuthorMode(CtatModeModel.java:215)
	at edu.cmu.pact.BehaviorRecorder.Controller.PseudoTutorMessageHandlerTest.setUp(PseudoTutorMessageHandlerTest.java:673)
	at junit.framework.TestCase.runBare(TestCase.java:125)
	at junit.framework.TestResult$1.protect(TestResult.java:106)
	at junit.framework.TestResult.runProtected(TestResult.java:124)
	at junit.framework.TestResult.run(TestResult.java:109)
	at junit.framework.TestCase.run(TestCase.java:118)
	at junit.framework.TestSuite.runTest(TestSuite.java:208)
	at junit.framework.TestSuite.run(TestSuite.java:203)
	at org.apache.tools.ant.taskdefs.optional.junit.JUnitTestRunner.run(JUnitTestRunner.java:523)
	at org.apache.tools.ant.taskdefs.optional.junit.JUnitTestRunner.launch(JUnitTestRunner.java:1063)
	at org.apache.tools.ant.taskdefs.optional.junit.JUnitTestRunner.main(JUnitTestRunner.java:914)
edu.cmu.pact.BehaviorRecorder.ProblemModel.ProblemModelException: The problem name: "" is empty or has unallowed characters.
	at edu.cmu.pact.BehaviorRecorder.Controller.BR_Controller.createStartStateInternal(BR_Controller.java:2412)
	at edu.cmu.pact.BehaviorRecorder.Controller.BR_Controller.createStartState(BR_Controller.java:2361)
	at edu.cmu.pact.ctat.model.CtatModeModel.changeAuthorModeOk(CtatModeModel.java:343)
	at edu.cmu.pact.ctat.model.CtatModeModel.setAuthorMode(CtatModeModel.java:215)
	at edu.cmu.pact.BehaviorRecorder.Controller.PseudoTutorMessageHandlerTest.setUp(PseudoTutorMessageHandlerTest.java:673)
	at junit.framework.TestCase.runBare(TestCase.java:125)
	at junit.framework.TestResult$1.protect(TestResult.java:106)
	at junit.framework.TestResult.runProtected(TestResult.java:124)
	at junit.framework.TestResult.run(TestResult.java:109)
	at junit.framework.TestCase.run(TestCase.java:118)
	at junit.framework.TestSuite.runTest(TestSuite.java:208)
	at junit.framework.TestSuite.run(TestSuite.java:203)
	at org.apache.tools.ant.taskdefs.optional.junit.JUnitTestRunner.run(JUnitTestRunner.java:523)
	at org.apache.tools.ant.taskdefs.optional.junit.JUnitTestRunner.launch(JUnitTestRunner.java:1063)
	at org.apache.tools.ant.taskdefs.optional.junit.JUnitTestRunner.main(JUnitTestRunner.java:914)
edu.cmu.pact.BehaviorRecorder.ProblemModel.ProblemModelException: The problem name: "" is empty or has unallowed characters.
	at edu.cmu.pact.BehaviorRecorder.Controller.BR_Controller.createStartStateInternal(BR_Controller.java:2412)
	at edu.cmu.pact.BehaviorRecorder.Controller.BR_Controller.createStartState(BR_Controller.java:2361)
	at edu.cmu.pact.ctat.model.CtatModeModel.changeAuthorModeOk(CtatModeModel.java:343)
	at edu.cmu.pact.ctat.model.CtatModeModel.setAuthorMode(CtatModeModel.java:215)
	at edu.cmu.pact.BehaviorRecorder.Controller.PseudoTutorMessageHandlerTest.setUp(PseudoTutorMessageHandlerTest.java:673)
	at junit.framework.TestCase.runBare(TestCase.java:125)
	at junit.framework.TestResult$1.protect(TestResult.java:106)
	at junit.framework.TestResult.runProtected(TestResult.java:124)
	at junit.framework.TestResult.run(TestResult.java:109)
	at junit.framework.TestCase.run(TestCase.java:118)
	at junit.framework.TestSuite.runTest(TestSuite.java:208)
	at junit.framework.TestSuite.run(TestSuite.java:203)
	at org.apache.tools.ant.taskdefs.optional.junit.JUnitTestRunner.run(JUnitTestRunner.java:523)
	at org.apache.tools.ant.taskdefs.optional.junit.JUnitTestRunner.launch(JUnitTestRunner.java:1063)
	at org.apache.tools.ant.taskdefs.optional.junit.JUnitTestRunner.main(JUnitTestRunner.java:914)
Exception in thread "AWT-EventQueue-0" java.lang.IndexOutOfBoundsException: Index: 1, Size: 1
	at java.util.ArrayList.rangeCheck(ArrayList.java:635)
	at java.util.ArrayList.get(ArrayList.java:411)
	at javax.swing.JTabbedPane.getBackgroundAt(JTabbedPane.java:1179)
	at com.apple.laf.AquaTabbedPaneUI.paintCUITab(AquaTabbedPaneUI.java:463)
	at com.apple.laf.AquaTabbedPaneUI.paintTabNormalFromRect(AquaTabbedPaneUI.java:416)
	at com.apple.laf.AquaTabbedPaneUI.paintTabNormal(AquaTabbedPaneUI.java:409)
	at com.apple.laf.AquaTabbedPaneUI.paintAllTabs(AquaTabbedPaneUI.java:161)
	at com.apple.laf.AquaTabbedPaneUI.paint(AquaTabbedPaneUI.java:151)
	at javax.swing.plaf.ComponentUI.update(ComponentUI.java:161)
	at javax.swing.JComponent.paintComponent(JComponent.java:778)
	at javax.swing.JComponent.paint(JComponent.java:1054)
	at javax.swing.JComponent.paintChildren(JComponent.java:887)
	at javax.swing.JSplitPane.paintChildren(JSplitPane.java:1047)
	at javax.swing.JComponent.paint(JComponent.java:1063)
	at javax.swing.JComponent.paintToOffscreen(JComponent.java:5219)
	at javax.swing.RepaintManager$PaintManager.paintDoubleBuffered(RepaintManager.java:1529)
	at javax.swing.RepaintManager$PaintManager.paint(RepaintManager.java:1452)
	at javax.swing.RepaintManager.paint(RepaintManager.java:1249)
	at javax.swing.JComponent._paintImmediately(JComponent.java:5167)
	at javax.swing.JComponent.paintImmediately(JComponent.java:4978)
	at javax.swing.RepaintManager$3.run(RepaintManager.java:808)
	at javax.swing.RepaintManager$3.run(RepaintManager.java:796)
	at java.security.AccessController.doPrivileged(Native Method)
	at java.security.ProtectionDomain$1.doIntersectionPrivilege(ProtectionDomain.java:76)
	at javax.swing.RepaintManager.paintDirtyRegions(RepaintManager.java:796)
	at javax.swing.RepaintManager.paintDirtyRegions(RepaintManager.java:769)
	at javax.swing.RepaintManager.prePaintDirtyRegions(RepaintManager.java:718)
	at javax.swing.RepaintManager.access$1100(RepaintManager.java:62)
	at javax.swing.RepaintManager$ProcessingRunnable.run(RepaintManager.java:1677)
	at java.awt.event.InvocationEvent.dispatch(InvocationEvent.java:251)
	at java.awt.EventQueue.dispatchEventImpl(EventQueue.java:733)
	at java.awt.EventQueue.access$200(EventQueue.java:103)
	at java.awt.EventQueue$3.run(EventQueue.java:694)
	at java.awt.EventQueue$3.run(EventQueue.java:692)
	at java.security.AccessController.doPrivileged(Native Method)
	at java.security.ProtectionDomain$1.doIntersectionPrivilege(ProtectionDomain.java:76)
	at java.awt.EventQueue.dispatchEvent(EventQueue.java:703)
	at java.awt.EventDispatchThread.pumpOneEventForFilters(EventDispatchThread.java:242)
	at java.awt.EventDispatchThread.pumpEventsForFilter(EventDispatchThread.java:161)
	at java.awt.EventDispatchThread.pumpEventsForHierarchy(EventDispatchThread.java:150)
	at java.awt.EventDispatchThread.pumpEvents(EventDispatchThread.java:146)
	at java.awt.EventDispatchThread.pumpEvents(EventDispatchThread.java:138)
	at java.awt.EventDispatchThread.run(EventDispatchThread.java:91)
edu.cmu.pact.BehaviorRecorder.ProblemModel.ProblemModelException: The problem name: "" is empty or has unallowed characters.
	at edu.cmu.pact.BehaviorRecorder.Controller.BR_Controller.createStartStateInternal(BR_Controller.java:2412)
	at edu.cmu.pact.BehaviorRecorder.Controller.BR_Controller.createStartState(BR_Controller.java:2361)
	at edu.cmu.pact.ctat.model.CtatModeModel.changeAuthorModeOk(CtatModeModel.java:343)
	at edu.cmu.pact.ctat.model.CtatModeModel.setAuthorMode(CtatModeModel.java:215)
	at edu.cmu.pact.BehaviorRecorder.Controller.PseudoTutorMessageHandlerTest.setUp(PseudoTutorMessageHandlerTest.java:673)
	at junit.framework.TestCase.runBare(TestCase.java:125)
	at junit.framework.TestResult$1.protect(TestResult.java:106)
	at junit.framework.TestResult.runProtected(TestResult.java:124)
	at junit.framework.TestResult.run(TestResult.java:109)
	at junit.framework.TestCase.run(TestCase.java:118)
	at junit.framework.TestSuite.runTest(TestSuite.java:208)
	at junit.framework.TestSuite.run(TestSuite.java:203)
	at org.apache.tools.ant.taskdefs.optional.junit.JUnitTestRunner.run(JUnitTestRunner.java:523)
	at org.apache.tools.ant.taskdefs.optional.junit.JUnitTestRunner.launch(JUnitTestRunner.java:1063)
	at org.apache.tools.ant.taskdefs.optional.junit.JUnitTestRunner.main(JUnitTestRunner.java:914)
edu.cmu.pact.BehaviorRecorder.ProblemModel.ProblemModelException: The problem name: "" is empty or has unallowed characters.
	at edu.cmu.pact.BehaviorRecorder.Controller.BR_Controller.createStartStateInternal(BR_Controller.java:2412)
	at edu.cmu.pact.BehaviorRecorder.Controller.BR_Controller.createStartState(BR_Controller.java:2361)
	at edu.cmu.pact.ctat.model.CtatModeModel.changeAuthorModeOk(CtatModeModel.java:343)
	at edu.cmu.pact.ctat.model.CtatModeModel.setAuthorMode(CtatModeModel.java:215)
	at edu.cmu.pact.BehaviorRecorder.Controller.PseudoTutorMessageHandlerTest.setUp(PseudoTutorMessageHandlerTest.java:673)
	at junit.framework.TestCase.runBare(TestCase.java:125)
	at junit.framework.TestResult$1.protect(TestResult.java:106)
	at junit.framework.TestResult.runProtected(TestResult.java:124)
	at junit.framework.TestResult.run(TestResult.java:109)
	at junit.framework.TestCase.run(TestCase.java:118)
	at junit.framework.TestSuite.runTest(TestSuite.java:208)
	at junit.framework.TestSuite.run(TestSuite.java:203)
	at org.apache.tools.ant.taskdefs.optional.junit.JUnitTestRunner.run(JUnitTestRunner.java:523)
	at org.apache.tools.ant.taskdefs.optional.junit.JUnitTestRunner.launch(JUnitTestRunner.java:1063)
	at org.apache.tools.ant.taskdefs.optional.junit.JUnitTestRunner.main(JUnitTestRunner.java:914)
deserializing from buffer CTATFunctionsParser.ser
Parser construction took 4 millis
java.net.BindException: Address already in use
	at java.net.PlainSocketImpl.socketBind(Native Method)
	at java.net.AbstractPlainSocketImpl.bind(AbstractPlainSocketImpl.java:376)
	at java.net.ServerSocket.bind(ServerSocket.java:376)
	at java.net.ServerSocket.bind(ServerSocket.java:330)
	at edu.cmu.pact.TutoringService.Monitor.run(Monitor.java:156)
edu.cmu.pact.BehaviorRecorder.ProblemModel.ProblemModelException: The problem name: "" is empty or has unallowed characters.
	at edu.cmu.pact.BehaviorRecorder.Controller.BR_Controller.createStartStateInternal(BR_Controller.java:2412)
	at edu.cmu.pact.BehaviorRecorder.Controller.BR_Controller.createStartState(BR_Controller.java:2361)
	at edu.cmu.pact.ctat.model.CtatModeModel.changeAuthorModeOk(CtatModeModel.java:343)
	at edu.cmu.pact.ctat.model.CtatModeModel.setAuthorMode(CtatModeModel.java:215)
	at edu.cmu.pact.BehaviorRecorder.Controller.PseudoTutorMessageHandlerTest.setUp(PseudoTutorMessageHandlerTest.java:673)
	at junit.framework.TestCase.runBare(TestCase.java:125)
	at junit.framework.TestResult$1.protect(TestResult.java:106)
	at junit.framework.TestResult.runProtected(TestResult.java:124)
	at junit.framework.TestResult.run(TestResult.java:109)
	at junit.framework.TestCase.run(TestCase.java:118)
	at junit.framework.TestSuite.runTest(TestSuite.java:208)
	at junit.framework.TestSuite.run(TestSuite.java:203)
	at org.apache.tools.ant.taskdefs.optional.junit.JUnitTestRunner.run(JUnitTestRunner.java:523)
	at org.apache.tools.ant.taskdefs.optional.junit.JUnitTestRunner.launch(JUnitTestRunner.java:1063)
	at org.apache.tools.ant.taskdefs.optional.junit.JUnitTestRunner.main(JUnitTestRunner.java:914)
edu.cmu.pact.BehaviorRecorder.ProblemModel.ProblemModelException: The problem name: "" is empty or has unallowed characters.
	at edu.cmu.pact.BehaviorRecorder.Controller.BR_Controller.createStartStateInternal(BR_Controller.java:2412)
	at edu.cmu.pact.BehaviorRecorder.Controller.BR_Controller.createStartState(BR_Controller.java:2361)
	at edu.cmu.pact.ctat.model.CtatModeModel.changeAuthorModeOk(CtatModeModel.java:343)
	at edu.cmu.pact.ctat.model.CtatModeModel.setAuthorMode(CtatModeModel.java:215)
	at edu.cmu.pact.BehaviorRecorder.Controller.PseudoTutorMessageHandlerTest.setUp(PseudoTutorMessageHandlerTest.java:673)
	at junit.framework.TestCase.runBare(TestCase.java:125)
	at junit.framework.TestResult$1.protect(TestResult.java:106)
	at junit.framework.TestResult.runProtected(TestResult.java:124)
	at junit.framework.TestResult.run(TestResult.java:109)
	at junit.framework.TestCase.run(TestCase.java:118)
	at junit.framework.TestSuite.runTest(TestSuite.java:208)
	at junit.framework.TestSuite.run(TestSuite.java:203)
	at org.apache.tools.ant.taskdefs.optional.junit.JUnitTestRunner.run(JUnitTestRunner.java:523)
	at org.apache.tools.ant.taskdefs.optional.junit.JUnitTestRunner.launch(JUnitTestRunner.java:1063)
	at org.apache.tools.ant.taskdefs.optional.junit.JUnitTestRunner.main(JUnitTestRunner.java:914)
edu.cmu.pact.BehaviorRecorder.ProblemModel.ProblemModelException: The problem name: "" is empty or has unallowed characters.
	at edu.cmu.pact.BehaviorRecorder.Controller.BR_Controller.createStartStateInternal(BR_Controller.java:2412)
	at edu.cmu.pact.BehaviorRecorder.Controller.BR_Controller.createStartState(BR_Controller.java:2361)
	at edu.cmu.pact.ctat.model.CtatModeModel.changeAuthorModeOk(CtatModeModel.java:343)
	at edu.cmu.pact.ctat.model.CtatModeModel.setAuthorMode(CtatModeModel.java:215)
	at edu.cmu.pact.BehaviorRecorder.Controller.PseudoTutorMessageHandlerTest.setUp(PseudoTutorMessageHandlerTest.java:673)
	at junit.framework.TestCase.runBare(TestCase.java:125)
	at junit.framework.TestResult$1.protect(TestResult.java:106)
	at junit.framework.TestResult.runProtected(TestResult.java:124)
	at junit.framework.TestResult.run(TestResult.java:109)
	at junit.framework.TestCase.run(TestCase.java:118)
	at junit.framework.TestSuite.runTest(TestSuite.java:208)
	at junit.framework.TestSuite.run(TestSuite.java:203)
	at org.apache.tools.ant.taskdefs.optional.junit.JUnitTestRunner.run(JUnitTestRunner.java:523)
	at org.apache.tools.ant.taskdefs.optional.junit.JUnitTestRunner.launch(JUnitTestRunner.java:1063)
	at org.apache.tools.ant.taskdefs.optional.junit.JUnitTestRunner.main(JUnitTestRunner.java:914)
edu.cmu.pact.BehaviorRecorder.ProblemModel.ProblemModelException: The problem name: "" is empty or has unallowed characters.
	at edu.cmu.pact.BehaviorRecorder.Controller.BR_Controller.createStartStateInternal(BR_Controller.java:2412)
	at edu.cmu.pact.BehaviorRecorder.Controller.BR_Controller.createStartState(BR_Controller.java:2361)
	at edu.cmu.pact.ctat.model.CtatModeModel.changeAuthorModeOk(CtatModeModel.java:343)
	at edu.cmu.pact.ctat.model.CtatModeModel.setAuthorMode(CtatModeModel.java:215)
	at edu.cmu.pact.BehaviorRecorder.Controller.PseudoTutorMessageHandlerTest.setUp(PseudoTutorMessageHandlerTest.java:673)
	at junit.framework.TestCase.runBare(TestCase.java:125)
	at junit.framework.TestResult$1.protect(TestResult.java:106)
	at junit.framework.TestResult.runProtected(TestResult.java:124)
	at junit.framework.TestResult.run(TestResult.java:109)
	at junit.framework.TestCase.run(TestCase.java:118)
	at junit.framework.TestSuite.runTest(TestSuite.java:208)
	at junit.framework.TestSuite.run(TestSuite.java:203)
	at org.apache.tools.ant.taskdefs.optional.junit.JUnitTestRunner.run(JUnitTestRunner.java:523)
	at org.apache.tools.ant.taskdefs.optional.junit.JUnitTestRunner.launch(JUnitTestRunner.java:1063)
	at org.apache.tools.ant.taskdefs.optional.junit.JUnitTestRunner.main(JUnitTestRunner.java:914)
Exception in thread "AWT-EventQueue-0" java.lang.ArrayIndexOutOfBoundsException: 1 &gt;= 1
	at java.util.Vector.elementAt(Vector.java:470)
	at javax.swing.table.DefaultTableColumnModel.getColumn(DefaultTableColumnModel.java:294)
	at javax.swing.plaf.basic.BasicTableHeaderUI.paint(BasicTableHeaderUI.java:648)
	at javax.swing.plaf.ComponentUI.update(ComponentUI.java:161)
	at javax.swing.JComponent.paintComponent(JComponent.java:778)
	at javax.swing.JComponent.paint(JComponent.java:1054)
	at javax.swing.JComponent.paintChildren(JComponent.java:887)
	at javax.swing.JComponent.paint(JComponent.java:1063)
	at javax.swing.JViewport.paint(JViewport.java:731)
	at javax.swing.JComponent.paintChildren(JComponent.java:887)
	at javax.swing.JComponent.paint(JComponent.java:1063)
	at javax.swing.JComponent.paintChildren(JComponent.java:887)
	at javax.swing.JComponent.paint(JComponent.java:1063)
	at javax.swing.JComponent.paintChildren(JComponent.java:887)
	at javax.swing.JSplitPane.paintChildren(JSplitPane.java:1047)
	at javax.swing.JComponent.paint(JComponent.java:1063)
	at javax.swing.JComponent.paintToOffscreen(JComponent.java:5219)
	at javax.swing.RepaintManager$PaintManager.paintDoubleBuffered(RepaintManager.java:1529)
	at javax.swing.RepaintManager$PaintManager.paint(RepaintManager.java:1452)
	at javax.swing.RepaintManager.paint(RepaintManager.java:1249)
	at javax.swing.JComponent._paintImmediately(JComponent.java:5167)
	at javax.swing.JComponent.paintImmediately(JComponent.java:4978)
	at javax.swing.RepaintManager$3.run(RepaintManager.java:808)
	at javax.swing.RepaintManager$3.run(RepaintManager.java:796)
	at java.security.AccessController.doPrivileged(Native Method)
	at java.security.ProtectionDomain$1.doIntersectionPrivilege(ProtectionDomain.java:76)
	at javax.swing.RepaintManager.paintDirtyRegions(RepaintManager.java:796)
	at javax.swing.RepaintManager.paintDirtyRegions(RepaintManager.java:769)
	at javax.swing.RepaintManager.prePaintDirtyRegions(RepaintManager.java:718)
	at javax.swing.RepaintManager.access$1100(RepaintManager.java:62)
	at javax.swing.RepaintManager$ProcessingRunnable.run(RepaintManager.java:1677)
	at java.awt.event.InvocationEvent.dispatch(InvocationEvent.java:251)
	at java.awt.EventQueue.dispatchEventImpl(EventQueue.java:733)
	at java.awt.EventQueue.access$200(EventQueue.java:103)
	at java.awt.EventQueue$3.run(EventQueue.java:694)
	at java.awt.EventQueue$3.run(EventQueue.java:692)
	at java.security.AccessController.doPrivileged(Native Method)
	at java.security.ProtectionDomain$1.doIntersectionPrivilege(ProtectionDomain.java:76)
	at java.awt.EventQueue.dispatchEvent(EventQueue.java:703)
	at java.awt.EventDispatchThread.pumpOneEventForFilters(EventDispatchThread.java:242)
	at java.awt.EventDispatchThread.pumpEventsForFilter(EventDispatchThread.java:161)
	at java.awt.EventDispatchThread.pumpEventsForHierarchy(EventDispatchThread.java:150)
	at java.awt.EventDispatchThread.pumpEvents(EventDispatchThread.java:146)
	at java.awt.EventDispatchThread.pumpEvents(EventDispatchThread.java:138)
	at java.awt.EventDispatchThread.run(EventDispatchThread.java:91)
edu.cmu.pact.BehaviorRecorder.ProblemModel.ProblemModelException: The problem name: "" is empty or has unallowed characters.
	at edu.cmu.pact.BehaviorRecorder.Controller.BR_Controller.createStartStateInternal(BR_Controller.java:2412)
	at edu.cmu.pact.BehaviorRecorder.Controller.BR_Controller.createStartState(BR_Controller.java:2361)
	at edu.cmu.pact.ctat.model.CtatModeModel.changeAuthorModeOk(CtatModeModel.java:343)
	at edu.cmu.pact.ctat.model.CtatModeModel.setAuthorMode(CtatModeModel.java:215)
	at edu.cmu.pact.BehaviorRecorder.Controller.PseudoTutorMessageHandlerTest.setUp(PseudoTutorMessageHandlerTest.java:673)
	at junit.framework.TestCase.runBare(TestCase.java:125)
	at junit.framework.TestResult$1.protect(TestResult.java:106)
	at junit.framework.TestResult.runProtected(TestResult.java:124)
	at junit.framework.TestResult.run(TestResult.java:109)
	at junit.framework.TestCase.run(TestCase.java:118)
	at junit.framework.TestSuite.runTest(TestSuite.java:208)
	at junit.framework.TestSuite.run(TestSuite.java:203)
	at org.apache.tools.ant.taskdefs.optional.junit.JUnitTestRunner.run(JUnitTestRunner.java:523)
	at org.apache.tools.ant.taskdefs.optional.junit.JUnitTestRunner.launch(JUnitTestRunner.java:1063)
	at org.apache.tools.ant.taskdefs.optional.junit.JUnitTestRunner.main(JUnitTestRunner.java:914)
edu.cmu.pact.BehaviorRecorder.ProblemModel.ProblemModelException: The problem name: "" is empty or has unallowed characters.
	at edu.cmu.pact.BehaviorRecorder.Controller.BR_Controller.createStartStateInternal(BR_Controller.java:2412)
	at edu.cmu.pact.BehaviorRecorder.Controller.BR_Controller.createStartState(BR_Controller.java:2361)
	at edu.cmu.pact.ctat.model.CtatModeModel.changeAuthorModeOk(CtatModeModel.java:343)
	at edu.cmu.pact.ctat.model.CtatModeModel.setAuthorMode(CtatModeModel.java:215)
	at edu.cmu.pact.BehaviorRecorder.Controller.PseudoTutorMessageHandlerTest.setUp(PseudoTutorMessageHandlerTest.java:673)
	at junit.framework.TestCase.runBare(TestCase.java:125)
	at junit.framework.TestResult$1.protect(TestResult.java:106)
	at junit.framework.TestResult.runProtected(TestResult.java:124)
	at junit.framework.TestResult.run(TestResult.java:109)
	at junit.framework.TestCase.run(TestCase.java:118)
	at junit.framework.TestSuite.runTest(TestSuite.java:208)
	at junit.framework.TestSuite.run(TestSuite.java:203)
	at org.apache.tools.ant.taskdefs.optional.junit.JUnitTestRunner.run(JUnitTestRunner.java:523)
	at org.apache.tools.ant.taskdefs.optional.junit.JUnitTestRunner.launch(JUnitTestRunner.java:1063)
	at org.apache.tools.ant.taskdefs.optional.junit.JUnitTestRunner.main(JUnitTestRunner.java:914)
[13:37:18] +err+ 588: Error opening test/edu/cmu/pact/BehaviorRecorder/ProblemModel/Graph/startStateVariablesGraph.brd or reading as URL: java.net.MalformedURLException: no protocol: test/edu/cmu/pact/BehaviorRecorder/ProblemModel/Graph/startStateVariablesGraph.brd; cause null &lt;edu.cmu.pact.BehaviorRecorder.ProblemModel.ProblemStateReader:161&gt;main
[13:37:18] +err+ 589: Error on getFileAsResource(null) or getCanonicalPath(): java.lang.NullPointerException; cause null &lt;edu.cmu.pact.BehaviorRecorder.ProblemModel.ProblemStateReader:168&gt;main
Exception on executing: [Ljava.lang.String;@657b50e7
java.io.IOException: Cannot run program "nodejs": error=2, No such file or directory
	at java.lang.ProcessBuilder.start(ProcessBuilder.java:1041)
	at java.lang.Runtime.exec(Runtime.java:617)
	at java.lang.Runtime.exec(Runtime.java:485)
	at edu.cmu.pact.Utilities.ProcessRunner.exec(ProcessRunner.java:236)
	at edu.cmu.pact.BehaviorRecorder.Controller.JSExampleTracer.&lt;init&gt;(JSExampleTracer.java:70)
	at edu.cmu.pact.BehaviorRecorder.Controller.JSExampleTracerTest.setUp(JSExampleTracerTest.java:135)
	at junit.framework.TestCase.runBare(TestCase.java:125)
	at junit.framework.TestResult$1.protect(TestResult.java:106)
	at junit.framework.TestResult.runProtected(TestResult.java:124)
	at junit.framework.TestResult.run(TestResult.java:109)
	at junit.framework.TestCase.run(TestCase.java:118)
	at junit.framework.TestSuite.runTest(TestSuite.java:208)
	at junit.framework.TestSuite.run(TestSuite.java:203)
	at org.apache.tools.ant.taskdefs.optional.junit.JUnitTestRunner.run(JUnitTestRunner.java:523)
	at org.apache.tools.ant.taskdefs.optional.junit.JUnitTestRunner.launch(JUnitTestRunner.java:1063)
	at org.apache.tools.ant.taskdefs.optional.junit.JUnitTestRunner.main(JUnitTestRunner.java:914)
Caused by: java.io.IOException: error=2, No such file or directory
	at java.lang.UNIXProcess.forkAndExec(Native Method)
	at java.lang.UNIXProcess.&lt;init&gt;(UNIXProcess.java:135)
	at java.lang.ProcessImpl.start(ProcessImpl.java:130)
	at java.lang.ProcessBuilder.start(ProcessBuilder.java:1022)
	... 15 more
[13:37:39] +err+ 614: Error on UTP.init(null): java.security.InvalidParameterException: Controller cannot be null.; cause null &lt;edu.cmu.pact.BehaviorRecorder.Controller.PseudoTutorMessageHandlerTest$SinkToolProxy:91&gt;main
[13:37:39] +err+ 615: Error on response[-1]: java.net.ConnectException: Connection refused; cause null;
  request was &lt;message&gt;&lt;verb&gt;SendNoteProperty&lt;/verb&gt;&lt;properties&gt;&lt;MessageType&gt;SetPreferences&lt;/MessageType&gt;&lt;question_file&gt;http://localhost:8888//Users/simstudent/CMU/pact-cvs-tree/AuthoringToolsL/java/test/edu/cmu/pact/BehaviorRecorder/Controller/1416flash.brd&lt;/question_file&gt;&lt;/properties&gt;&lt;/message&gt; &lt;edu.cmu.pact.BehaviorRecorder.Controller.JSExampleTracer:115&gt;main
java.net.ConnectException: Connection refused
	at java.net.PlainSocketImpl.socketConnect(Native Method)
	at java.net.AbstractPlainSocketImpl.doConnect(AbstractPlainSocketImpl.java:339)
	at java.net.AbstractPlainSocketImpl.connectToAddress(AbstractPlainSocketImpl.java:200)
	at java.net.AbstractPlainSocketImpl.connect(AbstractPlainSocketImpl.java:182)
	at java.net.SocksSocketImpl.connect(SocksSocketImpl.java:392)
	at java.net.Socket.connect(Socket.java:579)
	at java.net.Socket.connect(Socket.java:528)
	at sun.net.NetworkClient.doConnect(NetworkClient.java:180)
	at sun.net.www.http.HttpClient.openServer(HttpClient.java:432)
	at sun.net.www.http.HttpClient.openServer(HttpClient.java:527)
	at sun.net.www.http.HttpClient.&lt;init&gt;(HttpClient.java:211)
	at sun.net.www.http.HttpClient.New(HttpClient.java:308)
	at sun.net.www.http.HttpClient.New(HttpClient.java:326)
	at sun.net.www.protocol.http.HttpURLConnection.getNewHttpClient(HttpURLConnection.java:996)
	at sun.net.www.protocol.http.HttpURLConnection.plainConnect(HttpURLConnection.java:932)
	at sun.net.www.protocol.http.HttpURLConnection.connect(HttpURLConnection.java:850)
	at sun.net.www.protocol.http.HttpURLConnection.getOutputStream(HttpURLConnection.java:1091)
	at edu.cmu.hcii.utilities.HttpToolEmulator.sendAndWait(HttpToolEmulator.java:90)
	at edu.cmu.pact.BehaviorRecorder.Controller.JSExampleTracer.getExampleTracerResponses(JSExampleTracer.java:98)
	at edu.cmu.pact.BehaviorRecorder.Controller.JSExampleTracer.openBRD(JSExampleTracer.java:131)
	at edu.cmu.pact.BehaviorRecorder.Controller.JSExampleTracerTest.openBRD(JSExampleTracerTest.java:154)
	at edu.cmu.pact.BehaviorRecorder.Controller.PseudoTutorMessageHandlerTest.testAddFractions14plus16OneIncorrect(PseudoTutorMessageHandlerTest.java:936)
	at sun.reflect.NativeMethodAccessorImpl.invoke0(Native Method)
	at sun.reflect.NativeMethodAccessorImpl.invoke(NativeMethodAccessorImpl.java:57)
	at sun.reflect.DelegatingMethodAccessorImpl.invoke(DelegatingMethodAccessorImpl.java:43)
	at java.lang.reflect.Method.invoke(Method.java:606)
	at junit.framework.TestCase.runTest(TestCase.java:154)
	at junit.framework.TestCase.runBare(TestCase.java:127)
	at junit.framework.TestResult$1.protect(TestResult.java:106)
	at junit.framework.TestResult.runProtected(TestResult.java:124)
	at junit.framework.TestResult.run(TestResult.java:109)
	at junit.framework.TestCase.run(TestCase.java:118)
	at junit.framework.TestSuite.runTest(TestSuite.java:208)
	at junit.framework.TestSuite.run(TestSuite.java:203)
	at org.apache.tools.ant.taskdefs.optional.junit.JUnitTestRunner.run(JUnitTestRunner.java:523)
	at org.apache.tools.ant.taskdefs.optional.junit.JUnitTestRunner.launch(JUnitTestRunner.java:1063)
	at org.apache.tools.ant.taskdefs.optional.junit.JUnitTestRunner.main(JUnitTestRunner.java:914)
edu.cmu.pact.BehaviorRecorder.ProblemModel.ProblemModelException: The problem name: "" is empty or has unallowed characters.
	at edu.cmu.pact.BehaviorRecorder.Controller.BR_Controller.createStartStateInternal(BR_Controller.java:2412)
	at edu.cmu.pact.BehaviorRecorder.Controller.BR_Controller.createStartState(BR_Controller.java:2361)
	at edu.cmu.pact.ctat.model.CtatModeModel.changeAuthorModeOk(CtatModeModel.java:343)
	at edu.cmu.pact.ctat.model.CtatModeModel.setAuthorMode(CtatModeModel.java:215)
	at edu.cmu.pact.BehaviorRecorder.Controller.PseudoTutorMessageHandlerTest.setUp(PseudoTutorMessageHandlerTest.java:673)
	at junit.framework.TestCase.runBare(TestCase.java:125)
	at junit.framework.TestResult$1.protect(TestResult.java:106)
	at junit.framework.TestResult.runProtected(TestResult.java:124)
	at junit.framework.TestResult.run(TestResult.java:109)
	at junit.framework.TestCase.run(TestCase.java:118)
	at junit.framework.TestSuite.runTest(TestSuite.java:208)
	at junit.framework.TestSuite.run(TestSuite.java:203)
	at org.apache.tools.ant.taskdefs.optional.junit.JUnitTestRunner.run(JUnitTestRunner.java:523)
	at org.apache.tools.ant.taskdefs.optional.junit.JUnitTestRunner.launch(JUnitTestRunner.java:1063)
	at org.apache.tools.ant.taskdefs.optional.junit.JUnitTestRunner.main(JUnitTestRunner.java:914)
[13:37:47] +err+ 2169: MT.loadInterfaceTemplates(): interfaceTemplatesList is null &lt;edu.cmu.pact.jess.MTRete:1251&gt;main
[13:37:47] +err+ 2172: Error opening test/solver.brd or reading as URL: java.net.MalformedURLException: no protocol: test/solver.brd; cause null &lt;edu.cmu.pact.BehaviorRecorder.ProblemModel.ProblemStateReader:161&gt;main
[13:37:47] +err+ 2173: Error on getFileAsResource(null) or getCanonicalPath(): java.lang.NullPointerException; cause null &lt;edu.cmu.pact.BehaviorRecorder.ProblemModel.ProblemStateReader:168&gt;main
[13:37:47] +err+ 2178: bad pKnown: java.lang.NumberFormatException: For input string: "c,_negative Solver" &lt;edu.cmu.pact.ctat.model.Skill:519&gt;main
[13:37:48] +err+ 2181: bad pKnown: java.lang.NumberFormatException: For input string: "c,_negative Solver" &lt;edu.cmu.pact.ctat.model.Skill:519&gt;main
[13:37:48] +err+ 2184: bad pKnown: java.lang.NumberFormatException: For input string: "c,_negative Solver" &lt;edu.cmu.pact.ctat.model.Skill:519&gt;main
[13:37:48] +err+ 2187: bad pKnown: java.lang.NumberFormatException: For input string: "c,_negative Solver" &lt;edu.cmu.pact.ctat.model.Skill:519&gt;main
[13:37:49] +err+ 2196: Error opening test/edu/cmu/pact/BehaviorRecorder/ProblemModel/Graph/startStateVariablesGraph.brd or reading as URL: java.net.MalformedURLException: no protocol: test/edu/cmu/pact/BehaviorRecorder/ProblemModel/Graph/startStateVariablesGraph.brd; cause null &lt;edu.cmu.pact.BehaviorRecorder.ProblemModel.ProblemStateReader:161&gt;main
[13:37:49] +err+ 2197: Error on getFileAsResource(null) or getCanonicalPath(): java.lang.NullPointerException; cause null &lt;edu.cmu.pact.BehaviorRecorder.ProblemModel.ProblemStateReader:168&gt;main
Exception in thread "AWT-EventQueue-0" java.lang.ArrayIndexOutOfBoundsException: 2 &gt;= 1
	at java.util.Vector.elementAt(Vector.java:470)
	at javax.swing.tree.VariableHeightLayoutCache.getNode(VariableHeightLayoutCache.java:993)
	at javax.swing.tree.VariableHeightLayoutCache.getMaxNodeWidth(VariableHeightLayoutCache.java:1006)
	at javax.swing.tree.VariableHeightLayoutCache.getPreferredWidth(VariableHeightLayoutCache.java:308)
	at javax.swing.plaf.basic.BasicTreeUI.updateCachedPreferredSize(BasicTreeUI.java:1899)
	at javax.swing.plaf.basic.BasicTreeUI.getPreferredSize(BasicTreeUI.java:2002)
	at javax.swing.plaf.basic.BasicTreeUI.getPreferredSize(BasicTreeUI.java:1990)
	at javax.swing.JComponent.getPreferredSize(JComponent.java:1660)
	at javax.swing.ScrollPaneLayout.layoutContainer(ScrollPaneLayout.java:790)
	at java.awt.Container.layout(Container.java:1503)
	at java.awt.Container.doLayout(Container.java:1492)
	at java.awt.Container.validateTree(Container.java:1688)
	at java.awt.Container.validate(Container.java:1623)
	at javax.swing.RepaintManager$2.run(RepaintManager.java:691)
	at javax.swing.RepaintManager$2.run(RepaintManager.java:689)
	at java.security.AccessController.doPrivileged(Native Method)
	at java.security.ProtectionDomain$1.doIntersectionPrivilege(ProtectionDomain.java:76)
	at javax.swing.RepaintManager.validateInvalidComponents(RepaintManager.java:688)
	at javax.swing.RepaintManager$ProcessingRunnable.run(RepaintManager.java:1676)
	at java.awt.event.InvocationEvent.dispatch(InvocationEvent.java:251)
	at java.awt.EventQueue.dispatchEventImpl(EventQueue.java:733)
	at java.awt.EventQueue.access$200(EventQueue.java:103)
	at java.awt.EventQueue$3.run(EventQueue.java:694)
	at java.awt.EventQueue$3.run(EventQueue.java:692)
	at java.security.AccessController.doPrivileged(Native Method)
	at java.security.ProtectionDomain$1.doIntersectionPrivilege(ProtectionDomain.java:76)
	at java.awt.EventQueue.dispatchEvent(EventQueue.java:703)
	at java.awt.EventDispatchThread.pumpOneEventForFilters(EventDispatchThread.java:242)
	at java.awt.EventDispatchThread.pumpEventsForFilter(EventDispatchThread.java:161)
	at java.awt.EventDispatchThread.pumpEventsForHierarchy(EventDispatchThread.java:150)
	at java.awt.EventDispatchThread.pumpEvents(EventDispatchThread.java:146)
	at java.awt.EventDispatchThread.pumpEvents(EventDispatchThread.java:138)
	at java.awt.EventDispatchThread.run(EventDispatchThread.java:91)
deserializing from buffer CTATFunctionsParser.ser
Parser construction took 2 millis
java.net.BindException: Address already in use
	at java.net.PlainSocketImpl.socketBind(Native Method)
	at java.net.AbstractPlainSocketImpl.bind(AbstractPlainSocketImpl.java:376)
	at java.net.ServerSocket.bind(ServerSocket.java:376)
	at java.net.ServerSocket.bind(ServerSocket.java:330)
	at edu.cmu.pact.TutoringService.Monitor.run(Monitor.java:156)
[13:37:49] +err+ 2322: Error opening test/edu/cmu/pact/BehaviorRecorder/ProblemModel/Graph/startStateVariablesGraph.brd or reading as URL: java.net.MalformedURLException: no protocol: test/edu/cmu/pact/BehaviorRecorder/ProblemModel/Graph/startStateVariablesGraph.brd; cause null &lt;edu.cmu.pact.BehaviorRecorder.ProblemModel.ProblemStateReader:161&gt;main
[13:37:49] +err+ 2323: Error on getFileAsResource(null) or getCanonicalPath(): java.lang.NullPointerException; cause null &lt;edu.cmu.pact.BehaviorRecorder.ProblemModel.ProblemStateReader:168&gt;main
Exception in thread "AWT-EventQueue-0" java.lang.ArrayIndexOutOfBoundsException: 1 &gt;= 1
	at java.util.Vector.elementAt(Vector.java:470)
	at javax.swing.table.DefaultTableColumnModel.getColumn(DefaultTableColumnModel.java:294)
	at javax.swing.plaf.basic.BasicTableUI.paintCells(BasicTableUI.java:2012)
	at javax.swing.plaf.basic.BasicTableUI.paint(BasicTableUI.java:1812)
	at javax.swing.plaf.ComponentUI.update(ComponentUI.java:161)
	at javax.swing.JComponent.paintComponent(JComponent.java:778)
	at javax.swing.JComponent.paint(JComponent.java:1054)
	at javax.swing.JComponent.paintToOffscreen(JComponent.java:5219)
	at javax.swing.RepaintManager$PaintManager.paintDoubleBuffered(RepaintManager.java:1529)
	at javax.swing.RepaintManager$PaintManager.paint(RepaintManager.java:1452)
	at javax.swing.RepaintManager.paint(RepaintManager.java:1249)
	at javax.swing.JComponent._paintImmediately(JComponent.java:5167)
	at javax.swing.JComponent.paintImmediately(JComponent.java:4978)
	at javax.swing.RepaintManager$3.run(RepaintManager.java:808)
	at javax.swing.RepaintManager$3.run(RepaintManager.java:796)
	at java.security.AccessController.doPrivileged(Native Method)
	at java.security.ProtectionDomain$1.doIntersectionPrivilege(ProtectionDomain.java:76)
	at javax.swing.RepaintManager.paintDirtyRegions(RepaintManager.java:796)
	at javax.swing.RepaintManager.paintDirtyRegions(RepaintManager.java:769)
	at javax.swing.RepaintManager.prePaintDirtyRegions(RepaintManager.java:718)
	at javax.swing.RepaintManager.access$1100(RepaintManager.java:62)
	at javax.swing.RepaintManager$ProcessingRunnable.run(RepaintManager.java:1677)
	at java.awt.event.InvocationEvent.dispatch(InvocationEvent.java:251)
	at java.awt.EventQueue.dispatchEventImpl(EventQueue.java:733)
	at java.awt.EventQueue.access$200(EventQueue.java:103)
	at java.awt.EventQueue$3.run(EventQueue.java:694)
	at java.awt.EventQueue$3.run(EventQueue.java:692)
	at java.security.AccessController.doPrivileged(Native Method)
	at java.security.ProtectionDomain$1.doIntersectionPrivilege(ProtectionDomain.java:76)
	at java.awt.EventQueue.dispatchEvent(EventQueue.java:703)
	at java.awt.EventDispatchThread.pumpOneEventForFilters(EventDispatchThread.java:242)
	at java.awt.EventDispatchThread.pumpEventsForFilter(EventDispatchThread.java:161)
	at java.awt.EventDispatchThread.pumpEventsForHierarchy(EventDispatchThread.java:150)
	at java.awt.EventDispatchThread.pumpEvents(EventDispatchThread.java:146)
	at java.awt.EventDispatchThread.pumpEvents(EventDispatchThread.java:138)
	at java.awt.EventDispatchThread.run(EventDispatchThread.java:91)
edu.cmu.pact.BehaviorRecorder.ProblemModel.ProblemModelException: The problem name: "" is empty or has unallowed characters.
	at edu.cmu.pact.BehaviorRecorder.Controller.BR_Controller.createStartStateInternal(BR_Controller.java:2412)
	at edu.cmu.pact.BehaviorRecorder.Controller.BR_Controller.createStartState(BR_Controller.java:2361)
	at edu.cmu.pact.ctat.model.CtatModeModel.changeAuthorModeOk(CtatModeModel.java:343)
	at edu.cmu.pact.ctat.model.CtatModeModel.setAuthorMode(CtatModeModel.java:215)
	at edu.cmu.pact.BehaviorRecorder.Controller.PseudoTutorMessageHandlerTest.setUp(PseudoTutorMessageHandlerTest.java:673)
	at junit.framework.TestCase.runBare(TestCase.java:125)
	at junit.framework.TestResult$1.protect(TestResult.java:106)
	at junit.framework.TestResult.runProtected(TestResult.java:124)
	at junit.framework.TestResult.run(TestResult.java:109)
	at junit.framework.TestCase.run(TestCase.java:118)
	at junit.framework.TestSuite.runTest(TestSuite.java:208)
	at junit.framework.TestSuite.run(TestSuite.java:203)
	at org.apache.tools.ant.taskdefs.optional.junit.JUnitTestRunner.run(JUnitTestRunner.java:523)
	at org.apache.tools.ant.taskdefs.optional.junit.JUnitTestRunner.launch(JUnitTestRunner.java:1063)
	at org.apache.tools.ant.taskdefs.optional.junit.JUnitTestRunner.main(JUnitTestRunner.java:914)
deserializing from buffer CTATFunctionsParser.ser
Parser construction took 2 millis
deserializing from buffer CTATFunctionsParser.ser
Parser construction took 2 millis
Exception in thread "AWT-EventQueue-0" java.lang.NullPointerException
	at edu.cmu.pact.jess.WMEEditor.propertyChange(WMEEditor.java:2675)
	at java.beans.PropertyChangeSupport.fire(PropertyChangeSupport.java:335)
	at java.beans.PropertyChangeSupport.firePropertyChange(PropertyChangeSupport.java:327)
	at edu.cmu.pact.Preferences.PreferencesModel.setValue(PreferencesModel.java:955)
	at edu.cmu.pact.Preferences.PreferencesModel.setValue(PreferencesModel.java:902)
	at edu.cmu.pact.Preferences.PreferencesModel.setIntegerValue(PreferencesModel.java:1016)
	at edu.cmu.pact.ctat.view.AbstractCtatWindow.storeSize(AbstractCtatWindow.java:213)
	at edu.cmu.pact.ctat.view.AbstractCtatWindow.componentResized(AbstractCtatWindow.java:226)
	at java.awt.Component.processComponentEvent(Component.java:6331)
	at java.awt.Component.processEvent(Component.java:6285)
	at java.awt.Container.processEvent(Container.java:2229)
	at java.awt.Window.processEvent(Window.java:2022)
	at java.awt.Component.dispatchEventImpl(Component.java:4861)
	at java.awt.Container.dispatchEventImpl(Container.java:2287)
	at java.awt.Window.dispatchEventImpl(Window.java:2719)
	at java.awt.Component.dispatchEvent(Component.java:4687)
	at java.awt.EventQueue.dispatchEventImpl(EventQueue.java:735)
	at java.awt.EventQueue.access$200(EventQueue.java:103)
	at java.awt.EventQueue$3.run(EventQueue.java:694)
	at java.awt.EventQueue$3.run(EventQueue.java:692)
	at java.security.AccessController.doPrivileged(Native Method)
	at java.security.ProtectionDomain$1.doIntersectionPrivilege(ProtectionDomain.java:76)
	at java.security.ProtectionDomain$1.doIntersectionPrivilege(ProtectionDomain.java:87)
	at java.awt.EventQueue$4.run(EventQueue.java:708)
	at java.awt.EventQueue$4.run(EventQueue.java:706)
	at java.security.AccessController.doPrivileged(Native Method)
	at java.security.ProtectionDomain$1.doIntersectionPrivilege(ProtectionDomain.java:76)
	at java.awt.EventQueue.dispatchEvent(EventQueue.java:705)
	at java.awt.EventDispatchThread.pumpOneEventForFilters(EventDispatchThread.java:242)
	at java.awt.EventDispatchThread.pumpEventsForFilter(EventDispatchThread.java:161)
	at java.awt.EventDispatchThread.pumpEventsForHierarchy(EventDispatchThread.java:150)
	at java.awt.EventDispatchThread.pumpEvents(EventDispatchThread.java:146)
	at java.awt.EventDispatchThread.pumpEvents(EventDispatchThread.java:138)
	at java.awt.EventDispatchThread.run(EventDispatchThread.java:91)
Exception in thread "AWT-EventQueue-0" java.lang.NullPointerException
	at edu.cmu.pact.jess.WMEEditor.propertyChange(WMEEditor.java:2675)
	at java.beans.PropertyChangeSupport.fire(PropertyChangeSupport.java:335)
	at java.beans.PropertyChangeSupport.firePropertyChange(PropertyChangeSupport.java:327)
	at edu.cmu.pact.Preferences.PreferencesModel.setValue(PreferencesModel.java:955)
	at edu.cmu.pact.Preferences.PreferencesModel.setValue(PreferencesModel.java:902)
	at edu.cmu.pact.Preferences.PreferencesModel.setIntegerValue(PreferencesModel.java:1016)
	at edu.cmu.pact.ctat.view.AbstractCtatWindow.storeLocation(AbstractCtatWindow.java:198)
	at edu.cmu.pact.ctat.view.AbstractCtatWindow.componentMoved(AbstractCtatWindow.java:221)
	at java.awt.Component.processComponentEvent(Component.java:6334)
	at java.awt.Component.processEvent(Component.java:6285)
	at java.awt.Container.processEvent(Container.java:2229)
	at java.awt.Window.processEvent(Window.java:2022)
	at java.awt.Component.dispatchEventImpl(Component.java:4861)
	at java.awt.Container.dispatchEventImpl(Container.java:2287)
	at java.awt.Window.dispatchEventImpl(Window.java:2719)
	at java.awt.Component.dispatchEvent(Component.java:4687)
	at java.awt.EventQueue.dispatchEventImpl(EventQueue.java:735)
	at java.awt.EventQueue.access$200(EventQueue.java:103)
	at java.awt.EventQueue$3.run(EventQueue.java:694)
	at java.awt.EventQueue$3.run(EventQueue.java:692)
	at java.security.AccessController.doPrivileged(Native Method)
	at java.security.ProtectionDomain$1.doIntersectionPrivilege(ProtectionDomain.java:76)
	at java.security.ProtectionDomain$1.doIntersectionPrivilege(ProtectionDomain.java:87)
	at java.awt.EventQueue$4.run(EventQueue.java:708)
	at java.awt.EventQueue$4.run(EventQueue.java:706)
	at java.security.AccessController.doPrivileged(Native Method)
	at java.security.ProtectionDomain$1.doIntersectionPrivilege(ProtectionDomain.java:76)
	at java.awt.EventQueue.dispatchEvent(EventQueue.java:705)
	at java.awt.EventDispatchThread.pumpOneEventForFilters(EventDispatchThread.java:242)
	at java.awt.EventDispatchThread.pumpEventsForFilter(EventDispatchThread.java:161)
	at java.awt.EventDispatchThread.pumpEventsForHierarchy(EventDispatchThread.java:150)
	at java.awt.EventDispatchThread.pumpEvents(EventDispatchThread.java:146)
	at java.awt.EventDispatchThread.pumpEvents(EventDispatchThread.java:138)
	at java.awt.EventDispatchThread.run(EventDispatchThread.java:91)
Exception in thread "Thread-30" java.lang.NullPointerException
	at edu.cmu.pact.miss.console.controller.MissController.consoleDisplayOperators(MissController.java:958)
	at edu.cmu.pact.miss.SimSt.initBKwithMissConsole(SimSt.java:3577)
	at edu.cmu.pact.miss.console.controller.MissController.initMissController(MissController.java:192)
	at edu.cmu.pact.miss.console.controller.MissController.&lt;init&gt;(MissController.java:173)
	at edu.cmu.pact.BehaviorRecorder.Controller.CTAT_Launcher.initializeSimSt(CTAT_Launcher.java:466)
	at edu.cmu.pact.BehaviorRecorder.Controller.CTAT_Launcher.&lt;init&gt;(CTAT_Launcher.java:150)
	at edu.cmu.pact.BehaviorRecorder.Controller.CTAT_Launcher.&lt;init&gt;(CTAT_Launcher.java:84)
	at edu.cmu.pact.BehaviorRecorder.Controller.ServerTest$1.run(ServerTest.java:28)
	at java.lang.Thread.run(Thread.java:744)
java.net.BindException: Address already in use
	at java.net.PlainSocketImpl.socketBind(Native Method)
	at java.net.AbstractPlainSocketImpl.bind(AbstractPlainSocketImpl.java:376)
	at java.net.ServerSocket.bind(ServerSocket.java:376)
	at java.net.ServerSocket.bind(ServerSocket.java:330)
	at edu.cmu.pact.TutoringService.Monitor.run(Monitor.java:156)
edu.cmu.pact.BehaviorRecorder.ProblemModel.ProblemModelException: The problem name: "" is empty or has unallowed characters.
	at edu.cmu.pact.BehaviorRecorder.Controller.BR_Controller.createStartStateInternal(BR_Controller.java:2412)
	at edu.cmu.pact.BehaviorRecorder.Controller.BR_Controller.createStartState(BR_Controller.java:2361)
	at edu.cmu.pact.ctat.model.CtatModeModel.changeAuthorModeOk(CtatModeModel.java:343)
	at edu.cmu.pact.ctat.model.CtatModeModel.setAuthorMode(CtatModeModel.java:215)
	at edu.cmu.pact.BehaviorRecorder.Controller.PseudoTutorMessageHandlerTest.setUp(PseudoTutorMessageHandlerTest.java:673)
	at junit.framework.TestCase.runBare(TestCase.java:125)
	at junit.framework.TestResult$1.protect(TestResult.java:106)
	at junit.framework.TestResult.runProtected(TestResult.java:124)
	at junit.framework.TestResult.run(TestResult.java:109)
	at junit.framework.TestCase.run(TestCase.java:118)
	at junit.framework.TestSuite.runTest(TestSuite.java:208)
	at junit.framework.TestSuite.run(TestSuite.java:203)
	at org.apache.tools.ant.taskdefs.optional.junit.JUnitTestRunner.run(JUnitTestRunner.java:523)
	at org.apache.tools.ant.taskdefs.optional.junit.JUnitTestRunner.launch(JUnitTestRunner.java:1063)
	at org.apache.tools.ant.taskdefs.optional.junit.JUnitTestRunner.main(JUnitTestRunner.java:914)
deserializing from buffer CTATFunctionsParser.ser
Parser construction took 2 millis
[13:38:10] +err+ 4112: Error opening test/edu/cmu/pact/BehaviorRecorder/ProblemModel/Graph/testDeleteSingleLink.brd or reading as URL: java.net.MalformedURLException: no protocol: test/edu/cmu/pact/BehaviorRecorder/ProblemModel/Graph/testDeleteSingleLink.brd; cause null &lt;edu.cmu.pact.BehaviorRecorder.ProblemModel.ProblemStateReader:161&gt;main
[13:38:10] +err+ 4113: Error on getFileAsResource(null) or getCanonicalPath(): java.lang.NullPointerException; cause null &lt;edu.cmu.pact.BehaviorRecorder.ProblemModel.ProblemStateReader:168&gt;main
[13:38:11] +err+ 4172: Error opening test/edu/cmu/pact/BehaviorRecorder/ProblemModel/Graph/testDeleteSingleLinkAndMerge.brd or reading as URL: java.net.MalformedURLException: no protocol: test/edu/cmu/pact/BehaviorRecorder/ProblemModel/Graph/testDeleteSingleLinkAndMerge.brd; cause null &lt;edu.cmu.pact.BehaviorRecorder.ProblemModel.ProblemStateReader:161&gt;main
[13:38:11] +err+ 4173: Error on getFileAsResource(null) or getCanonicalPath(): java.lang.NullPointerException; cause null &lt;edu.cmu.pact.BehaviorRecorder.ProblemModel.ProblemStateReader:168&gt;main
[13:38:11] +err+ 4190: Error opening test/edu/cmu/pact/BehaviorRecorder/ProblemModel/Graph/testDeleteSingleLinkDisconnect.brd or reading as URL: java.net.MalformedURLException: no protocol: test/edu/cmu/pact/BehaviorRecorder/ProblemModel/Graph/testDeleteSingleLinkDisconnect.brd; cause null &lt;edu.cmu.pact.BehaviorRecorder.ProblemModel.ProblemStateReader:161&gt;main
[13:38:11] +err+ 4191: Error on getFileAsResource(null) or getCanonicalPath(): java.lang.NullPointerException; cause null &lt;edu.cmu.pact.BehaviorRecorder.ProblemModel.ProblemStateReader:168&gt;main
edu.cmu.pact.BehaviorRecorder.ProblemModel.ProblemModelException: The problem name: "" is empty or has unallowed characters.
	at edu.cmu.pact.BehaviorRecorder.Controller.BR_Controller.createStartStateInternal(BR_Controller.java:2412)
	at edu.cmu.pact.BehaviorRecorder.Controller.BR_Controller.createStartState(BR_Controller.java:2361)
	at edu.cmu.pact.ctat.model.CtatModeModel.changeAuthorModeOk(CtatModeModel.java:343)
	at edu.cmu.pact.ctat.model.CtatModeModel.setAuthorMode(CtatModeModel.java:215)
	at edu.cmu.pact.BehaviorRecorder.Controller.PseudoTutorMessageHandlerTest.setUp(PseudoTutorMessageHandlerTest.java:673)
	at junit.framework.TestCase.runBare(TestCase.java:125)
	at junit.framework.TestResult$1.protect(TestResult.java:106)
	at junit.framework.TestResult.runProtected(TestResult.java:124)
	at junit.framework.TestResult.run(TestResult.java:109)
	at junit.framework.TestCase.run(TestCase.java:118)
	at junit.framework.TestSuite.runTest(TestSuite.java:208)
	at junit.framework.TestSuite.run(TestSuite.java:203)
	at org.apache.tools.ant.taskdefs.optional.junit.JUnitTestRunner.run(JUnitTestRunner.java:523)
	at org.apache.tools.ant.taskdefs.optional.junit.JUnitTestRunner.launch(JUnitTestRunner.java:1063)
	at org.apache.tools.ant.taskdefs.optional.junit.JUnitTestRunner.main(JUnitTestRunner.java:914)
deserializing from buffer CTATFunctionsParser.ser
Parser construction took 2 millis
deserializing from buffer CTATFunctionsParser.ser
Parser construction took 2 millis
[13:38:11] +err+ 4352: Error opening test/2x-P3-6xP+7.brd or reading as URL: java.net.MalformedURLException: no protocol: test/2x-P3-6xP+7.brd; cause null &lt;edu.cmu.pact.BehaviorRecorder.ProblemModel.ProblemStateReader:161&gt;main
[13:38:11] +err+ 4353: Error on getFileAsResource(null) or getCanonicalPath(): java.lang.NullPointerException; cause null &lt;edu.cmu.pact.BehaviorRecorder.ProblemModel.ProblemStateReader:168&gt;main
deserializing from buffer CTATFunctionsParser.ser
Parser construction took 2 millis
java.lang.IllegalStateException: ERROR: Wrong symbol: EOF, state 23
1:	x +
 	   ^
Expected was (one of): `stringdef`, '-', `identifier`, `number`, '(', "true", "null", "false"

	at edu.cmu.pact.BehaviorRecorder.ProblemModel.Matcher.CTATFunctions.evaluate(CTATFunctions.java:1006)
	at edu.cmu.pact.BehaviorRecorder.ProblemModel.Matcher.ExpressionMatcher.evaluate(ExpressionMatcher.java:237)
	at edu.cmu.pact.BehaviorRecorder.ProblemModel.Matcher.ExpressionMatcher.testVector(ExpressionMatcher.java:270)
	at edu.cmu.pact.BehaviorRecorder.ProblemModel.Matcher.ExpressionMatcher.testInput(ExpressionMatcher.java:257)
	at edu.cmu.pact.BehaviorRecorder.ProblemModel.Matcher.ExpressionMatcher.match(ExpressionMatcher.java:400)
	at edu.cmu.pact.BehaviorRecorder.ProblemModel.Matcher.ExactMatcher.match(ExactMatcher.java:175)
	at edu.cmu.pact.BehaviorRecorder.ProblemModel.Matcher.MatcherTest.testExpressionSyntaxError(MatcherTest.java:307)
	at edu.cmu.pact.BehaviorRecorder.ProblemModel.Matcher.MatcherTest.testExpressionMatching(MatcherTest.java:413)
	at sun.reflect.NativeMethodAccessorImpl.invoke0(Native Method)
	at sun.reflect.NativeMethodAccessorImpl.invoke(NativeMethodAccessorImpl.java:57)
	at sun.reflect.DelegatingMethodAccessorImpl.invoke(DelegatingMethodAccessorImpl.java:43)
	at java.lang.reflect.Method.invoke(Method.java:606)
	at junit.framework.TestCase.runTest(TestCase.java:154)
	at junit.framework.TestCase.runBare(TestCase.java:127)
	at junit.framework.TestResult$1.protect(TestResult.java:106)
	at junit.framework.TestResult.runProtected(TestResult.java:124)
	at junit.framework.TestResult.run(TestResult.java:109)
	at junit.framework.TestCase.run(TestCase.java:118)
	at junit.framework.TestSuite.runTest(TestSuite.java:208)
	at junit.framework.TestSuite.run(TestSuite.java:203)
	at org.apache.tools.ant.taskdefs.optional.junit.JUnitTestRunner.run(JUnitTestRunner.java:523)
	at org.apache.tools.ant.taskdefs.optional.junit.JUnitTestRunner.launch(JUnitTestRunner.java:1063)
	at org.apache.tools.ant.taskdefs.optional.junit.JUnitTestRunner.main(JUnitTestRunner.java:914)
deserializing from buffer CTATFunctionsParser.ser
Parser construction took 2 millis
deserializing from buffer CTATFunctionsParser.ser
Parser construction took 2 millis
deserializing from buffer CTATFunctionsParser.ser
Parser construction took 2 millis
deserializing from buffer CTATFunctionsParser.ser
Parser construction took 2 millis
deserializing from buffer CTATFunctionsParser.ser
Parser construction took 2 millis
deserializing from buffer CTATFunctionsParser.ser
Parser construction took 2 millis
deserializing from buffer CTATFunctionsParser.ser
Parser construction took 1 millis
deserializing from buffer CTATFunctionsParser.ser
Parser construction took 2 millis
deserializing from buffer CTATFunctionsParser.ser
Parser construction took 2 millis
7 + is not valid:
ERROR: Wrong symbol: EOF, state 23
1:	7 +
 	   ^
Expected was (one of): `stringdef`, '-', `identifier`, `number`, '(', "true", "null", "false"

java.lang.IllegalStateException: no method found: memberOf(())
deserializing from buffer CTATFunctionsParser.ser
Parser construction took 2 millis

INFO: Mixed parser and lexer specification, 268 lexer rules, 16 parser rules.
Lexer scratch construction took 2 millis
WARNING: Grammar has no top level rule, taking first rule &gt;EXPRESSION ::= TERM ;&lt;
ParserTables scratch construction took 6 millis
serializing to buffer CTATExpressionSemanticParser.ser
Parser construction took 10 millis
deserializing from buffer CTATExpressionSemanticParser.ser
Parser construction took 2 millis
deserializing from buffer CTATExpressionSemanticParser.ser
Parser construction took 2 millis
deserializing from buffer CTATExpressionSemanticParser.ser
Parser construction took 1 millis
deserializing from buffer CTATExpressionSemanticParser.ser
Parser construction took 1 millis
deserializing from buffer CTATExpressionSemanticParser.ser
Parser construction took 1 millis
deserializing from buffer CTATExpressionSemanticParser.ser
Parser construction took 1 millis
deserializing from buffer CTATExpressionSemanticParser.ser
Parser construction took 1 millis
deserializing from buffer CTATExpressionSemanticParser.ser
Parser construction took 2 millis
deserializing from buffer CTATExpressionSemanticParser.ser
Parser construction took 1 millis
deserializing from buffer CTATExpressionSemanticParser.ser
Parser construction took 2 millis
deserializing from buffer CTATExpressionSemanticParser.ser
Parser construction took 2 millis
deserializing from buffer CTATExpressionSemanticParser.ser
Parser construction took 1 millis
deserializing from buffer CTATExpressionSemanticParser.ser
Parser construction took 2 millis
deserializing from buffer CTATExpressionSemanticParser.ser
Parser construction took 70 millis
deserializing from buffer CTATExpressionSemanticParser.ser
Parser construction took 1 millis
deserializing from buffer CTATExpressionSemanticParser.ser
Parser construction took 1 millis
deserializing from buffer CTATExpressionSemanticParser.ser
Parser construction took 2 millis
deserializing from buffer CTATExpressionSemanticParser.ser
Parser construction took 2 millis
deserializing from buffer CTATExpressionSemanticParser.ser
Parser construction took 2 millis
deserializing from buffer CTATFunctionsParser.ser
Parser construction took 2 millis
deserializing from buffer CTATFunctionsParser.ser
Parser construction took 1 millis
[13:38:15] +err+ 5713: Error loading java.util.ArrayList: class does not implement jess.Userfunction &lt;edu.cmu.pact.jess.FunctionPackage:71&gt;main
[13:38:15] +err+ 5714: Could not load class edu.cmu.pact.jess.SomeUnknownFunction: java.lang.ClassNotFoundException: edu.cmu.pact.jess.SomeUnknownFunction &lt;edu.cmu.pact.jess.FunctionPackage:44&gt;main
[13:38:16] +err+ 5743: Error running suite() method in testCase null(edu.cmu.hcii.ctat.NodeCommTest):
  java.lang.NoSuchMethodException: edu.cmu.hcii.ctat.NodeCommTest.suite(); cause: null &lt;edu.GlobalTestSuiteManager:172&gt;main
java.lang.NoSuchMethodException: edu.cmu.hcii.ctat.NodeCommTest.suite()
	at java.lang.Class.getMethod(Class.java:1665)
	at edu.GlobalTestSuiteManager.getGlobalTestSuite(GlobalTestSuiteManager.java:164)
	at edu.GlobalTestSuiteTest.testGetTestSuite(GlobalTestSuiteTest.java:44)
	at sun.reflect.NativeMethodAccessorImpl.invoke0(Native Method)
	at sun.reflect.NativeMethodAccessorImpl.invoke(NativeMethodAccessorImpl.java:57)
	at sun.reflect.DelegatingMethodAccessorImpl.invoke(DelegatingMethodAccessorImpl.java:43)
	at java.lang.reflect.Method.invoke(Method.java:606)
	at junit.framework.TestCase.runTest(TestCase.java:154)
	at junit.framework.TestCase.runBare(TestCase.java:127)
	at junit.framework.TestResult$1.protect(TestResult.java:106)
	at junit.framework.TestResult.runProtected(TestResult.java:124)
	at junit.framework.TestResult.run(TestResult.java:109)
	at junit.framework.TestCase.run(TestCase.java:118)
	at junit.framework.TestSuite.runTest(TestSuite.java:208)
	at junit.framework.TestSuite.run(TestSuite.java:203)
	at org.apache.tools.ant.taskdefs.optional.junit.JUnitTestRunner.run(JUnitTestRunner.java:523)
	at org.apache.tools.ant.taskdefs.optional.junit.JUnitTestRunner.launch(JUnitTestRunner.java:1063)
	at org.apache.tools.ant.taskdefs.optional.junit.JUnitTestRunner.main(JUnitTestRunner.java:914)
deserializing from buffer CTATFunctionsParser.ser
Parser construction took 2 millis
[13:38:16] +err+ 5747: Could not instantiate class edu.cmu.pact.BehaviorRecorder.Controller.BR_ControllerTest:
  java.lang.IndexOutOfBoundsException: Index: 0, Size: 0; cause: null &lt;edu.GlobalTestSuiteManager:158&gt;main
java.lang.IndexOutOfBoundsException: Index: 0, Size: 0
	at java.util.ArrayList.rangeCheck(ArrayList.java:635)
	at java.util.ArrayList.get(ArrayList.java:411)
	at edu.cmu.pact.BehaviorRecorder.Tab.CTATTabManager.getTabByNumber(CTATTabManager.java:183)
	at edu.cmu.pact.BehaviorRecorder.Tab.CTATTabManager.setTabVisibility(CTATTabManager.java:272)
	at edu.cmu.pact.BehaviorRecorder.Controller.CTAT_Launcher.&lt;init&gt;(CTAT_Launcher.java:129)
	at edu.cmu.pact.BehaviorRecorder.Controller.CTAT_Launcher.&lt;init&gt;(CTAT_Launcher.java:84)
	at edu.cmu.pact.BehaviorRecorder.Controller.BR_ControllerTest.&lt;init&gt;(BR_ControllerTest.java:18)
	at sun.reflect.NativeConstructorAccessorImpl.newInstance0(Native Method)
	at sun.reflect.NativeConstructorAccessorImpl.newInstance(NativeConstructorAccessorImpl.java:57)
	at sun.reflect.DelegatingConstructorAccessorImpl.newInstance(DelegatingConstructorAccessorImpl.java:45)
	at java.lang.reflect.Constructor.newInstance(Constructor.java:526)
	at java.lang.Class.newInstance(Class.java:374)
	at edu.GlobalTestSuiteManager.getGlobalTestSuite(GlobalTestSuiteManager.java:150)
	at edu.GlobalTestSuiteTest.testGetTestSuite(GlobalTestSuiteTest.java:44)
	at sun.reflect.NativeMethodAccessorImpl.invoke0(Native Method)
	at sun.reflect.NativeMethodAccessorImpl.invoke(NativeMethodAccessorImpl.java:57)
	at sun.reflect.DelegatingMethodAccessorImpl.invoke(DelegatingMethodAccessorImpl.java:43)
	at java.lang.reflect.Method.invoke(Method.java:606)
	at junit.framework.TestCase.runTest(TestCase.java:154)
	at junit.framework.TestCase.runBare(TestCase.java:127)
	at junit.framework.TestResult$1.protect(TestResult.java:106)
	at junit.framework.TestResult.runProtected(TestResult.java:124)
	at junit.framework.TestResult.run(TestResult.java:109)
	at junit.framework.TestCase.run(TestCase.java:118)
	at junit.framework.TestSuite.runTest(TestSuite.java:208)
	at junit.framework.TestSuite.run(TestSuite.java:203)
	at org.apache.tools.ant.taskdefs.optional.junit.JUnitTestRunner.run(JUnitTestRunner.java:523)
	at org.apache.tools.ant.taskdefs.optional.junit.JUnitTestRunner.launch(JUnitTestRunner.java:1063)
	at org.apache.tools.ant.taskdefs.optional.junit.JUnitTestRunner.main(JUnitTestRunner.java:914)
[13:38:16] +err+ 5748: Could not instantiate class edu.cmu.pact.BehaviorRecorder.Controller.JavaExampleTracerTest:
  java.lang.InstantiationException: edu.cmu.pact.BehaviorRecorder.Controller.JavaExampleTracerTest; cause: null &lt;edu.GlobalTestSuiteManager:158&gt;main
java.lang.InstantiationException: edu.cmu.pact.BehaviorRecorder.Controller.JavaExampleTracerTest
	at java.lang.Class.newInstance(Class.java:359)
	at edu.GlobalTestSuiteManager.getGlobalTestSuite(GlobalTestSuiteManager.java:150)
	at edu.GlobalTestSuiteTest.testGetTestSuite(GlobalTestSuiteTest.java:44)
	at sun.reflect.NativeMethodAccessorImpl.invoke0(Native Method)
	at sun.reflect.NativeMethodAccessorImpl.invoke(NativeMethodAccessorImpl.java:57)
	at sun.reflect.DelegatingMethodAccessorImpl.invoke(DelegatingMethodAccessorImpl.java:43)
	at java.lang.reflect.Method.invoke(Method.java:606)
	at junit.framework.TestCase.runTest(TestCase.java:154)
	at junit.framework.TestCase.runBare(TestCase.java:127)
	at junit.framework.TestResult$1.protect(TestResult.java:106)
	at junit.framework.TestResult.runProtected(TestResult.java:124)
	at junit.framework.TestResult.run(TestResult.java:109)
	at junit.framework.TestCase.run(TestCase.java:118)
	at junit.framework.TestSuite.runTest(TestSuite.java:208)
	at junit.framework.TestSuite.run(TestSuite.java:203)
	at org.apache.tools.ant.taskdefs.optional.junit.JUnitTestRunner.run(JUnitTestRunner.java:523)
	at org.apache.tools.ant.taskdefs.optional.junit.JUnitTestRunner.launch(JUnitTestRunner.java:1063)
	at org.apache.tools.ant.taskdefs.optional.junit.JUnitTestRunner.main(JUnitTestRunner.java:914)
[13:38:16] +err+ 5749: Error running suite() method in testCase null(edu.cmu.pact.Log.LogDifferences.ColumnTest):
  java.lang.NoSuchMethodException: edu.cmu.pact.Log.LogDifferences.ColumnTest.suite(); cause: null &lt;edu.GlobalTestSuiteManager:172&gt;main
java.lang.NoSuchMethodException: edu.cmu.pact.Log.LogDifferences.ColumnTest.suite()
	at java.lang.Class.getMethod(Class.java:1665)
	at edu.GlobalTestSuiteManager.getGlobalTestSuite(GlobalTestSuiteManager.java:164)
	at edu.GlobalTestSuiteTest.testGetTestSuite(GlobalTestSuiteTest.java:44)
	at sun.reflect.NativeMethodAccessorImpl.invoke0(Native Method)
	at sun.reflect.NativeMethodAccessorImpl.invoke(NativeMethodAccessorImpl.java:57)
	at sun.reflect.DelegatingMethodAccessorImpl.invoke(DelegatingMethodAccessorImpl.java:43)
	at java.lang.reflect.Method.invoke(Method.java:606)
	at junit.framework.TestCase.runTest(TestCase.java:154)
	at junit.framework.TestCase.runBare(TestCase.java:127)
	at junit.framework.TestResult$1.protect(TestResult.java:106)
	at junit.framework.TestResult.runProtected(TestResult.java:124)
	at junit.framework.TestResult.run(TestResult.java:109)
	at junit.framework.TestCase.run(TestCase.java:118)
	at junit.framework.TestSuite.runTest(TestSuite.java:208)
	at junit.framework.TestSuite.run(TestSuite.java:203)
	at org.apache.tools.ant.taskdefs.optional.junit.JUnitTestRunner.run(JUnitTestRunner.java:523)
	at org.apache.tools.ant.taskdefs.optional.junit.JUnitTestRunner.launch(JUnitTestRunner.java:1063)
	at org.apache.tools.ant.taskdefs.optional.junit.JUnitTestRunner.main(JUnitTestRunner.java:914)
[13:38:16] +err+ 5750: Error running suite() method in testCase null(edu.cmu.pact.Log.LogDifferences.ContentCellTest):
  java.lang.NoSuchMethodException: edu.cmu.pact.Log.LogDifferences.ContentCellTest.suite(); cause: null &lt;edu.GlobalTestSuiteManager:172&gt;main
java.lang.NoSuchMethodException: edu.cmu.pact.Log.LogDifferences.ContentCellTest.suite()
	at java.lang.Class.getMethod(Class.java:1665)
	at edu.GlobalTestSuiteManager.getGlobalTestSuite(GlobalTestSuiteManager.java:164)
	at edu.GlobalTestSuiteTest.testGetTestSuite(GlobalTestSuiteTest.java:44)
	at sun.reflect.NativeMethodAccessorImpl.invoke0(Native Method)
	at sun.reflect.NativeMethodAccessorImpl.invoke(NativeMethodAccessorImpl.java:57)
	at sun.reflect.DelegatingMethodAccessorImpl.invoke(DelegatingMethodAccessorImpl.java:43)
	at java.lang.reflect.Method.invoke(Method.java:606)
	at junit.framework.TestCase.runTest(TestCase.java:154)
	at junit.framework.TestCase.runBare(TestCase.java:127)
	at junit.framework.TestResult$1.protect(TestResult.java:106)
	at junit.framework.TestResult.runProtected(TestResult.java:124)
	at junit.framework.TestResult.run(TestResult.java:109)
	at junit.framework.TestCase.run(TestCase.java:118)
	at junit.framework.TestSuite.runTest(TestSuite.java:208)
	at junit.framework.TestSuite.run(TestSuite.java:203)
	at org.apache.tools.ant.taskdefs.optional.junit.JUnitTestRunner.run(JUnitTestRunner.java:523)
	at org.apache.tools.ant.taskdefs.optional.junit.JUnitTestRunner.launch(JUnitTestRunner.java:1063)
	at org.apache.tools.ant.taskdefs.optional.junit.JUnitTestRunner.main(JUnitTestRunner.java:914)
[13:38:16] +err+ 5751: Error running suite() method in testCase null(edu.cmu.pact.Log.LogDifferences.ContentNullTest):
  java.lang.NoSuchMethodException: edu.cmu.pact.Log.LogDifferences.ContentNullTest.suite(); cause: null &lt;edu.GlobalTestSuiteManager:172&gt;main
java.lang.NoSuchMethodException: edu.cmu.pact.Log.LogDifferences.ContentNullTest.suite()
	at java.lang.Class.getMethod(Class.java:1665)
	at edu.GlobalTestSuiteManager.getGlobalTestSuite(GlobalTestSuiteManager.java:164)
	at edu.GlobalTestSuiteTest.testGetTestSuite(GlobalTestSuiteTest.java:44)
	at sun.reflect.NativeMethodAccessorImpl.invoke0(Native Method)
	at sun.reflect.NativeMethodAccessorImpl.invoke(NativeMethodAccessorImpl.java:57)
	at sun.reflect.DelegatingMethodAccessorImpl.invoke(DelegatingMethodAccessorImpl.java:43)
	at java.lang.reflect.Method.invoke(Method.java:606)
	at junit.framework.TestCase.runTest(TestCase.java:154)
	at junit.framework.TestCase.runBare(TestCase.java:127)
	at junit.framework.TestResult$1.protect(TestResult.java:106)
	at junit.framework.TestResult.runProtected(TestResult.java:124)
	at junit.framework.TestResult.run(TestResult.java:109)
	at junit.framework.TestCase.run(TestCase.java:118)
	at junit.framework.TestSuite.runTest(TestSuite.java:208)
	at junit.framework.TestSuite.run(TestSuite.java:203)
	at org.apache.tools.ant.taskdefs.optional.junit.JUnitTestRunner.run(JUnitTestRunner.java:523)
	at org.apache.tools.ant.taskdefs.optional.junit.JUnitTestRunner.launch(JUnitTestRunner.java:1063)
	at org.apache.tools.ant.taskdefs.optional.junit.JUnitTestRunner.main(JUnitTestRunner.java:914)
[13:38:16] +err+ 5752: Error running suite() method in testCase null(edu.cmu.pact.Log.LogDifferences.ContentTest):
  java.lang.NoSuchMethodException: edu.cmu.pact.Log.LogDifferences.ContentTest.suite(); cause: null &lt;edu.GlobalTestSuiteManager:172&gt;main
java.lang.NoSuchMethodException: edu.cmu.pact.Log.LogDifferences.ContentTest.suite()
	at java.lang.Class.getMethod(Class.java:1665)
	at edu.GlobalTestSuiteManager.getGlobalTestSuite(GlobalTestSuiteManager.java:164)
	at edu.GlobalTestSuiteTest.testGetTestSuite(GlobalTestSuiteTest.java:44)
	at sun.reflect.NativeMethodAccessorImpl.invoke0(Native Method)
	at sun.reflect.NativeMethodAccessorImpl.invoke(NativeMethodAccessorImpl.java:57)
	at sun.reflect.DelegatingMethodAccessorImpl.invoke(DelegatingMethodAccessorImpl.java:43)
	at java.lang.reflect.Method.invoke(Method.java:606)
	at junit.framework.TestCase.runTest(TestCase.java:154)
	at junit.framework.TestCase.runBare(TestCase.java:127)
	at junit.framework.TestResult$1.protect(TestResult.java:106)
	at junit.framework.TestResult.runProtected(TestResult.java:124)
	at junit.framework.TestResult.run(TestResult.java:109)
	at junit.framework.TestCase.run(TestCase.java:118)
	at junit.framework.TestSuite.runTest(TestSuite.java:208)
	at junit.framework.TestSuite.run(TestSuite.java:203)
	at org.apache.tools.ant.taskdefs.optional.junit.JUnitTestRunner.run(JUnitTestRunner.java:523)
	at org.apache.tools.ant.taskdefs.optional.junit.JUnitTestRunner.launch(JUnitTestRunner.java:1063)
	at org.apache.tools.ant.taskdefs.optional.junit.JUnitTestRunner.main(JUnitTestRunner.java:914)
[13:38:16] +err+ 5753: Could not instantiate class edu.cmu.pact.Log.LogDifferences.TutorMessageContentsTest:
  java.lang.NullPointerException; cause: null &lt;edu.GlobalTestSuiteManager:158&gt;main
java.lang.NullPointerException
	at edu.cmu.pact.Log.DataShopMessageObject.&lt;init&gt;(DataShopMessageObject.java:151)
	at edu.cmu.pact.Log.LogDifferences.TutorMessageContentsTest.createTutorActionLogFromXML(TutorMessageContentsTest.java:188)
	at edu.cmu.pact.Log.LogDifferences.TutorMessageContentsTest.stringToTutorActionLog(TutorMessageContentsTest.java:162)
	at edu.cmu.pact.Log.LogDifferences.TutorMessageContentsTest.&lt;init&gt;(TutorMessageContentsTest.java:32)
	at sun.reflect.NativeConstructorAccessorImpl.newInstance0(Native Method)
	at sun.reflect.NativeConstructorAccessorImpl.newInstance(NativeConstructorAccessorImpl.java:57)
	at sun.reflect.DelegatingConstructorAccessorImpl.newInstance(DelegatingConstructorAccessorImpl.java:45)
	at java.lang.reflect.Constructor.newInstance(Constructor.java:526)
	at java.lang.Class.newInstance(Class.java:374)
	at edu.GlobalTestSuiteManager.getGlobalTestSuite(GlobalTestSuiteManager.java:150)
	at edu.GlobalTestSuiteTest.testGetTestSuite(GlobalTestSuiteTest.java:44)
	at sun.reflect.NativeMethodAccessorImpl.invoke0(Native Method)
	at sun.reflect.NativeMethodAccessorImpl.invoke(NativeMethodAccessorImpl.java:57)
	at sun.reflect.DelegatingMethodAccessorImpl.invoke(DelegatingMethodAccessorImpl.java:43)
	at java.lang.reflect.Method.invoke(Method.java:606)
	at junit.framework.TestCase.runTest(TestCase.java:154)
	at junit.framework.TestCase.runBare(TestCase.java:127)
	at junit.framework.TestResult$1.protect(TestResult.java:106)
	at junit.framework.TestResult.runProtected(TestResult.java:124)
	at junit.framework.TestResult.run(TestResult.java:109)
	at junit.framework.TestCase.run(TestCase.java:118)
	at junit.framework.TestSuite.runTest(TestSuite.java:208)
	at junit.framework.TestSuite.run(TestSuite.java:203)
	at org.apache.tools.ant.taskdefs.optional.junit.JUnitTestRunner.run(JUnitTestRunner.java:523)
	at org.apache.tools.ant.taskdefs.optional.junit.JUnitTestRunner.launch(JUnitTestRunner.java:1063)
	at org.apache.tools.ant.taskdefs.optional.junit.JUnitTestRunner.main(JUnitTestRunner.java:914)
[13:38:16] +err+ 5754: Error running suite() method in testCase null(edu.cmu.pact.SocketProxy.HTTPToolProxyTest):
  java.lang.NoSuchMethodException: edu.cmu.pact.SocketProxy.HTTPToolProxyTest.suite(); cause: null &lt;edu.GlobalTestSuiteManager:172&gt;main
java.lang.NoSuchMethodException: edu.cmu.pact.SocketProxy.HTTPToolProxyTest.suite()
	at java.lang.Class.getMethod(Class.java:1665)
	at edu.GlobalTestSuiteManager.getGlobalTestSuite(GlobalTestSuiteManager.java:164)
	at edu.GlobalTestSuiteTest.testGetTestSuite(GlobalTestSuiteTest.java:44)
	at sun.reflect.NativeMethodAccessorImpl.invoke0(Native Method)
	at sun.reflect.NativeMethodAccessorImpl.invoke(NativeMethodAccessorImpl.java:57)
	at sun.reflect.DelegatingMethodAccessorImpl.invoke(DelegatingMethodAccessorImpl.java:43)
	at java.lang.reflect.Method.invoke(Method.java:606)
	at junit.framework.TestCase.runTest(TestCase.java:154)
	at junit.framework.TestCase.runBare(TestCase.java:127)
	at junit.framework.TestResult$1.protect(TestResult.java:106)
	at junit.framework.TestResult.runProtected(TestResult.java:124)
	at junit.framework.TestResult.run(TestResult.java:109)
	at junit.framework.TestCase.run(TestCase.java:118)
	at junit.framework.TestSuite.runTest(TestSuite.java:208)
	at junit.framework.TestSuite.run(TestSuite.java:203)
	at org.apache.tools.ant.taskdefs.optional.junit.JUnitTestRunner.run(JUnitTestRunner.java:523)
	at org.apache.tools.ant.taskdefs.optional.junit.JUnitTestRunner.launch(JUnitTestRunner.java:1063)
	at org.apache.tools.ant.taskdefs.optional.junit.JUnitTestRunner.main(JUnitTestRunner.java:914)
deserializing from buffer CTATFunctionsParser.ser
Parser construction took 1 millis
[13:38:16] +err+ 5758: Could not instantiate class edu.cmu.pact.jess.GoToWMMessgHandlerTest:
  java.lang.IndexOutOfBoundsException: Index: 0, Size: 0; cause: null &lt;edu.GlobalTestSuiteManager:158&gt;main
java.lang.IndexOutOfBoundsException: Index: 0, Size: 0
	at java.util.ArrayList.rangeCheck(ArrayList.java:635)
	at java.util.ArrayList.get(ArrayList.java:411)
	at edu.cmu.pact.BehaviorRecorder.Tab.CTATTabManager.getTabByNumber(CTATTabManager.java:183)
	at edu.cmu.pact.BehaviorRecorder.Tab.CTATTabManager.setTabVisibility(CTATTabManager.java:272)
	at edu.cmu.pact.BehaviorRecorder.Controller.CTAT_Launcher.&lt;init&gt;(CTAT_Launcher.java:129)
	at edu.cmu.pact.BehaviorRecorder.Controller.CTAT_Launcher.&lt;init&gt;(CTAT_Launcher.java:84)
	at edu.cmu.pact.jess.GoToWMMessgHandlerTest.&lt;init&gt;(GoToWMMessgHandlerTest.java:79)
	at sun.reflect.NativeConstructorAccessorImpl.newInstance0(Native Method)
	at sun.reflect.NativeConstructorAccessorImpl.newInstance(NativeConstructorAccessorImpl.java:57)
	at sun.reflect.DelegatingConstructorAccessorImpl.newInstance(DelegatingConstructorAccessorImpl.java:45)
	at java.lang.reflect.Constructor.newInstance(Constructor.java:526)
	at java.lang.Class.newInstance(Class.java:374)
	at edu.GlobalTestSuiteManager.getGlobalTestSuite(GlobalTestSuiteManager.java:150)
	at edu.GlobalTestSuiteTest.testGetTestSuite(GlobalTestSuiteTest.java:44)
	at sun.reflect.NativeMethodAccessorImpl.invoke0(Native Method)
	at sun.reflect.NativeMethodAccessorImpl.invoke(NativeMethodAccessorImpl.java:57)
	at sun.reflect.DelegatingMethodAccessorImpl.invoke(DelegatingMethodAccessorImpl.java:43)
	at java.lang.reflect.Method.invoke(Method.java:606)
	at junit.framework.TestCase.runTest(TestCase.java:154)
	at junit.framework.TestCase.runBare(TestCase.java:127)
	at junit.framework.TestResult$1.protect(TestResult.java:106)
	at junit.framework.TestResult.runProtected(TestResult.java:124)
	at junit.framework.TestResult.run(TestResult.java:109)
	at junit.framework.TestCase.run(TestCase.java:118)
	at junit.framework.TestSuite.runTest(TestSuite.java:208)
	at junit.framework.TestSuite.run(TestSuite.java:203)
	at org.apache.tools.ant.taskdefs.optional.junit.JUnitTestRunner.run(JUnitTestRunner.java:523)
	at org.apache.tools.ant.taskdefs.optional.junit.JUnitTestRunner.launch(JUnitTestRunner.java:1063)
	at org.apache.tools.ant.taskdefs.optional.junit.JUnitTestRunner.main(JUnitTestRunner.java:914)
[13:38:16] +err+ 6073: Error opening test/edu/cmu/pact/BehaviorRecorder/ProblemModel/Graph/startStateVariablesGraph.brd or reading as URL: java.net.MalformedURLException: no protocol: test/edu/cmu/pact/BehaviorRecorder/ProblemModel/Graph/startStateVariablesGraph.brd; cause null &lt;edu.cmu.pact.BehaviorRecorder.ProblemModel.ProblemStateReader:161&gt;main
[13:38:16] +err+ 6074: Error on getFileAsResource(null) or getCanonicalPath(): java.lang.NullPointerException; cause null &lt;edu.cmu.pact.BehaviorRecorder.ProblemModel.ProblemStateReader:168&gt;main
[13:38:17] +err+ 6103: Error opening test/edu/cmu/pact/BehaviorRecorder/ProblemModel/Graph/startStateVariablesGraph.brd or reading as URL: java.net.MalformedURLException: no protocol: test/edu/cmu/pact/BehaviorRecorder/ProblemModel/Graph/startStateVariablesGraph.brd; cause null &lt;edu.cmu.pact.BehaviorRecorder.ProblemModel.ProblemStateReader:161&gt;main
[13:38:17] +err+ 6104: Error on getFileAsResource(null) or getCanonicalPath(): java.lang.NullPointerException; cause null &lt;edu.cmu.pact.BehaviorRecorder.ProblemModel.ProblemStateReader:168&gt;main
deserializing from buffer CTATFunctionsParser.ser
Parser construction took 2 millis
deserializing from buffer CTATFunctionsParser.ser
Parser construction took 1 millis
Exception in thread "AWT-EventQueue-0" java.lang.NullPointerException
	at edu.cmu.pact.BehaviorRecorder.ProblemModel.JDomReaderTest$1.run(JDomReaderTest.java:59)
	at java.awt.event.InvocationEvent.dispatch(InvocationEvent.java:251)
	at java.awt.EventQueue.dispatchEventImpl(EventQueue.java:733)
	at java.awt.EventQueue.access$200(EventQueue.java:103)
	at java.awt.EventQueue$3.run(EventQueue.java:694)
	at java.awt.EventQueue$3.run(EventQueue.java:692)
	at java.security.AccessController.doPrivileged(Native Method)
	at java.security.ProtectionDomain$1.doIntersectionPrivilege(ProtectionDomain.java:76)
	at java.awt.EventQueue.dispatchEvent(EventQueue.java:703)
	at java.awt.EventDispatchThread.pumpOneEventForFilters(EventDispatchThread.java:242)
	at java.awt.EventDispatchThread.pumpEventsForFilter(EventDispatchThread.java:161)
	at java.awt.EventDispatchThread.pumpEventsForHierarchy(EventDispatchThread.java:150)
	at java.awt.EventDispatchThread.pumpEvents(EventDispatchThread.java:146)
	at java.awt.EventDispatchThread.pumpEvents(EventDispatchThread.java:138)
	at java.awt.EventDispatchThread.run(EventDispatchThread.java:91)
[13:38:18] +err+ 6327: MT.loadInterfaceTemplates(): interfaceTemplatesList is null &lt;edu.cmu.pact.jess.MTRete:1251&gt;main
deserializing from buffer CTATFunctionsParser.ser
Parser construction took 2 millis
INFO: Mixed parser and lexer specification, 25 lexer rules, 11 parser rules.
[13:38:31] +err+ 15623: Error opening test/edu/cmu/pact/BehaviorRecorder/ProblemModel/Graph/groupsAndStartStateVariablesGraph.brd or reading as URL: java.net.MalformedURLException: no protocol: test/edu/cmu/pact/BehaviorRecorder/ProblemModel/Graph/groupsAndStartStateVariablesGraph.brd; cause null &lt;edu.cmu.pact.BehaviorRecorder.ProblemModel.ProblemStateReader:161&gt;main
[13:38:31] +err+ 15624: Error on getFileAsResource(null) or getCanonicalPath(): java.lang.NullPointerException; cause null &lt;edu.cmu.pact.BehaviorRecorder.ProblemModel.ProblemStateReader:168&gt;main
deserializing from buffer CTATExpressionSemanticParser.ser
Parser construction took 1 millis
deserializing from buffer CTATExpressionSemanticParser.ser
Parser construction took 1 millis
java.lang.NullPointerException
	at edu.cmu.pact.BehaviorRecorder.ExpressionMatcher.ExpressionSyntaxNode.generateExpressionTree(ExpressionSyntaxNode.java:36)
	at edu.cmu.pact.BehaviorRecorder.ExpressionMatcher.CTATExpressionSemantic.generateExpressionTree(CTATExpressionSemantic.java:180)
	at edu.cmu.pact.BehaviorRecorder.ExpressionMatcher.CTATExpressionParser.stringToExpressionTreeNode(CTATExpressionParser.java:37)
	at edu.cmu.pact.BehaviorRecorder.ProblemModel.Matcher.ExpressionMatcherTest.isInvalidAlg(ExpressionMatcherTest.java:252)
	at edu.cmu.pact.BehaviorRecorder.ProblemModel.Matcher.ExpressionMatcherTest.testNewExpressionMatcherAll(ExpressionMatcherTest.java:86)
	at sun.reflect.NativeMethodAccessorImpl.invoke0(Native Method)
	at sun.reflect.NativeMethodAccessorImpl.invoke(NativeMethodAccessorImpl.java:57)
	at sun.reflect.DelegatingMethodAccessorImpl.invoke(DelegatingMethodAccessorImpl.java:43)
	at java.lang.reflect.Method.invoke(Method.java:606)
	at junit.framework.TestCase.runTest(TestCase.java:154)
	at junit.framework.TestCase.runBare(TestCase.java:127)
	at junit.framework.TestResult$1.protect(TestResult.java:106)
	at junit.framework.TestResult.runProtected(TestResult.java:124)
	at junit.framework.TestResult.run(TestResult.java:109)
	at junit.framework.TestCase.run(TestCase.java:118)
	at junit.framework.TestSuite.runTest(TestSuite.java:208)
	at junit.framework.TestSuite.run(TestSuite.java:203)
	at org.apache.tools.ant.taskdefs.optional.junit.JUnitTestRunner.run(JUnitTestRunner.java:523)
	at org.apache.tools.ant.taskdefs.optional.junit.JUnitTestRunner.launch(JUnitTestRunner.java:1063)
	at org.apache.tools.ant.taskdefs.optional.junit.JUnitTestRunner.main(JUnitTestRunner.java:914)
java.lang.NullPointerException
	at edu.cmu.pact.BehaviorRecorder.ExpressionMatcher.ExpressionSyntaxNode.generateExpressionTree(ExpressionSyntaxNode.java:36)
	at edu.cmu.pact.BehaviorRecorder.ExpressionMatcher.CTATExpressionSemantic.generateExpressionTree(CTATExpressionSemantic.java:180)
	at edu.cmu.pact.BehaviorRecorder.ExpressionMatcher.CTATExpressionParser.stringToExpressionTreeNode(CTATExpressionParser.java:37)
	at edu.cmu.pact.BehaviorRecorder.ProblemModel.Matcher.ExpressionMatcherTest.isInvalidAlg(ExpressionMatcherTest.java:252)
	at edu.cmu.pact.BehaviorRecorder.ProblemModel.Matcher.ExpressionMatcherTest.testNewExpressionMatcherAll(ExpressionMatcherTest.java:87)
	at sun.reflect.NativeMethodAccessorImpl.invoke0(Native Method)
	at sun.reflect.NativeMethodAccessorImpl.invoke(NativeMethodAccessorImpl.java:57)
	at sun.reflect.DelegatingMethodAccessorImpl.invoke(DelegatingMethodAccessorImpl.java:43)
	at java.lang.reflect.Method.invoke(Method.java:606)
	at junit.framework.TestCase.runTest(TestCase.java:154)
	at junit.framework.TestCase.runBare(TestCase.java:127)
	at junit.framework.TestResult$1.protect(TestResult.java:106)
	at junit.framework.TestResult.runProtected(TestResult.java:124)
	at junit.framework.TestResult.run(TestResult.java:109)
	at junit.framework.TestCase.run(TestCase.java:118)
	at junit.framework.TestSuite.runTest(TestSuite.java:208)
	at junit.framework.TestSuite.run(TestSuite.java:203)
	at org.apache.tools.ant.taskdefs.optional.junit.JUnitTestRunner.run(JUnitTestRunner.java:523)
	at org.apache.tools.ant.taskdefs.optional.junit.JUnitTestRunner.launch(JUnitTestRunner.java:1063)
	at org.apache.tools.ant.taskdefs.optional.junit.JUnitTestRunner.main(JUnitTestRunner.java:914)
java.lang.NullPointerException
	at edu.cmu.pact.BehaviorRecorder.ExpressionMatcher.ExpressionSyntaxNode.generateExpressionTree(ExpressionSyntaxNode.java:36)
	at edu.cmu.pact.BehaviorRecorder.ExpressionMatcher.CTATExpressionSemantic.generateExpressionTree(CTATExpressionSemantic.java:180)
	at edu.cmu.pact.BehaviorRecorder.ExpressionMatcher.CTATExpressionParser.stringToExpressionTreeNode(CTATExpressionParser.java:37)
	at edu.cmu.pact.BehaviorRecorder.ProblemModel.Matcher.ExpressionMatcherTest.isInvalidAlg(ExpressionMatcherTest.java:252)
	at edu.cmu.pact.BehaviorRecorder.ProblemModel.Matcher.ExpressionMatcherTest.testNewExpressionMatcherAll(ExpressionMatcherTest.java:88)
	at sun.reflect.NativeMethodAccessorImpl.invoke0(Native Method)
	at sun.reflect.NativeMethodAccessorImpl.invoke(NativeMethodAccessorImpl.java:57)
	at sun.reflect.DelegatingMethodAccessorImpl.invoke(DelegatingMethodAccessorImpl.java:43)
	at java.lang.reflect.Method.invoke(Method.java:606)
	at junit.framework.TestCase.runTest(TestCase.java:154)
	at junit.framework.TestCase.runBare(TestCase.java:127)
	at junit.framework.TestResult$1.protect(TestResult.java:106)
	at junit.framework.TestResult.runProtected(TestResult.java:124)
	at junit.framework.TestResult.run(TestResult.java:109)
	at junit.framework.TestCase.run(TestCase.java:118)
	at junit.framework.TestSuite.runTest(TestSuite.java:208)
	at junit.framework.TestSuite.run(TestSuite.java:203)
	at org.apache.tools.ant.taskdefs.optional.junit.JUnitTestRunner.run(JUnitTestRunner.java:523)
	at org.apache.tools.ant.taskdefs.optional.junit.JUnitTestRunner.launch(JUnitTestRunner.java:1063)
	at org.apache.tools.ant.taskdefs.optional.junit.JUnitTestRunner.main(JUnitTestRunner.java:914)
deserializing from buffer CTATFunctionsParser.ser
Parser construction took 2 millis
deserializing from buffer CTATExpressionSemanticParser.ser
Parser construction took 1 millis
deserializing from buffer CTATExpressionSemanticParser.ser
Parser construction took 2 millis
deserializing from buffer CTATExpressionSemanticParser.ser
Parser construction took 1 millis
deserializing from buffer CTATExpressionSemanticParser.ser
Parser construction took 1 millis
deserializing from buffer CTATFunctionsParser.ser
Parser construction took 1 millis
deserializing from buffer CTATExpressionSemanticParser.ser
Parser construction took 1 millis
deserializing from buffer CTATExpressionSemanticParser.ser
Parser construction took 1 millis
deserializing from buffer CTATExpressionSemanticParser.ser
Parser construction took 1 millis
deserializing from buffer CTATExpressionSemanticParser.ser
Parser construction took 1 millis
[13:38:32] +err+ 16006: Error opening test/solverNotAutoSimplify.brd or reading as URL: java.net.MalformedURLException: no protocol: test/solverNotAutoSimplify.brd; cause null &lt;edu.cmu.pact.BehaviorRecorder.ProblemModel.ProblemStateReader:161&gt;main
[13:38:32] +err+ 16007: Error on getFileAsResource(null) or getCanonicalPath(): java.lang.NullPointerException; cause null &lt;edu.cmu.pact.BehaviorRecorder.ProblemModel.ProblemStateReader:168&gt;main
[13:38:32] +err+ 16087: bad pKnown: java.lang.NumberFormatException: For input string: "c,_negative Solver" &lt;edu.cmu.pact.ctat.model.Skill:519&gt;main
[13:38:32] +err+ 16128: bad pKnown: java.lang.NumberFormatException: For input string: "c,_negative Solver" &lt;edu.cmu.pact.ctat.model.Skill:519&gt;main
deserializing from buffer CTATFunctionsParser.ser
Parser construction took 1 millis
deserializing from buffer CTATFunctionsParser.ser
Parser construction took 1 millis
deserializing from buffer CTATFunctionsParser.ser
Parser construction took 1 millis
Exception in thread "AWT-EventQueue-0" java.lang.ArrayIndexOutOfBoundsException: 2 &gt;= 0
	at java.util.Vector.elementAt(Vector.java:470)
	at javax.swing.tree.DefaultMutableTreeNode.getChildAt(DefaultMutableTreeNode.java:243)
	at javax.swing.tree.VariableHeightLayoutCache$VisibleTreeStateNodeEnumeration.nextElement(VariableHeightLayoutCache.java:1693)
	at javax.swing.tree.VariableHeightLayoutCache$VisibleTreeStateNodeEnumeration.nextElement(VariableHeightLayoutCache.java:1652)
	at javax.swing.plaf.basic.BasicTreeUI.paint(BasicTreeUI.java:1182)
	at com.apple.laf.AquaTreeUI.paint(AquaTreeUI.java:129)
	at javax.swing.plaf.ComponentUI.update(ComponentUI.java:161)
	at javax.swing.JComponent.paintComponent(JComponent.java:778)
	at javax.swing.JComponent.paint(JComponent.java:1054)
	at javax.swing.JComponent.paintToOffscreen(JComponent.java:5219)
	at javax.swing.RepaintManager$PaintManager.paintDoubleBuffered(RepaintManager.java:1529)
	at javax.swing.RepaintManager$PaintManager.paint(RepaintManager.java:1452)
	at javax.swing.RepaintManager.paint(RepaintManager.java:1249)
	at javax.swing.JComponent._paintImmediately(JComponent.java:5167)
	at javax.swing.JComponent.paintImmediately(JComponent.java:4978)
	at javax.swing.RepaintManager$3.run(RepaintManager.java:808)
	at javax.swing.RepaintManager$3.run(RepaintManager.java:796)
	at java.security.AccessController.doPrivileged(Native Method)
	at java.security.ProtectionDomain$1.doIntersectionPrivilege(ProtectionDomain.java:76)
	at javax.swing.RepaintManager.paintDirtyRegions(RepaintManager.java:796)
	at javax.swing.RepaintManager.paintDirtyRegions(RepaintManager.java:769)
	at javax.swing.RepaintManager.prePaintDirtyRegions(RepaintManager.java:718)
	at javax.swing.RepaintManager.access$1100(RepaintManager.java:62)
	at javax.swing.RepaintManager$ProcessingRunnable.run(RepaintManager.java:1677)
	at java.awt.event.InvocationEvent.dispatch(InvocationEvent.java:251)
	at java.awt.EventQueue.dispatchEventImpl(EventQueue.java:733)
	at java.awt.EventQueue.access$200(EventQueue.java:103)
	at java.awt.EventQueue$3.run(EventQueue.java:694)
	at java.awt.EventQueue$3.run(EventQueue.java:692)
	at java.security.AccessController.doPrivileged(Native Method)
	at java.security.ProtectionDomain$1.doIntersectionPrivilege(ProtectionDomain.java:76)
	at java.awt.EventQueue.dispatchEvent(EventQueue.java:703)
	at java.awt.EventDispatchThread.pumpOneEventForFilters(EventDispatchThread.java:242)
	at java.awt.EventDispatchThread.pumpEventsForFilter(EventDispatchThread.java:161)
	at java.awt.EventDispatchThread.pumpEventsForHierarchy(EventDispatchThread.java:150)
	at java.awt.EventDispatchThread.pumpEvents(EventDispatchThread.java:146)
	at java.awt.EventDispatchThread.pumpEvents(EventDispatchThread.java:138)
	at java.awt.EventDispatchThread.run(EventDispatchThread.java:91)
Exception in thread "AWT-EventQueue-0" java.lang.ArrayIndexOutOfBoundsException: 2 &gt;= 0
	at java.util.Vector.elementAt(Vector.java:470)
	at javax.swing.tree.DefaultMutableTreeNode.getChildAt(DefaultMutableTreeNode.java:243)
	at javax.swing.tree.VariableHeightLayoutCache$VisibleTreeStateNodeEnumeration.nextElement(VariableHeightLayoutCache.java:1693)
	at javax.swing.tree.VariableHeightLayoutCache$VisibleTreeStateNodeEnumeration.nextElement(VariableHeightLayoutCache.java:1652)
	at javax.swing.plaf.basic.BasicTreeUI.paint(BasicTreeUI.java:1182)
	at com.apple.laf.AquaTreeUI.paint(AquaTreeUI.java:129)
	at javax.swing.plaf.ComponentUI.update(ComponentUI.java:161)
	at javax.swing.JComponent.paintComponent(JComponent.java:778)
	at javax.swing.JComponent.paint(JComponent.java:1054)
	at javax.swing.JComponent.paintChildren(JComponent.java:887)
	at javax.swing.JComponent.paint(JComponent.java:1063)
	at javax.swing.JViewport.paint(JViewport.java:731)
	at javax.swing.JComponent.paintChildren(JComponent.java:887)
	at javax.swing.JComponent.paint(JComponent.java:1063)
	at javax.swing.JComponent.paintToOffscreen(JComponent.java:5219)
	at javax.swing.RepaintManager$PaintManager.paintDoubleBuffered(RepaintManager.java:1529)
	at javax.swing.RepaintManager$PaintManager.paint(RepaintManager.java:1452)
	at javax.swing.RepaintManager.paint(RepaintManager.java:1249)
	at javax.swing.JComponent._paintImmediately(JComponent.java:5167)
	at javax.swing.JComponent.paintImmediately(JComponent.java:4978)
	at javax.swing.RepaintManager$3.run(RepaintManager.java:808)
	at javax.swing.RepaintManager$3.run(RepaintManager.java:796)
	at java.security.AccessController.doPrivileged(Native Method)
	at java.security.ProtectionDomain$1.doIntersectionPrivilege(ProtectionDomain.java:76)
	at javax.swing.RepaintManager.paintDirtyRegions(RepaintManager.java:796)
	at javax.swing.RepaintManager.paintDirtyRegions(RepaintManager.java:769)
	at javax.swing.RepaintManager.prePaintDirtyRegions(RepaintManager.java:718)
	at javax.swing.RepaintManager.access$1100(RepaintManager.java:62)
	at javax.swing.RepaintManager$ProcessingRunnable.run(RepaintManager.java:1677)
	at java.awt.event.InvocationEvent.dispatch(InvocationEvent.java:251)
	at java.awt.EventQueue.dispatchEventImpl(EventQueue.java:733)
	at java.awt.EventQueue.access$200(EventQueue.java:103)
	at java.awt.EventQueue$3.run(EventQueue.java:694)
	at java.awt.EventQueue$3.run(EventQueue.java:692)
	at java.security.AccessController.doPrivileged(Native Method)
	at java.security.ProtectionDomain$1.doIntersectionPrivilege(ProtectionDomain.java:76)
	at java.awt.EventQueue.dispatchEvent(EventQueue.java:703)
	at java.awt.EventDispatchThread.pumpOneEventForFilters(EventDispatchThread.java:242)
	at java.awt.EventDispatchThread.pumpEventsForFilter(EventDispatchThread.java:161)
	at java.awt.EventDispatchThread.pumpEventsForHierarchy(EventDispatchThread.java:150)
	at java.awt.EventDispatchThread.pumpEvents(EventDispatchThread.java:146)
	at java.awt.EventDispatchThread.pumpEvents(EventDispatchThread.java:138)
	at java.awt.EventDispatchThread.run(EventDispatchThread.java:91)
java.io.FileNotFoundException: wmeStructure.txt (No such file or directory)
	at java.io.FileInputStream.open(Native Method)
	at java.io.FileInputStream.&lt;init&gt;(FileInputStream.java:146)
	at java.io.FileReader.&lt;init&gt;(FileReader.java:72)
	at edu.cmu.pact.jess.SimStRete.loadWMEStructureFromFile(SimStRete.java:1407)
	at edu.cmu.pact.jess.SimStRete.updateChunkValues(SimStRete.java:1547)
	at edu.cmu.pact.jess.GoToWMMessgHandler.processMessage(GoToWMMessgHandler.java:104)
	at edu.cmu.pact.jess.MT.handleCommMessage(MT.java:881)
	at edu.cmu.pact.BehaviorRecorder.Controller.BR_Controller.getGoToWMStateResponse(BR_Controller.java:6745)
	at edu.cmu.pact.jess.GoToWMMessgHandlerTest.testProcessMessage(GoToWMMessgHandlerTest.java:175)
	at sun.reflect.NativeMethodAccessorImpl.invoke0(Native Method)
	at sun.reflect.NativeMethodAccessorImpl.invoke(NativeMethodAccessorImpl.java:57)
	at sun.reflect.DelegatingMethodAccessorImpl.invoke(DelegatingMethodAccessorImpl.java:43)
	at java.lang.reflect.Method.invoke(Method.java:606)
	at junit.framework.TestCase.runTest(TestCase.java:154)
	at junit.framework.TestCase.runBare(TestCase.java:127)
	at junit.framework.TestResult$1.protect(TestResult.java:106)
	at junit.framework.TestResult.runProtected(TestResult.java:124)
	at junit.framework.TestResult.run(TestResult.java:109)
	at junit.framework.TestCase.run(TestCase.java:118)
	at junit.framework.TestSuite.runTest(TestSuite.java:208)
	at junit.framework.TestSuite.run(TestSuite.java:203)
	at org.apache.tools.ant.taskdefs.optional.junit.JUnitTestRunner.run(JUnitTestRunner.java:523)
	at org.apache.tools.ant.taskdefs.optional.junit.JUnitTestRunner.launch(JUnitTestRunner.java:1063)
	at org.apache.tools.ant.taskdefs.optional.junit.JUnitTestRunner.main(JUnitTestRunner.java:914)
deserializing from buffer CTATFunctionsParser.ser
Parser construction took 1 millis
deserializing from buffer CTATFunctionsParser.ser
Parser construction took 2 millis
deserializing from buffer CTATFunctionsParser.ser
Parser construction took 2 millis
edu.cmu.pact.BehaviorRecorder.ProblemModel.ProblemModelException: The problem name: "" is empty or has unallowed characters.
	at edu.cmu.pact.BehaviorRecorder.Controller.BR_Controller.createStartStateInternal(BR_Controller.java:2412)
	at edu.cmu.pact.BehaviorRecorder.Controller.BR_Controller.createStartState(BR_Controller.java:2361)
	at edu.cmu.pact.ctat.model.CtatModeModel.changeAuthorModeOk(CtatModeModel.java:343)
	at edu.cmu.pact.ctat.model.CtatModeModel.setAuthorMode(CtatModeModel.java:215)
	at edu.cmu.pact.BehaviorRecorder.Controller.PseudoTutorMessageHandlerTest.setUp(PseudoTutorMessageHandlerTest.java:673)
	at junit.framework.TestCase.runBare(TestCase.java:125)
	at junit.framework.TestResult$1.protect(TestResult.java:106)
	at junit.framework.TestResult.runProtected(TestResult.java:124)
	at junit.framework.TestResult.run(TestResult.java:109)
	at junit.framework.TestCase.run(TestCase.java:118)
	at junit.framework.TestSuite.runTest(TestSuite.java:208)
	at junit.framework.TestSuite.run(TestSuite.java:203)
	at org.apache.tools.ant.taskdefs.optional.junit.JUnitTestRunner.run(JUnitTestRunner.java:523)
	at org.apache.tools.ant.taskdefs.optional.junit.JUnitTestRunner.launch(JUnitTestRunner.java:1063)
	at org.apache.tools.ant.taskdefs.optional.junit.JUnitTestRunner.main(JUnitTestRunner.java:914)
[13:38:39] +err+ 21938: Error opening test/edu/cmu/pact/BehaviorRecorder/ProblemModel/Graph/testRewireDest.brd or reading as URL: java.net.MalformedURLException: no protocol: test/edu/cmu/pact/BehaviorRecorder/ProblemModel/Graph/testRewireDest.brd; cause null &lt;edu.cmu.pact.BehaviorRecorder.ProblemModel.ProblemStateReader:161&gt;main
[13:38:39] +err+ 21939: Error on getFileAsResource(null) or getCanonicalPath(): java.lang.NullPointerException; cause null &lt;edu.cmu.pact.BehaviorRecorder.ProblemModel.ProblemStateReader:168&gt;main
Exception in thread "AWT-EventQueue-0" java.lang.ArrayIndexOutOfBoundsException: 5
	at edu.cmu.pact.BehaviorRecorder.ProblemModel.VariableTableModel.getValueAt(VariableTableModel.java:59)
	at javax.swing.JTable.getValueAt(JTable.java:2717)
	at javax.swing.JTable.prepareRenderer(JTable.java:5719)
	at javax.swing.plaf.basic.BasicTableUI.paintCell(BasicTableUI.java:2114)
	at javax.swing.plaf.basic.BasicTableUI.paintCells(BasicTableUI.java:2016)
	at javax.swing.plaf.basic.BasicTableUI.paint(BasicTableUI.java:1812)
	at javax.swing.plaf.ComponentUI.update(ComponentUI.java:161)
	at javax.swing.JComponent.paintComponent(JComponent.java:778)
	at javax.swing.JComponent.paint(JComponent.java:1054)
	at javax.swing.JComponent.paintChildren(JComponent.java:887)
	at javax.swing.JComponent.paint(JComponent.java:1063)
	at javax.swing.JViewport.paint(JViewport.java:731)
	at javax.swing.JComponent.paintChildren(JComponent.java:887)
	at javax.swing.JComponent.paint(JComponent.java:1063)
	at javax.swing.JComponent.paintChildren(JComponent.java:887)
	at javax.swing.JComponent.paint(JComponent.java:1063)
	at javax.swing.JComponent.paintChildren(JComponent.java:887)
	at javax.swing.JSplitPane.paintChildren(JSplitPane.java:1047)
	at javax.swing.JComponent.paint(JComponent.java:1063)
	at javax.swing.JComponent.paintToOffscreen(JComponent.java:5219)
	at javax.swing.RepaintManager$PaintManager.paintDoubleBuffered(RepaintManager.java:1529)
	at javax.swing.RepaintManager$PaintManager.paint(RepaintManager.java:1452)
	at javax.swing.RepaintManager.paint(RepaintManager.java:1249)
	at javax.swing.JComponent._paintImmediately(JComponent.java:5167)
	at javax.swing.JComponent.paintImmediately(JComponent.java:4978)
	at javax.swing.RepaintManager$3.run(RepaintManager.java:808)
	at javax.swing.RepaintManager$3.run(RepaintManager.java:796)
	at java.security.AccessController.doPrivileged(Native Method)
	at java.security.ProtectionDomain$1.doIntersectionPrivilege(ProtectionDomain.java:76)
	at javax.swing.RepaintManager.paintDirtyRegions(RepaintManager.java:796)
	at javax.swing.RepaintManager.paintDirtyRegions(RepaintManager.java:769)
	at javax.swing.RepaintManager.prePaintDirtyRegions(RepaintManager.java:718)
	at javax.swing.RepaintManager.access$1100(RepaintManager.java:62)
	at javax.swing.RepaintManager$ProcessingRunnable.run(RepaintManager.java:1677)
	at java.awt.event.InvocationEvent.dispatch(InvocationEvent.java:251)
	at java.awt.EventQueue.dispatchEventImpl(EventQueue.java:733)
	at java.awt.EventQueue.access$200(EventQueue.java:103)
	at java.awt.EventQueue$3.run(EventQueue.java:694)
	at java.awt.EventQueue$3.run(EventQueue.java:692)
	at java.security.AccessController.doPrivileged(Native Method)
	at java.security.ProtectionDomain$1.doIntersectionPrivilege(ProtectionDomain.java:76)
	at java.awt.EventQueue.dispatchEvent(EventQueue.java:703)
	at java.awt.EventDispatchThread.pumpOneEventForFilters(EventDispatchThread.java:242)
	at java.awt.EventDispatchThread.pumpEventsForFilter(EventDispatchThread.java:161)
	at java.awt.EventDispatchThread.pumpEventsForHierarchy(EventDispatchThread.java:150)
	at java.awt.EventDispatchThread.pumpEvents(EventDispatchThread.java:146)
	at java.awt.EventDispatchThread.pumpEvents(EventDispatchThread.java:138)
	at java.awt.EventDispatchThread.run(EventDispatchThread.java:91)
[13:38:40] +err+ 22740: Error opening test/edu/cmu/pact/BehaviorRecorder/ProblemModel/Graph/testRewireEverything.brd or reading as URL: java.net.MalformedURLException: no protocol: test/edu/cmu/pact/BehaviorRecorder/ProblemModel/Graph/testRewireEverything.brd; cause null &lt;edu.cmu.pact.BehaviorRecorder.ProblemModel.ProblemStateReader:161&gt;main
[13:38:40] +err+ 22741: Error on getFileAsResource(null) or getCanonicalPath(): java.lang.NullPointerException; cause null &lt;edu.cmu.pact.BehaviorRecorder.ProblemModel.ProblemStateReader:168&gt;main
[13:38:40] +err+ 23898: Error opening test/edu/cmu/pact/BehaviorRecorder/ProblemModel/Graph/testRewireEverything.brd or reading as URL: java.net.MalformedURLException: no protocol: test/edu/cmu/pact/BehaviorRecorder/ProblemModel/Graph/testRewireEverything.brd; cause null &lt;edu.cmu.pact.BehaviorRecorder.ProblemModel.ProblemStateReader:161&gt;main
[13:38:40] +err+ 23900: Error on getFileAsResource(null) or getCanonicalPath(): java.lang.NullPointerException; cause null &lt;edu.cmu.pact.BehaviorRecorder.ProblemModel.ProblemStateReader:168&gt;main
[13:38:40] +err+ 24467: Error opening test/edu/cmu/pact/BehaviorRecorder/ProblemModel/Graph/testRewireEverything.brd or reading as URL: java.net.MalformedURLException: no protocol: test/edu/cmu/pact/BehaviorRecorder/ProblemModel/Graph/testRewireEverything.brd; cause null &lt;edu.cmu.pact.BehaviorRecorder.ProblemModel.ProblemStateReader:161&gt;main
[13:38:40] +err+ 24468: Error on getFileAsResource(null) or getCanonicalPath(): java.lang.NullPointerException; cause null &lt;edu.cmu.pact.BehaviorRecorder.ProblemModel.ProblemStateReader:168&gt;main
[13:38:40] +err+ 25252: Error opening test/edu/cmu/pact/BehaviorRecorder/ProblemModel/Graph/testRewireSource.brd or reading as URL: java.net.MalformedURLException: no protocol: test/edu/cmu/pact/BehaviorRecorder/ProblemModel/Graph/testRewireSource.brd; cause null &lt;edu.cmu.pact.BehaviorRecorder.ProblemModel.ProblemStateReader:161&gt;main
[13:38:40] +err+ 25253: Error on getFileAsResource(null) or getCanonicalPath(): java.lang.NullPointerException; cause null &lt;edu.cmu.pact.BehaviorRecorder.ProblemModel.ProblemStateReader:168&gt;main
Exception in thread "AWT-EventQueue-0" java.lang.ArrayIndexOutOfBoundsException: 0 &gt;= 0
	at java.util.Vector.elementAt(Vector.java:470)
	at javax.swing.table.DefaultTableColumnModel.getColumn(DefaultTableColumnModel.java:294)
	at sun.swing.SwingUtilities2.convertColumnIndexToModel(SwingUtilities2.java:1854)
	at javax.swing.JTable.convertColumnIndexToModel(JTable.java:2582)
	at javax.swing.JTable.getValueAt(JTable.java:2717)
	at javax.swing.JTable.prepareRenderer(JTable.java:5719)
	at javax.swing.plaf.basic.BasicTableUI.paintCell(BasicTableUI.java:2114)
	at javax.swing.plaf.basic.BasicTableUI.paintCells(BasicTableUI.java:2016)
	at javax.swing.plaf.basic.BasicTableUI.paint(BasicTableUI.java:1812)
	at javax.swing.plaf.ComponentUI.update(ComponentUI.java:161)
	at javax.swing.JComponent.paintComponent(JComponent.java:778)
	at javax.swing.JComponent.paint(JComponent.java:1054)
	at javax.swing.JComponent.paintToOffscreen(JComponent.java:5219)
	at javax.swing.RepaintManager$PaintManager.paintDoubleBuffered(RepaintManager.java:1529)
	at javax.swing.RepaintManager$PaintManager.paint(RepaintManager.java:1452)
	at javax.swing.RepaintManager.paint(RepaintManager.java:1249)
	at javax.swing.JComponent._paintImmediately(JComponent.java:5167)
	at javax.swing.JComponent.paintImmediately(JComponent.java:4978)
	at javax.swing.RepaintManager$3.run(RepaintManager.java:808)
	at javax.swing.RepaintManager$3.run(RepaintManager.java:796)
	at java.security.AccessController.doPrivileged(Native Method)
	at java.security.ProtectionDomain$1.doIntersectionPrivilege(ProtectionDomain.java:76)
	at javax.swing.RepaintManager.paintDirtyRegions(RepaintManager.java:796)
	at javax.swing.RepaintManager.paintDirtyRegions(RepaintManager.java:769)
	at javax.swing.RepaintManager.prePaintDirtyRegions(RepaintManager.java:718)
	at javax.swing.RepaintManager.access$1100(RepaintManager.java:62)
	at javax.swing.RepaintManager$ProcessingRunnable.run(RepaintManager.java:1677)
	at java.awt.event.InvocationEvent.dispatch(InvocationEvent.java:251)
	at java.awt.EventQueue.dispatchEventImpl(EventQueue.java:733)
	at java.awt.EventQueue.access$200(EventQueue.java:103)
	at java.awt.EventQueue$3.run(EventQueue.java:694)
	at java.awt.EventQueue$3.run(EventQueue.java:692)
	at java.security.AccessController.doPrivileged(Native Method)
	at java.security.ProtectionDomain$1.doIntersectionPrivilege(ProtectionDomain.java:76)
	at java.awt.EventQueue.dispatchEvent(EventQueue.java:703)
	at java.awt.EventDispatchThread.pumpOneEventForFilters(EventDispatchThread.java:242)
	at java.awt.EventDispatchThread.pumpEventsForFilter(EventDispatchThread.java:161)
	at java.awt.EventDispatchThread.pumpEventsForHierarchy(EventDispatchThread.java:150)
	at java.awt.EventDispatchThread.pumpEvents(EventDispatchThread.java:146)
	at java.awt.EventDispatchThread.pumpEvents(EventDispatchThread.java:138)
	at java.awt.EventDispatchThread.run(EventDispatchThread.java:91)
[13:38:41] +err+ 26102: Error opening test/edu/cmu/pact/BehaviorRecorder/ProblemModel/Graph/testRewireEverything.brd or reading as URL: java.net.MalformedURLException: no protocol: test/edu/cmu/pact/BehaviorRecorder/ProblemModel/Graph/testRewireEverything.brd; cause null &lt;edu.cmu.pact.BehaviorRecorder.ProblemModel.ProblemStateReader:161&gt;main
[13:38:41] +err+ 26103: Error on getFileAsResource(null) or getCanonicalPath(): java.lang.NullPointerException; cause null &lt;edu.cmu.pact.BehaviorRecorder.ProblemModel.ProblemStateReader:168&gt;main
deserializing from buffer CTATExpressionSemanticParser.ser
Parser construction took 1 millis
java.lang.NullPointerException
	at edu.cmu.pact.BehaviorRecorder.ExpressionMatcher.ExpressionSyntaxNode.generateExpressionTree(ExpressionSyntaxNode.java:36)
	at edu.cmu.pact.BehaviorRecorder.ExpressionMatcher.CTATExpressionSemantic.generateExpressionTree(CTATExpressionSemantic.java:180)
	at edu.cmu.pact.BehaviorRecorder.ExpressionMatcher.CTATExpressionParser.stringToExpressionTreeNode(CTATExpressionParser.java:37)
	at edu.cmu.pact.BehaviorRecorder.ProblemModel.Matcher.ExpressionMatcherTest.isInvalidAlg(ExpressionMatcherTest.java:252)
	at edu.cmu.pact.BehaviorRecorder.ProblemModel.Matcher.ExpressionMatcherTest.testRightFactor(ExpressionMatcherTest.java:63)
	at sun.reflect.NativeMethodAccessorImpl.invoke0(Native Method)
	at sun.reflect.NativeMethodAccessorImpl.invoke(NativeMethodAccessorImpl.java:57)
	at sun.reflect.DelegatingMethodAccessorImpl.invoke(DelegatingMethodAccessorImpl.java:43)
	at java.lang.reflect.Method.invoke(Method.java:606)
	at junit.framework.TestCase.runTest(TestCase.java:154)
	at junit.framework.TestCase.runBare(TestCase.java:127)
	at junit.framework.TestResult$1.protect(TestResult.java:106)
	at junit.framework.TestResult.runProtected(TestResult.java:124)
	at junit.framework.TestResult.run(TestResult.java:109)
	at junit.framework.TestCase.run(TestCase.java:118)
	at junit.framework.TestSuite.runTest(TestSuite.java:208)
	at junit.framework.TestSuite.run(TestSuite.java:203)
	at org.apache.tools.ant.taskdefs.optional.junit.JUnitTestRunner.run(JUnitTestRunner.java:523)
	at org.apache.tools.ant.taskdefs.optional.junit.JUnitTestRunner.launch(JUnitTestRunner.java:1063)
	at org.apache.tools.ant.taskdefs.optional.junit.JUnitTestRunner.main(JUnitTestRunner.java:914)
java.lang.NullPointerException
	at edu.cmu.pact.BehaviorRecorder.ExpressionMatcher.ExpressionSyntaxNode.generateExpressionTree(ExpressionSyntaxNode.java:36)
	at edu.cmu.pact.BehaviorRecorder.ExpressionMatcher.CTATExpressionSemantic.generateExpressionTree(CTATExpressionSemantic.java:180)
	at edu.cmu.pact.BehaviorRecorder.ExpressionMatcher.CTATExpressionParser.stringToExpressionTreeNode(CTATExpressionParser.java:37)
	at edu.cmu.pact.BehaviorRecorder.ProblemModel.Matcher.ExpressionMatcherTest.isInvalidAlg(ExpressionMatcherTest.java:252)
	at edu.cmu.pact.BehaviorRecorder.ProblemModel.Matcher.ExpressionMatcherTest.testRightFactor(ExpressionMatcherTest.java:64)
	at sun.reflect.NativeMethodAccessorImpl.invoke0(Native Method)
	at sun.reflect.NativeMethodAccessorImpl.invoke(NativeMethodAccessorImpl.java:57)
	at sun.reflect.DelegatingMethodAccessorImpl.invoke(DelegatingMethodAccessorImpl.java:43)
	at java.lang.reflect.Method.invoke(Method.java:606)
	at junit.framework.TestCase.runTest(TestCase.java:154)
	at junit.framework.TestCase.runBare(TestCase.java:127)
	at junit.framework.TestResult$1.protect(TestResult.java:106)
	at junit.framework.TestResult.runProtected(TestResult.java:124)
	at junit.framework.TestResult.run(TestResult.java:109)
	at junit.framework.TestCase.run(TestCase.java:118)
	at junit.framework.TestSuite.runTest(TestSuite.java:208)
	at junit.framework.TestSuite.run(TestSuite.java:203)
	at org.apache.tools.ant.taskdefs.optional.junit.JUnitTestRunner.run(JUnitTestRunner.java:523)
	at org.apache.tools.ant.taskdefs.optional.junit.JUnitTestRunner.launch(JUnitTestRunner.java:1063)
	at org.apache.tools.ant.taskdefs.optional.junit.JUnitTestRunner.main(JUnitTestRunner.java:914)
java.lang.NullPointerException
	at edu.cmu.pact.BehaviorRecorder.ExpressionMatcher.ExpressionSyntaxNode.generateExpressionTree(ExpressionSyntaxNode.java:36)
	at edu.cmu.pact.BehaviorRecorder.ExpressionMatcher.CTATExpressionSemantic.generateExpressionTree(CTATExpressionSemantic.java:180)
	at edu.cmu.pact.BehaviorRecorder.ExpressionMatcher.CTATExpressionParser.stringToExpressionTreeNode(CTATExpressionParser.java:37)
	at edu.cmu.pact.BehaviorRecorder.ProblemModel.Matcher.ExpressionMatcherTest.isInvalidAlg(ExpressionMatcherTest.java:252)
	at edu.cmu.pact.BehaviorRecorder.ProblemModel.Matcher.ExpressionMatcherTest.testRightFactor(ExpressionMatcherTest.java:65)
	at sun.reflect.NativeMethodAccessorImpl.invoke0(Native Method)
	at sun.reflect.NativeMethodAccessorImpl.invoke(NativeMethodAccessorImpl.java:57)
	at sun.reflect.DelegatingMethodAccessorImpl.invoke(DelegatingMethodAccessorImpl.java:43)
	at java.lang.reflect.Method.invoke(Method.java:606)
	at junit.framework.TestCase.runTest(TestCase.java:154)
	at junit.framework.TestCase.runBare(TestCase.java:127)
	at junit.framework.TestResult$1.protect(TestResult.java:106)
	at junit.framework.TestResult.runProtected(TestResult.java:124)
	at junit.framework.TestResult.run(TestResult.java:109)
	at junit.framework.TestCase.run(TestCase.java:118)
	at junit.framework.TestSuite.runTest(TestSuite.java:208)
	at junit.framework.TestSuite.run(TestSuite.java:203)
	at org.apache.tools.ant.taskdefs.optional.junit.JUnitTestRunner.run(JUnitTestRunner.java:523)
	at org.apache.tools.ant.taskdefs.optional.junit.JUnitTestRunner.launch(JUnitTestRunner.java:1063)
	at org.apache.tools.ant.taskdefs.optional.junit.JUnitTestRunner.main(JUnitTestRunner.java:914)
java.lang.NullPointerException
	at edu.cmu.pact.BehaviorRecorder.ExpressionMatcher.ExpressionSyntaxNode.generateExpressionTree(ExpressionSyntaxNode.java:36)
	at edu.cmu.pact.BehaviorRecorder.ExpressionMatcher.CTATExpressionSemantic.generateExpressionTree(CTATExpressionSemantic.java:180)
	at edu.cmu.pact.BehaviorRecorder.ExpressionMatcher.CTATExpressionParser.stringToExpressionTreeNode(CTATExpressionParser.java:37)
	at edu.cmu.pact.BehaviorRecorder.ProblemModel.Matcher.ExpressionMatcherTest.isInvalidAlg(ExpressionMatcherTest.java:252)
	at edu.cmu.pact.BehaviorRecorder.ProblemModel.Matcher.ExpressionMatcherTest.testRightFactor(ExpressionMatcherTest.java:69)
	at sun.reflect.NativeMethodAccessorImpl.invoke0(Native Method)
	at sun.reflect.NativeMethodAccessorImpl.invoke(NativeMethodAccessorImpl.java:57)
	at sun.reflect.DelegatingMethodAccessorImpl.invoke(DelegatingMethodAccessorImpl.java:43)
	at java.lang.reflect.Method.invoke(Method.java:606)
	at junit.framework.TestCase.runTest(TestCase.java:154)
	at junit.framework.TestCase.runBare(TestCase.java:127)
	at junit.framework.TestResult$1.protect(TestResult.java:106)
	at junit.framework.TestResult.runProtected(TestResult.java:124)
	at junit.framework.TestResult.run(TestResult.java:109)
	at junit.framework.TestCase.run(TestCase.java:118)
	at junit.framework.TestSuite.runTest(TestSuite.java:208)
	at junit.framework.TestSuite.run(TestSuite.java:203)
	at org.apache.tools.ant.taskdefs.optional.junit.JUnitTestRunner.run(JUnitTestRunner.java:523)
	at org.apache.tools.ant.taskdefs.optional.junit.JUnitTestRunner.launch(JUnitTestRunner.java:1063)
	at org.apache.tools.ant.taskdefs.optional.junit.JUnitTestRunner.main(JUnitTestRunner.java:914)
deserializing from buffer CTATFunctionsParser.ser
Parser construction took 1 millis
deserializing from buffer CTATFunctionsParser.ser
Parser construction took 1 millis
java.lang.NullPointerException
	at edu.cmu.pact.BehaviorRecorder.ProblemModel.ProblemModel.getExampleTracerGraph(ProblemModel.java:2452)
	at edu.cmu.pact.BehaviorRecorder.ProblemModel.ProblemModel.init(ProblemModel.java:251)
	at edu.cmu.pact.BehaviorRecorder.ProblemModel.ProblemModel.&lt;init&gt;(ProblemModel.java:325)
	at edu.cmu.pact.BehaviorRecorder.Controller.BR_Controller.&lt;init&gt;(BR_Controller.java:368)
	at edu.cmu.pact.BehaviorRecorder.Controller.SingleSessionLauncher.&lt;init&gt;(SingleSessionLauncher.java:265)
	at edu.cmu.pact.BehaviorRecorder.Controller.SingleSessionLauncher.&lt;init&gt;(SingleSessionLauncher.java:199)
	at edu.cmu.pact.BehaviorRecorder.Controller.SingleSessionLauncher.&lt;init&gt;(SingleSessionLauncher.java:193)
	at edu.cmu.pact.BehaviorRecorder.Controller.SingleSessionLauncher.&lt;init&gt;(SingleSessionLauncher.java:188)
	at edu.cmu.pact.miss.SimulateLearningTest.initialize(SimulateLearningTest.java:149)
	at edu.cmu.pact.miss.SimulateLearningTest.testSim(SimulateLearningTest.java:97)
	at sun.reflect.NativeMethodAccessorImpl.invoke0(Native Method)
	at sun.reflect.NativeMethodAccessorImpl.invoke(NativeMethodAccessorImpl.java:57)
	at sun.reflect.DelegatingMethodAccessorImpl.invoke(DelegatingMethodAccessorImpl.java:43)
	at java.lang.reflect.Method.invoke(Method.java:606)
	at junit.framework.TestCase.runTest(TestCase.java:154)
	at junit.framework.TestCase.runBare(TestCase.java:127)
	at junit.framework.TestResult$1.protect(TestResult.java:106)
	at junit.framework.TestResult.runProtected(TestResult.java:124)
	at junit.framework.TestResult.run(TestResult.java:109)
	at junit.framework.TestCase.run(TestCase.java:118)
	at junit.framework.TestSuite.runTest(TestSuite.java:208)
	at junit.framework.TestSuite.run(TestSuite.java:203)
	at org.apache.tools.ant.taskdefs.optional.junit.JUnitTestRunner.run(JUnitTestRunner.java:523)
	at org.apache.tools.ant.taskdefs.optional.junit.JUnitTestRunner.launch(JUnitTestRunner.java:1063)
	at org.apache.tools.ant.taskdefs.optional.junit.JUnitTestRunner.main(JUnitTestRunner.java:914)
deserializing from buffer CTATFunctionsParser.ser
Parser construction took 1 millis
deserializing from buffer CTATFunctionsParser.ser
Parser construction took 1 millis
deserializing from buffer CTATFunctionsParser.ser
Parser construction took 1 millis
edu.cmu.pact.BehaviorRecorder.ProblemModel.ProblemModelException: The problem name: "" is empty or has unallowed characters.
	at edu.cmu.pact.BehaviorRecorder.Controller.BR_Controller.createStartStateInternal(BR_Controller.java:2412)
	at edu.cmu.pact.BehaviorRecorder.Controller.BR_Controller.createStartState(BR_Controller.java:2361)
	at edu.cmu.pact.ctat.model.CtatModeModel.changeAuthorModeOk(CtatModeModel.java:343)
	at edu.cmu.pact.ctat.model.CtatModeModel.setAuthorMode(CtatModeModel.java:215)
	at edu.cmu.pact.BehaviorRecorder.Controller.PseudoTutorMessageHandlerTest.setUp(PseudoTutorMessageHandlerTest.java:673)
	at junit.framework.TestCase.runBare(TestCase.java:125)
	at junit.framework.TestResult$1.protect(TestResult.java:106)
	at junit.framework.TestResult.runProtected(TestResult.java:124)
	at junit.framework.TestResult.run(TestResult.java:109)
	at junit.framework.TestCase.run(TestCase.java:118)
	at junit.framework.TestSuite.runTest(TestSuite.java:208)
	at junit.framework.TestSuite.run(TestSuite.java:203)
	at org.apache.tools.ant.taskdefs.optional.junit.JUnitTestRunner.run(JUnitTestRunner.java:523)
	at org.apache.tools.ant.taskdefs.optional.junit.JUnitTestRunner.launch(JUnitTestRunner.java:1063)
	at org.apache.tools.ant.taskdefs.optional.junit.JUnitTestRunner.main(JUnitTestRunner.java:914)
deserializing from buffer CTATFunctionsParser.ser
Parser construction took 1 millis
[13:39:00] +err+ 32358: Error opening test/solverTypein.brd or reading as URL: java.net.MalformedURLException: no protocol: test/solverTypein.brd; cause null &lt;edu.cmu.pact.BehaviorRecorder.ProblemModel.ProblemStateReader:161&gt;main
[13:39:00] +err+ 32359: Error on getFileAsResource(null) or getCanonicalPath(): java.lang.NullPointerException; cause null &lt;edu.cmu.pact.BehaviorRecorder.ProblemModel.ProblemStateReader:168&gt;main
[13:39:00] +err+ 32492: bad pKnown: java.lang.NumberFormatException: For input string: "c,_negative Solver" &lt;edu.cmu.pact.ctat.model.Skill:519&gt;main
[13:39:00] +err+ 32528: bad pKnown: java.lang.NumberFormatException: For input string: "c,_negative Solver" &lt;edu.cmu.pact.ctat.model.Skill:519&gt;main
[13:39:00] +err+ 32579: bad pKnown: java.lang.NumberFormatException: For input string: "c,_negative Solver" &lt;edu.cmu.pact.ctat.model.Skill:519&gt;main
[13:39:00] +err+ 32742: bad pKnown: java.lang.NumberFormatException: For input string: "c,_negative Solver" &lt;edu.cmu.pact.ctat.model.Skill:519&gt;main
Exception in thread "AWT-EventQueue-0" java.lang.IndexOutOfBoundsException: Index: 1, Size: 1
	at java.util.ArrayList.rangeCheck(ArrayList.java:635)
	at java.util.ArrayList.get(ArrayList.java:411)
	at javax.swing.JTabbedPane.getTabComponentAt(JTabbedPane.java:2395)
	at com.apple.laf.AquaTabbedPaneCopyFromBasicUI.calculateTabWidth(AquaTabbedPaneCopyFromBasicUI.java:1627)
	at com.apple.laf.AquaTabbedPaneUI$AquaTruncatingTabbedPaneLayout.calculateHorizontalTabRunRect(AquaTabbedPaneUI.java:1177)
	at com.apple.laf.AquaTabbedPaneUI$AquaTruncatingTabbedPaneLayout.superCalculateTabRects(AquaTabbedPaneUI.java:1144)
	at com.apple.laf.AquaTabbedPaneUI$AquaTruncatingTabbedPaneLayout.calculateTabRects(AquaTabbedPaneUI.java:1043)
	at com.apple.laf.AquaTabbedPaneCopyFromBasicUI$TabbedPaneLayout.calculateLayoutInfo(AquaTabbedPaneCopyFromBasicUI.java:2346)
	at com.apple.laf.AquaTabbedPaneCopyFromBasicUI$TabbedPaneLayout.layoutContainer(AquaTabbedPaneCopyFromBasicUI.java:2250)
	at java.awt.Container.layout(Container.java:1503)
	at java.awt.Container.doLayout(Container.java:1492)
	at java.awt.Container.validateTree(Container.java:1688)
	at java.awt.Container.validateTree(Container.java:1697)
	at java.awt.Container.validate(Container.java:1623)
	at javax.swing.RepaintManager$2.run(RepaintManager.java:691)
	at javax.swing.RepaintManager$2.run(RepaintManager.java:689)
	at java.security.AccessController.doPrivileged(Native Method)
	at java.security.ProtectionDomain$1.doIntersectionPrivilege(ProtectionDomain.java:76)
	at javax.swing.RepaintManager.validateInvalidComponents(RepaintManager.java:688)
	at javax.swing.RepaintManager$ProcessingRunnable.run(RepaintManager.java:1676)
	at java.awt.event.InvocationEvent.dispatch(InvocationEvent.java:251)
	at java.awt.EventQueue.dispatchEventImpl(EventQueue.java:733)
	at java.awt.EventQueue.access$200(EventQueue.java:103)
	at java.awt.EventQueue$3.run(EventQueue.java:694)
	at java.awt.EventQueue$3.run(EventQueue.java:692)
	at java.security.AccessController.doPrivileged(Native Method)
	at java.security.ProtectionDomain$1.doIntersectionPrivilege(ProtectionDomain.java:76)
	at java.awt.EventQueue.dispatchEvent(EventQueue.java:703)
	at java.awt.EventDispatchThread.pumpOneEventForFilters(EventDispatchThread.java:242)
	at java.awt.EventDispatchThread.pumpEventsForFilter(EventDispatchThread.java:161)
	at java.awt.EventDispatchThread.pumpEventsForHierarchy(EventDispatchThread.java:150)
	at java.awt.EventDispatchThread.pumpEvents(EventDispatchThread.java:146)
	at java.awt.EventDispatchThread.pumpEvents(EventDispatchThread.java:138)
	at java.awt.EventDispatchThread.run(EventDispatchThread.java:91)
[13:39:01] +err+ 33366: Error opening test/solverTypein.brd or reading as URL: java.net.MalformedURLException: no protocol: test/solverTypein.brd; cause null &lt;edu.cmu.pact.BehaviorRecorder.ProblemModel.ProblemStateReader:161&gt;main
[13:39:01] +err+ 33367: Error on getFileAsResource(null) or getCanonicalPath(): java.lang.NullPointerException; cause null &lt;edu.cmu.pact.BehaviorRecorder.ProblemModel.ProblemStateReader:168&gt;main
[13:39:01] +err+ 33505: bad pKnown: java.lang.NumberFormatException: For input string: "c,_negative Solver" &lt;edu.cmu.pact.ctat.model.Skill:519&gt;main
[13:39:01] +err+ 33557: bad pKnown: java.lang.NumberFormatException: For input string: "c,_negative Solver" &lt;edu.cmu.pact.ctat.model.Skill:519&gt;main
[13:39:01] +err+ 33845: Error opening test/x_eq_4over2.brd or reading as URL: java.net.MalformedURLException: no protocol: test/x_eq_4over2.brd; cause null &lt;edu.cmu.pact.BehaviorRecorder.ProblemModel.ProblemStateReader:161&gt;main
[13:39:01] +err+ 33846: Error on getFileAsResource(null) or getCanonicalPath(): java.lang.NullPointerException; cause null &lt;edu.cmu.pact.BehaviorRecorder.ProblemModel.ProblemStateReader:168&gt;main
</pre>
</body>
</html>
