<html xmlns:string="xalan://java.lang.String" xmlns:lxslt="http://xml.apache.org/xslt">
<head>
<META http-equiv="Content-Type" content="text/html; charset=UTF-8">
<title>Standard Error from CTAT_GlobalTestSuite</title>
</head>
<body>
<pre>
INFO: Mixed parser and lexer specification, 294 lexer rules, 29 parser rules.
Lexer scratch construction took 15 millis
WARNING: Grammar has no top level rule, taking first rule &gt;EXPRESSION ::= TERM ;&lt;
ParserTables scratch construction took 28 millis
serializing to buffer CTATFunctionsParser.ser
Parser construction took 144 millis
[12:59:02] +err+ 2: CtatMenuBar.MenuItem.getValues() no entry for menu item [Open Student Interface...@1757301157, enabled]; creating one with value true &lt;edu.cmu.pact.ctatview.CtatMenuBar$MenuItem:203&gt;main
[12:59:02] +err+ 3: CtatMenuBar.MenuItem.getValues() no entry for menu item [Save Graph@424446918, enabled]; creating one with value true &lt;edu.cmu.pact.ctatview.CtatMenuBar$MenuItem:203&gt;main
[12:59:02] +err+ 4: CtatMenuBar.MenuItem.getValues() no entry for menu item [Save Graph As...@1999241823, enabled]; creating one with value true &lt;edu.cmu.pact.ctatview.CtatMenuBar$MenuItem:203&gt;main
[12:59:02] +err+ 5: CtatMenuBar.MenuItem.getValues() no entry for menu item [Print Graph...@607704804, enabled]; creating one with value true &lt;edu.cmu.pact.ctatview.CtatMenuBar$MenuItem:203&gt;main
[12:59:02] +err+ 6: CtatMenuBar.CheckBoxMenuItem.getValues() no entry for menu item [Show Action Labels@1265262497, enabled, unchecked]; creating one with values true,false &lt;edu.cmu.pact.ctatview.CtatMenuBar$CheckBoxMenuItem:327&gt;main
[12:59:02] +err+ 7: CtatMenuBar.CheckBoxMenuItem.getValues() no entry for menu item [Show Skill Labels@883714485, enabled, unchecked]; creating one with values true,false &lt;edu.cmu.pact.ctatview.CtatMenuBar$CheckBoxMenuItem:327&gt;main
[12:59:02] +err+ 8: CtatMenuBar.CheckBoxMenuItem.getValues() no entry for menu item [Show Last Cog. Model Check Labels@592446743, enabled, unchecked]; creating one with values true,false &lt;edu.cmu.pact.ctatview.CtatMenuBar$CheckBoxMenuItem:327&gt;main
[12:59:02] +err+ 9: CtatMenuBar.MenuItem.getValues() no entry for menu item [Undo@1518222109, enabled]; creating one with value true &lt;edu.cmu.pact.ctatview.CtatMenuBar$MenuItem:203&gt;main
[12:59:02] +err+ 10: CtatMenuBar.MenuItem.getValues() no entry for menu item [Redo@858770681, enabled]; creating one with value true &lt;edu.cmu.pact.ctatview.CtatMenuBar$MenuItem:203&gt;main
[12:59:02] +err+ 11: CtatMenuBar.MenuItem.getValues() no entry for menu item [Copy Links@121244080, enabled]; creating one with value true &lt;edu.cmu.pact.ctatview.CtatMenuBar$MenuItem:203&gt;main
[12:59:02] +err+ 12: CtatMenuBar.MenuItem.getValues() no entry for menu item [Paste Links@223119025, enabled]; creating one with value true &lt;edu.cmu.pact.ctatview.CtatMenuBar$MenuItem:203&gt;main
[12:59:02] +err+ 13: CtatMenuBar.MenuItem.getValues() no entry for menu item [Jump to Start State@107480723, enabled]; creating one with value true &lt;edu.cmu.pact.ctatview.CtatMenuBar$MenuItem:203&gt;main
[12:59:02] +err+ 14: CtatMenuBar.MenuItem.getValues() no entry for menu item [Retract Last Step@394764334, enabled]; creating one with value true &lt;edu.cmu.pact.ctatview.CtatMenuBar$MenuItem:203&gt;main
[12:59:02] +err+ 15: CtatMenuBar.MenuItem.getValues() no entry for menu item [Next Preferred Step@1227175955, enabled]; creating one with value true &lt;edu.cmu.pact.ctatview.CtatMenuBar$MenuItem:203&gt;main
[12:59:02] +err+ 16: CtatMenuBar.CheckBoxMenuItem.getValues() no entry for menu item [Case Sensitive Exact Matching@713329897, enabled, unchecked]; creating one with values true,false &lt;edu.cmu.pact.ctatview.CtatMenuBar$CheckBoxMenuItem:327&gt;main
[12:59:02] +err+ 17: CtatMenuBar.CheckBoxMenuItem.getValues() no entry for menu item [Lock Widgets on Correct Action@1203905360, enabled, unchecked]; creating one with values true,false &lt;edu.cmu.pact.ctatview.CtatMenuBar$CheckBoxMenuItem:327&gt;main
[12:59:02] +err+ 18: CtatMenuBar.CheckBoxMenuItem.getValues() no entry for menu item [Confirm Done@1828132740, enabled, unchecked]; creating one with values true,false &lt;edu.cmu.pact.ctatview.CtatMenuBar$CheckBoxMenuItem:327&gt;main
[12:59:02] +err+ 19: CtatMenuBar.CheckBoxMenuItem.getValues() no entry for menu item [Highlight Right Selection@537176601, enabled, unchecked]; creating one with values true,false &lt;edu.cmu.pact.ctatview.CtatMenuBar$CheckBoxMenuItem:327&gt;main
[12:59:02] +err+ 20: CtatMenuBar.MenuItem.getValues() no entry for menu item [Clean Up Graph...@770577025, enabled]; creating one with value true &lt;edu.cmu.pact.ctatview.CtatMenuBar$MenuItem:203&gt;main
[12:59:02] +err+ 21: CtatMenuBar.MenuItem.getValues() no entry for menu item [Show Unmatched Component References...@1766387026, enabled]; creating one with value true &lt;edu.cmu.pact.ctatview.CtatMenuBar$MenuItem:203&gt;main
[12:59:02] +err+ 22: CtatMenuBar.MenuItem.getValues() no entry for menu item [Start Collaboration...@1318264570, enabled]; creating one with value true &lt;edu.cmu.pact.ctatview.CtatMenuBar$MenuItem:203&gt;main
[12:59:02] +err+ 23: CtatMenuBar.MenuItem.getValues() no entry for menu item [Edit Start State Component Settings...@2019728014, enabled]; creating one with value true &lt;edu.cmu.pact.ctatview.CtatMenuBar$MenuItem:203&gt;main
[12:59:02] +err+ 24: CtatMenuBar.MenuItem.getValues() no entry for menu item [Save Jess Facts@1859349859, enabled]; creating one with value true &lt;edu.cmu.pact.ctatview.CtatMenuBar$MenuItem:203&gt;main
[12:59:02] +err+ 25: CtatMenuBar.MenuItem.getValues() no entry for menu item [Save Jess Templates@2058532716, enabled]; creating one with value true &lt;edu.cmu.pact.ctatview.CtatMenuBar$MenuItem:203&gt;main
[12:59:02] +err+ 26: CtatMenuBar.MenuItem.getValues() no entry for menu item [Load Production Rules@612810112, enabled]; creating one with value true &lt;edu.cmu.pact.ctatview.CtatMenuBar$MenuItem:203&gt;main
[12:59:02] +err+ 27: CtatMenuBar.MenuItem.getValues() no entry for menu item [Create Start State@1007114511, enabled]; creating one with value true &lt;edu.cmu.pact.ctatview.CtatMenuBar$MenuItem:203&gt;main
deserializing from buffer CTATFunctionsParser.ser
Parser construction took 52 millis
[12:59:04] +err+ 28: CtatMenuBar.MenuItem.getValues() no entry for menu item [Open Student Interface...@268699362, enabled]; creating one with value true &lt;edu.cmu.pact.ctatview.CtatMenuBar$MenuItem:203&gt;main
[12:59:04] +err+ 29: CtatMenuBar.MenuItem.getValues() no entry for menu item [Save Graph@658907984, enabled]; creating one with value true &lt;edu.cmu.pact.ctatview.CtatMenuBar$MenuItem:203&gt;main
[12:59:04] +err+ 30: CtatMenuBar.MenuItem.getValues() no entry for menu item [Save Graph As...@1840803156, enabled]; creating one with value true &lt;edu.cmu.pact.ctatview.CtatMenuBar$MenuItem:203&gt;main
[12:59:04] +err+ 31: CtatMenuBar.MenuItem.getValues() no entry for menu item [Print Graph...@739811978, enabled]; creating one with value true &lt;edu.cmu.pact.ctatview.CtatMenuBar$MenuItem:203&gt;main
[12:59:04] +err+ 32: CtatMenuBar.CheckBoxMenuItem.getValues() no entry for menu item [Show Action Labels@1553688339, enabled, unchecked]; creating one with values true,false &lt;edu.cmu.pact.ctatview.CtatMenuBar$CheckBoxMenuItem:327&gt;main
[12:59:04] +err+ 33: CtatMenuBar.CheckBoxMenuItem.getValues() no entry for menu item [Show Skill Labels@1586249700, enabled, unchecked]; creating one with values true,false &lt;edu.cmu.pact.ctatview.CtatMenuBar$CheckBoxMenuItem:327&gt;main
[12:59:04] +err+ 34: CtatMenuBar.CheckBoxMenuItem.getValues() no entry for menu item [Show Last Cog. Model Check Labels@1236714042, enabled, unchecked]; creating one with values true,false &lt;edu.cmu.pact.ctatview.CtatMenuBar$CheckBoxMenuItem:327&gt;main
[12:59:04] +err+ 35: CtatMenuBar.MenuItem.getValues() no entry for menu item [Undo@2106168228, enabled]; creating one with value true &lt;edu.cmu.pact.ctatview.CtatMenuBar$MenuItem:203&gt;main
[12:59:04] +err+ 36: CtatMenuBar.MenuItem.getValues() no entry for menu item [Redo@1396454495, enabled]; creating one with value true &lt;edu.cmu.pact.ctatview.CtatMenuBar$MenuItem:203&gt;main
[12:59:04] +err+ 37: CtatMenuBar.MenuItem.getValues() no entry for menu item [Copy Links@361919402, enabled]; creating one with value true &lt;edu.cmu.pact.ctatview.CtatMenuBar$MenuItem:203&gt;main
[12:59:04] +err+ 38: CtatMenuBar.MenuItem.getValues() no entry for menu item [Paste Links@1105701110, enabled]; creating one with value true &lt;edu.cmu.pact.ctatview.CtatMenuBar$MenuItem:203&gt;main
[12:59:04] +err+ 39: CtatMenuBar.MenuItem.getValues() no entry for menu item [Jump to Start State@766316124, enabled]; creating one with value true &lt;edu.cmu.pact.ctatview.CtatMenuBar$MenuItem:203&gt;main
[12:59:04] +err+ 40: CtatMenuBar.MenuItem.getValues() no entry for menu item [Retract Last Step@1015665009, enabled]; creating one with value true &lt;edu.cmu.pact.ctatview.CtatMenuBar$MenuItem:203&gt;main
[12:59:04] +err+ 41: CtatMenuBar.MenuItem.getValues() no entry for menu item [Next Preferred Step@2081779907, enabled]; creating one with value true &lt;edu.cmu.pact.ctatview.CtatMenuBar$MenuItem:203&gt;main
[12:59:04] +err+ 42: CtatMenuBar.CheckBoxMenuItem.getValues() no entry for menu item [Case Sensitive Exact Matching@1671320025, enabled, unchecked]; creating one with values true,false &lt;edu.cmu.pact.ctatview.CtatMenuBar$CheckBoxMenuItem:327&gt;main
[12:59:04] +err+ 43: CtatMenuBar.CheckBoxMenuItem.getValues() no entry for menu item [Lock Widgets on Correct Action@789557415, enabled, unchecked]; creating one with values true,false &lt;edu.cmu.pact.ctatview.CtatMenuBar$CheckBoxMenuItem:327&gt;main
[12:59:04] +err+ 44: CtatMenuBar.CheckBoxMenuItem.getValues() no entry for menu item [Confirm Done@790019092, enabled, unchecked]; creating one with values true,false &lt;edu.cmu.pact.ctatview.CtatMenuBar$CheckBoxMenuItem:327&gt;main
[12:59:04] +err+ 45: CtatMenuBar.CheckBoxMenuItem.getValues() no entry for menu item [Highlight Right Selection@2106973490, enabled, unchecked]; creating one with values true,false &lt;edu.cmu.pact.ctatview.CtatMenuBar$CheckBoxMenuItem:327&gt;main
[12:59:04] +err+ 46: CtatMenuBar.MenuItem.getValues() no entry for menu item [Clean Up Graph...@1648931616, enabled]; creating one with value true &lt;edu.cmu.pact.ctatview.CtatMenuBar$MenuItem:203&gt;main
[12:59:04] +err+ 47: CtatMenuBar.MenuItem.getValues() no entry for menu item [Show Unmatched Component References...@317205577, enabled]; creating one with value true &lt;edu.cmu.pact.ctatview.CtatMenuBar$MenuItem:203&gt;main
[12:59:04] +err+ 48: CtatMenuBar.MenuItem.getValues() no entry for menu item [Start Collaboration...@1564521126, enabled]; creating one with value true &lt;edu.cmu.pact.ctatview.CtatMenuBar$MenuItem:203&gt;main
[12:59:04] +err+ 49: CtatMenuBar.MenuItem.getValues() no entry for menu item [Edit Start State Component Settings...@1797279368, enabled]; creating one with value true &lt;edu.cmu.pact.ctatview.CtatMenuBar$MenuItem:203&gt;main
[12:59:04] +err+ 50: CtatMenuBar.MenuItem.getValues() no entry for menu item [Save Jess Facts@1729224210, enabled]; creating one with value true &lt;edu.cmu.pact.ctatview.CtatMenuBar$MenuItem:203&gt;main
[12:59:04] +err+ 51: CtatMenuBar.MenuItem.getValues() no entry for menu item [Save Jess Templates@1175102619, enabled]; creating one with value true &lt;edu.cmu.pact.ctatview.CtatMenuBar$MenuItem:203&gt;main
[12:59:04] +err+ 52: CtatMenuBar.MenuItem.getValues() no entry for menu item [Load Production Rules@1584636453, enabled]; creating one with value true &lt;edu.cmu.pact.ctatview.CtatMenuBar$MenuItem:203&gt;main
[12:59:04] +err+ 53: CtatMenuBar.MenuItem.getValues() no entry for menu item [Create Start State@1342558279, enabled]; creating one with value true &lt;edu.cmu.pact.ctatview.CtatMenuBar$MenuItem:203&gt;main
deserializing from buffer CTATFunctionsParser.ser
Parser construction took 33 millis
[12:59:06] +err+ 54: CtatMenuBar.MenuItem.getValues() no entry for menu item [Open Student Interface...@86932078, enabled]; creating one with value true &lt;edu.cmu.pact.ctatview.CtatMenuBar$MenuItem:203&gt;main
[12:59:06] +err+ 55: CtatMenuBar.MenuItem.getValues() no entry for menu item [Save Graph@92512701, enabled]; creating one with value true &lt;edu.cmu.pact.ctatview.CtatMenuBar$MenuItem:203&gt;main
[12:59:06] +err+ 56: CtatMenuBar.MenuItem.getValues() no entry for menu item [Save Graph As...@82805279, enabled]; creating one with value true &lt;edu.cmu.pact.ctatview.CtatMenuBar$MenuItem:203&gt;main
[12:59:06] +err+ 57: CtatMenuBar.MenuItem.getValues() no entry for menu item [Print Graph...@294866738, enabled]; creating one with value true &lt;edu.cmu.pact.ctatview.CtatMenuBar$MenuItem:203&gt;main
[12:59:06] +err+ 58: CtatMenuBar.CheckBoxMenuItem.getValues() no entry for menu item [Show Action Labels@878316301, enabled, unchecked]; creating one with values true,false &lt;edu.cmu.pact.ctatview.CtatMenuBar$CheckBoxMenuItem:327&gt;main
[12:59:06] +err+ 59: CtatMenuBar.CheckBoxMenuItem.getValues() no entry for menu item [Show Skill Labels@59481429, enabled, unchecked]; creating one with values true,false &lt;edu.cmu.pact.ctatview.CtatMenuBar$CheckBoxMenuItem:327&gt;main
[12:59:06] +err+ 60: CtatMenuBar.CheckBoxMenuItem.getValues() no entry for menu item [Show Last Cog. Model Check Labels@1124481348, enabled, unchecked]; creating one with values true,false &lt;edu.cmu.pact.ctatview.CtatMenuBar$CheckBoxMenuItem:327&gt;main
[12:59:06] +err+ 61: CtatMenuBar.MenuItem.getValues() no entry for menu item [Undo@1300640838, enabled]; creating one with value true &lt;edu.cmu.pact.ctatview.CtatMenuBar$MenuItem:203&gt;main
[12:59:06] +err+ 62: CtatMenuBar.MenuItem.getValues() no entry for menu item [Redo@634521453, enabled]; creating one with value true &lt;edu.cmu.pact.ctatview.CtatMenuBar$MenuItem:203&gt;main
[12:59:06] +err+ 63: CtatMenuBar.MenuItem.getValues() no entry for menu item [Copy Links@2145753216, enabled]; creating one with value true &lt;edu.cmu.pact.ctatview.CtatMenuBar$MenuItem:203&gt;main
[12:59:06] +err+ 64: CtatMenuBar.MenuItem.getValues() no entry for menu item [Paste Links@981417241, enabled]; creating one with value true &lt;edu.cmu.pact.ctatview.CtatMenuBar$MenuItem:203&gt;main
[12:59:06] +err+ 65: CtatMenuBar.MenuItem.getValues() no entry for menu item [Jump to Start State@272104918, enabled]; creating one with value true &lt;edu.cmu.pact.ctatview.CtatMenuBar$MenuItem:203&gt;main
[12:59:06] +err+ 66: CtatMenuBar.MenuItem.getValues() no entry for menu item [Retract Last Step@1274672363, enabled]; creating one with value true &lt;edu.cmu.pact.ctatview.CtatMenuBar$MenuItem:203&gt;main
[12:59:06] +err+ 67: CtatMenuBar.MenuItem.getValues() no entry for menu item [Next Preferred Step@121542469, enabled]; creating one with value true &lt;edu.cmu.pact.ctatview.CtatMenuBar$MenuItem:203&gt;main
[12:59:06] +err+ 68: CtatMenuBar.CheckBoxMenuItem.getValues() no entry for menu item [Case Sensitive Exact Matching@507328186, enabled, unchecked]; creating one with values true,false &lt;edu.cmu.pact.ctatview.CtatMenuBar$CheckBoxMenuItem:327&gt;main
[12:59:06] +err+ 69: CtatMenuBar.CheckBoxMenuItem.getValues() no entry for menu item [Lock Widgets on Correct Action@1154743512, enabled, unchecked]; creating one with values true,false &lt;edu.cmu.pact.ctatview.CtatMenuBar$CheckBoxMenuItem:327&gt;main
[12:59:06] +err+ 70: CtatMenuBar.CheckBoxMenuItem.getValues() no entry for menu item [Confirm Done@964488245, enabled, unchecked]; creating one with values true,false &lt;edu.cmu.pact.ctatview.CtatMenuBar$CheckBoxMenuItem:327&gt;main
[12:59:06] +err+ 71: CtatMenuBar.CheckBoxMenuItem.getValues() no entry for menu item [Highlight Right Selection@947366159, enabled, unchecked]; creating one with values true,false &lt;edu.cmu.pact.ctatview.CtatMenuBar$CheckBoxMenuItem:327&gt;main
[12:59:06] +err+ 72: CtatMenuBar.MenuItem.getValues() no entry for menu item [Clean Up Graph...@250283088, enabled]; creating one with value true &lt;edu.cmu.pact.ctatview.CtatMenuBar$MenuItem:203&gt;main
[12:59:06] +err+ 73: CtatMenuBar.MenuItem.getValues() no entry for menu item [Show Unmatched Component References...@1734879190, enabled]; creating one with value true &lt;edu.cmu.pact.ctatview.CtatMenuBar$MenuItem:203&gt;main
[12:59:06] +err+ 74: CtatMenuBar.MenuItem.getValues() no entry for menu item [Start Collaboration...@125551829, enabled]; creating one with value true &lt;edu.cmu.pact.ctatview.CtatMenuBar$MenuItem:203&gt;main
[12:59:06] +err+ 75: CtatMenuBar.MenuItem.getValues() no entry for menu item [Edit Start State Component Settings...@2005922268, enabled]; creating one with value true &lt;edu.cmu.pact.ctatview.CtatMenuBar$MenuItem:203&gt;main
[12:59:06] +err+ 76: CtatMenuBar.MenuItem.getValues() no entry for menu item [Save Jess Facts@138920897, enabled]; creating one with value true &lt;edu.cmu.pact.ctatview.CtatMenuBar$MenuItem:203&gt;main
[12:59:06] +err+ 77: CtatMenuBar.MenuItem.getValues() no entry for menu item [Save Jess Templates@528791590, enabled]; creating one with value true &lt;edu.cmu.pact.ctatview.CtatMenuBar$MenuItem:203&gt;main
[12:59:06] +err+ 78: CtatMenuBar.MenuItem.getValues() no entry for menu item [Load Production Rules@783287877, enabled]; creating one with value true &lt;edu.cmu.pact.ctatview.CtatMenuBar$MenuItem:203&gt;main
[12:59:06] +err+ 79: CtatMenuBar.MenuItem.getValues() no entry for menu item [Create Start State@2005160527, enabled]; creating one with value true &lt;edu.cmu.pact.ctatview.CtatMenuBar$MenuItem:203&gt;main
deserializing from buffer CTATFunctionsParser.ser
Parser construction took 33 millis
[12:59:06] +err+ 80: CtatMenuBar.MenuItem.getValues() no entry for menu item [Open Student Interface...@970946365, enabled]; creating one with value true &lt;edu.cmu.pact.ctatview.CtatMenuBar$MenuItem:203&gt;main
[12:59:06] +err+ 81: CtatMenuBar.MenuItem.getValues() no entry for menu item [Save Graph@854362504, enabled]; creating one with value true &lt;edu.cmu.pact.ctatview.CtatMenuBar$MenuItem:203&gt;main
[12:59:06] +err+ 82: CtatMenuBar.MenuItem.getValues() no entry for menu item [Save Graph As...@1194940886, enabled]; creating one with value true &lt;edu.cmu.pact.ctatview.CtatMenuBar$MenuItem:203&gt;main
[12:59:06] +err+ 83: CtatMenuBar.MenuItem.getValues() no entry for menu item [Print Graph...@9928623, enabled]; creating one with value true &lt;edu.cmu.pact.ctatview.CtatMenuBar$MenuItem:203&gt;main
[12:59:06] +err+ 84: CtatMenuBar.CheckBoxMenuItem.getValues() no entry for menu item [Show Action Labels@534225626, enabled, unchecked]; creating one with values true,false &lt;edu.cmu.pact.ctatview.CtatMenuBar$CheckBoxMenuItem:327&gt;main
[12:59:06] +err+ 85: CtatMenuBar.CheckBoxMenuItem.getValues() no entry for menu item [Show Skill Labels@100968075, enabled, unchecked]; creating one with values true,false &lt;edu.cmu.pact.ctatview.CtatMenuBar$CheckBoxMenuItem:327&gt;main
[12:59:06] +err+ 86: CtatMenuBar.CheckBoxMenuItem.getValues() no entry for menu item [Show Last Cog. Model Check Labels@458355395, enabled, unchecked]; creating one with values true,false &lt;edu.cmu.pact.ctatview.CtatMenuBar$CheckBoxMenuItem:327&gt;main
[12:59:06] +err+ 87: CtatMenuBar.MenuItem.getValues() no entry for menu item [Undo@555281976, enabled]; creating one with value true &lt;edu.cmu.pact.ctatview.CtatMenuBar$MenuItem:203&gt;main
[12:59:06] +err+ 88: CtatMenuBar.MenuItem.getValues() no entry for menu item [Redo@1807724417, enabled]; creating one with value true &lt;edu.cmu.pact.ctatview.CtatMenuBar$MenuItem:203&gt;main
[12:59:06] +err+ 89: CtatMenuBar.MenuItem.getValues() no entry for menu item [Copy Links@1973122410, enabled]; creating one with value true &lt;edu.cmu.pact.ctatview.CtatMenuBar$MenuItem:203&gt;main
[12:59:06] +err+ 90: CtatMenuBar.MenuItem.getValues() no entry for menu item [Paste Links@825867896, enabled]; creating one with value true &lt;edu.cmu.pact.ctatview.CtatMenuBar$MenuItem:203&gt;main
[12:59:06] +err+ 91: CtatMenuBar.MenuItem.getValues() no entry for menu item [Jump to Start State@726473212, enabled]; creating one with value true &lt;edu.cmu.pact.ctatview.CtatMenuBar$MenuItem:203&gt;main
[12:59:06] +err+ 92: CtatMenuBar.MenuItem.getValues() no entry for menu item [Retract Last Step@1390740889, enabled]; creating one with value true &lt;edu.cmu.pact.ctatview.CtatMenuBar$MenuItem:203&gt;main
[12:59:06] +err+ 93: CtatMenuBar.MenuItem.getValues() no entry for menu item [Next Preferred Step@970107475, enabled]; creating one with value true &lt;edu.cmu.pact.ctatview.CtatMenuBar$MenuItem:203&gt;main
[12:59:06] +err+ 94: CtatMenuBar.CheckBoxMenuItem.getValues() no entry for menu item [Case Sensitive Exact Matching@900484301, enabled, unchecked]; creating one with values true,false &lt;edu.cmu.pact.ctatview.CtatMenuBar$CheckBoxMenuItem:327&gt;main
[12:59:06] +err+ 95: CtatMenuBar.CheckBoxMenuItem.getValues() no entry for menu item [Lock Widgets on Correct Action@1122386498, enabled, unchecked]; creating one with values true,false &lt;edu.cmu.pact.ctatview.CtatMenuBar$CheckBoxMenuItem:327&gt;main
[12:59:06] +err+ 96: CtatMenuBar.CheckBoxMenuItem.getValues() no entry for menu item [Confirm Done@834671663, enabled, unchecked]; creating one with values true,false &lt;edu.cmu.pact.ctatview.CtatMenuBar$CheckBoxMenuItem:327&gt;main
[12:59:06] +err+ 97: CtatMenuBar.CheckBoxMenuItem.getValues() no entry for menu item [Highlight Right Selection@963457837, enabled, unchecked]; creating one with values true,false &lt;edu.cmu.pact.ctatview.CtatMenuBar$CheckBoxMenuItem:327&gt;main
[12:59:06] +err+ 98: CtatMenuBar.MenuItem.getValues() no entry for menu item [Clean Up Graph...@1821450949, enabled]; creating one with value true &lt;edu.cmu.pact.ctatview.CtatMenuBar$MenuItem:203&gt;main
[12:59:06] +err+ 99: CtatMenuBar.MenuItem.getValues() no entry for menu item [Show Unmatched Component References...@746711858, enabled]; creating one with value true &lt;edu.cmu.pact.ctatview.CtatMenuBar$MenuItem:203&gt;main
[12:59:06] +err+ 100: CtatMenuBar.MenuItem.getValues() no entry for menu item [Start Collaboration...@1994917560, enabled]; creating one with value true &lt;edu.cmu.pact.ctatview.CtatMenuBar$MenuItem:203&gt;main
[12:59:06] +err+ 101: CtatMenuBar.MenuItem.getValues() no entry for menu item [Edit Start State Component Settings...@151194786, enabled]; creating one with value true &lt;edu.cmu.pact.ctatview.CtatMenuBar$MenuItem:203&gt;main
[12:59:06] +err+ 102: CtatMenuBar.MenuItem.getValues() no entry for menu item [Save Jess Facts@104404258, enabled]; creating one with value true &lt;edu.cmu.pact.ctatview.CtatMenuBar$MenuItem:203&gt;main
[12:59:06] +err+ 103: CtatMenuBar.MenuItem.getValues() no entry for menu item [Save Jess Templates@228224607, enabled]; creating one with value true &lt;edu.cmu.pact.ctatview.CtatMenuBar$MenuItem:203&gt;main
[12:59:06] +err+ 104: CtatMenuBar.MenuItem.getValues() no entry for menu item [Load Production Rules@387629240, enabled]; creating one with value true &lt;edu.cmu.pact.ctatview.CtatMenuBar$MenuItem:203&gt;main
[12:59:06] +err+ 105: CtatMenuBar.MenuItem.getValues() no entry for menu item [Create Start State@1174917511, enabled]; creating one with value true &lt;edu.cmu.pact.ctatview.CtatMenuBar$MenuItem:203&gt;main
deserializing from buffer CTATFunctionsParser.ser
Parser construction took 8 millis
[12:59:07] +err+ 106: CtatMenuBar.MenuItem.getValues() no entry for menu item [Open Student Interface...@1185469424, enabled]; creating one with value true &lt;edu.cmu.pact.ctatview.CtatMenuBar$MenuItem:203&gt;main
[12:59:07] +err+ 107: CtatMenuBar.MenuItem.getValues() no entry for menu item [Save Graph@1522169563, enabled]; creating one with value true &lt;edu.cmu.pact.ctatview.CtatMenuBar$MenuItem:203&gt;main
[12:59:07] +err+ 108: CtatMenuBar.MenuItem.getValues() no entry for menu item [Save Graph As...@131158630, enabled]; creating one with value true &lt;edu.cmu.pact.ctatview.CtatMenuBar$MenuItem:203&gt;main
[12:59:07] +err+ 109: CtatMenuBar.MenuItem.getValues() no entry for menu item [Print Graph...@2045261006, enabled]; creating one with value true &lt;edu.cmu.pact.ctatview.CtatMenuBar$MenuItem:203&gt;main
[12:59:07] +err+ 110: CtatMenuBar.CheckBoxMenuItem.getValues() no entry for menu item [Show Action Labels@471988138, enabled, unchecked]; creating one with values true,false &lt;edu.cmu.pact.ctatview.CtatMenuBar$CheckBoxMenuItem:327&gt;main
[12:59:07] +err+ 111: CtatMenuBar.CheckBoxMenuItem.getValues() no entry for menu item [Show Skill Labels@2047526995, enabled, unchecked]; creating one with values true,false &lt;edu.cmu.pact.ctatview.CtatMenuBar$CheckBoxMenuItem:327&gt;main
[12:59:07] +err+ 112: CtatMenuBar.CheckBoxMenuItem.getValues() no entry for menu item [Show Last Cog. Model Check Labels@1508245437, enabled, unchecked]; creating one with values true,false &lt;edu.cmu.pact.ctatview.CtatMenuBar$CheckBoxMenuItem:327&gt;main
[12:59:07] +err+ 113: CtatMenuBar.MenuItem.getValues() no entry for menu item [Undo@184090471, enabled]; creating one with value true &lt;edu.cmu.pact.ctatview.CtatMenuBar$MenuItem:203&gt;main
[12:59:07] +err+ 114: CtatMenuBar.MenuItem.getValues() no entry for menu item [Redo@1632094417, enabled]; creating one with value true &lt;edu.cmu.pact.ctatview.CtatMenuBar$MenuItem:203&gt;main
[12:59:07] +err+ 115: CtatMenuBar.MenuItem.getValues() no entry for menu item [Copy Links@802243388, enabled]; creating one with value true &lt;edu.cmu.pact.ctatview.CtatMenuBar$MenuItem:203&gt;main
[12:59:07] +err+ 116: CtatMenuBar.MenuItem.getValues() no entry for menu item [Paste Links@1402286250, enabled]; creating one with value true &lt;edu.cmu.pact.ctatview.CtatMenuBar$MenuItem:203&gt;main
[12:59:07] +err+ 117: CtatMenuBar.MenuItem.getValues() no entry for menu item [Jump to Start State@1435753993, enabled]; creating one with value true &lt;edu.cmu.pact.ctatview.CtatMenuBar$MenuItem:203&gt;main
[12:59:07] +err+ 118: CtatMenuBar.MenuItem.getValues() no entry for menu item [Retract Last Step@1591102659, enabled]; creating one with value true &lt;edu.cmu.pact.ctatview.CtatMenuBar$MenuItem:203&gt;main
[12:59:07] +err+ 119: CtatMenuBar.MenuItem.getValues() no entry for menu item [Next Preferred Step@1196017369, enabled]; creating one with value true &lt;edu.cmu.pact.ctatview.CtatMenuBar$MenuItem:203&gt;main
[12:59:07] +err+ 120: CtatMenuBar.CheckBoxMenuItem.getValues() no entry for menu item [Case Sensitive Exact Matching@1016984863, enabled, unchecked]; creating one with values true,false &lt;edu.cmu.pact.ctatview.CtatMenuBar$CheckBoxMenuItem:327&gt;main
[12:59:07] +err+ 121: CtatMenuBar.CheckBoxMenuItem.getValues() no entry for menu item [Lock Widgets on Correct Action@642245968, enabled, unchecked]; creating one with values true,false &lt;edu.cmu.pact.ctatview.CtatMenuBar$CheckBoxMenuItem:327&gt;main
[12:59:07] +err+ 122: CtatMenuBar.CheckBoxMenuItem.getValues() no entry for menu item [Confirm Done@975174354, enabled, unchecked]; creating one with values true,false &lt;edu.cmu.pact.ctatview.CtatMenuBar$CheckBoxMenuItem:327&gt;main
[12:59:07] +err+ 123: CtatMenuBar.CheckBoxMenuItem.getValues() no entry for menu item [Highlight Right Selection@160173774, enabled, unchecked]; creating one with values true,false &lt;edu.cmu.pact.ctatview.CtatMenuBar$CheckBoxMenuItem:327&gt;main
[12:59:07] +err+ 124: CtatMenuBar.MenuItem.getValues() no entry for menu item [Clean Up Graph...@2041190485, enabled]; creating one with value true &lt;edu.cmu.pact.ctatview.CtatMenuBar$MenuItem:203&gt;main
[12:59:07] +err+ 125: CtatMenuBar.MenuItem.getValues() no entry for menu item [Show Unmatched Component References...@237220570, enabled]; creating one with value true &lt;edu.cmu.pact.ctatview.CtatMenuBar$MenuItem:203&gt;main
[12:59:07] +err+ 126: CtatMenuBar.MenuItem.getValues() no entry for menu item [Start Collaboration...@259790834, enabled]; creating one with value true &lt;edu.cmu.pact.ctatview.CtatMenuBar$MenuItem:203&gt;main
[12:59:07] +err+ 127: CtatMenuBar.MenuItem.getValues() no entry for menu item [Edit Start State Component Settings...@615475072, enabled]; creating one with value true &lt;edu.cmu.pact.ctatview.CtatMenuBar$MenuItem:203&gt;main
[12:59:07] +err+ 128: CtatMenuBar.MenuItem.getValues() no entry for menu item [Save Jess Facts@1064872588, enabled]; creating one with value true &lt;edu.cmu.pact.ctatview.CtatMenuBar$MenuItem:203&gt;main
[12:59:07] +err+ 129: CtatMenuBar.MenuItem.getValues() no entry for menu item [Save Jess Templates@184872418, enabled]; creating one with value true &lt;edu.cmu.pact.ctatview.CtatMenuBar$MenuItem:203&gt;main
[12:59:07] +err+ 130: CtatMenuBar.MenuItem.getValues() no entry for menu item [Load Production Rules@1557904545, enabled]; creating one with value true &lt;edu.cmu.pact.ctatview.CtatMenuBar$MenuItem:203&gt;main
[12:59:07] +err+ 131: CtatMenuBar.MenuItem.getValues() no entry for menu item [Create Start State@1739461572, enabled]; creating one with value true &lt;edu.cmu.pact.ctatview.CtatMenuBar$MenuItem:203&gt;main
deserializing from buffer CTATFunctionsParser.ser
Parser construction took 5 millis
[12:59:08] +err+ 132: CtatMenuBar.MenuItem.getValues() no entry for menu item [Open Student Interface...@408677846, enabled]; creating one with value true &lt;edu.cmu.pact.ctatview.CtatMenuBar$MenuItem:203&gt;main
[12:59:08] +err+ 133: CtatMenuBar.MenuItem.getValues() no entry for menu item [Save Graph@10685731, enabled]; creating one with value true &lt;edu.cmu.pact.ctatview.CtatMenuBar$MenuItem:203&gt;main
[12:59:08] +err+ 134: CtatMenuBar.MenuItem.getValues() no entry for menu item [Save Graph As...@1353938216, enabled]; creating one with value true &lt;edu.cmu.pact.ctatview.CtatMenuBar$MenuItem:203&gt;main
[12:59:08] +err+ 135: CtatMenuBar.MenuItem.getValues() no entry for menu item [Print Graph...@825921301, enabled]; creating one with value true &lt;edu.cmu.pact.ctatview.CtatMenuBar$MenuItem:203&gt;main
[12:59:08] +err+ 136: CtatMenuBar.CheckBoxMenuItem.getValues() no entry for menu item [Show Action Labels@1421713347, enabled, unchecked]; creating one with values true,false &lt;edu.cmu.pact.ctatview.CtatMenuBar$CheckBoxMenuItem:327&gt;main
[12:59:08] +err+ 137: CtatMenuBar.CheckBoxMenuItem.getValues() no entry for menu item [Show Skill Labels@1833166507, enabled, unchecked]; creating one with values true,false &lt;edu.cmu.pact.ctatview.CtatMenuBar$CheckBoxMenuItem:327&gt;main
[12:59:08] +err+ 138: CtatMenuBar.CheckBoxMenuItem.getValues() no entry for menu item [Show Last Cog. Model Check Labels@81599640, enabled, unchecked]; creating one with values true,false &lt;edu.cmu.pact.ctatview.CtatMenuBar$CheckBoxMenuItem:327&gt;main
[12:59:08] +err+ 139: CtatMenuBar.MenuItem.getValues() no entry for menu item [Undo@1350582694, enabled]; creating one with value true &lt;edu.cmu.pact.ctatview.CtatMenuBar$MenuItem:203&gt;main
[12:59:08] +err+ 140: CtatMenuBar.MenuItem.getValues() no entry for menu item [Redo@341189268, enabled]; creating one with value true &lt;edu.cmu.pact.ctatview.CtatMenuBar$MenuItem:203&gt;main
[12:59:08] +err+ 141: CtatMenuBar.MenuItem.getValues() no entry for menu item [Copy Links@586689786, enabled]; creating one with value true &lt;edu.cmu.pact.ctatview.CtatMenuBar$MenuItem:203&gt;main
[12:59:08] +err+ 142: CtatMenuBar.MenuItem.getValues() no entry for menu item [Paste Links@1397809925, enabled]; creating one with value true &lt;edu.cmu.pact.ctatview.CtatMenuBar$MenuItem:203&gt;main
[12:59:08] +err+ 143: CtatMenuBar.MenuItem.getValues() no entry for menu item [Jump to Start State@1673029550, enabled]; creating one with value true &lt;edu.cmu.pact.ctatview.CtatMenuBar$MenuItem:203&gt;main
[12:59:08] +err+ 144: CtatMenuBar.MenuItem.getValues() no entry for menu item [Retract Last Step@1604256679, enabled]; creating one with value true &lt;edu.cmu.pact.ctatview.CtatMenuBar$MenuItem:203&gt;main
[12:59:08] +err+ 145: CtatMenuBar.MenuItem.getValues() no entry for menu item [Next Preferred Step@1084815868, enabled]; creating one with value true &lt;edu.cmu.pact.ctatview.CtatMenuBar$MenuItem:203&gt;main
[12:59:08] +err+ 146: CtatMenuBar.CheckBoxMenuItem.getValues() no entry for menu item [Case Sensitive Exact Matching@364130446, enabled, unchecked]; creating one with values true,false &lt;edu.cmu.pact.ctatview.CtatMenuBar$CheckBoxMenuItem:327&gt;main
[12:59:08] +err+ 147: CtatMenuBar.CheckBoxMenuItem.getValues() no entry for menu item [Lock Widgets on Correct Action@1759495619, enabled, unchecked]; creating one with values true,false &lt;edu.cmu.pact.ctatview.CtatMenuBar$CheckBoxMenuItem:327&gt;main
[12:59:08] +err+ 148: CtatMenuBar.CheckBoxMenuItem.getValues() no entry for menu item [Confirm Done@993049343, enabled, unchecked]; creating one with values true,false &lt;edu.cmu.pact.ctatview.CtatMenuBar$CheckBoxMenuItem:327&gt;main
[12:59:08] +err+ 149: CtatMenuBar.CheckBoxMenuItem.getValues() no entry for menu item [Highlight Right Selection@2084886964, enabled, unchecked]; creating one with values true,false &lt;edu.cmu.pact.ctatview.CtatMenuBar$CheckBoxMenuItem:327&gt;main
[12:59:08] +err+ 150: CtatMenuBar.MenuItem.getValues() no entry for menu item [Clean Up Graph...@1660178943, enabled]; creating one with value true &lt;edu.cmu.pact.ctatview.CtatMenuBar$MenuItem:203&gt;main
[12:59:08] +err+ 151: CtatMenuBar.MenuItem.getValues() no entry for menu item [Show Unmatched Component References...@372469530, enabled]; creating one with value true &lt;edu.cmu.pact.ctatview.CtatMenuBar$MenuItem:203&gt;main
[12:59:08] +err+ 152: CtatMenuBar.MenuItem.getValues() no entry for menu item [Start Collaboration...@1717812037, enabled]; creating one with value true &lt;edu.cmu.pact.ctatview.CtatMenuBar$MenuItem:203&gt;main
[12:59:08] +err+ 153: CtatMenuBar.MenuItem.getValues() no entry for menu item [Edit Start State Component Settings...@836958447, enabled]; creating one with value true &lt;edu.cmu.pact.ctatview.CtatMenuBar$MenuItem:203&gt;main
[12:59:08] +err+ 154: CtatMenuBar.MenuItem.getValues() no entry for menu item [Save Jess Facts@902872700, enabled]; creating one with value true &lt;edu.cmu.pact.ctatview.CtatMenuBar$MenuItem:203&gt;main
[12:59:08] +err+ 155: CtatMenuBar.MenuItem.getValues() no entry for menu item [Save Jess Templates@462019198, enabled]; creating one with value true &lt;edu.cmu.pact.ctatview.CtatMenuBar$MenuItem:203&gt;main
[12:59:08] +err+ 156: CtatMenuBar.MenuItem.getValues() no entry for menu item [Load Production Rules@154543987, enabled]; creating one with value true &lt;edu.cmu.pact.ctatview.CtatMenuBar$MenuItem:203&gt;main
[12:59:08] +err+ 157: CtatMenuBar.MenuItem.getValues() no entry for menu item [Create Start State@1667794942, enabled]; creating one with value true &lt;edu.cmu.pact.ctatview.CtatMenuBar$MenuItem:203&gt;main
deserializing from buffer CTATFunctionsParser.ser
Parser construction took 5 millis
[12:59:08] +err+ 158: CtatMenuBar.MenuItem.getValues() no entry for menu item [Open Student Interface...@1606636436, enabled]; creating one with value true &lt;edu.cmu.pact.ctatview.CtatMenuBar$MenuItem:203&gt;main
[12:59:08] +err+ 159: CtatMenuBar.MenuItem.getValues() no entry for menu item [Save Graph@696687477, enabled]; creating one with value true &lt;edu.cmu.pact.ctatview.CtatMenuBar$MenuItem:203&gt;main
[12:59:08] +err+ 160: CtatMenuBar.MenuItem.getValues() no entry for menu item [Save Graph As...@1145582495, enabled]; creating one with value true &lt;edu.cmu.pact.ctatview.CtatMenuBar$MenuItem:203&gt;main
[12:59:08] +err+ 161: CtatMenuBar.MenuItem.getValues() no entry for menu item [Print Graph...@989870096, enabled]; creating one with value true &lt;edu.cmu.pact.ctatview.CtatMenuBar$MenuItem:203&gt;main
[12:59:08] +err+ 162: CtatMenuBar.CheckBoxMenuItem.getValues() no entry for menu item [Show Action Labels@252280818, enabled, unchecked]; creating one with values true,false &lt;edu.cmu.pact.ctatview.CtatMenuBar$CheckBoxMenuItem:327&gt;main
[12:59:08] +err+ 163: CtatMenuBar.CheckBoxMenuItem.getValues() no entry for menu item [Show Skill Labels@950988948, enabled, unchecked]; creating one with values true,false &lt;edu.cmu.pact.ctatview.CtatMenuBar$CheckBoxMenuItem:327&gt;main
[12:59:08] +err+ 164: CtatMenuBar.CheckBoxMenuItem.getValues() no entry for menu item [Show Last Cog. Model Check Labels@1697948062, enabled, unchecked]; creating one with values true,false &lt;edu.cmu.pact.ctatview.CtatMenuBar$CheckBoxMenuItem:327&gt;main
[12:59:08] +err+ 165: CtatMenuBar.MenuItem.getValues() no entry for menu item [Undo@1650376698, enabled]; creating one with value true &lt;edu.cmu.pact.ctatview.CtatMenuBar$MenuItem:203&gt;main
[12:59:08] +err+ 166: CtatMenuBar.MenuItem.getValues() no entry for menu item [Redo@982378634, enabled]; creating one with value true &lt;edu.cmu.pact.ctatview.CtatMenuBar$MenuItem:203&gt;main
[12:59:08] +err+ 167: CtatMenuBar.MenuItem.getValues() no entry for menu item [Copy Links@983423502, enabled]; creating one with value true &lt;edu.cmu.pact.ctatview.CtatMenuBar$MenuItem:203&gt;main
[12:59:08] +err+ 168: CtatMenuBar.MenuItem.getValues() no entry for menu item [Paste Links@1364650802, enabled]; creating one with value true &lt;edu.cmu.pact.ctatview.CtatMenuBar$MenuItem:203&gt;main
[12:59:08] +err+ 169: CtatMenuBar.MenuItem.getValues() no entry for menu item [Jump to Start State@177978942, enabled]; creating one with value true &lt;edu.cmu.pact.ctatview.CtatMenuBar$MenuItem:203&gt;main
[12:59:08] +err+ 170: CtatMenuBar.MenuItem.getValues() no entry for menu item [Retract Last Step@1994841570, enabled]; creating one with value true &lt;edu.cmu.pact.ctatview.CtatMenuBar$MenuItem:203&gt;main
[12:59:08] +err+ 171: CtatMenuBar.MenuItem.getValues() no entry for menu item [Next Preferred Step@787570026, enabled]; creating one with value true &lt;edu.cmu.pact.ctatview.CtatMenuBar$MenuItem:203&gt;main
[12:59:08] +err+ 172: CtatMenuBar.CheckBoxMenuItem.getValues() no entry for menu item [Case Sensitive Exact Matching@1747710521, enabled, unchecked]; creating one with values true,false &lt;edu.cmu.pact.ctatview.CtatMenuBar$CheckBoxMenuItem:327&gt;main
[12:59:08] +err+ 173: CtatMenuBar.CheckBoxMenuItem.getValues() no entry for menu item [Lock Widgets on Correct Action@530172257, enabled, unchecked]; creating one with values true,false &lt;edu.cmu.pact.ctatview.CtatMenuBar$CheckBoxMenuItem:327&gt;main
[12:59:08] +err+ 174: CtatMenuBar.CheckBoxMenuItem.getValues() no entry for menu item [Confirm Done@695471996, enabled, unchecked]; creating one with values true,false &lt;edu.cmu.pact.ctatview.CtatMenuBar$CheckBoxMenuItem:327&gt;main
[12:59:08] +err+ 175: CtatMenuBar.CheckBoxMenuItem.getValues() no entry for menu item [Highlight Right Selection@44346151, enabled, unchecked]; creating one with values true,false &lt;edu.cmu.pact.ctatview.CtatMenuBar$CheckBoxMenuItem:327&gt;main
[12:59:08] +err+ 176: CtatMenuBar.MenuItem.getValues() no entry for menu item [Clean Up Graph...@1321138081, enabled]; creating one with value true &lt;edu.cmu.pact.ctatview.CtatMenuBar$MenuItem:203&gt;main
[12:59:08] +err+ 177: CtatMenuBar.MenuItem.getValues() no entry for menu item [Show Unmatched Component References...@1534301034, enabled]; creating one with value true &lt;edu.cmu.pact.ctatview.CtatMenuBar$MenuItem:203&gt;main
[12:59:08] +err+ 178: CtatMenuBar.MenuItem.getValues() no entry for menu item [Start Collaboration...@136769041, enabled]; creating one with value true &lt;edu.cmu.pact.ctatview.CtatMenuBar$MenuItem:203&gt;main
[12:59:08] +err+ 179: CtatMenuBar.MenuItem.getValues() no entry for menu item [Edit Start State Component Settings...@1498285692, enabled]; creating one with value true &lt;edu.cmu.pact.ctatview.CtatMenuBar$MenuItem:203&gt;main
[12:59:08] +err+ 180: CtatMenuBar.MenuItem.getValues() no entry for menu item [Save Jess Facts@1614098110, enabled]; creating one with value true &lt;edu.cmu.pact.ctatview.CtatMenuBar$MenuItem:203&gt;main
[12:59:08] +err+ 181: CtatMenuBar.MenuItem.getValues() no entry for menu item [Save Jess Templates@1133505866, enabled]; creating one with value true &lt;edu.cmu.pact.ctatview.CtatMenuBar$MenuItem:203&gt;main
[12:59:08] +err+ 182: CtatMenuBar.MenuItem.getValues() no entry for menu item [Load Production Rules@1405280335, enabled]; creating one with value true &lt;edu.cmu.pact.ctatview.CtatMenuBar$MenuItem:203&gt;main
[12:59:08] +err+ 183: CtatMenuBar.MenuItem.getValues() no entry for menu item [Create Start State@560679254, enabled]; creating one with value true &lt;edu.cmu.pact.ctatview.CtatMenuBar$MenuItem:203&gt;main
deserializing from buffer CTATFunctionsParser.ser
Parser construction took 4 millis
[12:59:08] +err+ 184: CtatMenuBar.MenuItem.getValues() no entry for menu item [Open Student Interface...@1506746556, enabled]; creating one with value true &lt;edu.cmu.pact.ctatview.CtatMenuBar$MenuItem:203&gt;main
[12:59:08] +err+ 185: CtatMenuBar.MenuItem.getValues() no entry for menu item [Save Graph@1470173466, enabled]; creating one with value true &lt;edu.cmu.pact.ctatview.CtatMenuBar$MenuItem:203&gt;main
[12:59:08] +err+ 186: CtatMenuBar.MenuItem.getValues() no entry for menu item [Save Graph As...@258600680, enabled]; creating one with value true &lt;edu.cmu.pact.ctatview.CtatMenuBar$MenuItem:203&gt;main
[12:59:08] +err+ 187: CtatMenuBar.MenuItem.getValues() no entry for menu item [Print Graph...@2142101395, enabled]; creating one with value true &lt;edu.cmu.pact.ctatview.CtatMenuBar$MenuItem:203&gt;main
[12:59:08] +err+ 188: CtatMenuBar.CheckBoxMenuItem.getValues() no entry for menu item [Show Action Labels@880800621, enabled, unchecked]; creating one with values true,false &lt;edu.cmu.pact.ctatview.CtatMenuBar$CheckBoxMenuItem:327&gt;main
[12:59:08] +err+ 189: CtatMenuBar.CheckBoxMenuItem.getValues() no entry for menu item [Show Skill Labels@1011258376, enabled, unchecked]; creating one with values true,false &lt;edu.cmu.pact.ctatview.CtatMenuBar$CheckBoxMenuItem:327&gt;main
[12:59:08] +err+ 190: CtatMenuBar.CheckBoxMenuItem.getValues() no entry for menu item [Show Last Cog. Model Check Labels@1033943074, enabled, unchecked]; creating one with values true,false &lt;edu.cmu.pact.ctatview.CtatMenuBar$CheckBoxMenuItem:327&gt;main
[12:59:08] +err+ 191: CtatMenuBar.MenuItem.getValues() no entry for menu item [Undo@43573194, enabled]; creating one with value true &lt;edu.cmu.pact.ctatview.CtatMenuBar$MenuItem:203&gt;main
[12:59:08] +err+ 192: CtatMenuBar.MenuItem.getValues() no entry for menu item [Redo@42747931, enabled]; creating one with value true &lt;edu.cmu.pact.ctatview.CtatMenuBar$MenuItem:203&gt;main
[12:59:08] +err+ 193: CtatMenuBar.MenuItem.getValues() no entry for menu item [Copy Links@1204938219, enabled]; creating one with value true &lt;edu.cmu.pact.ctatview.CtatMenuBar$MenuItem:203&gt;main
[12:59:08] +err+ 194: CtatMenuBar.MenuItem.getValues() no entry for menu item [Paste Links@625855523, enabled]; creating one with value true &lt;edu.cmu.pact.ctatview.CtatMenuBar$MenuItem:203&gt;main
[12:59:08] +err+ 195: CtatMenuBar.MenuItem.getValues() no entry for menu item [Jump to Start State@413615030, enabled]; creating one with value true &lt;edu.cmu.pact.ctatview.CtatMenuBar$MenuItem:203&gt;main
[12:59:08] +err+ 196: CtatMenuBar.MenuItem.getValues() no entry for menu item [Retract Last Step@223243871, enabled]; creating one with value true &lt;edu.cmu.pact.ctatview.CtatMenuBar$MenuItem:203&gt;main
[12:59:08] +err+ 197: CtatMenuBar.MenuItem.getValues() no entry for menu item [Next Preferred Step@405808588, enabled]; creating one with value true &lt;edu.cmu.pact.ctatview.CtatMenuBar$MenuItem:203&gt;main
[12:59:08] +err+ 198: CtatMenuBar.CheckBoxMenuItem.getValues() no entry for menu item [Case Sensitive Exact Matching@16875644, enabled, unchecked]; creating one with values true,false &lt;edu.cmu.pact.ctatview.CtatMenuBar$CheckBoxMenuItem:327&gt;main
[12:59:08] +err+ 199: CtatMenuBar.CheckBoxMenuItem.getValues() no entry for menu item [Lock Widgets on Correct Action@161107304, enabled, unchecked]; creating one with values true,false &lt;edu.cmu.pact.ctatview.CtatMenuBar$CheckBoxMenuItem:327&gt;main
[12:59:08] +err+ 200: CtatMenuBar.CheckBoxMenuItem.getValues() no entry for menu item [Confirm Done@1901063108, enabled, unchecked]; creating one with values true,false &lt;edu.cmu.pact.ctatview.CtatMenuBar$CheckBoxMenuItem:327&gt;main
[12:59:08] +err+ 201: CtatMenuBar.CheckBoxMenuItem.getValues() no entry for menu item [Highlight Right Selection@905956090, enabled, unchecked]; creating one with values true,false &lt;edu.cmu.pact.ctatview.CtatMenuBar$CheckBoxMenuItem:327&gt;main
[12:59:08] +err+ 202: CtatMenuBar.MenuItem.getValues() no entry for menu item [Clean Up Graph...@501289790, enabled]; creating one with value true &lt;edu.cmu.pact.ctatview.CtatMenuBar$MenuItem:203&gt;main
[12:59:08] +err+ 203: CtatMenuBar.MenuItem.getValues() no entry for menu item [Show Unmatched Component References...@599153349, enabled]; creating one with value true &lt;edu.cmu.pact.ctatview.CtatMenuBar$MenuItem:203&gt;main
[12:59:08] +err+ 204: CtatMenuBar.MenuItem.getValues() no entry for menu item [Start Collaboration...@448415323, enabled]; creating one with value true &lt;edu.cmu.pact.ctatview.CtatMenuBar$MenuItem:203&gt;main
[12:59:08] +err+ 205: CtatMenuBar.MenuItem.getValues() no entry for menu item [Edit Start State Component Settings...@108332225, enabled]; creating one with value true &lt;edu.cmu.pact.ctatview.CtatMenuBar$MenuItem:203&gt;main
[12:59:08] +err+ 206: CtatMenuBar.MenuItem.getValues() no entry for menu item [Save Jess Facts@1942210879, enabled]; creating one with value true &lt;edu.cmu.pact.ctatview.CtatMenuBar$MenuItem:203&gt;main
[12:59:08] +err+ 207: CtatMenuBar.MenuItem.getValues() no entry for menu item [Save Jess Templates@986808953, enabled]; creating one with value true &lt;edu.cmu.pact.ctatview.CtatMenuBar$MenuItem:203&gt;main
[12:59:08] +err+ 208: CtatMenuBar.MenuItem.getValues() no entry for menu item [Load Production Rules@1205224628, enabled]; creating one with value true &lt;edu.cmu.pact.ctatview.CtatMenuBar$MenuItem:203&gt;main
[12:59:08] +err+ 209: CtatMenuBar.MenuItem.getValues() no entry for menu item [Create Start State@378872055, enabled]; creating one with value true &lt;edu.cmu.pact.ctatview.CtatMenuBar$MenuItem:203&gt;main
deserializing from buffer CTATFunctionsParser.ser
Parser construction took 6 millis
[12:59:08] +err+ 210: CtatMenuBar.MenuItem.getValues() no entry for menu item [Open Student Interface...@963240749, enabled]; creating one with value true &lt;edu.cmu.pact.ctatview.CtatMenuBar$MenuItem:203&gt;main
[12:59:08] +err+ 211: CtatMenuBar.MenuItem.getValues() no entry for menu item [Save Graph@1294700930, enabled]; creating one with value true &lt;edu.cmu.pact.ctatview.CtatMenuBar$MenuItem:203&gt;main
[12:59:08] +err+ 212: CtatMenuBar.MenuItem.getValues() no entry for menu item [Save Graph As...@1734219106, enabled]; creating one with value true &lt;edu.cmu.pact.ctatview.CtatMenuBar$MenuItem:203&gt;main
[12:59:08] +err+ 213: CtatMenuBar.MenuItem.getValues() no entry for menu item [Print Graph...@1612902561, enabled]; creating one with value true &lt;edu.cmu.pact.ctatview.CtatMenuBar$MenuItem:203&gt;main
[12:59:08] +err+ 214: CtatMenuBar.CheckBoxMenuItem.getValues() no entry for menu item [Show Action Labels@821024254, enabled, unchecked]; creating one with values true,false &lt;edu.cmu.pact.ctatview.CtatMenuBar$CheckBoxMenuItem:327&gt;main
[12:59:08] +err+ 215: CtatMenuBar.CheckBoxMenuItem.getValues() no entry for menu item [Show Skill Labels@1372205003, enabled, unchecked]; creating one with values true,false &lt;edu.cmu.pact.ctatview.CtatMenuBar$CheckBoxMenuItem:327&gt;main
[12:59:08] +err+ 216: CtatMenuBar.CheckBoxMenuItem.getValues() no entry for menu item [Show Last Cog. Model Check Labels@822600288, enabled, unchecked]; creating one with values true,false &lt;edu.cmu.pact.ctatview.CtatMenuBar$CheckBoxMenuItem:327&gt;main
[12:59:08] +err+ 217: CtatMenuBar.MenuItem.getValues() no entry for menu item [Undo@2090804677, enabled]; creating one with value true &lt;edu.cmu.pact.ctatview.CtatMenuBar$MenuItem:203&gt;main
[12:59:08] +err+ 218: CtatMenuBar.MenuItem.getValues() no entry for menu item [Redo@879290478, enabled]; creating one with value true &lt;edu.cmu.pact.ctatview.CtatMenuBar$MenuItem:203&gt;main
[12:59:08] +err+ 219: CtatMenuBar.MenuItem.getValues() no entry for menu item [Copy Links@1400088739, enabled]; creating one with value true &lt;edu.cmu.pact.ctatview.CtatMenuBar$MenuItem:203&gt;main
[12:59:08] +err+ 220: CtatMenuBar.MenuItem.getValues() no entry for menu item [Paste Links@1313116194, enabled]; creating one with value true &lt;edu.cmu.pact.ctatview.CtatMenuBar$MenuItem:203&gt;main
[12:59:08] +err+ 221: CtatMenuBar.MenuItem.getValues() no entry for menu item [Jump to Start State@1575679153, enabled]; creating one with value true &lt;edu.cmu.pact.ctatview.CtatMenuBar$MenuItem:203&gt;main
[12:59:08] +err+ 222: CtatMenuBar.MenuItem.getValues() no entry for menu item [Retract Last Step@1818673314, enabled]; creating one with value true &lt;edu.cmu.pact.ctatview.CtatMenuBar$MenuItem:203&gt;main
[12:59:08] +err+ 223: CtatMenuBar.MenuItem.getValues() no entry for menu item [Next Preferred Step@1307640647, enabled]; creating one with value true &lt;edu.cmu.pact.ctatview.CtatMenuBar$MenuItem:203&gt;main
[12:59:08] +err+ 224: CtatMenuBar.CheckBoxMenuItem.getValues() no entry for menu item [Case Sensitive Exact Matching@168710731, enabled, unchecked]; creating one with values true,false &lt;edu.cmu.pact.ctatview.CtatMenuBar$CheckBoxMenuItem:327&gt;main
[12:59:08] +err+ 225: CtatMenuBar.CheckBoxMenuItem.getValues() no entry for menu item [Lock Widgets on Correct Action@842841877, enabled, unchecked]; creating one with values true,false &lt;edu.cmu.pact.ctatview.CtatMenuBar$CheckBoxMenuItem:327&gt;main
[12:59:08] +err+ 226: CtatMenuBar.CheckBoxMenuItem.getValues() no entry for menu item [Confirm Done@841291127, enabled, unchecked]; creating one with values true,false &lt;edu.cmu.pact.ctatview.CtatMenuBar$CheckBoxMenuItem:327&gt;main
[12:59:08] +err+ 227: CtatMenuBar.CheckBoxMenuItem.getValues() no entry for menu item [Highlight Right Selection@547639641, enabled, unchecked]; creating one with values true,false &lt;edu.cmu.pact.ctatview.CtatMenuBar$CheckBoxMenuItem:327&gt;main
[12:59:08] +err+ 228: CtatMenuBar.MenuItem.getValues() no entry for menu item [Clean Up Graph...@164620980, enabled]; creating one with value true &lt;edu.cmu.pact.ctatview.CtatMenuBar$MenuItem:203&gt;main
[12:59:08] +err+ 229: CtatMenuBar.MenuItem.getValues() no entry for menu item [Show Unmatched Component References...@825873524, enabled]; creating one with value true &lt;edu.cmu.pact.ctatview.CtatMenuBar$MenuItem:203&gt;main
[12:59:08] +err+ 230: CtatMenuBar.MenuItem.getValues() no entry for menu item [Start Collaboration...@374968980, enabled]; creating one with value true &lt;edu.cmu.pact.ctatview.CtatMenuBar$MenuItem:203&gt;main
[12:59:08] +err+ 231: CtatMenuBar.MenuItem.getValues() no entry for menu item [Edit Start State Component Settings...@309669756, enabled]; creating one with value true &lt;edu.cmu.pact.ctatview.CtatMenuBar$MenuItem:203&gt;main
[12:59:08] +err+ 232: CtatMenuBar.MenuItem.getValues() no entry for menu item [Save Jess Facts@1372457458, enabled]; creating one with value true &lt;edu.cmu.pact.ctatview.CtatMenuBar$MenuItem:203&gt;main
[12:59:08] +err+ 233: CtatMenuBar.MenuItem.getValues() no entry for menu item [Save Jess Templates@770644179, enabled]; creating one with value true &lt;edu.cmu.pact.ctatview.CtatMenuBar$MenuItem:203&gt;main
[12:59:08] +err+ 234: CtatMenuBar.MenuItem.getValues() no entry for menu item [Load Production Rules@1577721792, enabled]; creating one with value true &lt;edu.cmu.pact.ctatview.CtatMenuBar$MenuItem:203&gt;main
[12:59:08] +err+ 235: CtatMenuBar.MenuItem.getValues() no entry for menu item [Create Start State@2001915986, enabled]; creating one with value true &lt;edu.cmu.pact.ctatview.CtatMenuBar$MenuItem:203&gt;main
deserializing from buffer CTATFunctionsParser.ser
Parser construction took 4 millis
[12:59:08] +err+ 236: CtatMenuBar.MenuItem.getValues() no entry for menu item [Open Student Interface...@1368710727, enabled]; creating one with value true &lt;edu.cmu.pact.ctatview.CtatMenuBar$MenuItem:203&gt;main
[12:59:08] +err+ 237: CtatMenuBar.MenuItem.getValues() no entry for menu item [Save Graph@1081451681, enabled]; creating one with value true &lt;edu.cmu.pact.ctatview.CtatMenuBar$MenuItem:203&gt;main
[12:59:08] +err+ 238: CtatMenuBar.MenuItem.getValues() no entry for menu item [Save Graph As...@1804298006, enabled]; creating one with value true &lt;edu.cmu.pact.ctatview.CtatMenuBar$MenuItem:203&gt;main
[12:59:08] +err+ 239: CtatMenuBar.MenuItem.getValues() no entry for menu item [Print Graph...@1033189802, enabled]; creating one with value true &lt;edu.cmu.pact.ctatview.CtatMenuBar$MenuItem:203&gt;main
[12:59:08] +err+ 240: CtatMenuBar.CheckBoxMenuItem.getValues() no entry for menu item [Show Action Labels@2124424930, enabled, unchecked]; creating one with values true,false &lt;edu.cmu.pact.ctatview.CtatMenuBar$CheckBoxMenuItem:327&gt;main
[12:59:08] +err+ 241: CtatMenuBar.CheckBoxMenuItem.getValues() no entry for menu item [Show Skill Labels@1146683488, enabled, unchecked]; creating one with values true,false &lt;edu.cmu.pact.ctatview.CtatMenuBar$CheckBoxMenuItem:327&gt;main
[12:59:08] +err+ 242: CtatMenuBar.CheckBoxMenuItem.getValues() no entry for menu item [Show Last Cog. Model Check Labels@791134638, enabled, unchecked]; creating one with values true,false &lt;edu.cmu.pact.ctatview.CtatMenuBar$CheckBoxMenuItem:327&gt;main
[12:59:08] +err+ 243: CtatMenuBar.MenuItem.getValues() no entry for menu item [Undo@1528602289, enabled]; creating one with value true &lt;edu.cmu.pact.ctatview.CtatMenuBar$MenuItem:203&gt;main
[12:59:08] +err+ 244: CtatMenuBar.MenuItem.getValues() no entry for menu item [Redo@871802162, enabled]; creating one with value true &lt;edu.cmu.pact.ctatview.CtatMenuBar$MenuItem:203&gt;main
[12:59:08] +err+ 245: CtatMenuBar.MenuItem.getValues() no entry for menu item [Copy Links@98013253, enabled]; creating one with value true &lt;edu.cmu.pact.ctatview.CtatMenuBar$MenuItem:203&gt;main
[12:59:08] +err+ 246: CtatMenuBar.MenuItem.getValues() no entry for menu item [Paste Links@188785922, enabled]; creating one with value true &lt;edu.cmu.pact.ctatview.CtatMenuBar$MenuItem:203&gt;main
[12:59:08] +err+ 247: CtatMenuBar.MenuItem.getValues() no entry for menu item [Jump to Start State@1315222724, enabled]; creating one with value true &lt;edu.cmu.pact.ctatview.CtatMenuBar$MenuItem:203&gt;main
[12:59:08] +err+ 248: CtatMenuBar.MenuItem.getValues() no entry for menu item [Retract Last Step@899143697, enabled]; creating one with value true &lt;edu.cmu.pact.ctatview.CtatMenuBar$MenuItem:203&gt;main
[12:59:08] +err+ 249: CtatMenuBar.MenuItem.getValues() no entry for menu item [Next Preferred Step@65691540, enabled]; creating one with value true &lt;edu.cmu.pact.ctatview.CtatMenuBar$MenuItem:203&gt;main
[12:59:08] +err+ 250: CtatMenuBar.CheckBoxMenuItem.getValues() no entry for menu item [Case Sensitive Exact Matching@271118222, enabled, unchecked]; creating one with values true,false &lt;edu.cmu.pact.ctatview.CtatMenuBar$CheckBoxMenuItem:327&gt;main
[12:59:08] +err+ 251: CtatMenuBar.CheckBoxMenuItem.getValues() no entry for menu item [Lock Widgets on Correct Action@1871141867, enabled, unchecked]; creating one with values true,false &lt;edu.cmu.pact.ctatview.CtatMenuBar$CheckBoxMenuItem:327&gt;main
[12:59:08] +err+ 252: CtatMenuBar.CheckBoxMenuItem.getValues() no entry for menu item [Confirm Done@530832001, enabled, unchecked]; creating one with values true,false &lt;edu.cmu.pact.ctatview.CtatMenuBar$CheckBoxMenuItem:327&gt;main
[12:59:08] +err+ 253: CtatMenuBar.CheckBoxMenuItem.getValues() no entry for menu item [Highlight Right Selection@1046371169, enabled, unchecked]; creating one with values true,false &lt;edu.cmu.pact.ctatview.CtatMenuBar$CheckBoxMenuItem:327&gt;main
[12:59:08] +err+ 254: CtatMenuBar.MenuItem.getValues() no entry for menu item [Clean Up Graph...@315764278, enabled]; creating one with value true &lt;edu.cmu.pact.ctatview.CtatMenuBar$MenuItem:203&gt;main
[12:59:08] +err+ 255: CtatMenuBar.MenuItem.getValues() no entry for menu item [Show Unmatched Component References...@618128609, enabled]; creating one with value true &lt;edu.cmu.pact.ctatview.CtatMenuBar$MenuItem:203&gt;main
[12:59:08] +err+ 256: CtatMenuBar.MenuItem.getValues() no entry for menu item [Start Collaboration...@288878518, enabled]; creating one with value true &lt;edu.cmu.pact.ctatview.CtatMenuBar$MenuItem:203&gt;main
[12:59:08] +err+ 257: CtatMenuBar.MenuItem.getValues() no entry for menu item [Edit Start State Component Settings...@838700854, enabled]; creating one with value true &lt;edu.cmu.pact.ctatview.CtatMenuBar$MenuItem:203&gt;main
[12:59:08] +err+ 258: CtatMenuBar.MenuItem.getValues() no entry for menu item [Save Jess Facts@220007555, enabled]; creating one with value true &lt;edu.cmu.pact.ctatview.CtatMenuBar$MenuItem:203&gt;main
[12:59:08] +err+ 259: CtatMenuBar.MenuItem.getValues() no entry for menu item [Save Jess Templates@1847620398, enabled]; creating one with value true &lt;edu.cmu.pact.ctatview.CtatMenuBar$MenuItem:203&gt;main
[12:59:08] +err+ 260: CtatMenuBar.MenuItem.getValues() no entry for menu item [Load Production Rules@136382826, enabled]; creating one with value true &lt;edu.cmu.pact.ctatview.CtatMenuBar$MenuItem:203&gt;main
[12:59:08] +err+ 261: CtatMenuBar.MenuItem.getValues() no entry for menu item [Create Start State@1091644435, enabled]; creating one with value true &lt;edu.cmu.pact.ctatview.CtatMenuBar$MenuItem:203&gt;main
deserializing from buffer CTATFunctionsParser.ser
Parser construction took 3 millis
[12:59:08] +err+ 262: Could not instantiate class edu.cmu.pact.jess.GoToWMMessgHandlerTest:
  java.lang.NullPointerException; cause: null &lt;edu.GlobalTestSuiteManager:158&gt;main
java.lang.NullPointerException
	at edu.cmu.pact.BehaviorRecorder.Controller.SingleSessionLauncher.launch(SingleSessionLauncher.java:399)
	at edu.cmu.pact.jess.GoToWMMessgHandlerTest.&lt;init&gt;(GoToWMMessgHandlerTest.java:79)
	at sun.reflect.NativeConstructorAccessorImpl.newInstance0(Native Method)
	at sun.reflect.NativeConstructorAccessorImpl.newInstance(NativeConstructorAccessorImpl.java:57)
	at sun.reflect.DelegatingConstructorAccessorImpl.newInstance(DelegatingConstructorAccessorImpl.java:45)
	at java.lang.reflect.Constructor.newInstance(Constructor.java:526)
	at java.lang.Class.newInstance(Class.java:374)
	at edu.GlobalTestSuiteManager.getGlobalTestSuite(GlobalTestSuiteManager.java:150)
	at CTAT_GlobalTestSuite.suite(CTAT_GlobalTestSuite.java:34)
	at sun.reflect.NativeMethodAccessorImpl.invoke0(Native Method)
	at sun.reflect.NativeMethodAccessorImpl.invoke(NativeMethodAccessorImpl.java:57)
	at sun.reflect.DelegatingMethodAccessorImpl.invoke(DelegatingMethodAccessorImpl.java:43)
	at java.lang.reflect.Method.invoke(Method.java:606)
	at org.apache.tools.ant.taskdefs.optional.junit.JUnitTestRunner.run(JUnitTestRunner.java:400)
	at org.apache.tools.ant.taskdefs.optional.junit.JUnitTestRunner.launch(JUnitTestRunner.java:1063)
	at org.apache.tools.ant.taskdefs.optional.junit.JUnitTestRunner.main(JUnitTestRunner.java:914)
deserializing from buffer CTATFunctionsParser.ser
Parser construction took 3 millis
deserializing from buffer CTATFunctionsParser.ser
Parser construction took 2 millis
deserializing from buffer CTATFunctionsParser.ser
Parser construction took 2 millis
deserializing from buffer CTATFunctionsParser.ser
Parser construction took 3 millis
deserializing from buffer CTATFunctionsParser.ser
Parser construction took 2 millis
deserializing from buffer CTATFunctionsParser.ser
Parser construction took 3 millis
deserializing from buffer CTATFunctionsParser.ser
Parser construction took 2 millis
deserializing from buffer CTATFunctionsParser.ser
Parser construction took 1 millis
deserializing from buffer CTATFunctionsParser.ser
Parser construction took 2 millis
deserializing from buffer CTATFunctionsParser.ser
Parser construction took 2 millis
deserializing from buffer CTATFunctionsParser.ser
Parser construction took 2 millis
deserializing from buffer CTATFunctionsParser.ser
Parser construction took 2 millis
deserializing from buffer CTATFunctionsParser.ser
Parser construction took 1 millis
deserializing from buffer CTATFunctionsParser.ser
Parser construction took 1 millis
deserializing from buffer CTATFunctionsParser.ser
Parser construction took 2 millis
deserializing from buffer CTATFunctionsParser.ser
Parser construction took 2 millis
[12:59:15] +err+ 2216: MT.loadInterfaceTemplates(): interfaceTemplatesList is null &lt;edu.cmu.pact.jess.MTRete:1194&gt;main
deserializing from buffer CTATFunctionsParser.ser
Parser construction took 2 millis
[12:59:15] +err+ 2219: Error opening test/solver.brd or reading as URL: java.net.MalformedURLException: no protocol: test/solver.brd; cause null &lt;edu.cmu.pact.BehaviorRecorder.ProblemModel.ProblemStateReader:161&gt;main
[12:59:15] +err+ 2220: Error on getFileAsResource(null) or getCanonicalPath(): java.lang.NullPointerException; cause null &lt;edu.cmu.pact.BehaviorRecorder.ProblemModel.ProblemStateReader:167&gt;main
deserializing from buffer CTATFunctionsParser.ser
Parser construction took 2 millis
deserializing from buffer CTATFunctionsParser.ser
Parser construction took 1 millis
deserializing from buffer CTATFunctionsParser.ser
Parser construction took 1 millis
deserializing from buffer CTATFunctionsParser.ser
Parser construction took 1 millis
deserializing from buffer CTATFunctionsParser.ser
Parser construction took 1 millis
deserializing from buffer CTATFunctionsParser.ser
Parser construction took 1 millis
deserializing from buffer CTATFunctionsParser.ser
deserializing from buffer CTATFunctionsParser.ser
Parser construction took 1 millis
Parser construction took 1 millis
Exception in thread "Thread-18" java.lang.NullPointerException
	at edu.cmu.pact.BehaviorRecorder.Controller.SingleSessionLauncher.launch(SingleSessionLauncher.java:399)
	at edu.cmu.pact.BehaviorRecorder.ProblemModel.ProblemModelTest.createProblemModel(ProblemModelTest.java:135)
	at edu.cmu.pact.BehaviorRecorder.ProblemModel.ProblemModelTest.runTestPsuedoTutorModelTracing(ProblemModelTest.java:108)
	at edu.cmu.pact.BehaviorRecorder.Controller.ServerTest$1.run(ServerTest.java:30)
	at java.lang.Thread.run(Thread.java:744)
deserializing from buffer CTATFunctionsParser.ser
Parser construction took 1 millis
deserializing from buffer CTATFunctionsParser.ser
Parser construction took 2 millis
deserializing from buffer CTATFunctionsParser.ser
Parser construction took 1 millis
deserializing from buffer CTATFunctionsParser.ser
Parser construction took 2 millis
deserializing from buffer CTATFunctionsParser.ser
Parser construction took 1 millis
deserializing from buffer CTATFunctionsParser.ser
Parser construction took 1 millis
deserializing from buffer CTATFunctionsParser.ser
Parser construction took 1 millis
deserializing from buffer CTATFunctionsParser.ser
Parser construction took 1 millis
deserializing from buffer CTATFunctionsParser.ser
Parser construction took 1 millis
deserializing from buffer CTATFunctionsParser.ser
Parser construction took 0 millis
deserializing from buffer CTATFunctionsParser.ser
Parser construction took 1 millis
deserializing from buffer CTATFunctionsParser.ser
Parser construction took 1 millis
deserializing from buffer CTATFunctionsParser.ser
Parser construction took 2 millis
[12:59:34] +err+ 2588: Error opening test/2x-P3-6xP+7.brd or reading as URL: java.net.MalformedURLException: no protocol: test/2x-P3-6xP+7.brd; cause null &lt;edu.cmu.pact.BehaviorRecorder.ProblemModel.ProblemStateReader:161&gt;main
[12:59:34] +err+ 2589: Error on getFileAsResource(null) or getCanonicalPath(): java.lang.NullPointerException; cause null &lt;edu.cmu.pact.BehaviorRecorder.ProblemModel.ProblemStateReader:167&gt;main
deserializing from buffer CTATFunctionsParser.ser
Parser construction took 2 millis
java.lang.IllegalStateException: ERROR: Wrong symbol: EOF, state 23
1:	x +
 	   ^
Expected was (one of): `stringdef`, '-', `identifier`, `number`, '(', "true", "null", "false"

	at edu.cmu.pact.BehaviorRecorder.ProblemModel.Matcher.CTATFunctions.evaluate(CTATFunctions.java:1006)
	at edu.cmu.pact.BehaviorRecorder.ProblemModel.Matcher.ExpressionMatcher.evaluate(ExpressionMatcher.java:236)
	at edu.cmu.pact.BehaviorRecorder.ProblemModel.Matcher.ExpressionMatcher.testVector(ExpressionMatcher.java:269)
	at edu.cmu.pact.BehaviorRecorder.ProblemModel.Matcher.ExpressionMatcher.testInput(ExpressionMatcher.java:256)
	at edu.cmu.pact.BehaviorRecorder.ProblemModel.Matcher.ExpressionMatcher.match(ExpressionMatcher.java:399)
	at edu.cmu.pact.BehaviorRecorder.ProblemModel.Matcher.ExactMatcher.match(ExactMatcher.java:175)
	at edu.cmu.pact.BehaviorRecorder.ProblemModel.Matcher.MatcherTest.testExpressionSyntaxError(MatcherTest.java:307)
	at edu.cmu.pact.BehaviorRecorder.ProblemModel.Matcher.MatcherTest.testExpressionMatching(MatcherTest.java:413)
	at sun.reflect.NativeMethodAccessorImpl.invoke0(Native Method)
	at sun.reflect.NativeMethodAccessorImpl.invoke(NativeMethodAccessorImpl.java:57)
	at sun.reflect.DelegatingMethodAccessorImpl.invoke(DelegatingMethodAccessorImpl.java:43)
	at java.lang.reflect.Method.invoke(Method.java:606)
	at junit.framework.TestCase.runTest(TestCase.java:154)
	at junit.framework.TestCase.runBare(TestCase.java:127)
	at junit.framework.TestResult$1.protect(TestResult.java:106)
	at junit.framework.TestResult.runProtected(TestResult.java:124)
	at junit.framework.TestResult.run(TestResult.java:109)
	at junit.framework.TestCase.run(TestCase.java:118)
	at junit.framework.TestSuite.runTest(TestSuite.java:208)
	at junit.framework.TestSuite.run(TestSuite.java:203)
	at org.apache.tools.ant.taskdefs.optional.junit.JUnitTestRunner.run(JUnitTestRunner.java:523)
	at org.apache.tools.ant.taskdefs.optional.junit.JUnitTestRunner.launch(JUnitTestRunner.java:1063)
	at org.apache.tools.ant.taskdefs.optional.junit.JUnitTestRunner.main(JUnitTestRunner.java:914)
deserializing from buffer CTATFunctionsParser.ser
Parser construction took 2 millis
deserializing from buffer CTATFunctionsParser.ser
Parser construction took 2 millis
deserializing from buffer CTATFunctionsParser.ser
Parser construction took 2 millis
deserializing from buffer CTATFunctionsParser.ser
Parser construction took 2 millis
deserializing from buffer CTATFunctionsParser.ser
Parser construction took 1 millis
deserializing from buffer CTATFunctionsParser.ser
Parser construction took 1 millis
deserializing from buffer CTATFunctionsParser.ser
Parser construction took 2 millis
deserializing from buffer CTATFunctionsParser.ser
Parser construction took 1 millis
deserializing from buffer CTATFunctionsParser.ser
Parser construction took 2 millis
7 + is not valid:
ERROR: Wrong symbol: EOF, state 23
1:	7 +
 	   ^
Expected was (one of): `stringdef`, '-', `identifier`, `number`, '(', "true", "null", "false"

java.lang.IllegalStateException: no method found: memberOf(())
deserializing from buffer CTATFunctionsParser.ser
Parser construction took 2 millis

INFO: Mixed parser and lexer specification, 268 lexer rules, 16 parser rules.
Lexer scratch construction took 2 millis
WARNING: Grammar has no top level rule, taking first rule &gt;EXPRESSION ::= TERM ;&lt;
ParserTables scratch construction took 6 millis
serializing to buffer CTATExpressionSemanticParser.ser
Parser construction took 11 millis
deserializing from buffer CTATExpressionSemanticParser.ser
Parser construction took 2 millis
deserializing from buffer CTATExpressionSemanticParser.ser
Parser construction took 1 millis
deserializing from buffer CTATExpressionSemanticParser.ser
Parser construction took 2 millis
deserializing from buffer CTATExpressionSemanticParser.ser
Parser construction took 2 millis
deserializing from buffer CTATExpressionSemanticParser.ser
Parser construction took 2 millis
deserializing from buffer CTATExpressionSemanticParser.ser
Parser construction took 2 millis
deserializing from buffer CTATExpressionSemanticParser.ser
Parser construction took 1 millis
deserializing from buffer CTATExpressionSemanticParser.ser
Parser construction took 9 millis
deserializing from buffer CTATExpressionSemanticParser.ser
Parser construction took 1 millis
deserializing from buffer CTATExpressionSemanticParser.ser
Parser construction took 2 millis
deserializing from buffer CTATExpressionSemanticParser.ser
Parser construction took 7 millis
deserializing from buffer CTATExpressionSemanticParser.ser
Parser construction took 2 millis
deserializing from buffer CTATExpressionSemanticParser.ser
Parser construction took 1 millis
deserializing from buffer CTATExpressionSemanticParser.ser
Parser construction took 1 millis
deserializing from buffer CTATExpressionSemanticParser.ser
Parser construction took 4 millis
deserializing from buffer CTATExpressionSemanticParser.ser
Parser construction took 1 millis
deserializing from buffer CTATExpressionSemanticParser.ser
Parser construction took 2 millis
deserializing from buffer CTATExpressionSemanticParser.ser
Parser construction took 2 millis
deserializing from buffer CTATExpressionSemanticParser.ser
Parser construction took 1 millis
deserializing from buffer CTATFunctionsParser.ser
Parser construction took 2 millis
deserializing from buffer CTATFunctionsParser.ser
Parser construction took 2 millis
[12:59:35] +err+ 2691: &lt;html&gt;The following widgets referenced in the behavior graph are not in the interface.&lt;br /&gt;&lt;table border="0" cellpadding="1"&gt;&lt;tr&gt;&lt;td&gt;&amp;nbsp;table1_C4R2,&lt;/td&gt;&lt;td&gt;&amp;nbsp;table1_C5R2,&lt;/td&gt;&lt;td&gt;&amp;nbsp;table1_C6R2,&lt;/td&gt;&lt;td&gt;&amp;nbsp;table1_C4R3,&lt;/td&gt;&lt;/tr&gt;&lt;tr&gt;&lt;td&gt;&amp;nbsp;table1_C5R3,&lt;/td&gt;&lt;td&gt;&amp;nbsp;table1_C6R3&lt;/td&gt;&lt;td&gt;&amp;nbsp;&lt;/td&gt;&lt;td&gt;&amp;nbsp;&lt;/td&gt;&lt;/tr&gt;&lt;/table&gt;&lt;br /&gt;The graph and interface may be incompatible.&lt;/html&gt; &lt;edu.cmu.pact.BehaviorRecorder.Controller.BR_Controller:4375&gt;main
[12:59:35] +err+ 2719: &lt;html&gt;The following widgets referenced in the behavior graph are not in the interface.&lt;br /&gt;&lt;table border="0" cellpadding="1"&gt;&lt;tr&gt;&lt;td&gt;&amp;nbsp;hint,&lt;/td&gt;&lt;td&gt;&amp;nbsp;done,&lt;/td&gt;&lt;td&gt;&amp;nbsp;table1_C5R2,&lt;/td&gt;&lt;td&gt;&amp;nbsp;table1_C6R2,&lt;/td&gt;&lt;/tr&gt;&lt;tr&gt;&lt;td&gt;&amp;nbsp;table1_C5R3,&lt;/td&gt;&lt;td&gt;&amp;nbsp;table1_C6R3&lt;/td&gt;&lt;td&gt;&amp;nbsp;&lt;/td&gt;&lt;td&gt;&amp;nbsp;&lt;/td&gt;&lt;/tr&gt;&lt;/table&gt;&lt;br /&gt;The graph and interface may be incompatible.&lt;/html&gt; &lt;edu.cmu.pact.BehaviorRecorder.Controller.BR_Controller:4375&gt;main
Exception in thread "AWT-EventQueue-0" java.lang.NullPointerException
	at edu.cmu.pact.BehaviorRecorder.Controller.BR_Controller.getActiveWindow(BR_Controller.java:2406)
	at edu.cmu.pact.BehaviorRecorder.ProblemModel.ProblemModelTest$1.run(ProblemModelTest.java:87)
	at java.awt.event.InvocationEvent.dispatch(InvocationEvent.java:251)
	at java.awt.EventQueue.dispatchEventImpl(EventQueue.java:733)
	at java.awt.EventQueue.access$200(EventQueue.java:103)
	at java.awt.EventQueue$3.run(EventQueue.java:694)
	at java.awt.EventQueue$3.run(EventQueue.java:692)
	at java.security.AccessController.doPrivileged(Native Method)
	at java.security.ProtectionDomain$1.doIntersectionPrivilege(ProtectionDomain.java:76)
	at java.awt.EventQueue.dispatchEvent(EventQueue.java:703)
	at java.awt.EventDispatchThread.pumpOneEventForFilters(EventDispatchThread.java:242)
	at java.awt.EventDispatchThread.pumpEventsForFilter(EventDispatchThread.java:161)
	at java.awt.EventDispatchThread.pumpEventsForHierarchy(EventDispatchThread.java:150)
	at java.awt.EventDispatchThread.pumpEvents(EventDispatchThread.java:146)
	at java.awt.EventDispatchThread.pumpEvents(EventDispatchThread.java:138)
	at java.awt.EventDispatchThread.run(EventDispatchThread.java:91)
deserializing from buffer CTATFunctionsParser.ser
Parser construction took 1 millis
deserializing from buffer CTATFunctionsParser.ser
Parser construction took 1 millis
[12:59:37] +err+ 4000: Error loading java.util.ArrayList: class does not implement jess.Userfunction &lt;edu.cmu.pact.jess.FunctionPackage:71&gt;main
[12:59:37] +err+ 4001: Could not load class edu.cmu.pact.jess.SomeUnknownFunction: java.lang.ClassNotFoundException: edu.cmu.pact.jess.SomeUnknownFunction &lt;edu.cmu.pact.jess.FunctionPackage:44&gt;main
deserializing from buffer CTATFunctionsParser.ser
Parser construction took 1 millis
[12:59:38] +err+ 4031: CtatMenuBar.MenuItem.getValues() no entry for menu item [Open Student Interface...@1081466258, enabled]; creating one with value true &lt;edu.cmu.pact.ctatview.CtatMenuBar$MenuItem:203&gt;main
[12:59:38] +err+ 4032: CtatMenuBar.MenuItem.getValues() no entry for menu item [Save Graph@1938016037, enabled]; creating one with value true &lt;edu.cmu.pact.ctatview.CtatMenuBar$MenuItem:203&gt;main
[12:59:38] +err+ 4033: CtatMenuBar.MenuItem.getValues() no entry for menu item [Save Graph As...@1351059810, enabled]; creating one with value true &lt;edu.cmu.pact.ctatview.CtatMenuBar$MenuItem:203&gt;main
[12:59:38] +err+ 4034: CtatMenuBar.MenuItem.getValues() no entry for menu item [Print Graph...@199652260, enabled]; creating one with value true &lt;edu.cmu.pact.ctatview.CtatMenuBar$MenuItem:203&gt;main
[12:59:38] +err+ 4035: CtatMenuBar.CheckBoxMenuItem.getValues() no entry for menu item [Show Action Labels@855051408, enabled, unchecked]; creating one with values true,false &lt;edu.cmu.pact.ctatview.CtatMenuBar$CheckBoxMenuItem:327&gt;main
[12:59:38] +err+ 4036: CtatMenuBar.CheckBoxMenuItem.getValues() no entry for menu item [Show Skill Labels@2035932179, enabled, unchecked]; creating one with values true,false &lt;edu.cmu.pact.ctatview.CtatMenuBar$CheckBoxMenuItem:327&gt;main
[12:59:38] +err+ 4037: CtatMenuBar.CheckBoxMenuItem.getValues() no entry for menu item [Show Last Cog. Model Check Labels@2055184802, enabled, unchecked]; creating one with values true,false &lt;edu.cmu.pact.ctatview.CtatMenuBar$CheckBoxMenuItem:327&gt;main
[12:59:38] +err+ 4038: CtatMenuBar.MenuItem.getValues() no entry for menu item [Undo@1363988866, enabled]; creating one with value true &lt;edu.cmu.pact.ctatview.CtatMenuBar$MenuItem:203&gt;main
[12:59:38] +err+ 4039: CtatMenuBar.MenuItem.getValues() no entry for menu item [Redo@172939137, enabled]; creating one with value true &lt;edu.cmu.pact.ctatview.CtatMenuBar$MenuItem:203&gt;main
[12:59:38] +err+ 4040: CtatMenuBar.MenuItem.getValues() no entry for menu item [Copy Links@1042701168, enabled]; creating one with value true &lt;edu.cmu.pact.ctatview.CtatMenuBar$MenuItem:203&gt;main
[12:59:38] +err+ 4041: CtatMenuBar.MenuItem.getValues() no entry for menu item [Paste Links@1211971056, enabled]; creating one with value true &lt;edu.cmu.pact.ctatview.CtatMenuBar$MenuItem:203&gt;main
[12:59:38] +err+ 4042: CtatMenuBar.MenuItem.getValues() no entry for menu item [Jump to Start State@2147005767, enabled]; creating one with value true &lt;edu.cmu.pact.ctatview.CtatMenuBar$MenuItem:203&gt;main
[12:59:38] +err+ 4043: CtatMenuBar.MenuItem.getValues() no entry for menu item [Retract Last Step@558205428, enabled]; creating one with value true &lt;edu.cmu.pact.ctatview.CtatMenuBar$MenuItem:203&gt;main
[12:59:38] +err+ 4044: CtatMenuBar.MenuItem.getValues() no entry for menu item [Next Preferred Step@1550058300, enabled]; creating one with value true &lt;edu.cmu.pact.ctatview.CtatMenuBar$MenuItem:203&gt;main
[12:59:38] +err+ 4045: CtatMenuBar.CheckBoxMenuItem.getValues() no entry for menu item [Case Sensitive Exact Matching@705726343, enabled, unchecked]; creating one with values true,false &lt;edu.cmu.pact.ctatview.CtatMenuBar$CheckBoxMenuItem:327&gt;main
[12:59:38] +err+ 4046: CtatMenuBar.CheckBoxMenuItem.getValues() no entry for menu item [Lock Widgets on Correct Action@590464420, enabled, unchecked]; creating one with values true,false &lt;edu.cmu.pact.ctatview.CtatMenuBar$CheckBoxMenuItem:327&gt;main
[12:59:38] +err+ 4047: CtatMenuBar.CheckBoxMenuItem.getValues() no entry for menu item [Confirm Done@413574153, enabled, unchecked]; creating one with values true,false &lt;edu.cmu.pact.ctatview.CtatMenuBar$CheckBoxMenuItem:327&gt;main
[12:59:38] +err+ 4048: CtatMenuBar.CheckBoxMenuItem.getValues() no entry for menu item [Highlight Right Selection@1683707779, enabled, unchecked]; creating one with values true,false &lt;edu.cmu.pact.ctatview.CtatMenuBar$CheckBoxMenuItem:327&gt;main
[12:59:38] +err+ 4049: CtatMenuBar.MenuItem.getValues() no entry for menu item [Clean Up Graph...@277246512, enabled]; creating one with value true &lt;edu.cmu.pact.ctatview.CtatMenuBar$MenuItem:203&gt;main
[12:59:38] +err+ 4050: CtatMenuBar.MenuItem.getValues() no entry for menu item [Show Unmatched Component References...@1790096841, enabled]; creating one with value true &lt;edu.cmu.pact.ctatview.CtatMenuBar$MenuItem:203&gt;main
[12:59:38] +err+ 4051: CtatMenuBar.MenuItem.getValues() no entry for menu item [Start Collaboration...@1756651883, enabled]; creating one with value true &lt;edu.cmu.pact.ctatview.CtatMenuBar$MenuItem:203&gt;main
[12:59:38] +err+ 4052: CtatMenuBar.MenuItem.getValues() no entry for menu item [Edit Start State Component Settings...@1893061815, enabled]; creating one with value true &lt;edu.cmu.pact.ctatview.CtatMenuBar$MenuItem:203&gt;main
[12:59:38] +err+ 4053: CtatMenuBar.MenuItem.getValues() no entry for menu item [Save Jess Facts@1917626939, enabled]; creating one with value true &lt;edu.cmu.pact.ctatview.CtatMenuBar$MenuItem:203&gt;main
[12:59:38] +err+ 4054: CtatMenuBar.MenuItem.getValues() no entry for menu item [Save Jess Templates@121389597, enabled]; creating one with value true &lt;edu.cmu.pact.ctatview.CtatMenuBar$MenuItem:203&gt;main
[12:59:38] +err+ 4055: CtatMenuBar.MenuItem.getValues() no entry for menu item [Load Production Rules@602154034, enabled]; creating one with value true &lt;edu.cmu.pact.ctatview.CtatMenuBar$MenuItem:203&gt;main
[12:59:38] +err+ 4058: CtatMenuBar.MenuItem.getValues() no entry for menu item [Create Start State@715146397, enabled]; creating one with value true &lt;edu.cmu.pact.ctatview.CtatMenuBar$MenuItem:203&gt;main
deserializing from buffer CTATFunctionsParser.ser
Parser construction took 1 millis
[12:59:38] +err+ 4060: CtatMenuBar.MenuItem.getValues() no entry for menu item [Open Student Interface...@306908681, enabled]; creating one with value true &lt;edu.cmu.pact.ctatview.CtatMenuBar$MenuItem:203&gt;main
[12:59:38] +err+ 4061: CtatMenuBar.MenuItem.getValues() no entry for menu item [Save Graph@62495669, enabled]; creating one with value true &lt;edu.cmu.pact.ctatview.CtatMenuBar$MenuItem:203&gt;main
[12:59:38] +err+ 4062: CtatMenuBar.MenuItem.getValues() no entry for menu item [Save Graph As...@245205500, enabled]; creating one with value true &lt;edu.cmu.pact.ctatview.CtatMenuBar$MenuItem:203&gt;main
[12:59:38] +err+ 4063: CtatMenuBar.MenuItem.getValues() no entry for menu item [Print Graph...@1982890502, enabled]; creating one with value true &lt;edu.cmu.pact.ctatview.CtatMenuBar$MenuItem:203&gt;main
[12:59:38] +err+ 4064: CtatMenuBar.CheckBoxMenuItem.getValues() no entry for menu item [Show Action Labels@713081786, enabled, unchecked]; creating one with values true,false &lt;edu.cmu.pact.ctatview.CtatMenuBar$CheckBoxMenuItem:327&gt;main
[12:59:38] +err+ 4065: CtatMenuBar.CheckBoxMenuItem.getValues() no entry for menu item [Show Skill Labels@1806827042, enabled, unchecked]; creating one with values true,false &lt;edu.cmu.pact.ctatview.CtatMenuBar$CheckBoxMenuItem:327&gt;main
[12:59:38] +err+ 4066: CtatMenuBar.CheckBoxMenuItem.getValues() no entry for menu item [Show Last Cog. Model Check Labels@1923326314, enabled, unchecked]; creating one with values true,false &lt;edu.cmu.pact.ctatview.CtatMenuBar$CheckBoxMenuItem:327&gt;main
[12:59:38] +err+ 4067: CtatMenuBar.MenuItem.getValues() no entry for menu item [Undo@1421504754, enabled]; creating one with value true &lt;edu.cmu.pact.ctatview.CtatMenuBar$MenuItem:203&gt;main
[12:59:38] +err+ 4068: CtatMenuBar.MenuItem.getValues() no entry for menu item [Redo@474827603, enabled]; creating one with value true &lt;edu.cmu.pact.ctatview.CtatMenuBar$MenuItem:203&gt;main
[12:59:38] +err+ 4069: CtatMenuBar.MenuItem.getValues() no entry for menu item [Copy Links@378291369, enabled]; creating one with value true &lt;edu.cmu.pact.ctatview.CtatMenuBar$MenuItem:203&gt;main
[12:59:38] +err+ 4070: CtatMenuBar.MenuItem.getValues() no entry for menu item [Paste Links@1391443663, enabled]; creating one with value true &lt;edu.cmu.pact.ctatview.CtatMenuBar$MenuItem:203&gt;main
[12:59:38] +err+ 4071: CtatMenuBar.MenuItem.getValues() no entry for menu item [Jump to Start State@1625312700, enabled]; creating one with value true &lt;edu.cmu.pact.ctatview.CtatMenuBar$MenuItem:203&gt;main
[12:59:38] +err+ 4072: CtatMenuBar.MenuItem.getValues() no entry for menu item [Retract Last Step@638559060, enabled]; creating one with value true &lt;edu.cmu.pact.ctatview.CtatMenuBar$MenuItem:203&gt;main
[12:59:38] +err+ 4073: CtatMenuBar.MenuItem.getValues() no entry for menu item [Next Preferred Step@1286337361, enabled]; creating one with value true &lt;edu.cmu.pact.ctatview.CtatMenuBar$MenuItem:203&gt;main
[12:59:38] +err+ 4074: CtatMenuBar.CheckBoxMenuItem.getValues() no entry for menu item [Case Sensitive Exact Matching@754151978, enabled, unchecked]; creating one with values true,false &lt;edu.cmu.pact.ctatview.CtatMenuBar$CheckBoxMenuItem:327&gt;main
[12:59:38] +err+ 4075: CtatMenuBar.CheckBoxMenuItem.getValues() no entry for menu item [Lock Widgets on Correct Action@583809652, enabled, unchecked]; creating one with values true,false &lt;edu.cmu.pact.ctatview.CtatMenuBar$CheckBoxMenuItem:327&gt;main
[12:59:38] +err+ 4076: CtatMenuBar.CheckBoxMenuItem.getValues() no entry for menu item [Confirm Done@236038021, enabled, unchecked]; creating one with values true,false &lt;edu.cmu.pact.ctatview.CtatMenuBar$CheckBoxMenuItem:327&gt;main
[12:59:38] +err+ 4077: CtatMenuBar.CheckBoxMenuItem.getValues() no entry for menu item [Highlight Right Selection@688722938, enabled, unchecked]; creating one with values true,false &lt;edu.cmu.pact.ctatview.CtatMenuBar$CheckBoxMenuItem:327&gt;main
[12:59:38] +err+ 4078: CtatMenuBar.MenuItem.getValues() no entry for menu item [Clean Up Graph...@1949878685, enabled]; creating one with value true &lt;edu.cmu.pact.ctatview.CtatMenuBar$MenuItem:203&gt;main
[12:59:38] +err+ 4079: CtatMenuBar.MenuItem.getValues() no entry for menu item [Show Unmatched Component References...@1010605575, enabled]; creating one with value true &lt;edu.cmu.pact.ctatview.CtatMenuBar$MenuItem:203&gt;main
[12:59:38] +err+ 4080: CtatMenuBar.MenuItem.getValues() no entry for menu item [Start Collaboration...@1937832812, enabled]; creating one with value true &lt;edu.cmu.pact.ctatview.CtatMenuBar$MenuItem:203&gt;main
[12:59:38] +err+ 4081: CtatMenuBar.MenuItem.getValues() no entry for menu item [Edit Start State Component Settings...@1866998018, enabled]; creating one with value true &lt;edu.cmu.pact.ctatview.CtatMenuBar$MenuItem:203&gt;main
[12:59:38] +err+ 4082: CtatMenuBar.MenuItem.getValues() no entry for menu item [Save Jess Facts@147719907, enabled]; creating one with value true &lt;edu.cmu.pact.ctatview.CtatMenuBar$MenuItem:203&gt;main
[12:59:38] +err+ 4083: CtatMenuBar.MenuItem.getValues() no entry for menu item [Save Jess Templates@237381017, enabled]; creating one with value true &lt;edu.cmu.pact.ctatview.CtatMenuBar$MenuItem:203&gt;main
[12:59:38] +err+ 4084: CtatMenuBar.MenuItem.getValues() no entry for menu item [Load Production Rules@636349490, enabled]; creating one with value true &lt;edu.cmu.pact.ctatview.CtatMenuBar$MenuItem:203&gt;main
[12:59:38] +err+ 4087: CtatMenuBar.MenuItem.getValues() no entry for menu item [Create Start State@2044211858, enabled]; creating one with value true &lt;edu.cmu.pact.ctatview.CtatMenuBar$MenuItem:203&gt;main
[12:59:38] +err+ 4088: Could not instantiate class edu.cmu.pact.BehaviorRecorder.ProblemModel.ProblemStateReaderTest:
  java.lang.IndexOutOfBoundsException: Index: 0, Size: 0; cause: null &lt;edu.GlobalTestSuiteManager:158&gt;main
java.lang.IndexOutOfBoundsException: Index: 0, Size: 0
	at java.util.ArrayList.rangeCheck(ArrayList.java:635)
	at java.util.ArrayList.get(ArrayList.java:411)
	at edu.cmu.pact.BehaviorRecorder.Tab.CTATTabManager.getTabByNumber(CTATTabManager.java:174)
	at edu.cmu.pact.BehaviorRecorder.Tab.CTATTabManager.setTabVisibility(CTATTabManager.java:263)
	at edu.cmu.pact.BehaviorRecorder.Controller.CTAT_Launcher.&lt;init&gt;(CTAT_Launcher.java:106)
	at edu.cmu.pact.BehaviorRecorder.Controller.CTAT_Launcher.&lt;init&gt;(CTAT_Launcher.java:76)
	at edu.cmu.pact.BehaviorRecorder.ProblemModel.ProblemStateReaderTest.&lt;init&gt;(ProblemStateReaderTest.java:245)
	at sun.reflect.NativeConstructorAccessorImpl.newInstance0(Native Method)
	at sun.reflect.NativeConstructorAccessorImpl.newInstance(NativeConstructorAccessorImpl.java:57)
	at sun.reflect.DelegatingConstructorAccessorImpl.newInstance(DelegatingConstructorAccessorImpl.java:45)
	at java.lang.reflect.Constructor.newInstance(Constructor.java:526)
	at java.lang.Class.newInstance(Class.java:374)
	at edu.GlobalTestSuiteManager.getGlobalTestSuite(GlobalTestSuiteManager.java:150)
	at edu.GlobalTestSuiteTest.testGetTestSuite(GlobalTestSuiteTest.java:44)
	at sun.reflect.NativeMethodAccessorImpl.invoke0(Native Method)
	at sun.reflect.NativeMethodAccessorImpl.invoke(NativeMethodAccessorImpl.java:57)
	at sun.reflect.DelegatingMethodAccessorImpl.invoke(DelegatingMethodAccessorImpl.java:43)
	at java.lang.reflect.Method.invoke(Method.java:606)
	at junit.framework.TestCase.runTest(TestCase.java:154)
	at junit.framework.TestCase.runBare(TestCase.java:127)
	at junit.framework.TestResult$1.protect(TestResult.java:106)
	at junit.framework.TestResult.runProtected(TestResult.java:124)
	at junit.framework.TestResult.run(TestResult.java:109)
	at junit.framework.TestCase.run(TestCase.java:118)
	at junit.framework.TestSuite.runTest(TestSuite.java:208)
	at junit.framework.TestSuite.run(TestSuite.java:203)
	at org.apache.tools.ant.taskdefs.optional.junit.JUnitTestRunner.run(JUnitTestRunner.java:523)
	at org.apache.tools.ant.taskdefs.optional.junit.JUnitTestRunner.launch(JUnitTestRunner.java:1063)
	at org.apache.tools.ant.taskdefs.optional.junit.JUnitTestRunner.main(JUnitTestRunner.java:914)
deserializing from buffer CTATFunctionsParser.ser
Parser construction took 1 millis
[12:59:38] +err+ 4093: Could not instantiate class edu.cmu.pact.jess.GoToWMMessgHandlerTest:
  java.lang.NullPointerException; cause: null &lt;edu.GlobalTestSuiteManager:158&gt;main
java.lang.NullPointerException
	at edu.cmu.pact.BehaviorRecorder.Controller.SingleSessionLauncher.launch(SingleSessionLauncher.java:399)
	at edu.cmu.pact.jess.GoToWMMessgHandlerTest.&lt;init&gt;(GoToWMMessgHandlerTest.java:79)
	at sun.reflect.NativeConstructorAccessorImpl.newInstance0(Native Method)
	at sun.reflect.NativeConstructorAccessorImpl.newInstance(NativeConstructorAccessorImpl.java:57)
	at sun.reflect.DelegatingConstructorAccessorImpl.newInstance(DelegatingConstructorAccessorImpl.java:45)
	at java.lang.reflect.Constructor.newInstance(Constructor.java:526)
	at java.lang.Class.newInstance(Class.java:374)
	at edu.GlobalTestSuiteManager.getGlobalTestSuite(GlobalTestSuiteManager.java:150)
	at edu.GlobalTestSuiteTest.testGetTestSuite(GlobalTestSuiteTest.java:44)
	at sun.reflect.NativeMethodAccessorImpl.invoke0(Native Method)
	at sun.reflect.NativeMethodAccessorImpl.invoke(NativeMethodAccessorImpl.java:57)
	at sun.reflect.DelegatingMethodAccessorImpl.invoke(DelegatingMethodAccessorImpl.java:43)
	at java.lang.reflect.Method.invoke(Method.java:606)
	at junit.framework.TestCase.runTest(TestCase.java:154)
	at junit.framework.TestCase.runBare(TestCase.java:127)
	at junit.framework.TestResult$1.protect(TestResult.java:106)
	at junit.framework.TestResult.runProtected(TestResult.java:124)
	at junit.framework.TestResult.run(TestResult.java:109)
	at junit.framework.TestCase.run(TestCase.java:118)
	at junit.framework.TestSuite.runTest(TestSuite.java:208)
	at junit.framework.TestSuite.run(TestSuite.java:203)
	at org.apache.tools.ant.taskdefs.optional.junit.JUnitTestRunner.run(JUnitTestRunner.java:523)
	at org.apache.tools.ant.taskdefs.optional.junit.JUnitTestRunner.launch(JUnitTestRunner.java:1063)
	at org.apache.tools.ant.taskdefs.optional.junit.JUnitTestRunner.main(JUnitTestRunner.java:914)
deserializing from buffer CTATFunctionsParser.ser
Parser construction took 1 millis
deserializing from buffer CTATFunctionsParser.ser
Parser construction took 1 millis
deserializing from buffer CTATFunctionsParser.ser
Parser construction took 1 millis
deserializing from buffer CTATFunctionsParser.ser
Parser construction took 1 millis
deserializing from buffer CTATFunctionsParser.ser
Parser construction took 1 millis
deserializing from buffer CTATFunctionsParser.ser
Parser construction took 2 millis
deserializing from buffer CTATFunctionsParser.ser
Parser construction took 1 millis
deserializing from buffer CTATFunctionsParser.ser
Parser construction took 2 millis
deserializing from buffer CTATFunctionsParser.ser
Parser construction took 1 millis
deserializing from buffer CTATFunctionsParser.ser
Parser construction took 2 millis
deserializing from buffer CTATFunctionsParser.ser
Parser construction took 1 millis
deserializing from buffer CTATFunctionsParser.ser
Parser construction took 2 millis
deserializing from buffer CTATFunctionsParser.ser
Parser construction took 1 millis
deserializing from buffer CTATFunctionsParser.ser
Parser construction took 1 millis
deserializing from buffer CTATFunctionsParser.ser
Parser construction took 1 millis
deserializing from buffer CTATFunctionsParser.ser
Parser construction took 1 millis
deserializing from buffer CTATFunctionsParser.ser
Parser construction took 1 millis
deserializing from buffer CTATFunctionsParser.ser
Parser construction took 1 millis
deserializing from buffer CTATFunctionsParser.ser
Parser construction took 1 millis
deserializing from buffer CTATFunctionsParser.ser
Parser construction took 1 millis
deserializing from buffer CTATFunctionsParser.ser
Parser construction took 2 millis
deserializing from buffer CTATFunctionsParser.ser
Parser construction took 2 millis
deserializing from buffer CTATFunctionsParser.ser
Parser construction took 1 millis
deserializing from buffer CTATFunctionsParser.ser
Parser construction took 1 millis
deserializing from buffer CTATFunctionsParser.ser
Parser construction took 1 millis
deserializing from buffer CTATFunctionsParser.ser
Parser construction took 1 millis
deserializing from buffer CTATFunctionsParser.ser
Parser construction took 1 millis
deserializing from buffer CTATFunctionsParser.ser
Parser construction took 1 millis
deserializing from buffer CTATFunctionsParser.ser
Parser construction took 1 millis
deserializing from buffer CTATFunctionsParser.ser
Parser construction took 2 millis
deserializing from buffer CTATFunctionsParser.ser
Parser construction took 1 millis
deserializing from buffer CTATFunctionsParser.ser
Parser construction took 1 millis
deserializing from buffer CTATFunctionsParser.ser
Parser construction took 1 millis
deserializing from buffer CTATFunctionsParser.ser
Parser construction took 2 millis
deserializing from buffer CTATFunctionsParser.ser
Parser construction took 1 millis
deserializing from buffer CTATFunctionsParser.ser
Parser construction took 1 millis
deserializing from buffer CTATFunctionsParser.ser
Parser construction took 1 millis
deserializing from buffer CTATFunctionsParser.ser
Parser construction took 1 millis
deserializing from buffer CTATFunctionsParser.ser
Parser construction took 1 millis
Exception in thread "AWT-EventQueue-0" java.lang.NullPointerException
	at edu.cmu.pact.BehaviorRecorder.Controller.BR_Controller.getActiveWindow(BR_Controller.java:2406)
	at edu.cmu.pact.BehaviorRecorder.ProblemModel.JDomReaderTest$1.run(JDomReaderTest.java:58)
	at java.awt.event.InvocationEvent.dispatch(InvocationEvent.java:251)
	at java.awt.EventQueue.dispatchEventImpl(EventQueue.java:733)
	at java.awt.EventQueue.access$200(EventQueue.java:103)
	at java.awt.EventQueue$3.run(EventQueue.java:694)
	at java.awt.EventQueue$3.run(EventQueue.java:692)
	at java.security.AccessController.doPrivileged(Native Method)
	at java.security.ProtectionDomain$1.doIntersectionPrivilege(ProtectionDomain.java:76)
	at java.awt.EventQueue.dispatchEvent(EventQueue.java:703)
	at java.awt.EventDispatchThread.pumpOneEventForFilters(EventDispatchThread.java:242)
	at java.awt.EventDispatchThread.pumpEventsForFilter(EventDispatchThread.java:161)
	at java.awt.EventDispatchThread.pumpEventsForHierarchy(EventDispatchThread.java:150)
	at java.awt.EventDispatchThread.pumpEvents(EventDispatchThread.java:146)
	at java.awt.EventDispatchThread.pumpEvents(EventDispatchThread.java:138)
	at java.awt.EventDispatchThread.run(EventDispatchThread.java:91)
deserializing from buffer CTATFunctionsParser.ser
Parser construction took 1 millis
[12:59:40] +err+ 4522: MT.loadInterfaceTemplates(): interfaceTemplatesList is null &lt;edu.cmu.pact.jess.MTRete:1194&gt;main
[12:59:40] +err+ 4551: Error opening test/edu/cmu/pact/BehaviorRecorder/ProblemModel/ProblemStateReaderTest.brd or reading as URL: java.net.MalformedURLException: no protocol: test/edu/cmu/pact/BehaviorRecorder/ProblemModel/ProblemStateReaderTest.brd; cause null &lt;edu.cmu.pact.BehaviorRecorder.ProblemModel.ProblemStateReader:161&gt;main
[12:59:40] +err+ 4552: Error on getFileAsResource(null) or getCanonicalPath(): java.lang.NullPointerException; cause null &lt;edu.cmu.pact.BehaviorRecorder.ProblemModel.ProblemStateReader:167&gt;main
deserializing from buffer CTATFunctionsParser.ser
Parser construction took 1 millis
deserializing from buffer CTATFunctionsParser.ser
Parser construction took 1 millis
deserializing from buffer CTATFunctionsParser.ser
Parser construction took 0 millis
deserializing from buffer CTATFunctionsParser.ser
Parser construction took 1 millis
deserializing from buffer CTATFunctionsParser.ser
Parser construction took 1 millis
deserializing from buffer CTATFunctionsParser.ser
Parser construction took 1 millis
deserializing from buffer CTATFunctionsParser.ser
Parser construction took 1 millis
INFO: Mixed parser and lexer specification, 25 lexer rules, 11 parser rules.
deserializing from buffer CTATFunctionsParser.ser
Parser construction took 1 millis
deserializing from buffer CTATFunctionsParser.ser
Parser construction took 1 millis
deserializing from buffer CTATExpressionSemanticParser.ser
Parser construction took 1 millis
deserializing from buffer CTATExpressionSemanticParser.ser
Parser construction took 1 millis
java.lang.NullPointerException
	at edu.cmu.pact.BehaviorRecorder.ExpressionMatcher.ExpressionSyntaxNode.generateExpressionTree(ExpressionSyntaxNode.java:36)
	at edu.cmu.pact.BehaviorRecorder.ExpressionMatcher.CTATExpressionSemantic.generateExpressionTree(CTATExpressionSemantic.java:151)
	at edu.cmu.pact.BehaviorRecorder.ExpressionMatcher.CTATExpressionParser.stringToExpressionTreeNode(CTATExpressionParser.java:32)
	at edu.cmu.pact.BehaviorRecorder.ProblemModel.Matcher.ExpressionMatcherTest.isInvalidAlg(ExpressionMatcherTest.java:241)
	at edu.cmu.pact.BehaviorRecorder.ProblemModel.Matcher.ExpressionMatcherTest.testNewExpressionMatcherAll(ExpressionMatcherTest.java:77)
	at sun.reflect.NativeMethodAccessorImpl.invoke0(Native Method)
	at sun.reflect.NativeMethodAccessorImpl.invoke(NativeMethodAccessorImpl.java:57)
	at sun.reflect.DelegatingMethodAccessorImpl.invoke(DelegatingMethodAccessorImpl.java:43)
	at java.lang.reflect.Method.invoke(Method.java:606)
	at junit.framework.TestCase.runTest(TestCase.java:154)
	at junit.framework.TestCase.runBare(TestCase.java:127)
	at junit.framework.TestResult$1.protect(TestResult.java:106)
	at junit.framework.TestResult.runProtected(TestResult.java:124)
	at junit.framework.TestResult.run(TestResult.java:109)
	at junit.framework.TestCase.run(TestCase.java:118)
	at junit.framework.TestSuite.runTest(TestSuite.java:208)
	at junit.framework.TestSuite.run(TestSuite.java:203)
	at org.apache.tools.ant.taskdefs.optional.junit.JUnitTestRunner.run(JUnitTestRunner.java:523)
	at org.apache.tools.ant.taskdefs.optional.junit.JUnitTestRunner.launch(JUnitTestRunner.java:1063)
	at org.apache.tools.ant.taskdefs.optional.junit.JUnitTestRunner.main(JUnitTestRunner.java:914)
deserializing from buffer CTATFunctionsParser.ser
Parser construction took 1 millis
deserializing from buffer CTATExpressionSemanticParser.ser
Parser construction took 1 millis
deserializing from buffer CTATExpressionSemanticParser.ser
Parser construction took 1 millis
deserializing from buffer CTATExpressionSemanticParser.ser
Parser construction took 1 millis
deserializing from buffer CTATExpressionSemanticParser.ser
Parser construction took 1 millis
deserializing from buffer CTATFunctionsParser.ser
Parser construction took 1 millis
deserializing from buffer CTATExpressionSemanticParser.ser
Parser construction took 1 millis
deserializing from buffer CTATExpressionSemanticParser.ser
Parser construction took 0 millis
deserializing from buffer CTATExpressionSemanticParser.ser
Parser construction took 1 millis
deserializing from buffer CTATExpressionSemanticParser.ser
Parser construction took 1 millis
[12:59:49] +err+ 14073: Error opening test/testMultiple.brd or reading as URL: java.net.MalformedURLException: no protocol: test/testMultiple.brd; cause null &lt;edu.cmu.pact.BehaviorRecorder.ProblemModel.ProblemStateReader:161&gt;main
[12:59:49] +err+ 14074: Error on getFileAsResource(null) or getCanonicalPath(): java.lang.NullPointerException; cause null &lt;edu.cmu.pact.BehaviorRecorder.ProblemModel.ProblemStateReader:167&gt;main
deserializing from buffer CTATFunctionsParser.ser
Parser construction took 1 millis
[12:59:49] +err+ 14186: Error opening test/solverNotAutoSimplify.brd or reading as URL: java.net.MalformedURLException: no protocol: test/solverNotAutoSimplify.brd; cause null &lt;edu.cmu.pact.BehaviorRecorder.ProblemModel.ProblemStateReader:161&gt;main
[12:59:49] +err+ 14187: Error on getFileAsResource(null) or getCanonicalPath(): java.lang.NullPointerException; cause null &lt;edu.cmu.pact.BehaviorRecorder.ProblemModel.ProblemStateReader:167&gt;main
deserializing from buffer CTATFunctionsParser.ser
Parser construction took 1 millis
deserializing from buffer CTATFunctionsParser.ser
Parser construction took 1 millis
[12:59:49] +err+ 14744: CtatMenuBar.MenuItem.getValues() no entry for menu item [Open Student Interface...@981325277, enabled]; creating one with value true &lt;edu.cmu.pact.ctatview.CtatMenuBar$MenuItem:203&gt;main
[12:59:49] +err+ 14745: CtatMenuBar.MenuItem.getValues() no entry for menu item [Save Graph@1623208617, enabled]; creating one with value true &lt;edu.cmu.pact.ctatview.CtatMenuBar$MenuItem:203&gt;main
[12:59:49] +err+ 14746: CtatMenuBar.MenuItem.getValues() no entry for menu item [Save Graph As...@1782458078, enabled]; creating one with value true &lt;edu.cmu.pact.ctatview.CtatMenuBar$MenuItem:203&gt;main
[12:59:49] +err+ 14747: CtatMenuBar.MenuItem.getValues() no entry for menu item [Print Graph...@1337276420, enabled]; creating one with value true &lt;edu.cmu.pact.ctatview.CtatMenuBar$MenuItem:203&gt;main
[12:59:49] +err+ 14748: CtatMenuBar.CheckBoxMenuItem.getValues() no entry for menu item [Show Action Labels@2018281839, enabled, unchecked]; creating one with values true,false &lt;edu.cmu.pact.ctatview.CtatMenuBar$CheckBoxMenuItem:327&gt;main
[12:59:49] +err+ 14749: CtatMenuBar.CheckBoxMenuItem.getValues() no entry for menu item [Show Skill Labels@1758663708, enabled, unchecked]; creating one with values true,false &lt;edu.cmu.pact.ctatview.CtatMenuBar$CheckBoxMenuItem:327&gt;main
[12:59:49] +err+ 14750: CtatMenuBar.CheckBoxMenuItem.getValues() no entry for menu item [Show Last Cog. Model Check Labels@2043506695, enabled, unchecked]; creating one with values true,false &lt;edu.cmu.pact.ctatview.CtatMenuBar$CheckBoxMenuItem:327&gt;main
[12:59:49] +err+ 14752: CtatMenuBar.MenuItem.getValues() no entry for menu item [Undo@511056394, enabled]; creating one with value true &lt;edu.cmu.pact.ctatview.CtatMenuBar$MenuItem:203&gt;main
[12:59:49] +err+ 14753: CtatMenuBar.MenuItem.getValues() no entry for menu item [Redo@1537709605, enabled]; creating one with value true &lt;edu.cmu.pact.ctatview.CtatMenuBar$MenuItem:203&gt;main
[12:59:49] +err+ 14754: CtatMenuBar.MenuItem.getValues() no entry for menu item [Copy Links@1467123237, enabled]; creating one with value true &lt;edu.cmu.pact.ctatview.CtatMenuBar$MenuItem:203&gt;main
[12:59:49] +err+ 14755: CtatMenuBar.MenuItem.getValues() no entry for menu item [Paste Links@533009405, enabled]; creating one with value true &lt;edu.cmu.pact.ctatview.CtatMenuBar$MenuItem:203&gt;main
[12:59:49] +err+ 14756: CtatMenuBar.MenuItem.getValues() no entry for menu item [Jump to Start State@414904779, enabled]; creating one with value true &lt;edu.cmu.pact.ctatview.CtatMenuBar$MenuItem:203&gt;main
[12:59:49] +err+ 14757: CtatMenuBar.MenuItem.getValues() no entry for menu item [Retract Last Step@425218844, enabled]; creating one with value true &lt;edu.cmu.pact.ctatview.CtatMenuBar$MenuItem:203&gt;main
[12:59:49] +err+ 14758: CtatMenuBar.MenuItem.getValues() no entry for menu item [Next Preferred Step@1975017539, enabled]; creating one with value true &lt;edu.cmu.pact.ctatview.CtatMenuBar$MenuItem:203&gt;main
[12:59:49] +err+ 14759: CtatMenuBar.CheckBoxMenuItem.getValues() no entry for menu item [Case Sensitive Exact Matching@465046294, enabled, unchecked]; creating one with values true,false &lt;edu.cmu.pact.ctatview.CtatMenuBar$CheckBoxMenuItem:327&gt;main
[12:59:49] +err+ 14760: CtatMenuBar.CheckBoxMenuItem.getValues() no entry for menu item [Lock Widgets on Correct Action@1340071825, enabled, unchecked]; creating one with values true,false &lt;edu.cmu.pact.ctatview.CtatMenuBar$CheckBoxMenuItem:327&gt;main
[12:59:49] +err+ 14761: CtatMenuBar.CheckBoxMenuItem.getValues() no entry for menu item [Confirm Done@1926156686, enabled, unchecked]; creating one with values true,false &lt;edu.cmu.pact.ctatview.CtatMenuBar$CheckBoxMenuItem:327&gt;main
[12:59:49] +err+ 14762: CtatMenuBar.CheckBoxMenuItem.getValues() no entry for menu item [Highlight Right Selection@1746926724, enabled, unchecked]; creating one with values true,false &lt;edu.cmu.pact.ctatview.CtatMenuBar$CheckBoxMenuItem:327&gt;main
[12:59:49] +err+ 14763: CtatMenuBar.MenuItem.getValues() no entry for menu item [Clean Up Graph...@693953857, enabled]; creating one with value true &lt;edu.cmu.pact.ctatview.CtatMenuBar$MenuItem:203&gt;main
[12:59:49] +err+ 14764: CtatMenuBar.MenuItem.getValues() no entry for menu item [Show Unmatched Component References...@298787742, enabled]; creating one with value true &lt;edu.cmu.pact.ctatview.CtatMenuBar$MenuItem:203&gt;main
[12:59:49] +err+ 14765: CtatMenuBar.MenuItem.getValues() no entry for menu item [Start Collaboration...@1450677337, enabled]; creating one with value true &lt;edu.cmu.pact.ctatview.CtatMenuBar$MenuItem:203&gt;main
[12:59:49] +err+ 14766: CtatMenuBar.MenuItem.getValues() no entry for menu item [Edit Start State Component Settings...@2133327649, enabled]; creating one with value true &lt;edu.cmu.pact.ctatview.CtatMenuBar$MenuItem:203&gt;main
[12:59:49] +err+ 14767: CtatMenuBar.MenuItem.getValues() no entry for menu item [Save Jess Facts@376041296, enabled]; creating one with value true &lt;edu.cmu.pact.ctatview.CtatMenuBar$MenuItem:203&gt;main
[12:59:49] +err+ 14768: CtatMenuBar.MenuItem.getValues() no entry for menu item [Save Jess Templates@81688751, enabled]; creating one with value true &lt;edu.cmu.pact.ctatview.CtatMenuBar$MenuItem:203&gt;main
[12:59:49] +err+ 14769: CtatMenuBar.MenuItem.getValues() no entry for menu item [Load Production Rules@612912297, enabled]; creating one with value true &lt;edu.cmu.pact.ctatview.CtatMenuBar$MenuItem:203&gt;main
[12:59:50] +err+ 14787: CtatMenuBar.MenuItem.getValues() no entry for menu item [Create Start State@1134778198, enabled]; creating one with value true &lt;edu.cmu.pact.ctatview.CtatMenuBar$MenuItem:203&gt;main
deserializing from buffer CTATFunctionsParser.ser
Parser construction took 1 millis
[12:59:53] +err+ 15111: &lt;html&gt;The following widgets referenced in the behavior graph are not in the interface.&lt;br /&gt;&lt;table border="0" cellpadding="1"&gt;&lt;tr&gt;&lt;td&gt;&amp;nbsp;table1_C4R2,&lt;/td&gt;&lt;td&gt;&amp;nbsp;table1_C5R2,&lt;/td&gt;&lt;td&gt;&amp;nbsp;table1_C6R2,&lt;/td&gt;&lt;td&gt;&amp;nbsp;table1_C4R3,&lt;/td&gt;&lt;/tr&gt;&lt;tr&gt;&lt;td&gt;&amp;nbsp;table1_C5R3,&lt;/td&gt;&lt;td&gt;&amp;nbsp;table1_C6R3&lt;/td&gt;&lt;td&gt;&amp;nbsp;&lt;/td&gt;&lt;td&gt;&amp;nbsp;&lt;/td&gt;&lt;/tr&gt;&lt;/table&gt;&lt;br /&gt;The graph and interface may be incompatible.&lt;/html&gt; &lt;edu.cmu.pact.BehaviorRecorder.Controller.BR_Controller:4375&gt;main
deserializing from buffer CTATFunctionsParser.ser
Parser construction took 1 millis
[12:59:53] +err+ 15322: &lt;html&gt;The following widgets referenced in the behavior graph are not in the interface.&lt;br /&gt;&lt;table border="0" cellpadding="1"&gt;&lt;tr&gt;&lt;td&gt;&amp;nbsp;table1_C4R2,&lt;/td&gt;&lt;td&gt;&amp;nbsp;table1_C5R2,&lt;/td&gt;&lt;td&gt;&amp;nbsp;table1_C6R2,&lt;/td&gt;&lt;td&gt;&amp;nbsp;table1_C4R3,&lt;/td&gt;&lt;/tr&gt;&lt;tr&gt;&lt;td&gt;&amp;nbsp;table1_C5R3,&lt;/td&gt;&lt;td&gt;&amp;nbsp;table1_C6R3&lt;/td&gt;&lt;td&gt;&amp;nbsp;&lt;/td&gt;&lt;td&gt;&amp;nbsp;&lt;/td&gt;&lt;/tr&gt;&lt;/table&gt;&lt;br /&gt;The graph and interface may be incompatible.&lt;/html&gt; &lt;edu.cmu.pact.BehaviorRecorder.Controller.BR_Controller:4375&gt;main
deserializing from buffer CTATFunctionsParser.ser
Parser construction took 1 millis
deserializing from buffer CTATFunctionsParser.ser
Parser construction took 1 millis
[12:59:53] +err+ 15435: CtatMenuBar.MenuItem.getValues() no entry for menu item [Open Student Interface...@1185760472, enabled]; creating one with value true &lt;edu.cmu.pact.ctatview.CtatMenuBar$MenuItem:203&gt;main
[12:59:53] +err+ 15436: CtatMenuBar.MenuItem.getValues() no entry for menu item [Save Graph@1959388764, enabled]; creating one with value true &lt;edu.cmu.pact.ctatview.CtatMenuBar$MenuItem:203&gt;main
[12:59:53] +err+ 15437: CtatMenuBar.MenuItem.getValues() no entry for menu item [Save Graph As...@1932713450, enabled]; creating one with value true &lt;edu.cmu.pact.ctatview.CtatMenuBar$MenuItem:203&gt;main
[12:59:53] +err+ 15438: CtatMenuBar.MenuItem.getValues() no entry for menu item [Print Graph...@1745313234, enabled]; creating one with value true &lt;edu.cmu.pact.ctatview.CtatMenuBar$MenuItem:203&gt;main
[12:59:53] +err+ 15439: CtatMenuBar.CheckBoxMenuItem.getValues() no entry for menu item [Show Action Labels@46905157, enabled, unchecked]; creating one with values true,false &lt;edu.cmu.pact.ctatview.CtatMenuBar$CheckBoxMenuItem:327&gt;main
[12:59:53] +err+ 15440: CtatMenuBar.CheckBoxMenuItem.getValues() no entry for menu item [Show Skill Labels@208475250, enabled, unchecked]; creating one with values true,false &lt;edu.cmu.pact.ctatview.CtatMenuBar$CheckBoxMenuItem:327&gt;main
[12:59:53] +err+ 15441: CtatMenuBar.CheckBoxMenuItem.getValues() no entry for menu item [Show Last Cog. Model Check Labels@1297698493, enabled, unchecked]; creating one with values true,false &lt;edu.cmu.pact.ctatview.CtatMenuBar$CheckBoxMenuItem:327&gt;main
[12:59:53] +err+ 15443: CtatMenuBar.MenuItem.getValues() no entry for menu item [Undo@574652919, enabled]; creating one with value true &lt;edu.cmu.pact.ctatview.CtatMenuBar$MenuItem:203&gt;main
[12:59:53] +err+ 15444: CtatMenuBar.MenuItem.getValues() no entry for menu item [Redo@957649074, enabled]; creating one with value true &lt;edu.cmu.pact.ctatview.CtatMenuBar$MenuItem:203&gt;main
[12:59:53] +err+ 15445: CtatMenuBar.MenuItem.getValues() no entry for menu item [Copy Links@1965536100, enabled]; creating one with value true &lt;edu.cmu.pact.ctatview.CtatMenuBar$MenuItem:203&gt;main
[12:59:53] +err+ 15446: CtatMenuBar.MenuItem.getValues() no entry for menu item [Paste Links@24290899, enabled]; creating one with value true &lt;edu.cmu.pact.ctatview.CtatMenuBar$MenuItem:203&gt;main
[12:59:53] +err+ 15447: CtatMenuBar.MenuItem.getValues() no entry for menu item [Jump to Start State@271590214, enabled]; creating one with value true &lt;edu.cmu.pact.ctatview.CtatMenuBar$MenuItem:203&gt;main
[12:59:53] +err+ 15448: CtatMenuBar.MenuItem.getValues() no entry for menu item [Retract Last Step@1213976823, enabled]; creating one with value true &lt;edu.cmu.pact.ctatview.CtatMenuBar$MenuItem:203&gt;main
[12:59:53] +err+ 15449: CtatMenuBar.MenuItem.getValues() no entry for menu item [Next Preferred Step@66334014, enabled]; creating one with value true &lt;edu.cmu.pact.ctatview.CtatMenuBar$MenuItem:203&gt;main
[12:59:53] +err+ 15450: CtatMenuBar.CheckBoxMenuItem.getValues() no entry for menu item [Case Sensitive Exact Matching@331760505, enabled, unchecked]; creating one with values true,false &lt;edu.cmu.pact.ctatview.CtatMenuBar$CheckBoxMenuItem:327&gt;main
[12:59:53] +err+ 15451: CtatMenuBar.CheckBoxMenuItem.getValues() no entry for menu item [Lock Widgets on Correct Action@1031259923, enabled, unchecked]; creating one with values true,false &lt;edu.cmu.pact.ctatview.CtatMenuBar$CheckBoxMenuItem:327&gt;main
[12:59:53] +err+ 15452: CtatMenuBar.CheckBoxMenuItem.getValues() no entry for menu item [Confirm Done@45010924, enabled, unchecked]; creating one with values true,false &lt;edu.cmu.pact.ctatview.CtatMenuBar$CheckBoxMenuItem:327&gt;main
[12:59:53] +err+ 15453: CtatMenuBar.CheckBoxMenuItem.getValues() no entry for menu item [Highlight Right Selection@584355924, enabled, unchecked]; creating one with values true,false &lt;edu.cmu.pact.ctatview.CtatMenuBar$CheckBoxMenuItem:327&gt;main
[12:59:53] +err+ 15454: CtatMenuBar.MenuItem.getValues() no entry for menu item [Clean Up Graph...@1570489481, enabled]; creating one with value true &lt;edu.cmu.pact.ctatview.CtatMenuBar$MenuItem:203&gt;main
[12:59:53] +err+ 15455: CtatMenuBar.MenuItem.getValues() no entry for menu item [Show Unmatched Component References...@495201890, enabled]; creating one with value true &lt;edu.cmu.pact.ctatview.CtatMenuBar$MenuItem:203&gt;main
[12:59:53] +err+ 15456: CtatMenuBar.MenuItem.getValues() no entry for menu item [Start Collaboration...@775954878, enabled]; creating one with value true &lt;edu.cmu.pact.ctatview.CtatMenuBar$MenuItem:203&gt;main
[12:59:53] +err+ 15457: CtatMenuBar.MenuItem.getValues() no entry for menu item [Edit Start State Component Settings...@346483595, enabled]; creating one with value true &lt;edu.cmu.pact.ctatview.CtatMenuBar$MenuItem:203&gt;main
[12:59:53] +err+ 15458: CtatMenuBar.MenuItem.getValues() no entry for menu item [Save Jess Facts@277309628, enabled]; creating one with value true &lt;edu.cmu.pact.ctatview.CtatMenuBar$MenuItem:203&gt;main
[12:59:53] +err+ 15459: CtatMenuBar.MenuItem.getValues() no entry for menu item [Save Jess Templates@703403806, enabled]; creating one with value true &lt;edu.cmu.pact.ctatview.CtatMenuBar$MenuItem:203&gt;main
[12:59:53] +err+ 15460: CtatMenuBar.MenuItem.getValues() no entry for menu item [Load Production Rules@380623056, enabled]; creating one with value true &lt;edu.cmu.pact.ctatview.CtatMenuBar$MenuItem:203&gt;main
[12:59:53] +err+ 15478: CtatMenuBar.MenuItem.getValues() no entry for menu item [Create Start State@235246563, enabled]; creating one with value true &lt;edu.cmu.pact.ctatview.CtatMenuBar$MenuItem:203&gt;main
deserializing from buffer CTATFunctionsParser.ser
Parser construction took 1 millis
deserializing from buffer CTATFunctionsParser.ser
Parser construction took 2 millis
deserializing from buffer CTATFunctionsParser.ser
Parser construction took 1 millis
deserializing from buffer CTATFunctionsParser.ser
Parser construction took 1 millis
deserializing from buffer CTATFunctionsParser.ser
Parser construction took 1 millis
deserializing from buffer CTATFunctionsParser.ser
Parser construction took 1 millis
deserializing from buffer CTATFunctionsParser.ser
Parser construction took 1 millis
deserializing from buffer CTATFunctionsParser.ser
Parser construction took 2 millis
deserializing from buffer CTATFunctionsParser.ser
Parser construction took 1 millis
deserializing from buffer CTATFunctionsParser.ser
Parser construction took 1 millis
deserializing from buffer CTATFunctionsParser.ser
Parser construction took 1 millis
deserializing from buffer CTATFunctionsParser.ser
Parser construction took 1 millis
deserializing from buffer CTATFunctionsParser.ser
Parser construction took 1 millis
deserializing from buffer CTATFunctionsParser.ser
Parser construction took 1 millis
deserializing from buffer CTATFunctionsParser.ser
Parser construction took 1 millis
deserializing from buffer CTATFunctionsParser.ser
Parser construction took 1 millis
deserializing from buffer CTATFunctionsParser.ser
Parser construction took 1 millis
deserializing from buffer CTATFunctionsParser.ser
Parser construction took 1 millis
[12:59:54] +err+ 16947: Error opening test/testTrue.brd or reading as URL: java.net.MalformedURLException: no protocol: test/testTrue.brd; cause null &lt;edu.cmu.pact.BehaviorRecorder.ProblemModel.ProblemStateReader:161&gt;main
[12:59:54] +err+ 16948: Error on getFileAsResource(null) or getCanonicalPath(): java.lang.NullPointerException; cause null &lt;edu.cmu.pact.BehaviorRecorder.ProblemModel.ProblemStateReader:167&gt;main
[12:59:54] +err+ 16967: Error opening test/testFalse.brd or reading as URL: java.net.MalformedURLException: no protocol: test/testFalse.brd; cause null &lt;edu.cmu.pact.BehaviorRecorder.ProblemModel.ProblemStateReader:161&gt;main
[12:59:54] +err+ 16968: Error on getFileAsResource(null) or getCanonicalPath(): java.lang.NullPointerException; cause null &lt;edu.cmu.pact.BehaviorRecorder.ProblemModel.ProblemStateReader:167&gt;main
java.lang.NullPointerException
	at edu.cmu.pact.BehaviorRecorder.Controller.BR_Controller.&lt;init&gt;(BR_Controller.java:358)
	at edu.cmu.pact.BehaviorRecorder.Controller.SingleSessionLauncher.&lt;init&gt;(SingleSessionLauncher.java:264)
	at edu.cmu.pact.BehaviorRecorder.Controller.SingleSessionLauncher.&lt;init&gt;(SingleSessionLauncher.java:204)
	at edu.cmu.pact.BehaviorRecorder.Controller.SingleSessionLauncher.&lt;init&gt;(SingleSessionLauncher.java:198)
	at edu.cmu.pact.BehaviorRecorder.Controller.SingleSessionLauncher.&lt;init&gt;(SingleSessionLauncher.java:193)
	at edu.cmu.pact.miss.SimulateLearningTest.initialize(SimulateLearningTest.java:149)
	at edu.cmu.pact.miss.SimulateLearningTest.testSim(SimulateLearningTest.java:97)
	at sun.reflect.NativeMethodAccessorImpl.invoke0(Native Method)
	at sun.reflect.NativeMethodAccessorImpl.invoke(NativeMethodAccessorImpl.java:57)
	at sun.reflect.DelegatingMethodAccessorImpl.invoke(DelegatingMethodAccessorImpl.java:43)
	at java.lang.reflect.Method.invoke(Method.java:606)
	at junit.framework.TestCase.runTest(TestCase.java:154)
	at junit.framework.TestCase.runBare(TestCase.java:127)
	at junit.framework.TestResult$1.protect(TestResult.java:106)
	at junit.framework.TestResult.runProtected(TestResult.java:124)
	at junit.framework.TestResult.run(TestResult.java:109)
	at junit.framework.TestCase.run(TestCase.java:118)
	at junit.framework.TestSuite.runTest(TestSuite.java:208)
	at junit.framework.TestSuite.run(TestSuite.java:203)
	at org.apache.tools.ant.taskdefs.optional.junit.JUnitTestRunner.run(JUnitTestRunner.java:523)
	at org.apache.tools.ant.taskdefs.optional.junit.JUnitTestRunner.launch(JUnitTestRunner.java:1063)
	at org.apache.tools.ant.taskdefs.optional.junit.JUnitTestRunner.main(JUnitTestRunner.java:914)
[13:00:05] +err+ 16999: Error opening test/1-3plus2-5Jess.brd or reading as URL: java.net.MalformedURLException: no protocol: test/1-3plus2-5Jess.brd; cause null &lt;edu.cmu.pact.BehaviorRecorder.ProblemModel.ProblemStateReader:161&gt;main
[13:00:05] +err+ 17000: Error on getFileAsResource(null) or getCanonicalPath(): java.lang.NullPointerException; cause null &lt;edu.cmu.pact.BehaviorRecorder.ProblemModel.ProblemStateReader:167&gt;main
Exception in thread "AWT-EventQueue-0" java.lang.ArrayIndexOutOfBoundsException: 2 &gt;= 1
	at java.util.Vector.elementAt(Vector.java:470)
	at javax.swing.tree.DefaultMutableTreeNode.getChildAt(DefaultMutableTreeNode.java:243)
	at javax.swing.tree.VariableHeightLayoutCache$VisibleTreeStateNodeEnumeration.nextElement(VariableHeightLayoutCache.java:1693)
	at javax.swing.tree.VariableHeightLayoutCache$VisibleTreeStateNodeEnumeration.nextElement(VariableHeightLayoutCache.java:1652)
	at javax.swing.plaf.basic.BasicTreeUI.paint(BasicTreeUI.java:1182)
	at com.apple.laf.AquaTreeUI.paint(AquaTreeUI.java:129)
	at javax.swing.plaf.ComponentUI.update(ComponentUI.java:161)
	at javax.swing.JComponent.paintComponent(JComponent.java:778)
	at javax.swing.JComponent.paint(JComponent.java:1054)
	at javax.swing.JComponent.paintToOffscreen(JComponent.java:5219)
	at javax.swing.RepaintManager$PaintManager.paintDoubleBuffered(RepaintManager.java:1529)
	at javax.swing.RepaintManager$PaintManager.paint(RepaintManager.java:1452)
	at javax.swing.RepaintManager.paint(RepaintManager.java:1249)
	at javax.swing.JComponent._paintImmediately(JComponent.java:5167)
	at javax.swing.JComponent.paintImmediately(JComponent.java:4978)
	at javax.swing.RepaintManager$3.run(RepaintManager.java:808)
	at javax.swing.RepaintManager$3.run(RepaintManager.java:796)
	at java.security.AccessController.doPrivileged(Native Method)
	at java.security.ProtectionDomain$1.doIntersectionPrivilege(ProtectionDomain.java:76)
	at javax.swing.RepaintManager.paintDirtyRegions(RepaintManager.java:796)
	at javax.swing.RepaintManager.paintDirtyRegions(RepaintManager.java:769)
	at javax.swing.RepaintManager.prePaintDirtyRegions(RepaintManager.java:718)
	at javax.swing.RepaintManager.access$1100(RepaintManager.java:62)
	at javax.swing.RepaintManager$ProcessingRunnable.run(RepaintManager.java:1677)
	at java.awt.event.InvocationEvent.dispatch(InvocationEvent.java:251)
	at java.awt.EventQueue.dispatchEventImpl(EventQueue.java:733)
	at java.awt.EventQueue.access$200(EventQueue.java:103)
	at java.awt.EventQueue$3.run(EventQueue.java:694)
	at java.awt.EventQueue$3.run(EventQueue.java:692)
	at java.security.AccessController.doPrivileged(Native Method)
	at java.security.ProtectionDomain$1.doIntersectionPrivilege(ProtectionDomain.java:76)
	at java.awt.EventQueue.dispatchEvent(EventQueue.java:703)
	at java.awt.EventDispatchThread.pumpOneEventForFilters(EventDispatchThread.java:242)
	at java.awt.EventDispatchThread.pumpEventsForFilter(EventDispatchThread.java:161)
	at java.awt.EventDispatchThread.pumpEventsForHierarchy(EventDispatchThread.java:150)
	at java.awt.EventDispatchThread.pumpEvents(EventDispatchThread.java:146)
	at java.awt.EventDispatchThread.pumpEvents(EventDispatchThread.java:138)
	at java.awt.EventDispatchThread.run(EventDispatchThread.java:91)
deserializing from buffer CTATFunctionsParser.ser
Parser construction took 1 millis
deserializing from buffer CTATFunctionsParser.ser
Parser construction took 1 millis
deserializing from buffer CTATFunctionsParser.ser
Parser construction took 1 millis
[13:00:12] +err+ 22629: &lt;html&gt;The following widgets referenced in the behavior graph are not in the interface.&lt;br /&gt;&lt;table border="0" cellpadding="1"&gt;&lt;tr&gt;&lt;td&gt;&amp;nbsp;givenDenom2,&lt;/td&gt;&lt;td&gt;&amp;nbsp;givenDenom1,&lt;/td&gt;&lt;td&gt;&amp;nbsp;givenNum2,&lt;/td&gt;&lt;td&gt;&amp;nbsp;dorminLabel8,&lt;/td&gt;&lt;/tr&gt;&lt;tr&gt;&lt;td&gt;&amp;nbsp;givenNum1,&lt;/td&gt;&lt;td&gt;&amp;nbsp;dorminLabel7,&lt;/td&gt;&lt;td&gt;&amp;nbsp;dorminLabel6,&lt;/td&gt;&lt;td&gt;&amp;nbsp;dorminLabel5,&lt;/td&gt;&lt;/tr&gt;&lt;tr&gt;&lt;td&gt;&amp;nbsp;dorminLabel4,&lt;/td&gt;&lt;td&gt;&amp;nbsp;hint,&lt;/td&gt;&lt;td&gt;&amp;nbsp;dorminLabel3,&lt;/td&gt;&lt;td&gt;&amp;nbsp;dorminLabel2,&lt;/td&gt;&lt;/tr&gt;&lt;tr&gt;&lt;td&gt;&amp;nbsp;done,&lt;/td&gt;&lt;td&gt;&amp;nbsp;dorminLabel1&lt;/td&gt;&lt;td&gt;&amp;nbsp;&lt;/td&gt;&lt;td&gt;&amp;nbsp;&lt;/td&gt;&lt;/tr&gt;&lt;/table&gt;&lt;br /&gt;The graph and interface may be incompatible.&lt;/html&gt; &lt;edu.cmu.pact.BehaviorRecorder.Controller.BR_Controller:4375&gt;main
deserializing from buffer CTATFunctionsParser.ser
Parser construction took 1 millis
[13:00:12] +err+ 22917: &lt;html&gt;The following widgets referenced in the behavior graph are not in the interface.&lt;br /&gt;&lt;table border="0" cellpadding="1"&gt;&lt;tr&gt;&lt;td&gt;&amp;nbsp;givenDenom2,&lt;/td&gt;&lt;td&gt;&amp;nbsp;givenDenom1,&lt;/td&gt;&lt;td&gt;&amp;nbsp;givenNum2,&lt;/td&gt;&lt;td&gt;&amp;nbsp;dorminLabel8,&lt;/td&gt;&lt;/tr&gt;&lt;tr&gt;&lt;td&gt;&amp;nbsp;givenNum1,&lt;/td&gt;&lt;td&gt;&amp;nbsp;dorminLabel7,&lt;/td&gt;&lt;td&gt;&amp;nbsp;dorminLabel6,&lt;/td&gt;&lt;td&gt;&amp;nbsp;dorminLabel5,&lt;/td&gt;&lt;/tr&gt;&lt;tr&gt;&lt;td&gt;&amp;nbsp;dorminLabel4,&lt;/td&gt;&lt;td&gt;&amp;nbsp;hint,&lt;/td&gt;&lt;td&gt;&amp;nbsp;dorminLabel3,&lt;/td&gt;&lt;td&gt;&amp;nbsp;dorminLabel2,&lt;/td&gt;&lt;/tr&gt;&lt;tr&gt;&lt;td&gt;&amp;nbsp;done,&lt;/td&gt;&lt;td&gt;&amp;nbsp;dorminLabel1&lt;/td&gt;&lt;td&gt;&amp;nbsp;&lt;/td&gt;&lt;td&gt;&amp;nbsp;&lt;/td&gt;&lt;/tr&gt;&lt;/table&gt;&lt;br /&gt;The graph and interface may be incompatible.&lt;/html&gt; &lt;edu.cmu.pact.BehaviorRecorder.Controller.BR_Controller:4375&gt;main
deserializing from buffer CTATFunctionsParser.ser
Parser construction took 1 millis
[13:00:12] +err+ 23205: &lt;html&gt;The following widgets referenced in the behavior graph are not in the interface.&lt;br /&gt;&lt;table border="0" cellpadding="1"&gt;&lt;tr&gt;&lt;td&gt;&amp;nbsp;givenDenom2,&lt;/td&gt;&lt;td&gt;&amp;nbsp;givenDenom1,&lt;/td&gt;&lt;td&gt;&amp;nbsp;givenNum2,&lt;/td&gt;&lt;td&gt;&amp;nbsp;dorminLabel8,&lt;/td&gt;&lt;/tr&gt;&lt;tr&gt;&lt;td&gt;&amp;nbsp;givenNum1,&lt;/td&gt;&lt;td&gt;&amp;nbsp;dorminLabel7,&lt;/td&gt;&lt;td&gt;&amp;nbsp;dorminLabel6,&lt;/td&gt;&lt;td&gt;&amp;nbsp;dorminLabel5,&lt;/td&gt;&lt;/tr&gt;&lt;tr&gt;&lt;td&gt;&amp;nbsp;dorminLabel4,&lt;/td&gt;&lt;td&gt;&amp;nbsp;hint,&lt;/td&gt;&lt;td&gt;&amp;nbsp;dorminLabel3,&lt;/td&gt;&lt;td&gt;&amp;nbsp;dorminLabel2,&lt;/td&gt;&lt;/tr&gt;&lt;tr&gt;&lt;td&gt;&amp;nbsp;done,&lt;/td&gt;&lt;td&gt;&amp;nbsp;dorminLabel1&lt;/td&gt;&lt;td&gt;&amp;nbsp;&lt;/td&gt;&lt;td&gt;&amp;nbsp;&lt;/td&gt;&lt;/tr&gt;&lt;/table&gt;&lt;br /&gt;The graph and interface may be incompatible.&lt;/html&gt; &lt;edu.cmu.pact.BehaviorRecorder.Controller.BR_Controller:4375&gt;main
deserializing from buffer CTATFunctionsParser.ser
Parser construction took 1 millis
deserializing from buffer CTATFunctionsParser.ser
Parser construction took 1 millis
deserializing from buffer CTATFunctionsParser.ser
Parser construction took 1 millis
deserializing from buffer CTATFunctionsParser.ser
Parser construction took 1 millis
deserializing from buffer CTATFunctionsParser.ser
Parser construction took 0 millis
deserializing from buffer CTATFunctionsParser.ser
Parser construction took 1 millis
[13:00:12] +err+ 24849: Error opening test/solverTypein.brd or reading as URL: java.net.MalformedURLException: no protocol: test/solverTypein.brd; cause null &lt;edu.cmu.pact.BehaviorRecorder.ProblemModel.ProblemStateReader:161&gt;main
[13:00:12] +err+ 24850: Error on getFileAsResource(null) or getCanonicalPath(): java.lang.NullPointerException; cause null &lt;edu.cmu.pact.BehaviorRecorder.ProblemModel.ProblemStateReader:167&gt;main
deserializing from buffer CTATFunctionsParser.ser
Parser construction took 2 millis
[13:00:13] +err+ 25831: Error opening test/solverTypein.brd or reading as URL: java.net.MalformedURLException: no protocol: test/solverTypein.brd; cause null &lt;edu.cmu.pact.BehaviorRecorder.ProblemModel.ProblemStateReader:161&gt;main
[13:00:13] +err+ 25832: Error on getFileAsResource(null) or getCanonicalPath(): java.lang.NullPointerException; cause null &lt;edu.cmu.pact.BehaviorRecorder.ProblemModel.ProblemStateReader:167&gt;main
[13:00:13] +err+ 26107: error setting tutorType frame &lt;edu.cmu.pact.BehaviorRecorder.ProblemModel.ProblemStateReaderJDom:800&gt;main
java.lang.NullPointerException
	at edu.cmu.pact.BehaviorRecorder.ProblemModel.ProblemStateReaderJDom.processStateGraphElement(ProblemStateReaderJDom.java:790)
	at edu.cmu.pact.BehaviorRecorder.ProblemModel.ProblemStateReaderJDom.processDocument(ProblemStateReaderJDom.java:977)
	at edu.cmu.pact.BehaviorRecorder.ProblemModel.ProblemStateReaderJDom.loadBRDFileIntoProblemModel(ProblemStateReaderJDom.java:1067)
	at edu.cmu.pact.BehaviorRecorder.ProblemModel.RuleProductionTest.testUpdateOpportunityCounts(RuleProductionTest.java:27)
	at sun.reflect.NativeMethodAccessorImpl.invoke0(Native Method)
	at sun.reflect.NativeMethodAccessorImpl.invoke(NativeMethodAccessorImpl.java:57)
	at sun.reflect.DelegatingMethodAccessorImpl.invoke(DelegatingMethodAccessorImpl.java:43)
	at java.lang.reflect.Method.invoke(Method.java:606)
	at junit.framework.TestCase.runTest(TestCase.java:154)
	at junit.framework.TestCase.runBare(TestCase.java:127)
	at junit.framework.TestResult$1.protect(TestResult.java:106)
	at junit.framework.TestResult.runProtected(TestResult.java:124)
	at junit.framework.TestResult.run(TestResult.java:109)
	at junit.framework.TestCase.run(TestCase.java:118)
	at junit.framework.TestSuite.runTest(TestSuite.java:208)
	at junit.framework.TestSuite.run(TestSuite.java:203)
	at org.apache.tools.ant.taskdefs.optional.junit.JUnitTestRunner.run(JUnitTestRunner.java:523)
	at org.apache.tools.ant.taskdefs.optional.junit.JUnitTestRunner.launch(JUnitTestRunner.java:1063)
	at org.apache.tools.ant.taskdefs.optional.junit.JUnitTestRunner.main(JUnitTestRunner.java:914)
deserializing from buffer CTATFunctionsParser.ser
Parser construction took 1 millis
[13:00:13] +err+ 26322: Error opening test/x_eq_4over2.brd or reading as URL: java.net.MalformedURLException: no protocol: test/x_eq_4over2.brd; cause null &lt;edu.cmu.pact.BehaviorRecorder.ProblemModel.ProblemStateReader:161&gt;main
[13:00:13] +err+ 26323: Error on getFileAsResource(null) or getCanonicalPath(): java.lang.NullPointerException; cause null &lt;edu.cmu.pact.BehaviorRecorder.ProblemModel.ProblemStateReader:167&gt;main
</pre>
</body>
</html>
