<html xmlns:string="xalan://java.lang.String" xmlns:lxslt="http://xml.apache.org/xslt">
<head>
<META http-equiv="Content-Type" content="text/html; charset=UTF-8">
<title>Standard Error from CTAT_GlobalTestSuite</title>
</head>
<body>
<pre>
INFO: Mixed parser and lexer specification, 294 lexer rules, 29 parser rules.
Lexer scratch construction took 13 millis
WARNING: Grammar has no top level rule, taking first rule &gt;EXPRESSION ::= TERM ;&lt;
ParserTables scratch construction took 24 millis
serializing to buffer CTATFunctionsParser.ser
Parser construction took 129 millis
java.net.BindException: Address already in use
	at java.net.PlainSocketImpl.socketBind(Native Method)
	at java.net.AbstractPlainSocketImpl.bind(AbstractPlainSocketImpl.java:376)
	at java.net.ServerSocket.bind(ServerSocket.java:376)
	at java.net.ServerSocket.bind(ServerSocket.java:330)
	at edu.cmu.pact.TutoringService.Monitor.run(Monitor.java:156)
deserializing from buffer CTATFunctionsParser.ser
Parser construction took 48 millis
java.net.BindException: Address already in use
	at java.net.PlainSocketImpl.socketBind(Native Method)
	at java.net.AbstractPlainSocketImpl.bind(AbstractPlainSocketImpl.java:376)
	at java.net.ServerSocket.bind(ServerSocket.java:376)
	at java.net.ServerSocket.bind(ServerSocket.java:330)
	at edu.cmu.pact.TutoringService.Monitor.run(Monitor.java:156)
deserializing from buffer CTATFunctionsParser.ser
Parser construction took 64 millis
java.net.BindException: Address already in use
	at java.net.PlainSocketImpl.socketBind(Native Method)
	at java.net.AbstractPlainSocketImpl.bind(AbstractPlainSocketImpl.java:376)
	at java.net.ServerSocket.bind(ServerSocket.java:376)
	at java.net.ServerSocket.bind(ServerSocket.java:330)
	at edu.cmu.pact.TutoringService.Monitor.run(Monitor.java:156)
deserializing from buffer CTATFunctionsParser.ser
Parser construction took 45 millis
java.net.BindException: Address already in use
	at java.net.PlainSocketImpl.socketBind(Native Method)
	at java.net.AbstractPlainSocketImpl.bind(AbstractPlainSocketImpl.java:376)
	at java.net.ServerSocket.bind(ServerSocket.java:376)
	at java.net.ServerSocket.bind(ServerSocket.java:330)
	at edu.cmu.pact.TutoringService.Monitor.run(Monitor.java:156)
deserializing from buffer CTATFunctionsParser.ser
Parser construction took 6 millis
deserializing from buffer CTATFunctionsParser.ser
Parser construction took 6 millis
java.net.BindException: Address already in use
	at java.net.PlainSocketImpl.socketBind(Native Method)
	at java.net.AbstractPlainSocketImpl.bind(AbstractPlainSocketImpl.java:376)
	at java.net.ServerSocket.bind(ServerSocket.java:376)
	at java.net.ServerSocket.bind(ServerSocket.java:330)
	at edu.cmu.pact.TutoringService.Monitor.run(Monitor.java:156)
[08:17:23] +err+ 2: Error running suite() method in testCase null(edu.cmu.hcii.ctat.NodeCommTest):
  java.lang.NoSuchMethodException: edu.cmu.hcii.ctat.NodeCommTest.suite(); cause: null &lt;edu.GlobalTestSuiteManager:172&gt;main
java.lang.NoSuchMethodException: edu.cmu.hcii.ctat.NodeCommTest.suite()
	at java.lang.Class.getMethod(Class.java:1665)
	at edu.GlobalTestSuiteManager.getGlobalTestSuite(GlobalTestSuiteManager.java:164)
	at CTAT_GlobalTestSuite.suite(CTAT_GlobalTestSuite.java:34)
	at sun.reflect.NativeMethodAccessorImpl.invoke0(Native Method)
	at sun.reflect.NativeMethodAccessorImpl.invoke(NativeMethodAccessorImpl.java:57)
	at sun.reflect.DelegatingMethodAccessorImpl.invoke(DelegatingMethodAccessorImpl.java:43)
	at java.lang.reflect.Method.invoke(Method.java:606)
	at org.apache.tools.ant.taskdefs.optional.junit.JUnitTestRunner.run(JUnitTestRunner.java:400)
	at org.apache.tools.ant.taskdefs.optional.junit.JUnitTestRunner.launch(JUnitTestRunner.java:1063)
	at org.apache.tools.ant.taskdefs.optional.junit.JUnitTestRunner.main(JUnitTestRunner.java:914)
deserializing from buffer CTATFunctionsParser.ser
Parser construction took 4 millis
java.net.BindException: Address already in use
	at java.net.PlainSocketImpl.socketBind(Native Method)
	at java.net.AbstractPlainSocketImpl.bind(AbstractPlainSocketImpl.java:376)
	at java.net.ServerSocket.bind(ServerSocket.java:376)
	at java.net.ServerSocket.bind(ServerSocket.java:330)
	at edu.cmu.pact.TutoringService.Monitor.run(Monitor.java:156)
deserializing from buffer CTATFunctionsParser.ser
Parser construction took 4 millis
java.net.BindException: Address already in use
	at java.net.PlainSocketImpl.socketBind(Native Method)
	at java.net.AbstractPlainSocketImpl.bind(AbstractPlainSocketImpl.java:376)
	at java.net.ServerSocket.bind(ServerSocket.java:376)
	at java.net.ServerSocket.bind(ServerSocket.java:330)
	at edu.cmu.pact.TutoringService.Monitor.run(Monitor.java:156)
deserializing from buffer CTATFunctionsParser.ser
Parser construction took 3 millis
java.net.BindException: Address already in use
	at java.net.PlainSocketImpl.socketBind(Native Method)
	at java.net.AbstractPlainSocketImpl.bind(AbstractPlainSocketImpl.java:376)
	at java.net.ServerSocket.bind(ServerSocket.java:376)
	at java.net.ServerSocket.bind(ServerSocket.java:330)
	at edu.cmu.pact.TutoringService.Monitor.run(Monitor.java:156)
[08:17:25] +err+ 3: Error running suite() method in testCase null(edu.cmu.pact.Log.LogDifferences.ColumnTest):
  java.lang.NoSuchMethodException: edu.cmu.pact.Log.LogDifferences.ColumnTest.suite(); cause: null &lt;edu.GlobalTestSuiteManager:172&gt;main
java.lang.NoSuchMethodException: edu.cmu.pact.Log.LogDifferences.ColumnTest.suite()
	at java.lang.Class.getMethod(Class.java:1665)
	at edu.GlobalTestSuiteManager.getGlobalTestSuite(GlobalTestSuiteManager.java:164)
	at CTAT_GlobalTestSuite.suite(CTAT_GlobalTestSuite.java:34)
	at sun.reflect.NativeMethodAccessorImpl.invoke0(Native Method)
	at sun.reflect.NativeMethodAccessorImpl.invoke(NativeMethodAccessorImpl.java:57)
	at sun.reflect.DelegatingMethodAccessorImpl.invoke(DelegatingMethodAccessorImpl.java:43)
	at java.lang.reflect.Method.invoke(Method.java:606)
	at org.apache.tools.ant.taskdefs.optional.junit.JUnitTestRunner.run(JUnitTestRunner.java:400)
	at org.apache.tools.ant.taskdefs.optional.junit.JUnitTestRunner.launch(JUnitTestRunner.java:1063)
	at org.apache.tools.ant.taskdefs.optional.junit.JUnitTestRunner.main(JUnitTestRunner.java:914)
[08:17:25] +err+ 4: Error running suite() method in testCase null(edu.cmu.pact.Log.LogDifferences.ContentCellTest):
  java.lang.NoSuchMethodException: edu.cmu.pact.Log.LogDifferences.ContentCellTest.suite(); cause: null &lt;edu.GlobalTestSuiteManager:172&gt;main
java.lang.NoSuchMethodException: edu.cmu.pact.Log.LogDifferences.ContentCellTest.suite()
	at java.lang.Class.getMethod(Class.java:1665)
	at edu.GlobalTestSuiteManager.getGlobalTestSuite(GlobalTestSuiteManager.java:164)
	at CTAT_GlobalTestSuite.suite(CTAT_GlobalTestSuite.java:34)
	at sun.reflect.NativeMethodAccessorImpl.invoke0(Native Method)
	at sun.reflect.NativeMethodAccessorImpl.invoke(NativeMethodAccessorImpl.java:57)
	at sun.reflect.DelegatingMethodAccessorImpl.invoke(DelegatingMethodAccessorImpl.java:43)
	at java.lang.reflect.Method.invoke(Method.java:606)
	at org.apache.tools.ant.taskdefs.optional.junit.JUnitTestRunner.run(JUnitTestRunner.java:400)
	at org.apache.tools.ant.taskdefs.optional.junit.JUnitTestRunner.launch(JUnitTestRunner.java:1063)
	at org.apache.tools.ant.taskdefs.optional.junit.JUnitTestRunner.main(JUnitTestRunner.java:914)
[08:17:25] +err+ 5: Error running suite() method in testCase null(edu.cmu.pact.Log.LogDifferences.ContentNullTest):
  java.lang.NoSuchMethodException: edu.cmu.pact.Log.LogDifferences.ContentNullTest.suite(); cause: null &lt;edu.GlobalTestSuiteManager:172&gt;main
java.lang.NoSuchMethodException: edu.cmu.pact.Log.LogDifferences.ContentNullTest.suite()
	at java.lang.Class.getMethod(Class.java:1665)
	at edu.GlobalTestSuiteManager.getGlobalTestSuite(GlobalTestSuiteManager.java:164)
	at CTAT_GlobalTestSuite.suite(CTAT_GlobalTestSuite.java:34)
	at sun.reflect.NativeMethodAccessorImpl.invoke0(Native Method)
	at sun.reflect.NativeMethodAccessorImpl.invoke(NativeMethodAccessorImpl.java:57)
	at sun.reflect.DelegatingMethodAccessorImpl.invoke(DelegatingMethodAccessorImpl.java:43)
	at java.lang.reflect.Method.invoke(Method.java:606)
	at org.apache.tools.ant.taskdefs.optional.junit.JUnitTestRunner.run(JUnitTestRunner.java:400)
	at org.apache.tools.ant.taskdefs.optional.junit.JUnitTestRunner.launch(JUnitTestRunner.java:1063)
	at org.apache.tools.ant.taskdefs.optional.junit.JUnitTestRunner.main(JUnitTestRunner.java:914)
[08:17:25] +err+ 6: Error running suite() method in testCase null(edu.cmu.pact.Log.LogDifferences.ContentTest):
  java.lang.NoSuchMethodException: edu.cmu.pact.Log.LogDifferences.ContentTest.suite(); cause: null &lt;edu.GlobalTestSuiteManager:172&gt;main
java.lang.NoSuchMethodException: edu.cmu.pact.Log.LogDifferences.ContentTest.suite()
	at java.lang.Class.getMethod(Class.java:1665)
	at edu.GlobalTestSuiteManager.getGlobalTestSuite(GlobalTestSuiteManager.java:164)
	at CTAT_GlobalTestSuite.suite(CTAT_GlobalTestSuite.java:34)
	at sun.reflect.NativeMethodAccessorImpl.invoke0(Native Method)
	at sun.reflect.NativeMethodAccessorImpl.invoke(NativeMethodAccessorImpl.java:57)
	at sun.reflect.DelegatingMethodAccessorImpl.invoke(DelegatingMethodAccessorImpl.java:43)
	at java.lang.reflect.Method.invoke(Method.java:606)
	at org.apache.tools.ant.taskdefs.optional.junit.JUnitTestRunner.run(JUnitTestRunner.java:400)
	at org.apache.tools.ant.taskdefs.optional.junit.JUnitTestRunner.launch(JUnitTestRunner.java:1063)
	at org.apache.tools.ant.taskdefs.optional.junit.JUnitTestRunner.main(JUnitTestRunner.java:914)
[08:17:25] +err+ 7: Error running suite() method in testCase null(edu.cmu.pact.Log.LogDifferences.TutorMessageContentsTest):
  java.lang.NoSuchMethodException: edu.cmu.pact.Log.LogDifferences.TutorMessageContentsTest.suite(); cause: null &lt;edu.GlobalTestSuiteManager:172&gt;main
java.lang.NoSuchMethodException: edu.cmu.pact.Log.LogDifferences.TutorMessageContentsTest.suite()
	at java.lang.Class.getMethod(Class.java:1665)
	at edu.GlobalTestSuiteManager.getGlobalTestSuite(GlobalTestSuiteManager.java:164)
	at CTAT_GlobalTestSuite.suite(CTAT_GlobalTestSuite.java:34)
	at sun.reflect.NativeMethodAccessorImpl.invoke0(Native Method)
	at sun.reflect.NativeMethodAccessorImpl.invoke(NativeMethodAccessorImpl.java:57)
	at sun.reflect.DelegatingMethodAccessorImpl.invoke(DelegatingMethodAccessorImpl.java:43)
	at java.lang.reflect.Method.invoke(Method.java:606)
	at org.apache.tools.ant.taskdefs.optional.junit.JUnitTestRunner.run(JUnitTestRunner.java:400)
	at org.apache.tools.ant.taskdefs.optional.junit.JUnitTestRunner.launch(JUnitTestRunner.java:1063)
	at org.apache.tools.ant.taskdefs.optional.junit.JUnitTestRunner.main(JUnitTestRunner.java:914)
deserializing from buffer CTATFunctionsParser.ser
Parser construction took 14 millis
java.net.BindException: Address already in use
	at java.net.PlainSocketImpl.socketBind(Native Method)
	at java.net.AbstractPlainSocketImpl.bind(AbstractPlainSocketImpl.java:376)
	at java.net.ServerSocket.bind(ServerSocket.java:376)
	at java.net.ServerSocket.bind(ServerSocket.java:330)
	at edu.cmu.pact.TutoringService.Monitor.run(Monitor.java:156)
deserializing from buffer CTATFunctionsParser.ser
Parser construction took 3 millis
java.net.BindException: Address already in use
	at java.net.PlainSocketImpl.socketBind(Native Method)
	at java.net.AbstractPlainSocketImpl.bind(AbstractPlainSocketImpl.java:376)
	at java.net.ServerSocket.bind(ServerSocket.java:376)
	at java.net.ServerSocket.bind(ServerSocket.java:330)
	at edu.cmu.pact.TutoringService.Monitor.run(Monitor.java:156)
[08:17:28] +err+ 8: Error on UTP.init(null): java.security.InvalidParameterException: Controller cannot be null.; cause null &lt;edu.cmu.pact.BehaviorRecorder.Controller.PseudoTutorMessageHandlerTest$SinkToolProxy:75&gt;main
[08:17:28] +err+ 17: &lt;html&gt;The following widgets referenced in the behavior graph are not in the interface.&lt;br /&gt;&lt;table border="0" cellpadding="1"&gt;&lt;tr&gt;&lt;td&gt;&amp;nbsp;firstNumGiven,&lt;/td&gt;&lt;td&gt;&amp;nbsp;firstDenGiven,&lt;/td&gt;&lt;td&gt;&amp;nbsp;secNumGiven,&lt;/td&gt;&lt;td&gt;&amp;nbsp;secDenGiven&lt;/td&gt;&lt;/tr&gt;&lt;/table&gt;&lt;br /&gt;The graph and interface may be incompatible.&lt;/html&gt; &lt;edu.cmu.pact.BehaviorRecorder.Controller.BR_Controller:4448&gt;main
[08:17:28] +err+ 18: &lt;html&gt;The following widgets referenced in the behavior graph are not in the interface.&lt;br /&gt;&lt;table border="0" cellpadding="1"&gt;&lt;tr&gt;&lt;td&gt;&amp;nbsp;firstNumGiven,&lt;/td&gt;&lt;td&gt;&amp;nbsp;firstDenGiven,&lt;/td&gt;&lt;td&gt;&amp;nbsp;secNumGiven,&lt;/td&gt;&lt;td&gt;&amp;nbsp;secDenGiven&lt;/td&gt;&lt;/tr&gt;&lt;/table&gt;&lt;br /&gt;The graph and interface may be incompatible.&lt;/html&gt; &lt;edu.cmu.pact.BehaviorRecorder.Controller.BR_Controller:4448&gt;main
[08:17:28] +err+ 19: Error on response[-1]: java.net.ConnectException: Connection refused; cause null;
  request was &lt;message&gt;&lt;verb&gt;SendNoteProperty&lt;/verb&gt;&lt;properties&gt;&lt;MessageType&gt;InterfaceAction&lt;/MessageType&gt;&lt;Selection&gt;&lt;value&gt;help&lt;/value&gt;&lt;value&gt;dummy&lt;/value&gt;&lt;/Selection&gt;&lt;Action&gt;&lt;value&gt;ButtonPressed&lt;/value&gt;&lt;value&gt;PreviousFocus&lt;/value&gt;&lt;/Action&gt;&lt;Input&gt;&lt;value&gt;-1&lt;/value&gt;&lt;/Input&gt;&lt;transaction_id&gt;T17ef2d48-20ec-4585-8524-65a90cb259da&lt;/transaction_id&gt;&lt;/properties&gt;&lt;/message&gt; &lt;edu.cmu.pact.BehaviorRecorder.Controller.JSExampleTracerTest:215&gt;main
java.net.ConnectException: Connection refused
	at java.net.PlainSocketImpl.socketConnect(Native Method)
	at java.net.AbstractPlainSocketImpl.doConnect(AbstractPlainSocketImpl.java:339)
	at java.net.AbstractPlainSocketImpl.connectToAddress(AbstractPlainSocketImpl.java:200)
	at java.net.AbstractPlainSocketImpl.connect(AbstractPlainSocketImpl.java:182)
	at java.net.SocksSocketImpl.connect(SocksSocketImpl.java:392)
	at java.net.Socket.connect(Socket.java:579)
	at java.net.Socket.connect(Socket.java:528)
	at sun.net.NetworkClient.doConnect(NetworkClient.java:180)
	at sun.net.www.http.HttpClient.openServer(HttpClient.java:432)
	at sun.net.www.http.HttpClient.openServer(HttpClient.java:527)
	at sun.net.www.http.HttpClient.&lt;init&gt;(HttpClient.java:211)
	at sun.net.www.http.HttpClient.New(HttpClient.java:308)
	at sun.net.www.http.HttpClient.New(HttpClient.java:326)
	at sun.net.www.protocol.http.HttpURLConnection.getNewHttpClient(HttpURLConnection.java:996)
	at sun.net.www.protocol.http.HttpURLConnection.plainConnect(HttpURLConnection.java:932)
	at sun.net.www.protocol.http.HttpURLConnection.connect(HttpURLConnection.java:850)
	at sun.net.www.protocol.http.HttpURLConnection.getOutputStream(HttpURLConnection.java:1091)
	at edu.cmu.pact.BehaviorRecorder.Controller.HttpToolEmulator.sendAndWait(HttpToolEmulator.java:90)
	at edu.cmu.pact.BehaviorRecorder.Controller.JSExampleTracerTest.getExampleTracerResponses(JSExampleTracerTest.java:198)
	at edu.cmu.pact.BehaviorRecorder.Controller.JSExampleTracerTest.runProcessPseudoTutorInterfaceAction(JSExampleTracerTest.java:183)
	at edu.cmu.pact.BehaviorRecorder.Controller.PseudoTutorMessageHandlerTest.runMTTests(PseudoTutorMessageHandlerTest.java:1365)
	at edu.cmu.pact.BehaviorRecorder.Controller.PseudoTutorMessageHandlerTest.testAdd1_6thPlus3_14ths(PseudoTutorMessageHandlerTest.java:834)
	at sun.reflect.NativeMethodAccessorImpl.invoke0(Native Method)
	at sun.reflect.NativeMethodAccessorImpl.invoke(NativeMethodAccessorImpl.java:57)
	at sun.reflect.DelegatingMethodAccessorImpl.invoke(DelegatingMethodAccessorImpl.java:43)
	at java.lang.reflect.Method.invoke(Method.java:606)
	at junit.framework.TestCase.runTest(TestCase.java:154)
	at junit.framework.TestCase.runBare(TestCase.java:127)
	at junit.framework.TestResult$1.protect(TestResult.java:106)
	at junit.framework.TestResult.runProtected(TestResult.java:124)
	at junit.framework.TestResult.run(TestResult.java:109)
	at junit.framework.TestCase.run(TestCase.java:118)
	at junit.framework.TestSuite.runTest(TestSuite.java:208)
	at junit.framework.TestSuite.run(TestSuite.java:203)
	at org.apache.tools.ant.taskdefs.optional.junit.JUnitTestRunner.run(JUnitTestRunner.java:523)
	at org.apache.tools.ant.taskdefs.optional.junit.JUnitTestRunner.launch(JUnitTestRunner.java:1063)
	at org.apache.tools.ant.taskdefs.optional.junit.JUnitTestRunner.main(JUnitTestRunner.java:914)
edu.cmu.pact.BehaviorRecorder.ProblemModel.ProblemModelException: The problem name: "" is empty or has unallowed characters.
	at edu.cmu.pact.BehaviorRecorder.Controller.BR_Controller.createStartStateInternal(BR_Controller.java:2421)
	at edu.cmu.pact.BehaviorRecorder.Controller.BR_Controller.createStartState(BR_Controller.java:2370)
	at edu.cmu.pact.ctat.model.CtatModeModel.changeAuthorModeOk(CtatModeModel.java:343)
	at edu.cmu.pact.ctat.model.CtatModeModel.setAuthorMode(CtatModeModel.java:215)
	at edu.cmu.pact.BehaviorRecorder.Controller.PseudoTutorMessageHandlerTest.setUp(PseudoTutorMessageHandlerTest.java:673)
	at junit.framework.TestCase.runBare(TestCase.java:125)
	at junit.framework.TestResult$1.protect(TestResult.java:106)
	at junit.framework.TestResult.runProtected(TestResult.java:124)
	at junit.framework.TestResult.run(TestResult.java:109)
	at junit.framework.TestCase.run(TestCase.java:118)
	at junit.framework.TestSuite.runTest(TestSuite.java:208)
	at junit.framework.TestSuite.run(TestSuite.java:203)
	at org.apache.tools.ant.taskdefs.optional.junit.JUnitTestRunner.run(JUnitTestRunner.java:523)
	at org.apache.tools.ant.taskdefs.optional.junit.JUnitTestRunner.launch(JUnitTestRunner.java:1063)
	at org.apache.tools.ant.taskdefs.optional.junit.JUnitTestRunner.main(JUnitTestRunner.java:914)
[08:17:28] +err+ 28: Error on UTP.init(null): java.security.InvalidParameterException: Controller cannot be null.; cause null &lt;edu.cmu.pact.BehaviorRecorder.Controller.PseudoTutorMessageHandlerTest$SinkToolProxy:75&gt;main
[08:17:29] +err+ 53: Error on response[-1]: java.net.ConnectException: Connection refused; cause null;
  request was &lt;message&gt;&lt;verb&gt;SendNoteProperty&lt;/verb&gt;&lt;properties&gt;&lt;MessageType&gt;InterfaceAction&lt;/MessageType&gt;&lt;Selection&gt;&lt;value&gt;operation&lt;/value&gt;&lt;/Selection&gt;&lt;Action&gt;&lt;value&gt;UpdateComboBox&lt;/value&gt;&lt;/Action&gt;&lt;Input&gt;&lt;value&gt;+&lt;/value&gt;&lt;/Input&gt;&lt;transaction_id&gt;Tb8a15a25-7a6b-4c9c-8d23-ff766239ade0&lt;/transaction_id&gt;&lt;/properties&gt;&lt;/message&gt; &lt;edu.cmu.pact.BehaviorRecorder.Controller.JSExampleTracerTest:215&gt;main
java.net.ConnectException: Connection refused
	at java.net.PlainSocketImpl.socketConnect(Native Method)
	at java.net.AbstractPlainSocketImpl.doConnect(AbstractPlainSocketImpl.java:339)
	at java.net.AbstractPlainSocketImpl.connectToAddress(AbstractPlainSocketImpl.java:200)
	at java.net.AbstractPlainSocketImpl.connect(AbstractPlainSocketImpl.java:182)
	at java.net.SocksSocketImpl.connect(SocksSocketImpl.java:392)
	at java.net.Socket.connect(Socket.java:579)
	at java.net.Socket.connect(Socket.java:528)
	at sun.net.NetworkClient.doConnect(NetworkClient.java:180)
	at sun.net.www.http.HttpClient.openServer(HttpClient.java:432)
	at sun.net.www.http.HttpClient.openServer(HttpClient.java:527)
	at sun.net.www.http.HttpClient.&lt;init&gt;(HttpClient.java:211)
	at sun.net.www.http.HttpClient.New(HttpClient.java:308)
	at sun.net.www.http.HttpClient.New(HttpClient.java:326)
	at sun.net.www.protocol.http.HttpURLConnection.getNewHttpClient(HttpURLConnection.java:996)
	at sun.net.www.protocol.http.HttpURLConnection.plainConnect(HttpURLConnection.java:932)
	at sun.net.www.protocol.http.HttpURLConnection.connect(HttpURLConnection.java:850)
	at sun.net.www.protocol.http.HttpURLConnection.getOutputStream(HttpURLConnection.java:1091)
	at edu.cmu.pact.BehaviorRecorder.Controller.HttpToolEmulator.sendAndWait(HttpToolEmulator.java:90)
	at edu.cmu.pact.BehaviorRecorder.Controller.JSExampleTracerTest.getExampleTracerResponses(JSExampleTracerTest.java:198)
	at edu.cmu.pact.BehaviorRecorder.Controller.JSExampleTracerTest.runProcessPseudoTutorInterfaceAction(JSExampleTracerTest.java:183)
	at edu.cmu.pact.BehaviorRecorder.Controller.PseudoTutorMessageHandlerTest.runMTTests(PseudoTutorMessageHandlerTest.java:1365)
	at edu.cmu.pact.BehaviorRecorder.Controller.PseudoTutorMessageHandlerTest.testAdd32d4plus4d5(PseudoTutorMessageHandlerTest.java:1307)
	at sun.reflect.NativeMethodAccessorImpl.invoke0(Native Method)
	at sun.reflect.NativeMethodAccessorImpl.invoke(NativeMethodAccessorImpl.java:57)
	at sun.reflect.DelegatingMethodAccessorImpl.invoke(DelegatingMethodAccessorImpl.java:43)
	at java.lang.reflect.Method.invoke(Method.java:606)
	at junit.framework.TestCase.runTest(TestCase.java:154)
	at junit.framework.TestCase.runBare(TestCase.java:127)
	at junit.framework.TestResult$1.protect(TestResult.java:106)
	at junit.framework.TestResult.runProtected(TestResult.java:124)
	at junit.framework.TestResult.run(TestResult.java:109)
	at junit.framework.TestCase.run(TestCase.java:118)
	at junit.framework.TestSuite.runTest(TestSuite.java:208)
	at junit.framework.TestSuite.run(TestSuite.java:203)
	at org.apache.tools.ant.taskdefs.optional.junit.JUnitTestRunner.run(JUnitTestRunner.java:523)
	at org.apache.tools.ant.taskdefs.optional.junit.JUnitTestRunner.launch(JUnitTestRunner.java:1063)
	at org.apache.tools.ant.taskdefs.optional.junit.JUnitTestRunner.main(JUnitTestRunner.java:914)
edu.cmu.pact.BehaviorRecorder.ProblemModel.ProblemModelException: The problem name: "" is empty or has unallowed characters.
	at edu.cmu.pact.BehaviorRecorder.Controller.BR_Controller.createStartStateInternal(BR_Controller.java:2421)
	at edu.cmu.pact.BehaviorRecorder.Controller.BR_Controller.createStartState(BR_Controller.java:2370)
	at edu.cmu.pact.ctat.model.CtatModeModel.changeAuthorModeOk(CtatModeModel.java:343)
	at edu.cmu.pact.ctat.model.CtatModeModel.setAuthorMode(CtatModeModel.java:215)
	at edu.cmu.pact.BehaviorRecorder.Controller.PseudoTutorMessageHandlerTest.setUp(PseudoTutorMessageHandlerTest.java:673)
	at junit.framework.TestCase.runBare(TestCase.java:125)
	at junit.framework.TestResult$1.protect(TestResult.java:106)
	at junit.framework.TestResult.runProtected(TestResult.java:124)
	at junit.framework.TestResult.run(TestResult.java:109)
	at junit.framework.TestCase.run(TestCase.java:118)
	at junit.framework.TestSuite.runTest(TestSuite.java:208)
	at junit.framework.TestSuite.run(TestSuite.java:203)
	at org.apache.tools.ant.taskdefs.optional.junit.JUnitTestRunner.run(JUnitTestRunner.java:523)
	at org.apache.tools.ant.taskdefs.optional.junit.JUnitTestRunner.launch(JUnitTestRunner.java:1063)
	at org.apache.tools.ant.taskdefs.optional.junit.JUnitTestRunner.main(JUnitTestRunner.java:914)
[08:17:29] +err+ 78: Error on UTP.init(null): java.security.InvalidParameterException: Controller cannot be null.; cause null &lt;edu.cmu.pact.BehaviorRecorder.Controller.PseudoTutorMessageHandlerTest$SinkToolProxy:75&gt;main
[08:17:29] +err+ 79: Error on response[-1]: java.net.ConnectException: Connection refused; cause null;
  request was &lt;message&gt;&lt;verb&gt;SendNoteProperty&lt;/verb&gt;&lt;properties&gt;&lt;MessageType&gt;SetPreferences&lt;/MessageType&gt;&lt;question_file&gt;http://localhost:8888//Users/simstudent/CMU/pact-cvs-tree/AuthoringToolsL/java/test/edu/cmu/pact/BehaviorRecorder/Controller/678plus187.brd&lt;/question_file&gt;&lt;/properties&gt;&lt;/message&gt; &lt;edu.cmu.pact.BehaviorRecorder.Controller.JSExampleTracerTest:215&gt;main
java.net.ConnectException: Connection refused
	at java.net.PlainSocketImpl.socketConnect(Native Method)
	at java.net.AbstractPlainSocketImpl.doConnect(AbstractPlainSocketImpl.java:339)
	at java.net.AbstractPlainSocketImpl.connectToAddress(AbstractPlainSocketImpl.java:200)
	at java.net.AbstractPlainSocketImpl.connect(AbstractPlainSocketImpl.java:182)
	at java.net.SocksSocketImpl.connect(SocksSocketImpl.java:392)
	at java.net.Socket.connect(Socket.java:579)
	at java.net.Socket.connect(Socket.java:528)
	at sun.net.NetworkClient.doConnect(NetworkClient.java:180)
	at sun.net.www.http.HttpClient.openServer(HttpClient.java:432)
	at sun.net.www.http.HttpClient.openServer(HttpClient.java:527)
	at sun.net.www.http.HttpClient.&lt;init&gt;(HttpClient.java:211)
	at sun.net.www.http.HttpClient.New(HttpClient.java:308)
	at sun.net.www.http.HttpClient.New(HttpClient.java:326)
	at sun.net.www.protocol.http.HttpURLConnection.getNewHttpClient(HttpURLConnection.java:996)
	at sun.net.www.protocol.http.HttpURLConnection.plainConnect(HttpURLConnection.java:932)
	at sun.net.www.protocol.http.HttpURLConnection.connect(HttpURLConnection.java:850)
	at sun.net.www.protocol.http.HttpURLConnection.getOutputStream(HttpURLConnection.java:1091)
	at edu.cmu.pact.BehaviorRecorder.Controller.HttpToolEmulator.sendAndWait(HttpToolEmulator.java:90)
	at edu.cmu.pact.BehaviorRecorder.Controller.JSExampleTracerTest.getExampleTracerResponses(JSExampleTracerTest.java:198)
	at edu.cmu.pact.BehaviorRecorder.Controller.JSExampleTracerTest.openBRD(JSExampleTracerTest.java:166)
	at edu.cmu.pact.BehaviorRecorder.Controller.PseudoTutorMessageHandlerTest.testAdd678plus187(PseudoTutorMessageHandlerTest.java:925)
	at sun.reflect.NativeMethodAccessorImpl.invoke0(Native Method)
	at sun.reflect.NativeMethodAccessorImpl.invoke(NativeMethodAccessorImpl.java:57)
	at sun.reflect.DelegatingMethodAccessorImpl.invoke(DelegatingMethodAccessorImpl.java:43)
	at java.lang.reflect.Method.invoke(Method.java:606)
	at junit.framework.TestCase.runTest(TestCase.java:154)
	at junit.framework.TestCase.runBare(TestCase.java:127)
	at junit.framework.TestResult$1.protect(TestResult.java:106)
	at junit.framework.TestResult.runProtected(TestResult.java:124)
	at junit.framework.TestResult.run(TestResult.java:109)
	at junit.framework.TestCase.run(TestCase.java:118)
	at junit.framework.TestSuite.runTest(TestSuite.java:208)
	at junit.framework.TestSuite.run(TestSuite.java:203)
	at org.apache.tools.ant.taskdefs.optional.junit.JUnitTestRunner.run(JUnitTestRunner.java:523)
	at org.apache.tools.ant.taskdefs.optional.junit.JUnitTestRunner.launch(JUnitTestRunner.java:1063)
	at org.apache.tools.ant.taskdefs.optional.junit.JUnitTestRunner.main(JUnitTestRunner.java:914)
edu.cmu.pact.BehaviorRecorder.ProblemModel.ProblemModelException: The problem name: "" is empty or has unallowed characters.
	at edu.cmu.pact.BehaviorRecorder.Controller.BR_Controller.createStartStateInternal(BR_Controller.java:2421)
	at edu.cmu.pact.BehaviorRecorder.Controller.BR_Controller.createStartState(BR_Controller.java:2370)
	at edu.cmu.pact.ctat.model.CtatModeModel.changeAuthorModeOk(CtatModeModel.java:343)
	at edu.cmu.pact.ctat.model.CtatModeModel.setAuthorMode(CtatModeModel.java:215)
	at edu.cmu.pact.BehaviorRecorder.Controller.PseudoTutorMessageHandlerTest.setUp(PseudoTutorMessageHandlerTest.java:673)
	at junit.framework.TestCase.runBare(TestCase.java:125)
	at junit.framework.TestResult$1.protect(TestResult.java:106)
	at junit.framework.TestResult.runProtected(TestResult.java:124)
	at junit.framework.TestResult.run(TestResult.java:109)
	at junit.framework.TestCase.run(TestCase.java:118)
	at junit.framework.TestSuite.runTest(TestSuite.java:208)
	at junit.framework.TestSuite.run(TestSuite.java:203)
	at org.apache.tools.ant.taskdefs.optional.junit.JUnitTestRunner.run(JUnitTestRunner.java:523)
	at org.apache.tools.ant.taskdefs.optional.junit.JUnitTestRunner.launch(JUnitTestRunner.java:1063)
	at org.apache.tools.ant.taskdefs.optional.junit.JUnitTestRunner.main(JUnitTestRunner.java:914)
[08:17:29] +err+ 98: Error on UTP.init(null): java.security.InvalidParameterException: Controller cannot be null.; cause null &lt;edu.cmu.pact.BehaviorRecorder.Controller.PseudoTutorMessageHandlerTest$SinkToolProxy:75&gt;main
[08:17:29] +err+ 117: Error on response[-1]: java.net.ConnectException: Connection refused; cause null;
  request was &lt;message&gt;&lt;verb&gt;SendNoteProperty&lt;/verb&gt;&lt;properties&gt;&lt;MessageType&gt;InterfaceAction&lt;/MessageType&gt;&lt;Selection&gt;&lt;value&gt;table1_C5R1&lt;/value&gt;&lt;/Selection&gt;&lt;Action&gt;&lt;value&gt;UpdateTable&lt;/value&gt;&lt;/Action&gt;&lt;Input&gt;&lt;value&gt;1&lt;/value&gt;&lt;/Input&gt;&lt;transaction_id&gt;T3aff9cba-17c2-45ee-b406-66b17be22153&lt;/transaction_id&gt;&lt;/properties&gt;&lt;/message&gt; &lt;edu.cmu.pact.BehaviorRecorder.Controller.JSExampleTracerTest:215&gt;main
java.net.ConnectException: Connection refused
	at java.net.PlainSocketImpl.socketConnect(Native Method)
	at java.net.AbstractPlainSocketImpl.doConnect(AbstractPlainSocketImpl.java:339)
	at java.net.AbstractPlainSocketImpl.connectToAddress(AbstractPlainSocketImpl.java:200)
	at java.net.AbstractPlainSocketImpl.connect(AbstractPlainSocketImpl.java:182)
	at java.net.SocksSocketImpl.connect(SocksSocketImpl.java:392)
	at java.net.Socket.connect(Socket.java:579)
	at java.net.Socket.connect(Socket.java:528)
	at sun.net.NetworkClient.doConnect(NetworkClient.java:180)
	at sun.net.www.http.HttpClient.openServer(HttpClient.java:432)
	at sun.net.www.http.HttpClient.openServer(HttpClient.java:527)
	at sun.net.www.http.HttpClient.&lt;init&gt;(HttpClient.java:211)
	at sun.net.www.http.HttpClient.New(HttpClient.java:308)
	at sun.net.www.http.HttpClient.New(HttpClient.java:326)
	at sun.net.www.protocol.http.HttpURLConnection.getNewHttpClient(HttpURLConnection.java:996)
	at sun.net.www.protocol.http.HttpURLConnection.plainConnect(HttpURLConnection.java:932)
	at sun.net.www.protocol.http.HttpURLConnection.connect(HttpURLConnection.java:850)
	at sun.net.www.protocol.http.HttpURLConnection.getOutputStream(HttpURLConnection.java:1091)
	at edu.cmu.pact.BehaviorRecorder.Controller.HttpToolEmulator.sendAndWait(HttpToolEmulator.java:90)
	at edu.cmu.pact.BehaviorRecorder.Controller.JSExampleTracerTest.getExampleTracerResponses(JSExampleTracerTest.java:198)
	at edu.cmu.pact.BehaviorRecorder.Controller.JSExampleTracerTest.runProcessPseudoTutorInterfaceAction(JSExampleTracerTest.java:183)
	at edu.cmu.pact.BehaviorRecorder.Controller.PseudoTutorMessageHandlerTest.runMTTests(PseudoTutorMessageHandlerTest.java:1365)
	at edu.cmu.pact.BehaviorRecorder.Controller.PseudoTutorMessageHandlerTest.testAdd678plus187AltPath(PseudoTutorMessageHandlerTest.java:1194)
	at sun.reflect.NativeMethodAccessorImpl.invoke0(Native Method)
	at sun.reflect.NativeMethodAccessorImpl.invoke(NativeMethodAccessorImpl.java:57)
	at sun.reflect.DelegatingMethodAccessorImpl.invoke(DelegatingMethodAccessorImpl.java:43)
	at java.lang.reflect.Method.invoke(Method.java:606)
	at junit.framework.TestCase.runTest(TestCase.java:154)
	at junit.framework.TestCase.runBare(TestCase.java:127)
	at junit.framework.TestResult$1.protect(TestResult.java:106)
	at junit.framework.TestResult.runProtected(TestResult.java:124)
	at junit.framework.TestResult.run(TestResult.java:109)
	at junit.framework.TestCase.run(TestCase.java:118)
	at junit.framework.TestSuite.runTest(TestSuite.java:208)
	at junit.framework.TestSuite.run(TestSuite.java:203)
	at org.apache.tools.ant.taskdefs.optional.junit.JUnitTestRunner.run(JUnitTestRunner.java:523)
	at org.apache.tools.ant.taskdefs.optional.junit.JUnitTestRunner.launch(JUnitTestRunner.java:1063)
	at org.apache.tools.ant.taskdefs.optional.junit.JUnitTestRunner.main(JUnitTestRunner.java:914)
edu.cmu.pact.BehaviorRecorder.ProblemModel.ProblemModelException: The problem name: "" is empty or has unallowed characters.
	at edu.cmu.pact.BehaviorRecorder.Controller.BR_Controller.createStartStateInternal(BR_Controller.java:2421)
	at edu.cmu.pact.BehaviorRecorder.Controller.BR_Controller.createStartState(BR_Controller.java:2370)
	at edu.cmu.pact.ctat.model.CtatModeModel.changeAuthorModeOk(CtatModeModel.java:343)
	at edu.cmu.pact.ctat.model.CtatModeModel.setAuthorMode(CtatModeModel.java:215)
	at edu.cmu.pact.BehaviorRecorder.Controller.PseudoTutorMessageHandlerTest.setUp(PseudoTutorMessageHandlerTest.java:673)
	at junit.framework.TestCase.runBare(TestCase.java:125)
	at junit.framework.TestResult$1.protect(TestResult.java:106)
	at junit.framework.TestResult.runProtected(TestResult.java:124)
	at junit.framework.TestResult.run(TestResult.java:109)
	at junit.framework.TestCase.run(TestCase.java:118)
	at junit.framework.TestSuite.runTest(TestSuite.java:208)
	at junit.framework.TestSuite.run(TestSuite.java:203)
	at org.apache.tools.ant.taskdefs.optional.junit.JUnitTestRunner.run(JUnitTestRunner.java:523)
	at org.apache.tools.ant.taskdefs.optional.junit.JUnitTestRunner.launch(JUnitTestRunner.java:1063)
	at org.apache.tools.ant.taskdefs.optional.junit.JUnitTestRunner.main(JUnitTestRunner.java:914)
[08:17:30] +err+ 136: Error on UTP.init(null): java.security.InvalidParameterException: Controller cannot be null.; cause null &lt;edu.cmu.pact.BehaviorRecorder.Controller.PseudoTutorMessageHandlerTest$SinkToolProxy:75&gt;main
[08:17:30] +err+ 160: Error on response[-1]: java.net.ConnectException: Connection refused; cause null;
  request was &lt;message&gt;&lt;verb&gt;SendNoteProperty&lt;/verb&gt;&lt;properties&gt;&lt;MessageType&gt;InterfaceAction&lt;/MessageType&gt;&lt;Selection&gt;&lt;value&gt;table1_C6R1&lt;/value&gt;&lt;/Selection&gt;&lt;Action&gt;&lt;value&gt;UpdateTable&lt;/value&gt;&lt;/Action&gt;&lt;Input&gt;&lt;value&gt;1&lt;/value&gt;&lt;/Input&gt;&lt;transaction_id&gt;T9a9036bc-d8e5-46de-8cbd-4964419ae2c2&lt;/transaction_id&gt;&lt;/properties&gt;&lt;/message&gt; &lt;edu.cmu.pact.BehaviorRecorder.Controller.JSExampleTracerTest:215&gt;main
java.net.ConnectException: Connection refused
	at java.net.PlainSocketImpl.socketConnect(Native Method)
	at java.net.AbstractPlainSocketImpl.doConnect(AbstractPlainSocketImpl.java:339)
	at java.net.AbstractPlainSocketImpl.connectToAddress(AbstractPlainSocketImpl.java:200)
	at java.net.AbstractPlainSocketImpl.connect(AbstractPlainSocketImpl.java:182)
	at java.net.SocksSocketImpl.connect(SocksSocketImpl.java:392)
	at java.net.Socket.connect(Socket.java:579)
	at java.net.Socket.connect(Socket.java:528)
	at sun.net.NetworkClient.doConnect(NetworkClient.java:180)
	at sun.net.www.http.HttpClient.openServer(HttpClient.java:432)
	at sun.net.www.http.HttpClient.openServer(HttpClient.java:527)
	at sun.net.www.http.HttpClient.&lt;init&gt;(HttpClient.java:211)
	at sun.net.www.http.HttpClient.New(HttpClient.java:308)
	at sun.net.www.http.HttpClient.New(HttpClient.java:326)
	at sun.net.www.protocol.http.HttpURLConnection.getNewHttpClient(HttpURLConnection.java:996)
	at sun.net.www.protocol.http.HttpURLConnection.plainConnect(HttpURLConnection.java:932)
	at sun.net.www.protocol.http.HttpURLConnection.connect(HttpURLConnection.java:850)
	at sun.net.www.protocol.http.HttpURLConnection.getOutputStream(HttpURLConnection.java:1091)
	at edu.cmu.pact.BehaviorRecorder.Controller.HttpToolEmulator.sendAndWait(HttpToolEmulator.java:90)
	at edu.cmu.pact.BehaviorRecorder.Controller.JSExampleTracerTest.getExampleTracerResponses(JSExampleTracerTest.java:198)
	at edu.cmu.pact.BehaviorRecorder.Controller.JSExampleTracerTest.runProcessPseudoTutorInterfaceAction(JSExampleTracerTest.java:183)
	at edu.cmu.pact.BehaviorRecorder.Controller.PseudoTutorMessageHandlerTest.runMTTests(PseudoTutorMessageHandlerTest.java:1365)
	at edu.cmu.pact.BehaviorRecorder.Controller.PseudoTutorMessageHandlerTest.testAdd678plus187DelayedFeedback(PseudoTutorMessageHandlerTest.java:1168)
	at sun.reflect.NativeMethodAccessorImpl.invoke0(Native Method)
	at sun.reflect.NativeMethodAccessorImpl.invoke(NativeMethodAccessorImpl.java:57)
	at sun.reflect.DelegatingMethodAccessorImpl.invoke(DelegatingMethodAccessorImpl.java:43)
	at java.lang.reflect.Method.invoke(Method.java:606)
	at junit.framework.TestCase.runTest(TestCase.java:154)
	at junit.framework.TestCase.runBare(TestCase.java:127)
	at junit.framework.TestResult$1.protect(TestResult.java:106)
	at junit.framework.TestResult.runProtected(TestResult.java:124)
	at junit.framework.TestResult.run(TestResult.java:109)
	at junit.framework.TestCase.run(TestCase.java:118)
	at junit.framework.TestSuite.runTest(TestSuite.java:208)
	at junit.framework.TestSuite.run(TestSuite.java:203)
	at org.apache.tools.ant.taskdefs.optional.junit.JUnitTestRunner.run(JUnitTestRunner.java:523)
	at org.apache.tools.ant.taskdefs.optional.junit.JUnitTestRunner.launch(JUnitTestRunner.java:1063)
	at org.apache.tools.ant.taskdefs.optional.junit.JUnitTestRunner.main(JUnitTestRunner.java:914)
edu.cmu.pact.BehaviorRecorder.ProblemModel.ProblemModelException: The problem name: "" is empty or has unallowed characters.
	at edu.cmu.pact.BehaviorRecorder.Controller.BR_Controller.createStartStateInternal(BR_Controller.java:2421)
	at edu.cmu.pact.BehaviorRecorder.Controller.BR_Controller.createStartState(BR_Controller.java:2370)
	at edu.cmu.pact.ctat.model.CtatModeModel.changeAuthorModeOk(CtatModeModel.java:343)
	at edu.cmu.pact.ctat.model.CtatModeModel.setAuthorMode(CtatModeModel.java:215)
	at edu.cmu.pact.BehaviorRecorder.Controller.PseudoTutorMessageHandlerTest.setUp(PseudoTutorMessageHandlerTest.java:673)
	at junit.framework.TestCase.runBare(TestCase.java:125)
	at junit.framework.TestResult$1.protect(TestResult.java:106)
	at junit.framework.TestResult.runProtected(TestResult.java:124)
	at junit.framework.TestResult.run(TestResult.java:109)
	at junit.framework.TestCase.run(TestCase.java:118)
	at junit.framework.TestSuite.runTest(TestSuite.java:208)
	at junit.framework.TestSuite.run(TestSuite.java:203)
	at org.apache.tools.ant.taskdefs.optional.junit.JUnitTestRunner.run(JUnitTestRunner.java:523)
	at org.apache.tools.ant.taskdefs.optional.junit.JUnitTestRunner.launch(JUnitTestRunner.java:1063)
	at org.apache.tools.ant.taskdefs.optional.junit.JUnitTestRunner.main(JUnitTestRunner.java:914)
[08:17:30] +err+ 207: Error on UTP.init(null): java.security.InvalidParameterException: Controller cannot be null.; cause null &lt;edu.cmu.pact.BehaviorRecorder.Controller.PseudoTutorMessageHandlerTest$SinkToolProxy:75&gt;main
[08:17:30] +err+ 229: Error on response[-1]: java.net.ConnectException: Connection refused; cause null;
  request was &lt;message&gt;&lt;verb&gt;SendNoteProperty&lt;/verb&gt;&lt;properties&gt;&lt;MessageType&gt;InterfaceAction&lt;/MessageType&gt;&lt;Selection&gt;&lt;value&gt;help&lt;/value&gt;&lt;value&gt;table1_C5R1&lt;/value&gt;&lt;/Selection&gt;&lt;Action&gt;&lt;value&gt;ButtonPressed&lt;/value&gt;&lt;value&gt;PreviousFocus&lt;/value&gt;&lt;/Action&gt;&lt;Input&gt;&lt;value&gt;-1&lt;/value&gt;&lt;/Input&gt;&lt;transaction_id&gt;T5196188b-e933-42f0-aeb7-d0f2a4703c25&lt;/transaction_id&gt;&lt;/properties&gt;&lt;/message&gt; &lt;edu.cmu.pact.BehaviorRecorder.Controller.JSExampleTracerTest:215&gt;main
java.net.ConnectException: Connection refused
	at java.net.PlainSocketImpl.socketConnect(Native Method)
	at java.net.AbstractPlainSocketImpl.doConnect(AbstractPlainSocketImpl.java:339)
	at java.net.AbstractPlainSocketImpl.connectToAddress(AbstractPlainSocketImpl.java:200)
	at java.net.AbstractPlainSocketImpl.connect(AbstractPlainSocketImpl.java:182)
	at java.net.SocksSocketImpl.connect(SocksSocketImpl.java:392)
	at java.net.Socket.connect(Socket.java:579)
	at java.net.Socket.connect(Socket.java:528)
	at sun.net.NetworkClient.doConnect(NetworkClient.java:180)
	at sun.net.www.http.HttpClient.openServer(HttpClient.java:432)
	at sun.net.www.http.HttpClient.openServer(HttpClient.java:527)
	at sun.net.www.http.HttpClient.&lt;init&gt;(HttpClient.java:211)
	at sun.net.www.http.HttpClient.New(HttpClient.java:308)
	at sun.net.www.http.HttpClient.New(HttpClient.java:326)
	at sun.net.www.protocol.http.HttpURLConnection.getNewHttpClient(HttpURLConnection.java:996)
	at sun.net.www.protocol.http.HttpURLConnection.plainConnect(HttpURLConnection.java:932)
	at sun.net.www.protocol.http.HttpURLConnection.connect(HttpURLConnection.java:850)
	at sun.net.www.protocol.http.HttpURLConnection.getOutputStream(HttpURLConnection.java:1091)
	at edu.cmu.pact.BehaviorRecorder.Controller.HttpToolEmulator.sendAndWait(HttpToolEmulator.java:90)
	at edu.cmu.pact.BehaviorRecorder.Controller.JSExampleTracerTest.getExampleTracerResponses(JSExampleTracerTest.java:198)
	at edu.cmu.pact.BehaviorRecorder.Controller.JSExampleTracerTest.runProcessPseudoTutorInterfaceAction(JSExampleTracerTest.java:183)
	at edu.cmu.pact.BehaviorRecorder.Controller.PseudoTutorMessageHandlerTest.runMTTests(PseudoTutorMessageHandlerTest.java:1365)
	at edu.cmu.pact.BehaviorRecorder.Controller.PseudoTutorMessageHandlerTest.testAdd678plus187HintPolicy0(PseudoTutorMessageHandlerTest.java:1006)
	at sun.reflect.NativeMethodAccessorImpl.invoke0(Native Method)
	at sun.reflect.NativeMethodAccessorImpl.invoke(NativeMethodAccessorImpl.java:57)
	at sun.reflect.DelegatingMethodAccessorImpl.invoke(DelegatingMethodAccessorImpl.java:43)
	at java.lang.reflect.Method.invoke(Method.java:606)
	at junit.framework.TestCase.runTest(TestCase.java:154)
	at junit.framework.TestCase.runBare(TestCase.java:127)
	at junit.framework.TestResult$1.protect(TestResult.java:106)
	at junit.framework.TestResult.runProtected(TestResult.java:124)
	at junit.framework.TestResult.run(TestResult.java:109)
	at junit.framework.TestCase.run(TestCase.java:118)
	at junit.framework.TestSuite.runTest(TestSuite.java:208)
	at junit.framework.TestSuite.run(TestSuite.java:203)
	at org.apache.tools.ant.taskdefs.optional.junit.JUnitTestRunner.run(JUnitTestRunner.java:523)
	at org.apache.tools.ant.taskdefs.optional.junit.JUnitTestRunner.launch(JUnitTestRunner.java:1063)
	at org.apache.tools.ant.taskdefs.optional.junit.JUnitTestRunner.main(JUnitTestRunner.java:914)
edu.cmu.pact.BehaviorRecorder.ProblemModel.ProblemModelException: The problem name: "" is empty or has unallowed characters.
	at edu.cmu.pact.BehaviorRecorder.Controller.BR_Controller.createStartStateInternal(BR_Controller.java:2421)
	at edu.cmu.pact.BehaviorRecorder.Controller.BR_Controller.createStartState(BR_Controller.java:2370)
	at edu.cmu.pact.ctat.model.CtatModeModel.changeAuthorModeOk(CtatModeModel.java:343)
	at edu.cmu.pact.ctat.model.CtatModeModel.setAuthorMode(CtatModeModel.java:215)
	at edu.cmu.pact.BehaviorRecorder.Controller.PseudoTutorMessageHandlerTest.setUp(PseudoTutorMessageHandlerTest.java:673)
	at junit.framework.TestCase.runBare(TestCase.java:125)
	at junit.framework.TestResult$1.protect(TestResult.java:106)
	at junit.framework.TestResult.runProtected(TestResult.java:124)
	at junit.framework.TestResult.run(TestResult.java:109)
	at junit.framework.TestCase.run(TestCase.java:118)
	at junit.framework.TestSuite.runTest(TestSuite.java:208)
	at junit.framework.TestSuite.run(TestSuite.java:203)
	at org.apache.tools.ant.taskdefs.optional.junit.JUnitTestRunner.run(JUnitTestRunner.java:523)
	at org.apache.tools.ant.taskdefs.optional.junit.JUnitTestRunner.launch(JUnitTestRunner.java:1063)
	at org.apache.tools.ant.taskdefs.optional.junit.JUnitTestRunner.main(JUnitTestRunner.java:914)
[08:17:30] +err+ 264: Error on UTP.init(null): java.security.InvalidParameterException: Controller cannot be null.; cause null &lt;edu.cmu.pact.BehaviorRecorder.Controller.PseudoTutorMessageHandlerTest$SinkToolProxy:75&gt;main
[08:17:31] +err+ 286: Error on response[-1]: java.net.ConnectException: Connection refused; cause null;
  request was &lt;message&gt;&lt;verb&gt;SendNoteProperty&lt;/verb&gt;&lt;properties&gt;&lt;MessageType&gt;InterfaceAction&lt;/MessageType&gt;&lt;Selection&gt;&lt;value&gt;help&lt;/value&gt;&lt;value&gt;table1_C5R1&lt;/value&gt;&lt;/Selection&gt;&lt;Action&gt;&lt;value&gt;ButtonPressed&lt;/value&gt;&lt;value&gt;PreviousFocus&lt;/value&gt;&lt;/Action&gt;&lt;Input&gt;&lt;value&gt;-1&lt;/value&gt;&lt;/Input&gt;&lt;transaction_id&gt;T565e0b08-bb70-4b25-99dc-3f0796cc21e6&lt;/transaction_id&gt;&lt;/properties&gt;&lt;/message&gt; &lt;edu.cmu.pact.BehaviorRecorder.Controller.JSExampleTracerTest:215&gt;main
java.net.ConnectException: Connection refused
	at java.net.PlainSocketImpl.socketConnect(Native Method)
	at java.net.AbstractPlainSocketImpl.doConnect(AbstractPlainSocketImpl.java:339)
	at java.net.AbstractPlainSocketImpl.connectToAddress(AbstractPlainSocketImpl.java:200)
	at java.net.AbstractPlainSocketImpl.connect(AbstractPlainSocketImpl.java:182)
	at java.net.SocksSocketImpl.connect(SocksSocketImpl.java:392)
	at java.net.Socket.connect(Socket.java:579)
	at java.net.Socket.connect(Socket.java:528)
	at sun.net.NetworkClient.doConnect(NetworkClient.java:180)
	at sun.net.www.http.HttpClient.openServer(HttpClient.java:432)
	at sun.net.www.http.HttpClient.openServer(HttpClient.java:527)
	at sun.net.www.http.HttpClient.&lt;init&gt;(HttpClient.java:211)
	at sun.net.www.http.HttpClient.New(HttpClient.java:308)
	at sun.net.www.http.HttpClient.New(HttpClient.java:326)
	at sun.net.www.protocol.http.HttpURLConnection.getNewHttpClient(HttpURLConnection.java:996)
	at sun.net.www.protocol.http.HttpURLConnection.plainConnect(HttpURLConnection.java:932)
	at sun.net.www.protocol.http.HttpURLConnection.connect(HttpURLConnection.java:850)
	at sun.net.www.protocol.http.HttpURLConnection.getOutputStream(HttpURLConnection.java:1091)
	at edu.cmu.pact.BehaviorRecorder.Controller.HttpToolEmulator.sendAndWait(HttpToolEmulator.java:90)
	at edu.cmu.pact.BehaviorRecorder.Controller.JSExampleTracerTest.getExampleTracerResponses(JSExampleTracerTest.java:198)
	at edu.cmu.pact.BehaviorRecorder.Controller.JSExampleTracerTest.runProcessPseudoTutorInterfaceAction(JSExampleTracerTest.java:183)
	at edu.cmu.pact.BehaviorRecorder.Controller.PseudoTutorMessageHandlerTest.runMTTests(PseudoTutorMessageHandlerTest.java:1365)
	at edu.cmu.pact.BehaviorRecorder.Controller.PseudoTutorMessageHandlerTest.testAdd678plus187HintPolicy1(PseudoTutorMessageHandlerTest.java:1019)
	at sun.reflect.NativeMethodAccessorImpl.invoke0(Native Method)
	at sun.reflect.NativeMethodAccessorImpl.invoke(NativeMethodAccessorImpl.java:57)
	at sun.reflect.DelegatingMethodAccessorImpl.invoke(DelegatingMethodAccessorImpl.java:43)
	at java.lang.reflect.Method.invoke(Method.java:606)
	at junit.framework.TestCase.runTest(TestCase.java:154)
	at junit.framework.TestCase.runBare(TestCase.java:127)
	at junit.framework.TestResult$1.protect(TestResult.java:106)
	at junit.framework.TestResult.runProtected(TestResult.java:124)
	at junit.framework.TestResult.run(TestResult.java:109)
	at junit.framework.TestCase.run(TestCase.java:118)
	at junit.framework.TestSuite.runTest(TestSuite.java:208)
	at junit.framework.TestSuite.run(TestSuite.java:203)
	at org.apache.tools.ant.taskdefs.optional.junit.JUnitTestRunner.run(JUnitTestRunner.java:523)
	at org.apache.tools.ant.taskdefs.optional.junit.JUnitTestRunner.launch(JUnitTestRunner.java:1063)
	at org.apache.tools.ant.taskdefs.optional.junit.JUnitTestRunner.main(JUnitTestRunner.java:914)
edu.cmu.pact.BehaviorRecorder.ProblemModel.ProblemModelException: The problem name: "" is empty or has unallowed characters.
	at edu.cmu.pact.BehaviorRecorder.Controller.BR_Controller.createStartStateInternal(BR_Controller.java:2421)
	at edu.cmu.pact.BehaviorRecorder.Controller.BR_Controller.createStartState(BR_Controller.java:2370)
	at edu.cmu.pact.ctat.model.CtatModeModel.changeAuthorModeOk(CtatModeModel.java:343)
	at edu.cmu.pact.ctat.model.CtatModeModel.setAuthorMode(CtatModeModel.java:215)
	at edu.cmu.pact.BehaviorRecorder.Controller.PseudoTutorMessageHandlerTest.setUp(PseudoTutorMessageHandlerTest.java:673)
	at junit.framework.TestCase.runBare(TestCase.java:125)
	at junit.framework.TestResult$1.protect(TestResult.java:106)
	at junit.framework.TestResult.runProtected(TestResult.java:124)
	at junit.framework.TestResult.run(TestResult.java:109)
	at junit.framework.TestCase.run(TestCase.java:118)
	at junit.framework.TestSuite.runTest(TestSuite.java:208)
	at junit.framework.TestSuite.run(TestSuite.java:203)
	at org.apache.tools.ant.taskdefs.optional.junit.JUnitTestRunner.run(JUnitTestRunner.java:523)
	at org.apache.tools.ant.taskdefs.optional.junit.JUnitTestRunner.launch(JUnitTestRunner.java:1063)
	at org.apache.tools.ant.taskdefs.optional.junit.JUnitTestRunner.main(JUnitTestRunner.java:914)
[08:17:31] +err+ 321: Error on UTP.init(null): java.security.InvalidParameterException: Controller cannot be null.; cause null &lt;edu.cmu.pact.BehaviorRecorder.Controller.PseudoTutorMessageHandlerTest$SinkToolProxy:75&gt;main
[08:17:31] +err+ 343: Error on response[-1]: java.net.ConnectException: Connection refused; cause null;
  request was &lt;message&gt;&lt;verb&gt;SendNoteProperty&lt;/verb&gt;&lt;properties&gt;&lt;MessageType&gt;InterfaceAction&lt;/MessageType&gt;&lt;Selection&gt;&lt;value&gt;help&lt;/value&gt;&lt;value&gt;table1_C1R1&lt;/value&gt;&lt;/Selection&gt;&lt;Action&gt;&lt;value&gt;ButtonPressed&lt;/value&gt;&lt;value&gt;PreviousFocus&lt;/value&gt;&lt;/Action&gt;&lt;Input&gt;&lt;value&gt;-1&lt;/value&gt;&lt;/Input&gt;&lt;transaction_id&gt;T2fb11004-22c0-4776-8277-c79c95768b4a&lt;/transaction_id&gt;&lt;/properties&gt;&lt;/message&gt; &lt;edu.cmu.pact.BehaviorRecorder.Controller.JSExampleTracerTest:215&gt;main
java.net.ConnectException: Connection refused
	at java.net.PlainSocketImpl.socketConnect(Native Method)
	at java.net.AbstractPlainSocketImpl.doConnect(AbstractPlainSocketImpl.java:339)
	at java.net.AbstractPlainSocketImpl.connectToAddress(AbstractPlainSocketImpl.java:200)
	at java.net.AbstractPlainSocketImpl.connect(AbstractPlainSocketImpl.java:182)
	at java.net.SocksSocketImpl.connect(SocksSocketImpl.java:392)
	at java.net.Socket.connect(Socket.java:579)
	at java.net.Socket.connect(Socket.java:528)
	at sun.net.NetworkClient.doConnect(NetworkClient.java:180)
	at sun.net.www.http.HttpClient.openServer(HttpClient.java:432)
	at sun.net.www.http.HttpClient.openServer(HttpClient.java:527)
	at sun.net.www.http.HttpClient.&lt;init&gt;(HttpClient.java:211)
	at sun.net.www.http.HttpClient.New(HttpClient.java:308)
	at sun.net.www.http.HttpClient.New(HttpClient.java:326)
	at sun.net.www.protocol.http.HttpURLConnection.getNewHttpClient(HttpURLConnection.java:996)
	at sun.net.www.protocol.http.HttpURLConnection.plainConnect(HttpURLConnection.java:932)
	at sun.net.www.protocol.http.HttpURLConnection.connect(HttpURLConnection.java:850)
	at sun.net.www.protocol.http.HttpURLConnection.getOutputStream(HttpURLConnection.java:1091)
	at edu.cmu.pact.BehaviorRecorder.Controller.HttpToolEmulator.sendAndWait(HttpToolEmulator.java:90)
	at edu.cmu.pact.BehaviorRecorder.Controller.JSExampleTracerTest.getExampleTracerResponses(JSExampleTracerTest.java:198)
	at edu.cmu.pact.BehaviorRecorder.Controller.JSExampleTracerTest.runProcessPseudoTutorInterfaceAction(JSExampleTracerTest.java:183)
	at edu.cmu.pact.BehaviorRecorder.Controller.PseudoTutorMessageHandlerTest.runMTTests(PseudoTutorMessageHandlerTest.java:1365)
	at edu.cmu.pact.BehaviorRecorder.Controller.PseudoTutorMessageHandlerTest.testAdd678plus187HintPolicy2(PseudoTutorMessageHandlerTest.java:1032)
	at sun.reflect.NativeMethodAccessorImpl.invoke0(Native Method)
	at sun.reflect.NativeMethodAccessorImpl.invoke(NativeMethodAccessorImpl.java:57)
	at sun.reflect.DelegatingMethodAccessorImpl.invoke(DelegatingMethodAccessorImpl.java:43)
	at java.lang.reflect.Method.invoke(Method.java:606)
	at junit.framework.TestCase.runTest(TestCase.java:154)
	at junit.framework.TestCase.runBare(TestCase.java:127)
	at junit.framework.TestResult$1.protect(TestResult.java:106)
	at junit.framework.TestResult.runProtected(TestResult.java:124)
	at junit.framework.TestResult.run(TestResult.java:109)
	at junit.framework.TestCase.run(TestCase.java:118)
	at junit.framework.TestSuite.runTest(TestSuite.java:208)
	at junit.framework.TestSuite.run(TestSuite.java:203)
	at org.apache.tools.ant.taskdefs.optional.junit.JUnitTestRunner.run(JUnitTestRunner.java:523)
	at org.apache.tools.ant.taskdefs.optional.junit.JUnitTestRunner.launch(JUnitTestRunner.java:1063)
	at org.apache.tools.ant.taskdefs.optional.junit.JUnitTestRunner.main(JUnitTestRunner.java:914)
edu.cmu.pact.BehaviorRecorder.ProblemModel.ProblemModelException: The problem name: "" is empty or has unallowed characters.
	at edu.cmu.pact.BehaviorRecorder.Controller.BR_Controller.createStartStateInternal(BR_Controller.java:2421)
	at edu.cmu.pact.BehaviorRecorder.Controller.BR_Controller.createStartState(BR_Controller.java:2370)
	at edu.cmu.pact.ctat.model.CtatModeModel.changeAuthorModeOk(CtatModeModel.java:343)
	at edu.cmu.pact.ctat.model.CtatModeModel.setAuthorMode(CtatModeModel.java:215)
	at edu.cmu.pact.BehaviorRecorder.Controller.PseudoTutorMessageHandlerTest.setUp(PseudoTutorMessageHandlerTest.java:673)
	at junit.framework.TestCase.runBare(TestCase.java:125)
	at junit.framework.TestResult$1.protect(TestResult.java:106)
	at junit.framework.TestResult.runProtected(TestResult.java:124)
	at junit.framework.TestResult.run(TestResult.java:109)
	at junit.framework.TestCase.run(TestCase.java:118)
	at junit.framework.TestSuite.runTest(TestSuite.java:208)
	at junit.framework.TestSuite.run(TestSuite.java:203)
	at org.apache.tools.ant.taskdefs.optional.junit.JUnitTestRunner.run(JUnitTestRunner.java:523)
	at org.apache.tools.ant.taskdefs.optional.junit.JUnitTestRunner.launch(JUnitTestRunner.java:1063)
	at org.apache.tools.ant.taskdefs.optional.junit.JUnitTestRunner.main(JUnitTestRunner.java:914)
[08:17:31] +err+ 378: Error on UTP.init(null): java.security.InvalidParameterException: Controller cannot be null.; cause null &lt;edu.cmu.pact.BehaviorRecorder.Controller.PseudoTutorMessageHandlerTest$SinkToolProxy:75&gt;main
[08:17:32] +err+ 400: Error on response[-1]: java.net.ConnectException: Connection refused; cause null;
  request was &lt;message&gt;&lt;verb&gt;SendNoteProperty&lt;/verb&gt;&lt;properties&gt;&lt;MessageType&gt;InterfaceAction&lt;/MessageType&gt;&lt;Selection&gt;&lt;value&gt;help&lt;/value&gt;&lt;value&gt;table1_C5R1&lt;/value&gt;&lt;/Selection&gt;&lt;Action&gt;&lt;value&gt;ButtonPressed&lt;/value&gt;&lt;value&gt;PreviousFocus&lt;/value&gt;&lt;/Action&gt;&lt;Input&gt;&lt;value&gt;-1&lt;/value&gt;&lt;/Input&gt;&lt;transaction_id&gt;Tabe110b3-fa37-41ee-9627-f9e4d82ee86d&lt;/transaction_id&gt;&lt;/properties&gt;&lt;/message&gt; &lt;edu.cmu.pact.BehaviorRecorder.Controller.JSExampleTracerTest:215&gt;main
java.net.ConnectException: Connection refused
	at java.net.PlainSocketImpl.socketConnect(Native Method)
	at java.net.AbstractPlainSocketImpl.doConnect(AbstractPlainSocketImpl.java:339)
	at java.net.AbstractPlainSocketImpl.connectToAddress(AbstractPlainSocketImpl.java:200)
	at java.net.AbstractPlainSocketImpl.connect(AbstractPlainSocketImpl.java:182)
	at java.net.SocksSocketImpl.connect(SocksSocketImpl.java:392)
	at java.net.Socket.connect(Socket.java:579)
	at java.net.Socket.connect(Socket.java:528)
	at sun.net.NetworkClient.doConnect(NetworkClient.java:180)
	at sun.net.www.http.HttpClient.openServer(HttpClient.java:432)
	at sun.net.www.http.HttpClient.openServer(HttpClient.java:527)
	at sun.net.www.http.HttpClient.&lt;init&gt;(HttpClient.java:211)
	at sun.net.www.http.HttpClient.New(HttpClient.java:308)
	at sun.net.www.http.HttpClient.New(HttpClient.java:326)
	at sun.net.www.protocol.http.HttpURLConnection.getNewHttpClient(HttpURLConnection.java:996)
	at sun.net.www.protocol.http.HttpURLConnection.plainConnect(HttpURLConnection.java:932)
	at sun.net.www.protocol.http.HttpURLConnection.connect(HttpURLConnection.java:850)
	at sun.net.www.protocol.http.HttpURLConnection.getOutputStream(HttpURLConnection.java:1091)
	at edu.cmu.pact.BehaviorRecorder.Controller.HttpToolEmulator.sendAndWait(HttpToolEmulator.java:90)
	at edu.cmu.pact.BehaviorRecorder.Controller.JSExampleTracerTest.getExampleTracerResponses(JSExampleTracerTest.java:198)
	at edu.cmu.pact.BehaviorRecorder.Controller.JSExampleTracerTest.runProcessPseudoTutorInterfaceAction(JSExampleTracerTest.java:183)
	at edu.cmu.pact.BehaviorRecorder.Controller.PseudoTutorMessageHandlerTest.runMTTests(PseudoTutorMessageHandlerTest.java:1365)
	at edu.cmu.pact.BehaviorRecorder.Controller.PseudoTutorMessageHandlerTest.testAdd678plus187HintPolicy3(PseudoTutorMessageHandlerTest.java:1045)
	at sun.reflect.NativeMethodAccessorImpl.invoke0(Native Method)
	at sun.reflect.NativeMethodAccessorImpl.invoke(NativeMethodAccessorImpl.java:57)
	at sun.reflect.DelegatingMethodAccessorImpl.invoke(DelegatingMethodAccessorImpl.java:43)
	at java.lang.reflect.Method.invoke(Method.java:606)
	at junit.framework.TestCase.runTest(TestCase.java:154)
	at junit.framework.TestCase.runBare(TestCase.java:127)
	at junit.framework.TestResult$1.protect(TestResult.java:106)
	at junit.framework.TestResult.runProtected(TestResult.java:124)
	at junit.framework.TestResult.run(TestResult.java:109)
	at junit.framework.TestCase.run(TestCase.java:118)
	at junit.framework.TestSuite.runTest(TestSuite.java:208)
	at junit.framework.TestSuite.run(TestSuite.java:203)
	at org.apache.tools.ant.taskdefs.optional.junit.JUnitTestRunner.run(JUnitTestRunner.java:523)
	at org.apache.tools.ant.taskdefs.optional.junit.JUnitTestRunner.launch(JUnitTestRunner.java:1063)
	at org.apache.tools.ant.taskdefs.optional.junit.JUnitTestRunner.main(JUnitTestRunner.java:914)
edu.cmu.pact.BehaviorRecorder.ProblemModel.ProblemModelException: The problem name: "" is empty or has unallowed characters.
	at edu.cmu.pact.BehaviorRecorder.Controller.BR_Controller.createStartStateInternal(BR_Controller.java:2421)
	at edu.cmu.pact.BehaviorRecorder.Controller.BR_Controller.createStartState(BR_Controller.java:2370)
	at edu.cmu.pact.ctat.model.CtatModeModel.changeAuthorModeOk(CtatModeModel.java:343)
	at edu.cmu.pact.ctat.model.CtatModeModel.setAuthorMode(CtatModeModel.java:215)
	at edu.cmu.pact.BehaviorRecorder.Controller.PseudoTutorMessageHandlerTest.setUp(PseudoTutorMessageHandlerTest.java:673)
	at junit.framework.TestCase.runBare(TestCase.java:125)
	at junit.framework.TestResult$1.protect(TestResult.java:106)
	at junit.framework.TestResult.runProtected(TestResult.java:124)
	at junit.framework.TestResult.run(TestResult.java:109)
	at junit.framework.TestCase.run(TestCase.java:118)
	at junit.framework.TestSuite.runTest(TestSuite.java:208)
	at junit.framework.TestSuite.run(TestSuite.java:203)
	at org.apache.tools.ant.taskdefs.optional.junit.JUnitTestRunner.run(JUnitTestRunner.java:523)
	at org.apache.tools.ant.taskdefs.optional.junit.JUnitTestRunner.launch(JUnitTestRunner.java:1063)
	at org.apache.tools.ant.taskdefs.optional.junit.JUnitTestRunner.main(JUnitTestRunner.java:914)
deserializing from buffer CTATFunctionsParser.ser
Parser construction took 3 millis
java.net.BindException: Address already in use
	at java.net.PlainSocketImpl.socketBind(Native Method)
	at java.net.AbstractPlainSocketImpl.bind(AbstractPlainSocketImpl.java:376)
	at java.net.ServerSocket.bind(ServerSocket.java:376)
	at java.net.ServerSocket.bind(ServerSocket.java:330)
	at edu.cmu.pact.TutoringService.Monitor.run(Monitor.java:156)
[08:17:33] +err+ 513: Error on UTP.init(null): java.security.InvalidParameterException: Controller cannot be null.; cause null &lt;edu.cmu.pact.BehaviorRecorder.Controller.PseudoTutorMessageHandlerTest$SinkToolProxy:75&gt;main
[08:17:33] +err+ 535: Error on response[-1]: java.net.ConnectException: Connection refused; cause null;
  request was &lt;message&gt;&lt;verb&gt;SendNoteProperty&lt;/verb&gt;&lt;properties&gt;&lt;MessageType&gt;InterfaceAction&lt;/MessageType&gt;&lt;Selection&gt;&lt;value&gt;help&lt;/value&gt;&lt;value&gt;table1_C5R1&lt;/value&gt;&lt;/Selection&gt;&lt;Action&gt;&lt;value&gt;ButtonPressed&lt;/value&gt;&lt;value&gt;PreviousFocus&lt;/value&gt;&lt;/Action&gt;&lt;Input&gt;&lt;value&gt;-1&lt;/value&gt;&lt;/Input&gt;&lt;transaction_id&gt;T876075c2-3885-4e84-80d5-82f27b392a07&lt;/transaction_id&gt;&lt;/properties&gt;&lt;/message&gt; &lt;edu.cmu.pact.BehaviorRecorder.Controller.JSExampleTracerTest:215&gt;main
java.net.ConnectException: Connection refused
	at java.net.PlainSocketImpl.socketConnect(Native Method)
	at java.net.AbstractPlainSocketImpl.doConnect(AbstractPlainSocketImpl.java:339)
	at java.net.AbstractPlainSocketImpl.connectToAddress(AbstractPlainSocketImpl.java:200)
	at java.net.AbstractPlainSocketImpl.connect(AbstractPlainSocketImpl.java:182)
	at java.net.SocksSocketImpl.connect(SocksSocketImpl.java:392)
	at java.net.Socket.connect(Socket.java:579)
	at java.net.Socket.connect(Socket.java:528)
	at sun.net.NetworkClient.doConnect(NetworkClient.java:180)
	at sun.net.www.http.HttpClient.openServer(HttpClient.java:432)
	at sun.net.www.http.HttpClient.openServer(HttpClient.java:527)
	at sun.net.www.http.HttpClient.&lt;init&gt;(HttpClient.java:211)
	at sun.net.www.http.HttpClient.New(HttpClient.java:308)
	at sun.net.www.http.HttpClient.New(HttpClient.java:326)
	at sun.net.www.protocol.http.HttpURLConnection.getNewHttpClient(HttpURLConnection.java:996)
	at sun.net.www.protocol.http.HttpURLConnection.plainConnect(HttpURLConnection.java:932)
	at sun.net.www.protocol.http.HttpURLConnection.connect(HttpURLConnection.java:850)
	at sun.net.www.protocol.http.HttpURLConnection.getOutputStream(HttpURLConnection.java:1091)
	at edu.cmu.pact.BehaviorRecorder.Controller.HttpToolEmulator.sendAndWait(HttpToolEmulator.java:90)
	at edu.cmu.pact.BehaviorRecorder.Controller.JSExampleTracerTest.getExampleTracerResponses(JSExampleTracerTest.java:198)
	at edu.cmu.pact.BehaviorRecorder.Controller.JSExampleTracerTest.runProcessPseudoTutorInterfaceAction(JSExampleTracerTest.java:183)
	at edu.cmu.pact.BehaviorRecorder.Controller.PseudoTutorMessageHandlerTest.runMTTests(PseudoTutorMessageHandlerTest.java:1365)
	at edu.cmu.pact.BehaviorRecorder.Controller.PseudoTutorMessageHandlerTest.testAdd678plus187StudentAlt(PseudoTutorMessageHandlerTest.java:896)
	at sun.reflect.NativeMethodAccessorImpl.invoke0(Native Method)
	at sun.reflect.NativeMethodAccessorImpl.invoke(NativeMethodAccessorImpl.java:57)
	at sun.reflect.DelegatingMethodAccessorImpl.invoke(DelegatingMethodAccessorImpl.java:43)
	at java.lang.reflect.Method.invoke(Method.java:606)
	at junit.framework.TestCase.runTest(TestCase.java:154)
	at junit.framework.TestCase.runBare(TestCase.java:127)
	at junit.framework.TestResult$1.protect(TestResult.java:106)
	at junit.framework.TestResult.runProtected(TestResult.java:124)
	at junit.framework.TestResult.run(TestResult.java:109)
	at junit.framework.TestCase.run(TestCase.java:118)
	at junit.framework.TestSuite.runTest(TestSuite.java:208)
	at junit.framework.TestSuite.run(TestSuite.java:203)
	at org.apache.tools.ant.taskdefs.optional.junit.JUnitTestRunner.run(JUnitTestRunner.java:523)
	at org.apache.tools.ant.taskdefs.optional.junit.JUnitTestRunner.launch(JUnitTestRunner.java:1063)
	at org.apache.tools.ant.taskdefs.optional.junit.JUnitTestRunner.main(JUnitTestRunner.java:914)
edu.cmu.pact.BehaviorRecorder.ProblemModel.ProblemModelException: The problem name: "" is empty or has unallowed characters.
	at edu.cmu.pact.BehaviorRecorder.Controller.BR_Controller.createStartStateInternal(BR_Controller.java:2421)
	at edu.cmu.pact.BehaviorRecorder.Controller.BR_Controller.createStartState(BR_Controller.java:2370)
	at edu.cmu.pact.ctat.model.CtatModeModel.changeAuthorModeOk(CtatModeModel.java:343)
	at edu.cmu.pact.ctat.model.CtatModeModel.setAuthorMode(CtatModeModel.java:215)
	at edu.cmu.pact.BehaviorRecorder.Controller.PseudoTutorMessageHandlerTest.setUp(PseudoTutorMessageHandlerTest.java:673)
	at junit.framework.TestCase.runBare(TestCase.java:125)
	at junit.framework.TestResult$1.protect(TestResult.java:106)
	at junit.framework.TestResult.runProtected(TestResult.java:124)
	at junit.framework.TestResult.run(TestResult.java:109)
	at junit.framework.TestCase.run(TestCase.java:118)
	at junit.framework.TestSuite.runTest(TestSuite.java:208)
	at junit.framework.TestSuite.run(TestSuite.java:203)
	at org.apache.tools.ant.taskdefs.optional.junit.JUnitTestRunner.run(JUnitTestRunner.java:523)
	at org.apache.tools.ant.taskdefs.optional.junit.JUnitTestRunner.launch(JUnitTestRunner.java:1063)
	at org.apache.tools.ant.taskdefs.optional.junit.JUnitTestRunner.main(JUnitTestRunner.java:914)
[08:17:33] +err+ 594: Error on UTP.init(null): java.security.InvalidParameterException: Controller cannot be null.; cause null &lt;edu.cmu.pact.BehaviorRecorder.Controller.PseudoTutorMessageHandlerTest$SinkToolProxy:75&gt;main
edu.cmu.pact.BehaviorRecorder.ProblemModel.ProblemModelException: The problem name: "" is empty or has unallowed characters.
	at edu.cmu.pact.BehaviorRecorder.Controller.BR_Controller.createStartStateInternal(BR_Controller.java:2421)
	at edu.cmu.pact.BehaviorRecorder.Controller.BR_Controller.createStartState(BR_Controller.java:2370)
	at edu.cmu.pact.ctat.model.CtatModeModel.changeAuthorModeOk(CtatModeModel.java:343)
	at edu.cmu.pact.ctat.model.CtatModeModel.setAuthorMode(CtatModeModel.java:215)
	at edu.cmu.pact.BehaviorRecorder.Controller.PseudoTutorMessageHandlerTest.setUp(PseudoTutorMessageHandlerTest.java:673)
	at junit.framework.TestCase.runBare(TestCase.java:125)
	at junit.framework.TestResult$1.protect(TestResult.java:106)
	at junit.framework.TestResult.runProtected(TestResult.java:124)
	at junit.framework.TestResult.run(TestResult.java:109)
	at junit.framework.TestCase.run(TestCase.java:118)
	at junit.framework.TestSuite.runTest(TestSuite.java:208)
	at junit.framework.TestSuite.run(TestSuite.java:203)
	at org.apache.tools.ant.taskdefs.optional.junit.JUnitTestRunner.run(JUnitTestRunner.java:523)
	at org.apache.tools.ant.taskdefs.optional.junit.JUnitTestRunner.launch(JUnitTestRunner.java:1063)
	at org.apache.tools.ant.taskdefs.optional.junit.JUnitTestRunner.main(JUnitTestRunner.java:914)
[08:17:33] +err+ 633: Error on UTP.init(null): java.security.InvalidParameterException: Controller cannot be null.; cause null &lt;edu.cmu.pact.BehaviorRecorder.Controller.PseudoTutorMessageHandlerTest$SinkToolProxy:75&gt;main
edu.cmu.pact.BehaviorRecorder.ProblemModel.ProblemModelException: The problem name: "" is empty or has unallowed characters.
	at edu.cmu.pact.BehaviorRecorder.Controller.BR_Controller.createStartStateInternal(BR_Controller.java:2421)
	at edu.cmu.pact.BehaviorRecorder.Controller.BR_Controller.createStartState(BR_Controller.java:2370)
	at edu.cmu.pact.ctat.model.CtatModeModel.changeAuthorModeOk(CtatModeModel.java:343)
	at edu.cmu.pact.ctat.model.CtatModeModel.setAuthorMode(CtatModeModel.java:215)
	at edu.cmu.pact.BehaviorRecorder.Controller.PseudoTutorMessageHandlerTest.setUp(PseudoTutorMessageHandlerTest.java:673)
	at junit.framework.TestCase.runBare(TestCase.java:125)
	at junit.framework.TestResult$1.protect(TestResult.java:106)
	at junit.framework.TestResult.runProtected(TestResult.java:124)
	at junit.framework.TestResult.run(TestResult.java:109)
	at junit.framework.TestCase.run(TestCase.java:118)
	at junit.framework.TestSuite.runTest(TestSuite.java:208)
	at junit.framework.TestSuite.run(TestSuite.java:203)
	at org.apache.tools.ant.taskdefs.optional.junit.JUnitTestRunner.run(JUnitTestRunner.java:523)
	at org.apache.tools.ant.taskdefs.optional.junit.JUnitTestRunner.launch(JUnitTestRunner.java:1063)
	at org.apache.tools.ant.taskdefs.optional.junit.JUnitTestRunner.main(JUnitTestRunner.java:914)
[08:17:34] +err+ 689: Error on UTP.init(null): java.security.InvalidParameterException: Controller cannot be null.; cause null &lt;edu.cmu.pact.BehaviorRecorder.Controller.PseudoTutorMessageHandlerTest$SinkToolProxy:75&gt;main
[08:17:34] +err+ 711: Error on response[-1]: java.net.ConnectException: Connection refused; cause null;
  request was &lt;message&gt;&lt;verb&gt;SendNoteProperty&lt;/verb&gt;&lt;properties&gt;&lt;MessageType&gt;InterfaceAction&lt;/MessageType&gt;&lt;Selection&gt;&lt;value&gt;table1_C6R4&lt;/value&gt;&lt;/Selection&gt;&lt;Action&gt;&lt;value&gt;UpdateTable&lt;/value&gt;&lt;/Action&gt;&lt;Input&gt;&lt;value&gt;5&lt;/value&gt;&lt;/Input&gt;&lt;transaction_id&gt;T71193e70-0946-4970-b7ca-8a4c6a5d46ac&lt;/transaction_id&gt;&lt;/properties&gt;&lt;/message&gt; &lt;edu.cmu.pact.BehaviorRecorder.Controller.JSExampleTracerTest:215&gt;main
java.net.ConnectException: Connection refused
	at java.net.PlainSocketImpl.socketConnect(Native Method)
	at java.net.AbstractPlainSocketImpl.doConnect(AbstractPlainSocketImpl.java:339)
	at java.net.AbstractPlainSocketImpl.connectToAddress(AbstractPlainSocketImpl.java:200)
	at java.net.AbstractPlainSocketImpl.connect(AbstractPlainSocketImpl.java:182)
	at java.net.SocksSocketImpl.connect(SocksSocketImpl.java:392)
	at java.net.Socket.connect(Socket.java:579)
	at java.net.Socket.connect(Socket.java:528)
	at sun.net.NetworkClient.doConnect(NetworkClient.java:180)
	at sun.net.www.http.HttpClient.openServer(HttpClient.java:432)
	at sun.net.www.http.HttpClient.openServer(HttpClient.java:527)
	at sun.net.www.http.HttpClient.&lt;init&gt;(HttpClient.java:211)
	at sun.net.www.http.HttpClient.New(HttpClient.java:308)
	at sun.net.www.http.HttpClient.New(HttpClient.java:326)
	at sun.net.www.protocol.http.HttpURLConnection.getNewHttpClient(HttpURLConnection.java:996)
	at sun.net.www.protocol.http.HttpURLConnection.plainConnect(HttpURLConnection.java:932)
	at sun.net.www.protocol.http.HttpURLConnection.connect(HttpURLConnection.java:850)
	at sun.net.www.protocol.http.HttpURLConnection.getOutputStream(HttpURLConnection.java:1091)
	at edu.cmu.pact.BehaviorRecorder.Controller.HttpToolEmulator.sendAndWait(HttpToolEmulator.java:90)
	at edu.cmu.pact.BehaviorRecorder.Controller.JSExampleTracerTest.getExampleTracerResponses(JSExampleTracerTest.java:198)
	at edu.cmu.pact.BehaviorRecorder.Controller.JSExampleTracerTest.runProcessPseudoTutorInterfaceAction(JSExampleTracerTest.java:183)
	at edu.cmu.pact.BehaviorRecorder.Controller.PseudoTutorMessageHandlerTest.runMTTests(PseudoTutorMessageHandlerTest.java:1365)
	at edu.cmu.pact.BehaviorRecorder.Controller.PseudoTutorMessageHandlerTest.testAdd678plus187formulaTPA(PseudoTutorMessageHandlerTest.java:1217)
	at sun.reflect.NativeMethodAccessorImpl.invoke0(Native Method)
	at sun.reflect.NativeMethodAccessorImpl.invoke(NativeMethodAccessorImpl.java:57)
	at sun.reflect.DelegatingMethodAccessorImpl.invoke(DelegatingMethodAccessorImpl.java:43)
	at java.lang.reflect.Method.invoke(Method.java:606)
	at junit.framework.TestCase.runTest(TestCase.java:154)
	at junit.framework.TestCase.runBare(TestCase.java:127)
	at junit.framework.TestResult$1.protect(TestResult.java:106)
	at junit.framework.TestResult.runProtected(TestResult.java:124)
	at junit.framework.TestResult.run(TestResult.java:109)
	at junit.framework.TestCase.run(TestCase.java:118)
	at junit.framework.TestSuite.runTest(TestSuite.java:208)
	at junit.framework.TestSuite.run(TestSuite.java:203)
	at org.apache.tools.ant.taskdefs.optional.junit.JUnitTestRunner.run(JUnitTestRunner.java:523)
	at org.apache.tools.ant.taskdefs.optional.junit.JUnitTestRunner.launch(JUnitTestRunner.java:1063)
	at org.apache.tools.ant.taskdefs.optional.junit.JUnitTestRunner.main(JUnitTestRunner.java:914)
edu.cmu.pact.BehaviorRecorder.ProblemModel.ProblemModelException: The problem name: "" is empty or has unallowed characters.
	at edu.cmu.pact.BehaviorRecorder.Controller.BR_Controller.createStartStateInternal(BR_Controller.java:2421)
	at edu.cmu.pact.BehaviorRecorder.Controller.BR_Controller.createStartState(BR_Controller.java:2370)
	at edu.cmu.pact.ctat.model.CtatModeModel.changeAuthorModeOk(CtatModeModel.java:343)
	at edu.cmu.pact.ctat.model.CtatModeModel.setAuthorMode(CtatModeModel.java:215)
	at edu.cmu.pact.BehaviorRecorder.Controller.PseudoTutorMessageHandlerTest.setUp(PseudoTutorMessageHandlerTest.java:673)
	at junit.framework.TestCase.runBare(TestCase.java:125)
	at junit.framework.TestResult$1.protect(TestResult.java:106)
	at junit.framework.TestResult.runProtected(TestResult.java:124)
	at junit.framework.TestResult.run(TestResult.java:109)
	at junit.framework.TestCase.run(TestCase.java:118)
	at junit.framework.TestSuite.runTest(TestSuite.java:208)
	at junit.framework.TestSuite.run(TestSuite.java:203)
	at org.apache.tools.ant.taskdefs.optional.junit.JUnitTestRunner.run(JUnitTestRunner.java:523)
	at org.apache.tools.ant.taskdefs.optional.junit.JUnitTestRunner.launch(JUnitTestRunner.java:1063)
	at org.apache.tools.ant.taskdefs.optional.junit.JUnitTestRunner.main(JUnitTestRunner.java:914)
[08:17:34] +err+ 764: Error on UTP.init(null): java.security.InvalidParameterException: Controller cannot be null.; cause null &lt;edu.cmu.pact.BehaviorRecorder.Controller.PseudoTutorMessageHandlerTest$SinkToolProxy:75&gt;main
[08:17:34] +err+ 786: Error on response[-1]: java.net.ConnectException: Connection refused; cause null;
  request was &lt;message&gt;&lt;verb&gt;SendNoteProperty&lt;/verb&gt;&lt;properties&gt;&lt;MessageType&gt;InterfaceAction&lt;/MessageType&gt;&lt;Selection&gt;&lt;value&gt;table1_C6R4&lt;/value&gt;&lt;/Selection&gt;&lt;Action&gt;&lt;value&gt;UpdateTable&lt;/value&gt;&lt;/Action&gt;&lt;Input&gt;&lt;value&gt;8+7&lt;/value&gt;&lt;/Input&gt;&lt;transaction_id&gt;Taad5c8b5-034b-4f8b-be35-e48e5091f2eb&lt;/transaction_id&gt;&lt;/properties&gt;&lt;/message&gt; &lt;edu.cmu.pact.BehaviorRecorder.Controller.JSExampleTracerTest:215&gt;main
java.net.ConnectException: Connection refused
	at java.net.PlainSocketImpl.socketConnect(Native Method)
	at java.net.AbstractPlainSocketImpl.doConnect(AbstractPlainSocketImpl.java:339)
	at java.net.AbstractPlainSocketImpl.connectToAddress(AbstractPlainSocketImpl.java:200)
	at java.net.AbstractPlainSocketImpl.connect(AbstractPlainSocketImpl.java:182)
	at java.net.SocksSocketImpl.connect(SocksSocketImpl.java:392)
	at java.net.Socket.connect(Socket.java:579)
	at java.net.Socket.connect(Socket.java:528)
	at sun.net.NetworkClient.doConnect(NetworkClient.java:180)
	at sun.net.www.http.HttpClient.openServer(HttpClient.java:432)
	at sun.net.www.http.HttpClient.openServer(HttpClient.java:527)
	at sun.net.www.http.HttpClient.&lt;init&gt;(HttpClient.java:211)
	at sun.net.www.http.HttpClient.New(HttpClient.java:308)
	at sun.net.www.http.HttpClient.New(HttpClient.java:326)
	at sun.net.www.protocol.http.HttpURLConnection.getNewHttpClient(HttpURLConnection.java:996)
	at sun.net.www.protocol.http.HttpURLConnection.plainConnect(HttpURLConnection.java:932)
	at sun.net.www.protocol.http.HttpURLConnection.connect(HttpURLConnection.java:850)
	at sun.net.www.protocol.http.HttpURLConnection.getOutputStream(HttpURLConnection.java:1091)
	at edu.cmu.pact.BehaviorRecorder.Controller.HttpToolEmulator.sendAndWait(HttpToolEmulator.java:90)
	at edu.cmu.pact.BehaviorRecorder.Controller.JSExampleTracerTest.getExampleTracerResponses(JSExampleTracerTest.java:198)
	at edu.cmu.pact.BehaviorRecorder.Controller.JSExampleTracerTest.runProcessPseudoTutorInterfaceAction(JSExampleTracerTest.java:183)
	at edu.cmu.pact.BehaviorRecorder.Controller.PseudoTutorMessageHandlerTest.runMTTests(PseudoTutorMessageHandlerTest.java:1365)
	at edu.cmu.pact.BehaviorRecorder.Controller.PseudoTutorMessageHandlerTest.testAdd678plus187replacementFormula(PseudoTutorMessageHandlerTest.java:1135)
	at sun.reflect.NativeMethodAccessorImpl.invoke0(Native Method)
	at sun.reflect.NativeMethodAccessorImpl.invoke(NativeMethodAccessorImpl.java:57)
	at sun.reflect.DelegatingMethodAccessorImpl.invoke(DelegatingMethodAccessorImpl.java:43)
	at java.lang.reflect.Method.invoke(Method.java:606)
	at junit.framework.TestCase.runTest(TestCase.java:154)
	at junit.framework.TestCase.runBare(TestCase.java:127)
	at junit.framework.TestResult$1.protect(TestResult.java:106)
	at junit.framework.TestResult.runProtected(TestResult.java:124)
	at junit.framework.TestResult.run(TestResult.java:109)
	at junit.framework.TestCase.run(TestCase.java:118)
	at junit.framework.TestSuite.runTest(TestSuite.java:208)
	at junit.framework.TestSuite.run(TestSuite.java:203)
	at org.apache.tools.ant.taskdefs.optional.junit.JUnitTestRunner.run(JUnitTestRunner.java:523)
	at org.apache.tools.ant.taskdefs.optional.junit.JUnitTestRunner.launch(JUnitTestRunner.java:1063)
	at org.apache.tools.ant.taskdefs.optional.junit.JUnitTestRunner.main(JUnitTestRunner.java:914)
edu.cmu.pact.BehaviorRecorder.ProblemModel.ProblemModelException: The problem name: "" is empty or has unallowed characters.
	at edu.cmu.pact.BehaviorRecorder.Controller.BR_Controller.createStartStateInternal(BR_Controller.java:2421)
	at edu.cmu.pact.BehaviorRecorder.Controller.BR_Controller.createStartState(BR_Controller.java:2370)
	at edu.cmu.pact.ctat.model.CtatModeModel.changeAuthorModeOk(CtatModeModel.java:343)
	at edu.cmu.pact.ctat.model.CtatModeModel.setAuthorMode(CtatModeModel.java:215)
	at edu.cmu.pact.BehaviorRecorder.Controller.PseudoTutorMessageHandlerTest.setUp(PseudoTutorMessageHandlerTest.java:673)
	at junit.framework.TestCase.runBare(TestCase.java:125)
	at junit.framework.TestResult$1.protect(TestResult.java:106)
	at junit.framework.TestResult.runProtected(TestResult.java:124)
	at junit.framework.TestResult.run(TestResult.java:109)
	at junit.framework.TestCase.run(TestCase.java:118)
	at junit.framework.TestSuite.runTest(TestSuite.java:208)
	at junit.framework.TestSuite.run(TestSuite.java:203)
	at org.apache.tools.ant.taskdefs.optional.junit.JUnitTestRunner.run(JUnitTestRunner.java:523)
	at org.apache.tools.ant.taskdefs.optional.junit.JUnitTestRunner.launch(JUnitTestRunner.java:1063)
	at org.apache.tools.ant.taskdefs.optional.junit.JUnitTestRunner.main(JUnitTestRunner.java:914)
[08:17:34] +err+ 844: Error opening test/edu/cmu/pact/BehaviorRecorder/ProblemModel/Graph/startStateVariablesGraph.brd or reading as URL: java.net.MalformedURLException: no protocol: test/edu/cmu/pact/BehaviorRecorder/ProblemModel/Graph/startStateVariablesGraph.brd; cause null &lt;edu.cmu.pact.BehaviorRecorder.ProblemModel.ProblemStateReader:161&gt;main
[08:17:34] +err+ 845: Error on getFileAsResource(null) or getCanonicalPath(): java.lang.NullPointerException; cause null &lt;edu.cmu.pact.BehaviorRecorder.ProblemModel.ProblemStateReader:167&gt;main
[08:17:42] +err+ 2368: MT.loadInterfaceTemplates(): interfaceTemplatesList is null &lt;edu.cmu.pact.jess.MTRete:1236&gt;main
[08:17:42] +err+ 2371: Error opening test/solver.brd or reading as URL: java.net.MalformedURLException: no protocol: test/solver.brd; cause null &lt;edu.cmu.pact.BehaviorRecorder.ProblemModel.ProblemStateReader:161&gt;main
[08:17:42] +err+ 2372: Error on getFileAsResource(null) or getCanonicalPath(): java.lang.NullPointerException; cause null &lt;edu.cmu.pact.BehaviorRecorder.ProblemModel.ProblemStateReader:167&gt;main
[08:17:42] +err+ 2377: bad pKnown: java.lang.NumberFormatException: For input string: "c,_negative Solver" &lt;edu.cmu.pact.ctat.model.Skill:519&gt;main
[08:17:43] +err+ 2380: bad pKnown: java.lang.NumberFormatException: For input string: "c,_negative Solver" &lt;edu.cmu.pact.ctat.model.Skill:519&gt;main
[08:17:43] +err+ 2383: bad pKnown: java.lang.NumberFormatException: For input string: "c,_negative Solver" &lt;edu.cmu.pact.ctat.model.Skill:519&gt;main
[08:17:43] +err+ 2386: bad pKnown: java.lang.NumberFormatException: For input string: "c,_negative Solver" &lt;edu.cmu.pact.ctat.model.Skill:519&gt;main
[08:17:43] +err+ 2395: Error opening test/edu/cmu/pact/BehaviorRecorder/ProblemModel/Graph/startStateVariablesGraph.brd or reading as URL: java.net.MalformedURLException: no protocol: test/edu/cmu/pact/BehaviorRecorder/ProblemModel/Graph/startStateVariablesGraph.brd; cause null &lt;edu.cmu.pact.BehaviorRecorder.ProblemModel.ProblemStateReader:161&gt;main
[08:17:43] +err+ 2396: Error on getFileAsResource(null) or getCanonicalPath(): java.lang.NullPointerException; cause null &lt;edu.cmu.pact.BehaviorRecorder.ProblemModel.ProblemStateReader:167&gt;main
deserializing from buffer CTATFunctionsParser.ser
Parser construction took 1 millis
java.net.BindException: Address already in use
	at java.net.PlainSocketImpl.socketBind(Native Method)
	at java.net.AbstractPlainSocketImpl.bind(AbstractPlainSocketImpl.java:376)
	at java.net.ServerSocket.bind(ServerSocket.java:376)
	at java.net.ServerSocket.bind(ServerSocket.java:330)
	at edu.cmu.pact.TutoringService.Monitor.run(Monitor.java:156)
[08:17:44] +err+ 2521: Error opening test/edu/cmu/pact/BehaviorRecorder/ProblemModel/Graph/startStateVariablesGraph.brd or reading as URL: java.net.MalformedURLException: no protocol: test/edu/cmu/pact/BehaviorRecorder/ProblemModel/Graph/startStateVariablesGraph.brd; cause null &lt;edu.cmu.pact.BehaviorRecorder.ProblemModel.ProblemStateReader:161&gt;main
[08:17:44] +err+ 2522: Error on getFileAsResource(null) or getCanonicalPath(): java.lang.NullPointerException; cause null &lt;edu.cmu.pact.BehaviorRecorder.ProblemModel.ProblemStateReader:167&gt;main
[08:17:44] +err+ 2577: Error on UTP.init(null): java.security.InvalidParameterException: Controller cannot be null.; cause null &lt;edu.cmu.pact.BehaviorRecorder.Controller.PseudoTutorMessageHandlerTest$SinkToolProxy:75&gt;main
[08:17:45] +err+ 2617: Error on response[-1]: java.net.ConnectException: Connection refused; cause null;
  request was &lt;message&gt;&lt;verb&gt;SendNoteProperty&lt;/verb&gt;&lt;properties&gt;&lt;MessageType&gt;InterfaceAction&lt;/MessageType&gt;&lt;Selection&gt;&lt;value&gt;table1_C3R2&lt;/value&gt;&lt;/Selection&gt;&lt;Action&gt;&lt;value&gt;UpdateTable&lt;/value&gt;&lt;/Action&gt;&lt;Input&gt;&lt;value&gt;7&lt;/value&gt;&lt;/Input&gt;&lt;transaction_id&gt;T1e04d7bb-4fb5-4e03-bf95-eb1034948871&lt;/transaction_id&gt;&lt;/properties&gt;&lt;/message&gt; &lt;edu.cmu.pact.BehaviorRecorder.Controller.JSExampleTracerTest:215&gt;main
java.net.ConnectException: Connection refused
	at java.net.PlainSocketImpl.socketConnect(Native Method)
	at java.net.AbstractPlainSocketImpl.doConnect(AbstractPlainSocketImpl.java:339)
	at java.net.AbstractPlainSocketImpl.connectToAddress(AbstractPlainSocketImpl.java:200)
	at java.net.AbstractPlainSocketImpl.connect(AbstractPlainSocketImpl.java:182)
	at java.net.SocksSocketImpl.connect(SocksSocketImpl.java:392)
	at java.net.Socket.connect(Socket.java:579)
	at java.net.Socket.connect(Socket.java:528)
	at sun.net.NetworkClient.doConnect(NetworkClient.java:180)
	at sun.net.www.http.HttpClient.openServer(HttpClient.java:432)
	at sun.net.www.http.HttpClient.openServer(HttpClient.java:527)
	at sun.net.www.http.HttpClient.&lt;init&gt;(HttpClient.java:211)
	at sun.net.www.http.HttpClient.New(HttpClient.java:308)
	at sun.net.www.http.HttpClient.New(HttpClient.java:326)
	at sun.net.www.protocol.http.HttpURLConnection.getNewHttpClient(HttpURLConnection.java:996)
	at sun.net.www.protocol.http.HttpURLConnection.plainConnect(HttpURLConnection.java:932)
	at sun.net.www.protocol.http.HttpURLConnection.connect(HttpURLConnection.java:850)
	at sun.net.www.protocol.http.HttpURLConnection.getOutputStream(HttpURLConnection.java:1091)
	at edu.cmu.pact.BehaviorRecorder.Controller.HttpToolEmulator.sendAndWait(HttpToolEmulator.java:90)
	at edu.cmu.pact.BehaviorRecorder.Controller.JSExampleTracerTest.getExampleTracerResponses(JSExampleTracerTest.java:198)
	at edu.cmu.pact.BehaviorRecorder.Controller.JSExampleTracerTest.runProcessPseudoTutorInterfaceAction(JSExampleTracerTest.java:183)
	at edu.cmu.pact.BehaviorRecorder.Controller.PseudoTutorMessageHandlerTest.runMTTests(PseudoTutorMessageHandlerTest.java:1365)
	at edu.cmu.pact.BehaviorRecorder.Controller.PseudoTutorMessageHandlerTest.testCount(PseudoTutorMessageHandlerTest.java:1282)
	at sun.reflect.NativeMethodAccessorImpl.invoke0(Native Method)
	at sun.reflect.NativeMethodAccessorImpl.invoke(NativeMethodAccessorImpl.java:57)
	at sun.reflect.DelegatingMethodAccessorImpl.invoke(DelegatingMethodAccessorImpl.java:43)
	at java.lang.reflect.Method.invoke(Method.java:606)
	at junit.framework.TestCase.runTest(TestCase.java:154)
	at junit.framework.TestCase.runBare(TestCase.java:127)
	at junit.framework.TestResult$1.protect(TestResult.java:106)
	at junit.framework.TestResult.runProtected(TestResult.java:124)
	at junit.framework.TestResult.run(TestResult.java:109)
	at junit.framework.TestCase.run(TestCase.java:118)
	at junit.framework.TestSuite.runTest(TestSuite.java:208)
	at junit.framework.TestSuite.run(TestSuite.java:203)
	at org.apache.tools.ant.taskdefs.optional.junit.JUnitTestRunner.run(JUnitTestRunner.java:523)
	at org.apache.tools.ant.taskdefs.optional.junit.JUnitTestRunner.launch(JUnitTestRunner.java:1063)
	at org.apache.tools.ant.taskdefs.optional.junit.JUnitTestRunner.main(JUnitTestRunner.java:914)
edu.cmu.pact.BehaviorRecorder.ProblemModel.ProblemModelException: The problem name: "" is empty or has unallowed characters.
	at edu.cmu.pact.BehaviorRecorder.Controller.BR_Controller.createStartStateInternal(BR_Controller.java:2421)
	at edu.cmu.pact.BehaviorRecorder.Controller.BR_Controller.createStartState(BR_Controller.java:2370)
	at edu.cmu.pact.ctat.model.CtatModeModel.changeAuthorModeOk(CtatModeModel.java:343)
	at edu.cmu.pact.ctat.model.CtatModeModel.setAuthorMode(CtatModeModel.java:215)
	at edu.cmu.pact.BehaviorRecorder.Controller.PseudoTutorMessageHandlerTest.setUp(PseudoTutorMessageHandlerTest.java:673)
	at junit.framework.TestCase.runBare(TestCase.java:125)
	at junit.framework.TestResult$1.protect(TestResult.java:106)
	at junit.framework.TestResult.runProtected(TestResult.java:124)
	at junit.framework.TestResult.run(TestResult.java:109)
	at junit.framework.TestCase.run(TestCase.java:118)
	at junit.framework.TestSuite.runTest(TestSuite.java:208)
	at junit.framework.TestSuite.run(TestSuite.java:203)
	at org.apache.tools.ant.taskdefs.optional.junit.JUnitTestRunner.run(JUnitTestRunner.java:523)
	at org.apache.tools.ant.taskdefs.optional.junit.JUnitTestRunner.launch(JUnitTestRunner.java:1063)
	at org.apache.tools.ant.taskdefs.optional.junit.JUnitTestRunner.main(JUnitTestRunner.java:914)
deserializing from buffer CTATFunctionsParser.ser
Parser construction took 1 millis
deserializing from buffer CTATFunctionsParser.ser
Parser construction took 2 millis
Exception in thread "Thread-30" java.lang.NullPointerException
	at edu.cmu.pact.miss.console.controller.MissController.consoleDisplayOperators(MissController.java:956)
	at edu.cmu.pact.miss.SimSt.initBKwithMissConsole(SimSt.java:3438)
	at edu.cmu.pact.miss.console.controller.MissController.initMissController(MissController.java:194)
	at edu.cmu.pact.miss.console.controller.MissController.&lt;init&gt;(MissController.java:175)
	at edu.cmu.pact.BehaviorRecorder.Controller.CTAT_Launcher.initializeSimSt(CTAT_Launcher.java:452)
	at edu.cmu.pact.BehaviorRecorder.Controller.CTAT_Launcher.&lt;init&gt;(CTAT_Launcher.java:136)
	at edu.cmu.pact.BehaviorRecorder.Controller.CTAT_Launcher.&lt;init&gt;(CTAT_Launcher.java:84)
	at edu.cmu.pact.BehaviorRecorder.Controller.ServerTest$1.run(ServerTest.java:28)
	at java.lang.Thread.run(Thread.java:744)
java.net.BindException: Address already in use
	at java.net.PlainSocketImpl.socketBind(Native Method)
	at java.net.AbstractPlainSocketImpl.bind(AbstractPlainSocketImpl.java:376)
	at java.net.ServerSocket.bind(ServerSocket.java:376)
	at java.net.ServerSocket.bind(ServerSocket.java:330)
	at edu.cmu.pact.TutoringService.Monitor.run(Monitor.java:156)
[08:18:05] +err+ 4345: Error on UTP.init(null): java.security.InvalidParameterException: Controller cannot be null.; cause null &lt;edu.cmu.pact.BehaviorRecorder.Controller.PseudoTutorMessageHandlerTest$SinkToolProxy:75&gt;main
edu.cmu.pact.BehaviorRecorder.ProblemModel.ProblemModelException: The problem name: "" is empty or has unallowed characters.
	at edu.cmu.pact.BehaviorRecorder.Controller.BR_Controller.createStartStateInternal(BR_Controller.java:2421)
	at edu.cmu.pact.BehaviorRecorder.Controller.BR_Controller.createStartState(BR_Controller.java:2370)
	at edu.cmu.pact.ctat.model.CtatModeModel.changeAuthorModeOk(CtatModeModel.java:343)
	at edu.cmu.pact.ctat.model.CtatModeModel.setAuthorMode(CtatModeModel.java:215)
	at edu.cmu.pact.BehaviorRecorder.Controller.PseudoTutorMessageHandlerTest.setUp(PseudoTutorMessageHandlerTest.java:673)
	at junit.framework.TestCase.runBare(TestCase.java:125)
	at junit.framework.TestResult$1.protect(TestResult.java:106)
	at junit.framework.TestResult.runProtected(TestResult.java:124)
	at junit.framework.TestResult.run(TestResult.java:109)
	at junit.framework.TestCase.run(TestCase.java:118)
	at junit.framework.TestSuite.runTest(TestSuite.java:208)
	at junit.framework.TestSuite.run(TestSuite.java:203)
	at org.apache.tools.ant.taskdefs.optional.junit.JUnitTestRunner.run(JUnitTestRunner.java:523)
	at org.apache.tools.ant.taskdefs.optional.junit.JUnitTestRunner.launch(JUnitTestRunner.java:1063)
	at org.apache.tools.ant.taskdefs.optional.junit.JUnitTestRunner.main(JUnitTestRunner.java:914)
deserializing from buffer CTATFunctionsParser.ser
Parser construction took 1 millis
[08:18:05] +err+ 4352: Error opening test/edu/cmu/pact/BehaviorRecorder/ProblemModel/Graph/testDeleteSingleLink.brd or reading as URL: java.net.MalformedURLException: no protocol: test/edu/cmu/pact/BehaviorRecorder/ProblemModel/Graph/testDeleteSingleLink.brd; cause null &lt;edu.cmu.pact.BehaviorRecorder.ProblemModel.ProblemStateReader:161&gt;main
[08:18:05] +err+ 4353: Error on getFileAsResource(null) or getCanonicalPath(): java.lang.NullPointerException; cause null &lt;edu.cmu.pact.BehaviorRecorder.ProblemModel.ProblemStateReader:167&gt;main
[08:18:05] +err+ 4412: Error opening test/edu/cmu/pact/BehaviorRecorder/ProblemModel/Graph/testDeleteSingleLinkAndMerge.brd or reading as URL: java.net.MalformedURLException: no protocol: test/edu/cmu/pact/BehaviorRecorder/ProblemModel/Graph/testDeleteSingleLinkAndMerge.brd; cause null &lt;edu.cmu.pact.BehaviorRecorder.ProblemModel.ProblemStateReader:161&gt;main
[08:18:05] +err+ 4413: Error on getFileAsResource(null) or getCanonicalPath(): java.lang.NullPointerException; cause null &lt;edu.cmu.pact.BehaviorRecorder.ProblemModel.ProblemStateReader:167&gt;main
[08:18:05] +err+ 4470: Error opening test/edu/cmu/pact/BehaviorRecorder/ProblemModel/Graph/testDeleteSingleLinkDisconnect.brd or reading as URL: java.net.MalformedURLException: no protocol: test/edu/cmu/pact/BehaviorRecorder/ProblemModel/Graph/testDeleteSingleLinkDisconnect.brd; cause null &lt;edu.cmu.pact.BehaviorRecorder.ProblemModel.ProblemStateReader:161&gt;main
[08:18:05] +err+ 4471: Error on getFileAsResource(null) or getCanonicalPath(): java.lang.NullPointerException; cause null &lt;edu.cmu.pact.BehaviorRecorder.ProblemModel.ProblemStateReader:167&gt;main
[08:18:06] +err+ 4527: Error on UTP.init(null): java.security.InvalidParameterException: Controller cannot be null.; cause null &lt;edu.cmu.pact.BehaviorRecorder.Controller.PseudoTutorMessageHandlerTest$SinkToolProxy:75&gt;main
[08:18:06] +err+ 4552: Error on response[-1]: java.net.ConnectException: Connection refused; cause null;
  request was &lt;message&gt;&lt;verb&gt;SendNoteProperty&lt;/verb&gt;&lt;properties&gt;&lt;MessageType&gt;InterfaceAction&lt;/MessageType&gt;&lt;Selection&gt;&lt;value&gt;firstNumGiven&lt;/value&gt;&lt;/Selection&gt;&lt;Action&gt;&lt;value&gt;UpdateTextArea&lt;/value&gt;&lt;/Action&gt;&lt;Input&gt;&lt;value&gt;1&lt;/value&gt;&lt;/Input&gt;&lt;transaction_id&gt;T2e4ef1e8-e75b-4381-b2b5-547babcac263&lt;/transaction_id&gt;&lt;/properties&gt;&lt;/message&gt; &lt;edu.cmu.pact.BehaviorRecorder.Controller.JSExampleTracerTest:215&gt;main
java.net.ConnectException: Connection refused
	at java.net.PlainSocketImpl.socketConnect(Native Method)
	at java.net.AbstractPlainSocketImpl.doConnect(AbstractPlainSocketImpl.java:339)
	at java.net.AbstractPlainSocketImpl.connectToAddress(AbstractPlainSocketImpl.java:200)
	at java.net.AbstractPlainSocketImpl.connect(AbstractPlainSocketImpl.java:182)
	at java.net.SocksSocketImpl.connect(SocksSocketImpl.java:392)
	at java.net.Socket.connect(Socket.java:579)
	at java.net.Socket.connect(Socket.java:528)
	at sun.net.NetworkClient.doConnect(NetworkClient.java:180)
	at sun.net.www.http.HttpClient.openServer(HttpClient.java:432)
	at sun.net.www.http.HttpClient.openServer(HttpClient.java:527)
	at sun.net.www.http.HttpClient.&lt;init&gt;(HttpClient.java:211)
	at sun.net.www.http.HttpClient.New(HttpClient.java:308)
	at sun.net.www.http.HttpClient.New(HttpClient.java:326)
	at sun.net.www.protocol.http.HttpURLConnection.getNewHttpClient(HttpURLConnection.java:996)
	at sun.net.www.protocol.http.HttpURLConnection.plainConnect(HttpURLConnection.java:932)
	at sun.net.www.protocol.http.HttpURLConnection.connect(HttpURLConnection.java:850)
	at sun.net.www.protocol.http.HttpURLConnection.getOutputStream(HttpURLConnection.java:1091)
	at edu.cmu.pact.BehaviorRecorder.Controller.HttpToolEmulator.sendAndWait(HttpToolEmulator.java:90)
	at edu.cmu.pact.BehaviorRecorder.Controller.JSExampleTracerTest.getExampleTracerResponses(JSExampleTracerTest.java:198)
	at edu.cmu.pact.BehaviorRecorder.Controller.JSExampleTracerTest.runProcessPseudoTutorInterfaceAction(JSExampleTracerTest.java:183)
	at edu.cmu.pact.BehaviorRecorder.Controller.PseudoTutorMessageHandlerTest.runMTTests(PseudoTutorMessageHandlerTest.java:1365)
	at edu.cmu.pact.BehaviorRecorder.Controller.PseudoTutorMessageHandlerTest.testDifferentMatchers(PseudoTutorMessageHandlerTest.java:962)
	at sun.reflect.NativeMethodAccessorImpl.invoke0(Native Method)
	at sun.reflect.NativeMethodAccessorImpl.invoke(NativeMethodAccessorImpl.java:57)
	at sun.reflect.DelegatingMethodAccessorImpl.invoke(DelegatingMethodAccessorImpl.java:43)
	at java.lang.reflect.Method.invoke(Method.java:606)
	at junit.framework.TestCase.runTest(TestCase.java:154)
	at junit.framework.TestCase.runBare(TestCase.java:127)
	at junit.framework.TestResult$1.protect(TestResult.java:106)
	at junit.framework.TestResult.runProtected(TestResult.java:124)
	at junit.framework.TestResult.run(TestResult.java:109)
	at junit.framework.TestCase.run(TestCase.java:118)
	at junit.framework.TestSuite.runTest(TestSuite.java:208)
	at junit.framework.TestSuite.run(TestSuite.java:203)
	at org.apache.tools.ant.taskdefs.optional.junit.JUnitTestRunner.run(JUnitTestRunner.java:523)
	at org.apache.tools.ant.taskdefs.optional.junit.JUnitTestRunner.launch(JUnitTestRunner.java:1063)
	at org.apache.tools.ant.taskdefs.optional.junit.JUnitTestRunner.main(JUnitTestRunner.java:914)
edu.cmu.pact.BehaviorRecorder.ProblemModel.ProblemModelException: The problem name: "" is empty or has unallowed characters.
	at edu.cmu.pact.BehaviorRecorder.Controller.BR_Controller.createStartStateInternal(BR_Controller.java:2421)
	at edu.cmu.pact.BehaviorRecorder.Controller.BR_Controller.createStartState(BR_Controller.java:2370)
	at edu.cmu.pact.ctat.model.CtatModeModel.changeAuthorModeOk(CtatModeModel.java:343)
	at edu.cmu.pact.ctat.model.CtatModeModel.setAuthorMode(CtatModeModel.java:215)
	at edu.cmu.pact.BehaviorRecorder.Controller.PseudoTutorMessageHandlerTest.setUp(PseudoTutorMessageHandlerTest.java:673)
	at junit.framework.TestCase.runBare(TestCase.java:125)
	at junit.framework.TestResult$1.protect(TestResult.java:106)
	at junit.framework.TestResult.runProtected(TestResult.java:124)
	at junit.framework.TestResult.run(TestResult.java:109)
	at junit.framework.TestCase.run(TestCase.java:118)
	at junit.framework.TestSuite.runTest(TestSuite.java:208)
	at junit.framework.TestSuite.run(TestSuite.java:203)
	at org.apache.tools.ant.taskdefs.optional.junit.JUnitTestRunner.run(JUnitTestRunner.java:523)
	at org.apache.tools.ant.taskdefs.optional.junit.JUnitTestRunner.launch(JUnitTestRunner.java:1063)
	at org.apache.tools.ant.taskdefs.optional.junit.JUnitTestRunner.main(JUnitTestRunner.java:914)
deserializing from buffer CTATFunctionsParser.ser
Parser construction took 1 millis
deserializing from buffer CTATFunctionsParser.ser
Parser construction took 2 millis
[08:18:06] +err+ 4659: Error opening test/2x-P3-6xP+7.brd or reading as URL: java.net.MalformedURLException: no protocol: test/2x-P3-6xP+7.brd; cause null &lt;edu.cmu.pact.BehaviorRecorder.ProblemModel.ProblemStateReader:161&gt;main
[08:18:06] +err+ 4660: Error on getFileAsResource(null) or getCanonicalPath(): java.lang.NullPointerException; cause null &lt;edu.cmu.pact.BehaviorRecorder.ProblemModel.ProblemStateReader:167&gt;main
deserializing from buffer CTATFunctionsParser.ser
Parser construction took 2 millis
java.lang.IllegalStateException: ERROR: Wrong symbol: EOF, state 23
1:	x +
 	   ^
Expected was (one of): `stringdef`, '-', `identifier`, `number`, '(', "true", "null", "false"

	at edu.cmu.pact.BehaviorRecorder.ProblemModel.Matcher.CTATFunctions.evaluate(CTATFunctions.java:1006)
	at edu.cmu.pact.BehaviorRecorder.ProblemModel.Matcher.ExpressionMatcher.evaluate(ExpressionMatcher.java:237)
	at edu.cmu.pact.BehaviorRecorder.ProblemModel.Matcher.ExpressionMatcher.testVector(ExpressionMatcher.java:270)
	at edu.cmu.pact.BehaviorRecorder.ProblemModel.Matcher.ExpressionMatcher.testInput(ExpressionMatcher.java:257)
	at edu.cmu.pact.BehaviorRecorder.ProblemModel.Matcher.ExpressionMatcher.match(ExpressionMatcher.java:400)
	at edu.cmu.pact.BehaviorRecorder.ProblemModel.Matcher.ExactMatcher.match(ExactMatcher.java:175)
	at edu.cmu.pact.BehaviorRecorder.ProblemModel.Matcher.MatcherTest.testExpressionSyntaxError(MatcherTest.java:307)
	at edu.cmu.pact.BehaviorRecorder.ProblemModel.Matcher.MatcherTest.testExpressionMatching(MatcherTest.java:413)
	at sun.reflect.NativeMethodAccessorImpl.invoke0(Native Method)
	at sun.reflect.NativeMethodAccessorImpl.invoke(NativeMethodAccessorImpl.java:57)
	at sun.reflect.DelegatingMethodAccessorImpl.invoke(DelegatingMethodAccessorImpl.java:43)
	at java.lang.reflect.Method.invoke(Method.java:606)
	at junit.framework.TestCase.runTest(TestCase.java:154)
	at junit.framework.TestCase.runBare(TestCase.java:127)
	at junit.framework.TestResult$1.protect(TestResult.java:106)
	at junit.framework.TestResult.runProtected(TestResult.java:124)
	at junit.framework.TestResult.run(TestResult.java:109)
	at junit.framework.TestCase.run(TestCase.java:118)
	at junit.framework.TestSuite.runTest(TestSuite.java:208)
	at junit.framework.TestSuite.run(TestSuite.java:203)
	at org.apache.tools.ant.taskdefs.optional.junit.JUnitTestRunner.run(JUnitTestRunner.java:523)
	at org.apache.tools.ant.taskdefs.optional.junit.JUnitTestRunner.launch(JUnitTestRunner.java:1063)
	at org.apache.tools.ant.taskdefs.optional.junit.JUnitTestRunner.main(JUnitTestRunner.java:914)
deserializing from buffer CTATFunctionsParser.ser
Parser construction took 1 millis
deserializing from buffer CTATFunctionsParser.ser
Parser construction took 2 millis
deserializing from buffer CTATFunctionsParser.ser
Parser construction took 2 millis
deserializing from buffer CTATFunctionsParser.ser
Parser construction took 2 millis
deserializing from buffer CTATFunctionsParser.ser
Parser construction took 1 millis
deserializing from buffer CTATFunctionsParser.ser
Parser construction took 1 millis
deserializing from buffer CTATFunctionsParser.ser
Parser construction took 2 millis
deserializing from buffer CTATFunctionsParser.ser
Parser construction took 2 millis
deserializing from buffer CTATFunctionsParser.ser
Parser construction took 1 millis
7 + is not valid:
ERROR: Wrong symbol: EOF, state 23
1:	7 +
 	   ^
Expected was (one of): `stringdef`, '-', `identifier`, `number`, '(', "true", "null", "false"

java.lang.IllegalStateException: no method found: memberOf(())
deserializing from buffer CTATFunctionsParser.ser
Parser construction took 1 millis

INFO: Mixed parser and lexer specification, 268 lexer rules, 16 parser rules.
Lexer scratch construction took 2 millis
WARNING: Grammar has no top level rule, taking first rule &gt;EXPRESSION ::= TERM ;&lt;
ParserTables scratch construction took 5 millis
serializing to buffer CTATExpressionSemanticParser.ser
Parser construction took 10 millis
deserializing from buffer CTATExpressionSemanticParser.ser
Parser construction took 1 millis
deserializing from buffer CTATExpressionSemanticParser.ser
Parser construction took 1 millis
deserializing from buffer CTATExpressionSemanticParser.ser
Parser construction took 1 millis
deserializing from buffer CTATExpressionSemanticParser.ser
Parser construction took 2 millis
deserializing from buffer CTATExpressionSemanticParser.ser
Parser construction took 2 millis
deserializing from buffer CTATExpressionSemanticParser.ser
Parser construction took 1 millis
deserializing from buffer CTATExpressionSemanticParser.ser
Parser construction took 1 millis
deserializing from buffer CTATExpressionSemanticParser.ser
Parser construction took 1 millis
deserializing from buffer CTATExpressionSemanticParser.ser
Parser construction took 1 millis
deserializing from buffer CTATExpressionSemanticParser.ser
Parser construction took 1 millis
deserializing from buffer CTATExpressionSemanticParser.ser
Parser construction took 1 millis
deserializing from buffer CTATExpressionSemanticParser.ser
Parser construction took 1 millis
deserializing from buffer CTATExpressionSemanticParser.ser
Parser construction took 2 millis
deserializing from buffer CTATExpressionSemanticParser.ser
Parser construction took 1 millis
deserializing from buffer CTATExpressionSemanticParser.ser
Parser construction took 1 millis
deserializing from buffer CTATExpressionSemanticParser.ser
Parser construction took 1 millis
deserializing from buffer CTATExpressionSemanticParser.ser
Parser construction took 1 millis
deserializing from buffer CTATExpressionSemanticParser.ser
Parser construction took 1 millis
deserializing from buffer CTATExpressionSemanticParser.ser
Parser construction took 1 millis
deserializing from buffer CTATFunctionsParser.ser
Parser construction took 2 millis
deserializing from buffer CTATFunctionsParser.ser
Parser construction took 1 millis
[08:18:10] +err+ 6022: Error loading java.util.ArrayList: class does not implement jess.Userfunction &lt;edu.cmu.pact.jess.FunctionPackage:71&gt;main
[08:18:10] +err+ 6023: Could not load class edu.cmu.pact.jess.SomeUnknownFunction: java.lang.ClassNotFoundException: edu.cmu.pact.jess.SomeUnknownFunction &lt;edu.cmu.pact.jess.FunctionPackage:44&gt;main
[08:18:11] +err+ 6052: Error running suite() method in testCase null(edu.cmu.hcii.ctat.NodeCommTest):
  java.lang.NoSuchMethodException: edu.cmu.hcii.ctat.NodeCommTest.suite(); cause: null &lt;edu.GlobalTestSuiteManager:172&gt;main
java.lang.NoSuchMethodException: edu.cmu.hcii.ctat.NodeCommTest.suite()
	at java.lang.Class.getMethod(Class.java:1665)
	at edu.GlobalTestSuiteManager.getGlobalTestSuite(GlobalTestSuiteManager.java:164)
	at edu.GlobalTestSuiteTest.testGetTestSuite(GlobalTestSuiteTest.java:44)
	at sun.reflect.NativeMethodAccessorImpl.invoke0(Native Method)
	at sun.reflect.NativeMethodAccessorImpl.invoke(NativeMethodAccessorImpl.java:57)
	at sun.reflect.DelegatingMethodAccessorImpl.invoke(DelegatingMethodAccessorImpl.java:43)
	at java.lang.reflect.Method.invoke(Method.java:606)
	at junit.framework.TestCase.runTest(TestCase.java:154)
	at junit.framework.TestCase.runBare(TestCase.java:127)
	at junit.framework.TestResult$1.protect(TestResult.java:106)
	at junit.framework.TestResult.runProtected(TestResult.java:124)
	at junit.framework.TestResult.run(TestResult.java:109)
	at junit.framework.TestCase.run(TestCase.java:118)
	at junit.framework.TestSuite.runTest(TestSuite.java:208)
	at junit.framework.TestSuite.run(TestSuite.java:203)
	at org.apache.tools.ant.taskdefs.optional.junit.JUnitTestRunner.run(JUnitTestRunner.java:523)
	at org.apache.tools.ant.taskdefs.optional.junit.JUnitTestRunner.launch(JUnitTestRunner.java:1063)
	at org.apache.tools.ant.taskdefs.optional.junit.JUnitTestRunner.main(JUnitTestRunner.java:914)
deserializing from buffer CTATFunctionsParser.ser
Parser construction took 1 millis
[08:18:11] +err+ 6056: Could not instantiate class edu.cmu.pact.BehaviorRecorder.Controller.BR_ControllerTest:
  java.lang.IndexOutOfBoundsException: Index: 0, Size: 0; cause: null &lt;edu.GlobalTestSuiteManager:158&gt;main
java.lang.IndexOutOfBoundsException: Index: 0, Size: 0
	at java.util.ArrayList.rangeCheck(ArrayList.java:635)
	at java.util.ArrayList.get(ArrayList.java:411)
	at edu.cmu.pact.BehaviorRecorder.Tab.CTATTabManager.getTabByNumber(CTATTabManager.java:183)
	at edu.cmu.pact.BehaviorRecorder.Tab.CTATTabManager.setTabVisibility(CTATTabManager.java:272)
	at edu.cmu.pact.BehaviorRecorder.Controller.CTAT_Launcher.&lt;init&gt;(CTAT_Launcher.java:119)
	at edu.cmu.pact.BehaviorRecorder.Controller.CTAT_Launcher.&lt;init&gt;(CTAT_Launcher.java:84)
	at edu.cmu.pact.BehaviorRecorder.Controller.BR_ControllerTest.&lt;init&gt;(BR_ControllerTest.java:18)
	at sun.reflect.NativeConstructorAccessorImpl.newInstance0(Native Method)
	at sun.reflect.NativeConstructorAccessorImpl.newInstance(NativeConstructorAccessorImpl.java:57)
	at sun.reflect.DelegatingConstructorAccessorImpl.newInstance(DelegatingConstructorAccessorImpl.java:45)
	at java.lang.reflect.Constructor.newInstance(Constructor.java:526)
	at java.lang.Class.newInstance(Class.java:374)
	at edu.GlobalTestSuiteManager.getGlobalTestSuite(GlobalTestSuiteManager.java:150)
	at edu.GlobalTestSuiteTest.testGetTestSuite(GlobalTestSuiteTest.java:44)
	at sun.reflect.NativeMethodAccessorImpl.invoke0(Native Method)
	at sun.reflect.NativeMethodAccessorImpl.invoke(NativeMethodAccessorImpl.java:57)
	at sun.reflect.DelegatingMethodAccessorImpl.invoke(DelegatingMethodAccessorImpl.java:43)
	at java.lang.reflect.Method.invoke(Method.java:606)
	at junit.framework.TestCase.runTest(TestCase.java:154)
	at junit.framework.TestCase.runBare(TestCase.java:127)
	at junit.framework.TestResult$1.protect(TestResult.java:106)
	at junit.framework.TestResult.runProtected(TestResult.java:124)
	at junit.framework.TestResult.run(TestResult.java:109)
	at junit.framework.TestCase.run(TestCase.java:118)
	at junit.framework.TestSuite.runTest(TestSuite.java:208)
	at junit.framework.TestSuite.run(TestSuite.java:203)
	at org.apache.tools.ant.taskdefs.optional.junit.JUnitTestRunner.run(JUnitTestRunner.java:523)
	at org.apache.tools.ant.taskdefs.optional.junit.JUnitTestRunner.launch(JUnitTestRunner.java:1063)
	at org.apache.tools.ant.taskdefs.optional.junit.JUnitTestRunner.main(JUnitTestRunner.java:914)
[08:18:11] +err+ 6057: Error running suite() method in testCase null(edu.cmu.pact.Log.LogDifferences.ColumnTest):
  java.lang.NoSuchMethodException: edu.cmu.pact.Log.LogDifferences.ColumnTest.suite(); cause: null &lt;edu.GlobalTestSuiteManager:172&gt;main
java.lang.NoSuchMethodException: edu.cmu.pact.Log.LogDifferences.ColumnTest.suite()
	at java.lang.Class.getMethod(Class.java:1665)
	at edu.GlobalTestSuiteManager.getGlobalTestSuite(GlobalTestSuiteManager.java:164)
	at edu.GlobalTestSuiteTest.testGetTestSuite(GlobalTestSuiteTest.java:44)
	at sun.reflect.NativeMethodAccessorImpl.invoke0(Native Method)
	at sun.reflect.NativeMethodAccessorImpl.invoke(NativeMethodAccessorImpl.java:57)
	at sun.reflect.DelegatingMethodAccessorImpl.invoke(DelegatingMethodAccessorImpl.java:43)
	at java.lang.reflect.Method.invoke(Method.java:606)
	at junit.framework.TestCase.runTest(TestCase.java:154)
	at junit.framework.TestCase.runBare(TestCase.java:127)
	at junit.framework.TestResult$1.protect(TestResult.java:106)
	at junit.framework.TestResult.runProtected(TestResult.java:124)
	at junit.framework.TestResult.run(TestResult.java:109)
	at junit.framework.TestCase.run(TestCase.java:118)
	at junit.framework.TestSuite.runTest(TestSuite.java:208)
	at junit.framework.TestSuite.run(TestSuite.java:203)
	at org.apache.tools.ant.taskdefs.optional.junit.JUnitTestRunner.run(JUnitTestRunner.java:523)
	at org.apache.tools.ant.taskdefs.optional.junit.JUnitTestRunner.launch(JUnitTestRunner.java:1063)
	at org.apache.tools.ant.taskdefs.optional.junit.JUnitTestRunner.main(JUnitTestRunner.java:914)
[08:18:11] +err+ 6058: Error running suite() method in testCase null(edu.cmu.pact.Log.LogDifferences.ContentCellTest):
  java.lang.NoSuchMethodException: edu.cmu.pact.Log.LogDifferences.ContentCellTest.suite(); cause: null &lt;edu.GlobalTestSuiteManager:172&gt;main
java.lang.NoSuchMethodException: edu.cmu.pact.Log.LogDifferences.ContentCellTest.suite()
	at java.lang.Class.getMethod(Class.java:1665)
	at edu.GlobalTestSuiteManager.getGlobalTestSuite(GlobalTestSuiteManager.java:164)
	at edu.GlobalTestSuiteTest.testGetTestSuite(GlobalTestSuiteTest.java:44)
	at sun.reflect.NativeMethodAccessorImpl.invoke0(Native Method)
	at sun.reflect.NativeMethodAccessorImpl.invoke(NativeMethodAccessorImpl.java:57)
	at sun.reflect.DelegatingMethodAccessorImpl.invoke(DelegatingMethodAccessorImpl.java:43)
	at java.lang.reflect.Method.invoke(Method.java:606)
	at junit.framework.TestCase.runTest(TestCase.java:154)
	at junit.framework.TestCase.runBare(TestCase.java:127)
	at junit.framework.TestResult$1.protect(TestResult.java:106)
	at junit.framework.TestResult.runProtected(TestResult.java:124)
	at junit.framework.TestResult.run(TestResult.java:109)
	at junit.framework.TestCase.run(TestCase.java:118)
	at junit.framework.TestSuite.runTest(TestSuite.java:208)
	at junit.framework.TestSuite.run(TestSuite.java:203)
	at org.apache.tools.ant.taskdefs.optional.junit.JUnitTestRunner.run(JUnitTestRunner.java:523)
	at org.apache.tools.ant.taskdefs.optional.junit.JUnitTestRunner.launch(JUnitTestRunner.java:1063)
	at org.apache.tools.ant.taskdefs.optional.junit.JUnitTestRunner.main(JUnitTestRunner.java:914)
[08:18:11] +err+ 6059: Error running suite() method in testCase null(edu.cmu.pact.Log.LogDifferences.ContentNullTest):
  java.lang.NoSuchMethodException: edu.cmu.pact.Log.LogDifferences.ContentNullTest.suite(); cause: null &lt;edu.GlobalTestSuiteManager:172&gt;main
java.lang.NoSuchMethodException: edu.cmu.pact.Log.LogDifferences.ContentNullTest.suite()
	at java.lang.Class.getMethod(Class.java:1665)
	at edu.GlobalTestSuiteManager.getGlobalTestSuite(GlobalTestSuiteManager.java:164)
	at edu.GlobalTestSuiteTest.testGetTestSuite(GlobalTestSuiteTest.java:44)
	at sun.reflect.NativeMethodAccessorImpl.invoke0(Native Method)
	at sun.reflect.NativeMethodAccessorImpl.invoke(NativeMethodAccessorImpl.java:57)
	at sun.reflect.DelegatingMethodAccessorImpl.invoke(DelegatingMethodAccessorImpl.java:43)
	at java.lang.reflect.Method.invoke(Method.java:606)
	at junit.framework.TestCase.runTest(TestCase.java:154)
	at junit.framework.TestCase.runBare(TestCase.java:127)
	at junit.framework.TestResult$1.protect(TestResult.java:106)
	at junit.framework.TestResult.runProtected(TestResult.java:124)
	at junit.framework.TestResult.run(TestResult.java:109)
	at junit.framework.TestCase.run(TestCase.java:118)
	at junit.framework.TestSuite.runTest(TestSuite.java:208)
	at junit.framework.TestSuite.run(TestSuite.java:203)
	at org.apache.tools.ant.taskdefs.optional.junit.JUnitTestRunner.run(JUnitTestRunner.java:523)
	at org.apache.tools.ant.taskdefs.optional.junit.JUnitTestRunner.launch(JUnitTestRunner.java:1063)
	at org.apache.tools.ant.taskdefs.optional.junit.JUnitTestRunner.main(JUnitTestRunner.java:914)
[08:18:11] +err+ 6060: Error running suite() method in testCase null(edu.cmu.pact.Log.LogDifferences.ContentTest):
  java.lang.NoSuchMethodException: edu.cmu.pact.Log.LogDifferences.ContentTest.suite(); cause: null &lt;edu.GlobalTestSuiteManager:172&gt;main
java.lang.NoSuchMethodException: edu.cmu.pact.Log.LogDifferences.ContentTest.suite()
	at java.lang.Class.getMethod(Class.java:1665)
	at edu.GlobalTestSuiteManager.getGlobalTestSuite(GlobalTestSuiteManager.java:164)
	at edu.GlobalTestSuiteTest.testGetTestSuite(GlobalTestSuiteTest.java:44)
	at sun.reflect.NativeMethodAccessorImpl.invoke0(Native Method)
	at sun.reflect.NativeMethodAccessorImpl.invoke(NativeMethodAccessorImpl.java:57)
	at sun.reflect.DelegatingMethodAccessorImpl.invoke(DelegatingMethodAccessorImpl.java:43)
	at java.lang.reflect.Method.invoke(Method.java:606)
	at junit.framework.TestCase.runTest(TestCase.java:154)
	at junit.framework.TestCase.runBare(TestCase.java:127)
	at junit.framework.TestResult$1.protect(TestResult.java:106)
	at junit.framework.TestResult.runProtected(TestResult.java:124)
	at junit.framework.TestResult.run(TestResult.java:109)
	at junit.framework.TestCase.run(TestCase.java:118)
	at junit.framework.TestSuite.runTest(TestSuite.java:208)
	at junit.framework.TestSuite.run(TestSuite.java:203)
	at org.apache.tools.ant.taskdefs.optional.junit.JUnitTestRunner.run(JUnitTestRunner.java:523)
	at org.apache.tools.ant.taskdefs.optional.junit.JUnitTestRunner.launch(JUnitTestRunner.java:1063)
	at org.apache.tools.ant.taskdefs.optional.junit.JUnitTestRunner.main(JUnitTestRunner.java:914)
[08:18:11] +err+ 6061: Could not instantiate class edu.cmu.pact.Log.LogDifferences.TutorMessageContentsTest:
  java.lang.NullPointerException; cause: null &lt;edu.GlobalTestSuiteManager:158&gt;main
java.lang.NullPointerException
	at edu.cmu.pact.Log.DataShopMessageObject.&lt;init&gt;(DataShopMessageObject.java:151)
	at edu.cmu.pact.Log.LogDifferences.TutorMessageContentsTest.createTutorActionLogFromXML(TutorMessageContentsTest.java:188)
	at edu.cmu.pact.Log.LogDifferences.TutorMessageContentsTest.stringToTutorActionLog(TutorMessageContentsTest.java:162)
	at edu.cmu.pact.Log.LogDifferences.TutorMessageContentsTest.&lt;init&gt;(TutorMessageContentsTest.java:32)
	at sun.reflect.NativeConstructorAccessorImpl.newInstance0(Native Method)
	at sun.reflect.NativeConstructorAccessorImpl.newInstance(NativeConstructorAccessorImpl.java:57)
	at sun.reflect.DelegatingConstructorAccessorImpl.newInstance(DelegatingConstructorAccessorImpl.java:45)
	at java.lang.reflect.Constructor.newInstance(Constructor.java:526)
	at java.lang.Class.newInstance(Class.java:374)
	at edu.GlobalTestSuiteManager.getGlobalTestSuite(GlobalTestSuiteManager.java:150)
	at edu.GlobalTestSuiteTest.testGetTestSuite(GlobalTestSuiteTest.java:44)
	at sun.reflect.NativeMethodAccessorImpl.invoke0(Native Method)
	at sun.reflect.NativeMethodAccessorImpl.invoke(NativeMethodAccessorImpl.java:57)
	at sun.reflect.DelegatingMethodAccessorImpl.invoke(DelegatingMethodAccessorImpl.java:43)
	at java.lang.reflect.Method.invoke(Method.java:606)
	at junit.framework.TestCase.runTest(TestCase.java:154)
	at junit.framework.TestCase.runBare(TestCase.java:127)
	at junit.framework.TestResult$1.protect(TestResult.java:106)
	at junit.framework.TestResult.runProtected(TestResult.java:124)
	at junit.framework.TestResult.run(TestResult.java:109)
	at junit.framework.TestCase.run(TestCase.java:118)
	at junit.framework.TestSuite.runTest(TestSuite.java:208)
	at junit.framework.TestSuite.run(TestSuite.java:203)
	at org.apache.tools.ant.taskdefs.optional.junit.JUnitTestRunner.run(JUnitTestRunner.java:523)
	at org.apache.tools.ant.taskdefs.optional.junit.JUnitTestRunner.launch(JUnitTestRunner.java:1063)
	at org.apache.tools.ant.taskdefs.optional.junit.JUnitTestRunner.main(JUnitTestRunner.java:914)
deserializing from buffer CTATFunctionsParser.ser
Parser construction took 1 millis
[08:18:11] +err+ 6065: Could not instantiate class edu.cmu.pact.jess.GoToWMMessgHandlerTest:
  java.lang.IndexOutOfBoundsException: Index: 0, Size: 0; cause: null &lt;edu.GlobalTestSuiteManager:158&gt;main
java.lang.IndexOutOfBoundsException: Index: 0, Size: 0
	at java.util.ArrayList.rangeCheck(ArrayList.java:635)
	at java.util.ArrayList.get(ArrayList.java:411)
	at edu.cmu.pact.BehaviorRecorder.Tab.CTATTabManager.getTabByNumber(CTATTabManager.java:183)
	at edu.cmu.pact.BehaviorRecorder.Tab.CTATTabManager.setTabVisibility(CTATTabManager.java:272)
	at edu.cmu.pact.BehaviorRecorder.Controller.CTAT_Launcher.&lt;init&gt;(CTAT_Launcher.java:119)
	at edu.cmu.pact.BehaviorRecorder.Controller.CTAT_Launcher.&lt;init&gt;(CTAT_Launcher.java:84)
	at edu.cmu.pact.jess.GoToWMMessgHandlerTest.&lt;init&gt;(GoToWMMessgHandlerTest.java:79)
	at sun.reflect.NativeConstructorAccessorImpl.newInstance0(Native Method)
	at sun.reflect.NativeConstructorAccessorImpl.newInstance(NativeConstructorAccessorImpl.java:57)
	at sun.reflect.DelegatingConstructorAccessorImpl.newInstance(DelegatingConstructorAccessorImpl.java:45)
	at java.lang.reflect.Constructor.newInstance(Constructor.java:526)
	at java.lang.Class.newInstance(Class.java:374)
	at edu.GlobalTestSuiteManager.getGlobalTestSuite(GlobalTestSuiteManager.java:150)
	at edu.GlobalTestSuiteTest.testGetTestSuite(GlobalTestSuiteTest.java:44)
	at sun.reflect.NativeMethodAccessorImpl.invoke0(Native Method)
	at sun.reflect.NativeMethodAccessorImpl.invoke(NativeMethodAccessorImpl.java:57)
	at sun.reflect.DelegatingMethodAccessorImpl.invoke(DelegatingMethodAccessorImpl.java:43)
	at java.lang.reflect.Method.invoke(Method.java:606)
	at junit.framework.TestCase.runTest(TestCase.java:154)
	at junit.framework.TestCase.runBare(TestCase.java:127)
	at junit.framework.TestResult$1.protect(TestResult.java:106)
	at junit.framework.TestResult.runProtected(TestResult.java:124)
	at junit.framework.TestResult.run(TestResult.java:109)
	at junit.framework.TestCase.run(TestCase.java:118)
	at junit.framework.TestSuite.runTest(TestSuite.java:208)
	at junit.framework.TestSuite.run(TestSuite.java:203)
	at org.apache.tools.ant.taskdefs.optional.junit.JUnitTestRunner.run(JUnitTestRunner.java:523)
	at org.apache.tools.ant.taskdefs.optional.junit.JUnitTestRunner.launch(JUnitTestRunner.java:1063)
	at org.apache.tools.ant.taskdefs.optional.junit.JUnitTestRunner.main(JUnitTestRunner.java:914)
[08:18:12] +err+ 6381: Error opening test/edu/cmu/pact/BehaviorRecorder/ProblemModel/Graph/startStateVariablesGraph.brd or reading as URL: java.net.MalformedURLException: no protocol: test/edu/cmu/pact/BehaviorRecorder/ProblemModel/Graph/startStateVariablesGraph.brd; cause null &lt;edu.cmu.pact.BehaviorRecorder.ProblemModel.ProblemStateReader:161&gt;main
[08:18:12] +err+ 6382: Error on getFileAsResource(null) or getCanonicalPath(): java.lang.NullPointerException; cause null &lt;edu.cmu.pact.BehaviorRecorder.ProblemModel.ProblemStateReader:167&gt;main
[08:18:12] +err+ 6443: Error opening test/edu/cmu/pact/BehaviorRecorder/ProblemModel/Graph/startStateVariablesGraph.brd or reading as URL: java.net.MalformedURLException: no protocol: test/edu/cmu/pact/BehaviorRecorder/ProblemModel/Graph/startStateVariablesGraph.brd; cause null &lt;edu.cmu.pact.BehaviorRecorder.ProblemModel.ProblemStateReader:161&gt;main
[08:18:12] +err+ 6444: Error on getFileAsResource(null) or getCanonicalPath(): java.lang.NullPointerException; cause null &lt;edu.cmu.pact.BehaviorRecorder.ProblemModel.ProblemStateReader:167&gt;main
deserializing from buffer CTATFunctionsParser.ser
Parser construction took 1 millis
deserializing from buffer CTATFunctionsParser.ser
Parser construction took 1 millis
Exception in thread "AWT-EventQueue-0" java.lang.NullPointerException
	at edu.cmu.pact.BehaviorRecorder.ProblemModel.JDomReaderTest$1.run(JDomReaderTest.java:59)
	at java.awt.event.InvocationEvent.dispatch(InvocationEvent.java:251)
	at java.awt.EventQueue.dispatchEventImpl(EventQueue.java:733)
	at java.awt.EventQueue.access$200(EventQueue.java:103)
	at java.awt.EventQueue$3.run(EventQueue.java:694)
	at java.awt.EventQueue$3.run(EventQueue.java:692)
	at java.security.AccessController.doPrivileged(Native Method)
	at java.security.ProtectionDomain$1.doIntersectionPrivilege(ProtectionDomain.java:76)
	at java.awt.EventQueue.dispatchEvent(EventQueue.java:703)
	at java.awt.EventDispatchThread.pumpOneEventForFilters(EventDispatchThread.java:242)
	at java.awt.EventDispatchThread.pumpEventsForFilter(EventDispatchThread.java:161)
	at java.awt.EventDispatchThread.pumpEventsForHierarchy(EventDispatchThread.java:150)
	at java.awt.EventDispatchThread.pumpEvents(EventDispatchThread.java:146)
	at java.awt.EventDispatchThread.pumpEvents(EventDispatchThread.java:138)
	at java.awt.EventDispatchThread.run(EventDispatchThread.java:91)
[08:18:14] +err+ 6668: MT.loadInterfaceTemplates(): interfaceTemplatesList is null &lt;edu.cmu.pact.jess.MTRete:1236&gt;main
deserializing from buffer CTATFunctionsParser.ser
Parser construction took 1 millis
INFO: Mixed parser and lexer specification, 25 lexer rules, 11 parser rules.
[08:18:26] +err+ 15968: Error opening test/edu/cmu/pact/BehaviorRecorder/ProblemModel/Graph/groupsAndStartStateVariablesGraph.brd or reading as URL: java.net.MalformedURLException: no protocol: test/edu/cmu/pact/BehaviorRecorder/ProblemModel/Graph/groupsAndStartStateVariablesGraph.brd; cause null &lt;edu.cmu.pact.BehaviorRecorder.ProblemModel.ProblemStateReader:161&gt;main
[08:18:26] +err+ 15969: Error on getFileAsResource(null) or getCanonicalPath(): java.lang.NullPointerException; cause null &lt;edu.cmu.pact.BehaviorRecorder.ProblemModel.ProblemStateReader:167&gt;main
[08:18:26] +err+ 16077: Error on UTP.init(null): java.security.InvalidParameterException: Controller cannot be null.; cause null &lt;edu.cmu.pact.BehaviorRecorder.Controller.PseudoTutorMessageHandlerTest$SinkToolProxy:75&gt;main
[08:18:26] +err+ 16265: Error on response[-1]: java.net.ConnectException: Connection refused; cause null;
  request was &lt;message&gt;&lt;verb&gt;SendNoteProperty&lt;/verb&gt;&lt;properties&gt;&lt;MessageType&gt;InterfaceAction&lt;/MessageType&gt;&lt;Selection&gt;&lt;value&gt;Regz_AddDecimals1_B&lt;/value&gt;&lt;/Selection&gt;&lt;Action&gt;&lt;value&gt;UpdateTextField&lt;/value&gt;&lt;/Action&gt;&lt;Input&gt;&lt;value&gt;.14&lt;/value&gt;&lt;/Input&gt;&lt;transaction_id&gt;T21116c89-7fea-4147-b7b6-a59dfcbf457a&lt;/transaction_id&gt;&lt;/properties&gt;&lt;/message&gt; &lt;edu.cmu.pact.BehaviorRecorder.Controller.JSExampleTracerTest:215&gt;main
java.net.ConnectException: Connection refused
	at java.net.PlainSocketImpl.socketConnect(Native Method)
	at java.net.AbstractPlainSocketImpl.doConnect(AbstractPlainSocketImpl.java:339)
	at java.net.AbstractPlainSocketImpl.connectToAddress(AbstractPlainSocketImpl.java:200)
	at java.net.AbstractPlainSocketImpl.connect(AbstractPlainSocketImpl.java:182)
	at java.net.SocksSocketImpl.connect(SocksSocketImpl.java:392)
	at java.net.Socket.connect(Socket.java:579)
	at java.net.Socket.connect(Socket.java:528)
	at sun.net.NetworkClient.doConnect(NetworkClient.java:180)
	at sun.net.www.http.HttpClient.openServer(HttpClient.java:432)
	at sun.net.www.http.HttpClient.openServer(HttpClient.java:527)
	at sun.net.www.http.HttpClient.&lt;init&gt;(HttpClient.java:211)
	at sun.net.www.http.HttpClient.New(HttpClient.java:308)
	at sun.net.www.http.HttpClient.New(HttpClient.java:326)
	at sun.net.www.protocol.http.HttpURLConnection.getNewHttpClient(HttpURLConnection.java:996)
	at sun.net.www.protocol.http.HttpURLConnection.plainConnect(HttpURLConnection.java:932)
	at sun.net.www.protocol.http.HttpURLConnection.connect(HttpURLConnection.java:850)
	at sun.net.www.protocol.http.HttpURLConnection.getOutputStream(HttpURLConnection.java:1091)
	at edu.cmu.pact.BehaviorRecorder.Controller.HttpToolEmulator.sendAndWait(HttpToolEmulator.java:90)
	at edu.cmu.pact.BehaviorRecorder.Controller.JSExampleTracerTest.getExampleTracerResponses(JSExampleTracerTest.java:198)
	at edu.cmu.pact.BehaviorRecorder.Controller.JSExampleTracerTest.runProcessPseudoTutorInterfaceAction(JSExampleTracerTest.java:183)
	at edu.cmu.pact.BehaviorRecorder.Controller.PseudoTutorMessageHandlerTest.runMTTests(PseudoTutorMessageHandlerTest.java:1365)
	at edu.cmu.pact.BehaviorRecorder.Controller.PseudoTutorMessageHandlerTest.testMoreSpecificBugLink(PseudoTutorMessageHandlerTest.java:722)
	at sun.reflect.NativeMethodAccessorImpl.invoke0(Native Method)
	at sun.reflect.NativeMethodAccessorImpl.invoke(NativeMethodAccessorImpl.java:57)
	at sun.reflect.DelegatingMethodAccessorImpl.invoke(DelegatingMethodAccessorImpl.java:43)
	at java.lang.reflect.Method.invoke(Method.java:606)
	at junit.framework.TestCase.runTest(TestCase.java:154)
	at junit.framework.TestCase.runBare(TestCase.java:127)
	at junit.framework.TestResult$1.protect(TestResult.java:106)
	at junit.framework.TestResult.runProtected(TestResult.java:124)
	at junit.framework.TestResult.run(TestResult.java:109)
	at junit.framework.TestCase.run(TestCase.java:118)
	at junit.framework.TestSuite.runTest(TestSuite.java:208)
	at junit.framework.TestSuite.run(TestSuite.java:203)
	at org.apache.tools.ant.taskdefs.optional.junit.JUnitTestRunner.run(JUnitTestRunner.java:523)
	at org.apache.tools.ant.taskdefs.optional.junit.JUnitTestRunner.launch(JUnitTestRunner.java:1063)
	at org.apache.tools.ant.taskdefs.optional.junit.JUnitTestRunner.main(JUnitTestRunner.java:914)
deserializing from buffer CTATExpressionSemanticParser.ser
Parser construction took 2 millis
deserializing from buffer CTATExpressionSemanticParser.ser
Parser construction took 1 millis
java.lang.NullPointerException
	at edu.cmu.pact.BehaviorRecorder.ExpressionMatcher.ExpressionSyntaxNode.generateExpressionTree(ExpressionSyntaxNode.java:36)
	at edu.cmu.pact.BehaviorRecorder.ExpressionMatcher.CTATExpressionSemantic.generateExpressionTree(CTATExpressionSemantic.java:180)
	at edu.cmu.pact.BehaviorRecorder.ExpressionMatcher.CTATExpressionParser.stringToExpressionTreeNode(CTATExpressionParser.java:37)
	at edu.cmu.pact.BehaviorRecorder.ProblemModel.Matcher.ExpressionMatcherTest.isInvalidAlg(ExpressionMatcherTest.java:241)
	at edu.cmu.pact.BehaviorRecorder.ProblemModel.Matcher.ExpressionMatcherTest.testNewExpressionMatcherAll(ExpressionMatcherTest.java:77)
	at sun.reflect.NativeMethodAccessorImpl.invoke0(Native Method)
	at sun.reflect.NativeMethodAccessorImpl.invoke(NativeMethodAccessorImpl.java:57)
	at sun.reflect.DelegatingMethodAccessorImpl.invoke(DelegatingMethodAccessorImpl.java:43)
	at java.lang.reflect.Method.invoke(Method.java:606)
	at junit.framework.TestCase.runTest(TestCase.java:154)
	at junit.framework.TestCase.runBare(TestCase.java:127)
	at junit.framework.TestResult$1.protect(TestResult.java:106)
	at junit.framework.TestResult.runProtected(TestResult.java:124)
	at junit.framework.TestResult.run(TestResult.java:109)
	at junit.framework.TestCase.run(TestCase.java:118)
	at junit.framework.TestSuite.runTest(TestSuite.java:208)
	at junit.framework.TestSuite.run(TestSuite.java:203)
	at org.apache.tools.ant.taskdefs.optional.junit.JUnitTestRunner.run(JUnitTestRunner.java:523)
	at org.apache.tools.ant.taskdefs.optional.junit.JUnitTestRunner.launch(JUnitTestRunner.java:1063)
	at org.apache.tools.ant.taskdefs.optional.junit.JUnitTestRunner.main(JUnitTestRunner.java:914)
deserializing from buffer CTATFunctionsParser.ser
Parser construction took 1 millis
deserializing from buffer CTATExpressionSemanticParser.ser
Parser construction took 1 millis
deserializing from buffer CTATExpressionSemanticParser.ser
Parser construction took 1 millis
deserializing from buffer CTATExpressionSemanticParser.ser
Parser construction took 1 millis
deserializing from buffer CTATExpressionSemanticParser.ser
Parser construction took 1 millis
deserializing from buffer CTATFunctionsParser.ser
Parser construction took 1 millis
deserializing from buffer CTATExpressionSemanticParser.ser
Parser construction took 0 millis
deserializing from buffer CTATExpressionSemanticParser.ser
Parser construction took 0 millis
deserializing from buffer CTATExpressionSemanticParser.ser
Parser construction took 1 millis
deserializing from buffer CTATExpressionSemanticParser.ser
Parser construction took 1 millis
[08:18:26] +err+ 16541: Error opening test/solverNotAutoSimplify.brd or reading as URL: java.net.MalformedURLException: no protocol: test/solverNotAutoSimplify.brd; cause null &lt;edu.cmu.pact.BehaviorRecorder.ProblemModel.ProblemStateReader:161&gt;main
[08:18:26] +err+ 16542: Error on getFileAsResource(null) or getCanonicalPath(): java.lang.NullPointerException; cause null &lt;edu.cmu.pact.BehaviorRecorder.ProblemModel.ProblemStateReader:167&gt;main
[08:18:26] +err+ 16622: bad pKnown: java.lang.NumberFormatException: For input string: "c,_negative Solver" &lt;edu.cmu.pact.ctat.model.Skill:519&gt;main
[08:18:26] +err+ 16663: bad pKnown: java.lang.NumberFormatException: For input string: "c,_negative Solver" &lt;edu.cmu.pact.ctat.model.Skill:519&gt;main
deserializing from buffer CTATFunctionsParser.ser
Parser construction took 1 millis
deserializing from buffer CTATFunctionsParser.ser
Parser construction took 1 millis
deserializing from buffer CTATFunctionsParser.ser
Parser construction took 1 millis
Exception in thread "AWT-EventQueue-0" java.lang.ArrayIndexOutOfBoundsException: 4 &gt;= 0
	at java.util.Vector.elementAt(Vector.java:470)
	at javax.swing.tree.DefaultMutableTreeNode.getChildAt(DefaultMutableTreeNode.java:243)
	at javax.swing.tree.VariableHeightLayoutCache$VisibleTreeStateNodeEnumeration.nextElement(VariableHeightLayoutCache.java:1693)
	at javax.swing.tree.VariableHeightLayoutCache$VisibleTreeStateNodeEnumeration.nextElement(VariableHeightLayoutCache.java:1652)
	at javax.swing.plaf.basic.BasicTreeUI.paint(BasicTreeUI.java:1182)
	at com.apple.laf.AquaTreeUI.paint(AquaTreeUI.java:129)
	at javax.swing.plaf.ComponentUI.update(ComponentUI.java:161)
	at javax.swing.JComponent.paintComponent(JComponent.java:778)
	at javax.swing.JComponent.paint(JComponent.java:1054)
	at javax.swing.JComponent.paintChildren(JComponent.java:887)
	at javax.swing.JComponent.paint(JComponent.java:1063)
	at javax.swing.JViewport.paint(JViewport.java:731)
	at javax.swing.JComponent.paintChildren(JComponent.java:887)
	at javax.swing.JComponent.paint(JComponent.java:1063)
	at javax.swing.JComponent.paintToOffscreen(JComponent.java:5219)
	at javax.swing.RepaintManager$PaintManager.paintDoubleBuffered(RepaintManager.java:1529)
	at javax.swing.RepaintManager$PaintManager.paint(RepaintManager.java:1452)
	at javax.swing.RepaintManager.paint(RepaintManager.java:1249)
	at javax.swing.JComponent._paintImmediately(JComponent.java:5167)
	at javax.swing.JComponent.paintImmediately(JComponent.java:4978)
	at javax.swing.RepaintManager$3.run(RepaintManager.java:808)
	at javax.swing.RepaintManager$3.run(RepaintManager.java:796)
	at java.security.AccessController.doPrivileged(Native Method)
	at java.security.ProtectionDomain$1.doIntersectionPrivilege(ProtectionDomain.java:76)
	at javax.swing.RepaintManager.paintDirtyRegions(RepaintManager.java:796)
	at javax.swing.RepaintManager.paintDirtyRegions(RepaintManager.java:769)
	at javax.swing.RepaintManager.prePaintDirtyRegions(RepaintManager.java:718)
	at javax.swing.RepaintManager.access$1100(RepaintManager.java:62)
	at javax.swing.RepaintManager$ProcessingRunnable.run(RepaintManager.java:1677)
	at java.awt.event.InvocationEvent.dispatch(InvocationEvent.java:251)
	at java.awt.EventQueue.dispatchEventImpl(EventQueue.java:733)
	at java.awt.EventQueue.access$200(EventQueue.java:103)
	at java.awt.EventQueue$3.run(EventQueue.java:694)
	at java.awt.EventQueue$3.run(EventQueue.java:692)
	at java.security.AccessController.doPrivileged(Native Method)
	at java.security.ProtectionDomain$1.doIntersectionPrivilege(ProtectionDomain.java:76)
	at java.awt.EventQueue.dispatchEvent(EventQueue.java:703)
	at java.awt.EventDispatchThread.pumpOneEventForFilters(EventDispatchThread.java:242)
	at java.awt.EventDispatchThread.pumpEventsForFilter(EventDispatchThread.java:161)
	at java.awt.EventDispatchThread.pumpEventsForHierarchy(EventDispatchThread.java:150)
	at java.awt.EventDispatchThread.pumpEvents(EventDispatchThread.java:146)
	at java.awt.EventDispatchThread.pumpEvents(EventDispatchThread.java:138)
	at java.awt.EventDispatchThread.run(EventDispatchThread.java:91)
Exception in thread "AWT-EventQueue-0" java.lang.ArrayIndexOutOfBoundsException: 10 &gt;= 10
	at java.util.Vector.elementAt(Vector.java:470)
	at javax.swing.tree.VariableHeightLayoutCache.getNode(VariableHeightLayoutCache.java:993)
	at javax.swing.tree.VariableHeightLayoutCache.getMaxNodeWidth(VariableHeightLayoutCache.java:1006)
	at javax.swing.tree.VariableHeightLayoutCache.getPreferredWidth(VariableHeightLayoutCache.java:308)
	at javax.swing.plaf.basic.BasicTreeUI.updateCachedPreferredSize(BasicTreeUI.java:1899)
	at javax.swing.plaf.basic.BasicTreeUI.getPreferredSize(BasicTreeUI.java:2002)
	at javax.swing.plaf.basic.BasicTreeUI.getPreferredSize(BasicTreeUI.java:1990)
	at javax.swing.JComponent.getPreferredSize(JComponent.java:1660)
	at javax.swing.ScrollPaneLayout.layoutContainer(ScrollPaneLayout.java:790)
	at java.awt.Container.layout(Container.java:1503)
	at java.awt.Container.doLayout(Container.java:1492)
	at java.awt.Container.validateTree(Container.java:1688)
	at java.awt.Container.validateTree(Container.java:1697)
	at java.awt.Container.validateTree(Container.java:1697)
	at java.awt.Container.validateTree(Container.java:1697)
	at java.awt.Container.validateTree(Container.java:1697)
	at java.awt.Container.validate(Container.java:1623)
	at javax.swing.RepaintManager$2.run(RepaintManager.java:691)
	at javax.swing.RepaintManager$2.run(RepaintManager.java:689)
	at java.security.AccessController.doPrivileged(Native Method)
	at java.security.ProtectionDomain$1.doIntersectionPrivilege(ProtectionDomain.java:76)
	at javax.swing.RepaintManager.validateInvalidComponents(RepaintManager.java:688)
	at javax.swing.RepaintManager$ProcessingRunnable.run(RepaintManager.java:1676)
	at java.awt.event.InvocationEvent.dispatch(InvocationEvent.java:251)
	at java.awt.EventQueue.dispatchEventImpl(EventQueue.java:733)
	at java.awt.EventQueue.access$200(EventQueue.java:103)
	at java.awt.EventQueue$3.run(EventQueue.java:694)
	at java.awt.EventQueue$3.run(EventQueue.java:692)
	at java.security.AccessController.doPrivileged(Native Method)
	at java.security.ProtectionDomain$1.doIntersectionPrivilege(ProtectionDomain.java:76)
	at java.awt.EventQueue.dispatchEvent(EventQueue.java:703)
	at java.awt.EventDispatchThread.pumpOneEventForFilters(EventDispatchThread.java:242)
	at java.awt.EventDispatchThread.pumpEventsForFilter(EventDispatchThread.java:161)
	at java.awt.EventDispatchThread.pumpEventsForHierarchy(EventDispatchThread.java:150)
	at java.awt.EventDispatchThread.pumpEvents(EventDispatchThread.java:146)
	at java.awt.EventDispatchThread.pumpEvents(EventDispatchThread.java:138)
	at java.awt.EventDispatchThread.run(EventDispatchThread.java:91)
Exception in thread "AWT-EventQueue-0" java.lang.ArrayIndexOutOfBoundsException: 12 &gt;= 12
	at java.util.Vector.elementAt(Vector.java:470)
	at javax.swing.tree.VariableHeightLayoutCache.getNode(VariableHeightLayoutCache.java:993)
	at javax.swing.tree.VariableHeightLayoutCache.getMaxNodeWidth(VariableHeightLayoutCache.java:1006)
	at javax.swing.tree.VariableHeightLayoutCache.getPreferredWidth(VariableHeightLayoutCache.java:308)
	at javax.swing.plaf.basic.BasicTreeUI.updateCachedPreferredSize(BasicTreeUI.java:1899)
	at javax.swing.plaf.basic.BasicTreeUI.getPreferredSize(BasicTreeUI.java:2002)
	at javax.swing.plaf.basic.BasicTreeUI.getPreferredSize(BasicTreeUI.java:1990)
	at javax.swing.JComponent.getPreferredSize(JComponent.java:1660)
	at javax.swing.ScrollPaneLayout.layoutContainer(ScrollPaneLayout.java:790)
	at java.awt.Container.layout(Container.java:1503)
	at java.awt.Container.doLayout(Container.java:1492)
	at java.awt.Container.validateTree(Container.java:1688)
	at java.awt.Container.validateTree(Container.java:1697)
	at java.awt.Container.validateTree(Container.java:1697)
	at java.awt.Container.validate(Container.java:1623)
	at javax.swing.RepaintManager$2.run(RepaintManager.java:691)
	at javax.swing.RepaintManager$2.run(RepaintManager.java:689)
	at java.security.AccessController.doPrivileged(Native Method)
	at java.security.ProtectionDomain$1.doIntersectionPrivilege(ProtectionDomain.java:76)
	at javax.swing.RepaintManager.validateInvalidComponents(RepaintManager.java:688)
	at javax.swing.RepaintManager$ProcessingRunnable.run(RepaintManager.java:1676)
	at java.awt.event.InvocationEvent.dispatch(InvocationEvent.java:251)
	at java.awt.EventQueue.dispatchEventImpl(EventQueue.java:733)
	at java.awt.EventQueue.access$200(EventQueue.java:103)
	at java.awt.EventQueue$3.run(EventQueue.java:694)
	at java.awt.EventQueue$3.run(EventQueue.java:692)
	at java.security.AccessController.doPrivileged(Native Method)
	at java.security.ProtectionDomain$1.doIntersectionPrivilege(ProtectionDomain.java:76)
	at java.awt.EventQueue.dispatchEvent(EventQueue.java:703)
	at java.awt.EventDispatchThread.pumpOneEventForFilters(EventDispatchThread.java:242)
	at java.awt.EventDispatchThread.pumpEventsForFilter(EventDispatchThread.java:161)
	at java.awt.EventDispatchThread.pumpEventsForHierarchy(EventDispatchThread.java:150)
	at java.awt.EventDispatchThread.pumpEvents(EventDispatchThread.java:146)
	at java.awt.EventDispatchThread.pumpEvents(EventDispatchThread.java:138)
	at java.awt.EventDispatchThread.run(EventDispatchThread.java:91)
deserializing from buffer CTATFunctionsParser.ser
Parser construction took 1 millis
deserializing from buffer CTATFunctionsParser.ser
Parser construction took 1 millis
deserializing from buffer CTATFunctionsParser.ser
Parser construction took 1 millis
[08:18:36] +err+ 38788: Error on UTP.init(null): java.security.InvalidParameterException: Controller cannot be null.; cause null &lt;edu.cmu.pact.BehaviorRecorder.Controller.PseudoTutorMessageHandlerTest$SinkToolProxy:75&gt;main
edu.cmu.pact.BehaviorRecorder.ProblemModel.ProblemModelException: The problem name: "" is empty or has unallowed characters.
	at edu.cmu.pact.BehaviorRecorder.Controller.BR_Controller.createStartStateInternal(BR_Controller.java:2421)
	at edu.cmu.pact.BehaviorRecorder.Controller.BR_Controller.createStartState(BR_Controller.java:2370)
	at edu.cmu.pact.ctat.model.CtatModeModel.changeAuthorModeOk(CtatModeModel.java:343)
	at edu.cmu.pact.ctat.model.CtatModeModel.setAuthorMode(CtatModeModel.java:215)
	at edu.cmu.pact.BehaviorRecorder.Controller.PseudoTutorMessageHandlerTest.setUp(PseudoTutorMessageHandlerTest.java:673)
	at junit.framework.TestCase.runBare(TestCase.java:125)
	at junit.framework.TestResult$1.protect(TestResult.java:106)
	at junit.framework.TestResult.runProtected(TestResult.java:124)
	at junit.framework.TestResult.run(TestResult.java:109)
	at junit.framework.TestCase.run(TestCase.java:118)
	at junit.framework.TestSuite.runTest(TestSuite.java:208)
	at junit.framework.TestSuite.run(TestSuite.java:203)
	at org.apache.tools.ant.taskdefs.optional.junit.JUnitTestRunner.run(JUnitTestRunner.java:523)
	at org.apache.tools.ant.taskdefs.optional.junit.JUnitTestRunner.launch(JUnitTestRunner.java:1063)
	at org.apache.tools.ant.taskdefs.optional.junit.JUnitTestRunner.main(JUnitTestRunner.java:914)
[08:18:36] +err+ 38950: Error opening test/edu/cmu/pact/BehaviorRecorder/ProblemModel/Graph/testRewireDest.brd or reading as URL: java.net.MalformedURLException: no protocol: test/edu/cmu/pact/BehaviorRecorder/ProblemModel/Graph/testRewireDest.brd; cause null &lt;edu.cmu.pact.BehaviorRecorder.ProblemModel.ProblemStateReader:161&gt;main
[08:18:36] +err+ 38951: Error on getFileAsResource(null) or getCanonicalPath(): java.lang.NullPointerException; cause null &lt;edu.cmu.pact.BehaviorRecorder.ProblemModel.ProblemStateReader:167&gt;main
[08:18:37] +err+ 39749: Error opening test/edu/cmu/pact/BehaviorRecorder/ProblemModel/Graph/testRewireEverything.brd or reading as URL: java.net.MalformedURLException: no protocol: test/edu/cmu/pact/BehaviorRecorder/ProblemModel/Graph/testRewireEverything.brd; cause null &lt;edu.cmu.pact.BehaviorRecorder.ProblemModel.ProblemStateReader:161&gt;main
[08:18:37] +err+ 39750: Error on getFileAsResource(null) or getCanonicalPath(): java.lang.NullPointerException; cause null &lt;edu.cmu.pact.BehaviorRecorder.ProblemModel.ProblemStateReader:167&gt;main
[08:18:37] +err+ 40055: Error opening test/edu/cmu/pact/BehaviorRecorder/ProblemModel/Graph/testRewireEverything.brd or reading as URL: java.net.MalformedURLException: no protocol: test/edu/cmu/pact/BehaviorRecorder/ProblemModel/Graph/testRewireEverything.brd; cause null &lt;edu.cmu.pact.BehaviorRecorder.ProblemModel.ProblemStateReader:161&gt;main
[08:18:37] +err+ 40056: Error on getFileAsResource(null) or getCanonicalPath(): java.lang.NullPointerException; cause null &lt;edu.cmu.pact.BehaviorRecorder.ProblemModel.ProblemStateReader:167&gt;main
[08:18:37] +err+ 40611: Error opening test/edu/cmu/pact/BehaviorRecorder/ProblemModel/Graph/testRewireEverything.brd or reading as URL: java.net.MalformedURLException: no protocol: test/edu/cmu/pact/BehaviorRecorder/ProblemModel/Graph/testRewireEverything.brd; cause null &lt;edu.cmu.pact.BehaviorRecorder.ProblemModel.ProblemStateReader:161&gt;main
[08:18:37] +err+ 40612: Error on getFileAsResource(null) or getCanonicalPath(): java.lang.NullPointerException; cause null &lt;edu.cmu.pact.BehaviorRecorder.ProblemModel.ProblemStateReader:167&gt;main
[08:18:37] +err+ 41401: Error opening test/edu/cmu/pact/BehaviorRecorder/ProblemModel/Graph/testRewireSource.brd or reading as URL: java.net.MalformedURLException: no protocol: test/edu/cmu/pact/BehaviorRecorder/ProblemModel/Graph/testRewireSource.brd; cause null &lt;edu.cmu.pact.BehaviorRecorder.ProblemModel.ProblemStateReader:161&gt;main
[08:18:37] +err+ 41402: Error on getFileAsResource(null) or getCanonicalPath(): java.lang.NullPointerException; cause null &lt;edu.cmu.pact.BehaviorRecorder.ProblemModel.ProblemStateReader:167&gt;main
[08:18:38] +err+ 42254: Error opening test/edu/cmu/pact/BehaviorRecorder/ProblemModel/Graph/testRewireEverything.brd or reading as URL: java.net.MalformedURLException: no protocol: test/edu/cmu/pact/BehaviorRecorder/ProblemModel/Graph/testRewireEverything.brd; cause null &lt;edu.cmu.pact.BehaviorRecorder.ProblemModel.ProblemStateReader:161&gt;main
[08:18:38] +err+ 42255: Error on getFileAsResource(null) or getCanonicalPath(): java.lang.NullPointerException; cause null &lt;edu.cmu.pact.BehaviorRecorder.ProblemModel.ProblemStateReader:167&gt;main
deserializing from buffer CTATFunctionsParser.ser
Parser construction took 1 millis
deserializing from buffer CTATFunctionsParser.ser
Parser construction took 1 millis
java.lang.NullPointerException
	at edu.cmu.pact.BehaviorRecorder.ProblemModel.ProblemModel.getExampleTracerGraph(ProblemModel.java:2452)
	at edu.cmu.pact.BehaviorRecorder.ProblemModel.ProblemModel.init(ProblemModel.java:251)
	at edu.cmu.pact.BehaviorRecorder.ProblemModel.ProblemModel.&lt;init&gt;(ProblemModel.java:325)
	at edu.cmu.pact.BehaviorRecorder.Controller.BR_Controller.&lt;init&gt;(BR_Controller.java:367)
	at edu.cmu.pact.BehaviorRecorder.Controller.SingleSessionLauncher.&lt;init&gt;(SingleSessionLauncher.java:265)
	at edu.cmu.pact.BehaviorRecorder.Controller.SingleSessionLauncher.&lt;init&gt;(SingleSessionLauncher.java:199)
	at edu.cmu.pact.BehaviorRecorder.Controller.SingleSessionLauncher.&lt;init&gt;(SingleSessionLauncher.java:193)
	at edu.cmu.pact.BehaviorRecorder.Controller.SingleSessionLauncher.&lt;init&gt;(SingleSessionLauncher.java:188)
	at edu.cmu.pact.miss.SimulateLearningTest.initialize(SimulateLearningTest.java:149)
	at edu.cmu.pact.miss.SimulateLearningTest.testSim(SimulateLearningTest.java:97)
	at sun.reflect.NativeMethodAccessorImpl.invoke0(Native Method)
	at sun.reflect.NativeMethodAccessorImpl.invoke(NativeMethodAccessorImpl.java:57)
	at sun.reflect.DelegatingMethodAccessorImpl.invoke(DelegatingMethodAccessorImpl.java:43)
	at java.lang.reflect.Method.invoke(Method.java:606)
	at junit.framework.TestCase.runTest(TestCase.java:154)
	at junit.framework.TestCase.runBare(TestCase.java:127)
	at junit.framework.TestResult$1.protect(TestResult.java:106)
	at junit.framework.TestResult.runProtected(TestResult.java:124)
	at junit.framework.TestResult.run(TestResult.java:109)
	at junit.framework.TestCase.run(TestCase.java:118)
	at junit.framework.TestSuite.runTest(TestSuite.java:208)
	at junit.framework.TestSuite.run(TestSuite.java:203)
	at org.apache.tools.ant.taskdefs.optional.junit.JUnitTestRunner.run(JUnitTestRunner.java:523)
	at org.apache.tools.ant.taskdefs.optional.junit.JUnitTestRunner.launch(JUnitTestRunner.java:1063)
	at org.apache.tools.ant.taskdefs.optional.junit.JUnitTestRunner.main(JUnitTestRunner.java:914)
[08:18:54] +err+ 47341: Error on UTP.init(null): java.security.InvalidParameterException: Controller cannot be null.; cause null &lt;edu.cmu.pact.BehaviorRecorder.Controller.PseudoTutorMessageHandlerTest$SinkToolProxy:75&gt;main
[08:18:54] +err+ 47444: Error on response[-1]: java.net.ConnectException: Connection refused; cause null;
  request was &lt;message&gt;&lt;verb&gt;SendNoteProperty&lt;/verb&gt;&lt;properties&gt;&lt;MessageType&gt;InterfaceAction&lt;/MessageType&gt;&lt;Selection&gt;&lt;value&gt;table1_C6R4&lt;/value&gt;&lt;/Selection&gt;&lt;Action&gt;&lt;value&gt;UpdateTable&lt;/value&gt;&lt;/Action&gt;&lt;Input&gt;&lt;value&gt;5&lt;/value&gt;&lt;/Input&gt;&lt;transaction_id&gt;Tc312318f-4575-4a33-9d25-fd96d912c5b5&lt;/transaction_id&gt;&lt;/properties&gt;&lt;/message&gt; &lt;edu.cmu.pact.BehaviorRecorder.Controller.JSExampleTracerTest:215&gt;main
java.net.ConnectException: Connection refused
	at java.net.PlainSocketImpl.socketConnect(Native Method)
	at java.net.AbstractPlainSocketImpl.doConnect(AbstractPlainSocketImpl.java:339)
	at java.net.AbstractPlainSocketImpl.connectToAddress(AbstractPlainSocketImpl.java:200)
	at java.net.AbstractPlainSocketImpl.connect(AbstractPlainSocketImpl.java:182)
	at java.net.SocksSocketImpl.connect(SocksSocketImpl.java:392)
	at java.net.Socket.connect(Socket.java:579)
	at java.net.Socket.connect(Socket.java:528)
	at sun.net.NetworkClient.doConnect(NetworkClient.java:180)
	at sun.net.www.http.HttpClient.openServer(HttpClient.java:432)
	at sun.net.www.http.HttpClient.openServer(HttpClient.java:527)
	at sun.net.www.http.HttpClient.&lt;init&gt;(HttpClient.java:211)
	at sun.net.www.http.HttpClient.New(HttpClient.java:308)
	at sun.net.www.http.HttpClient.New(HttpClient.java:326)
	at sun.net.www.protocol.http.HttpURLConnection.getNewHttpClient(HttpURLConnection.java:996)
	at sun.net.www.protocol.http.HttpURLConnection.plainConnect(HttpURLConnection.java:932)
	at sun.net.www.protocol.http.HttpURLConnection.connect(HttpURLConnection.java:850)
	at sun.net.www.protocol.http.HttpURLConnection.getOutputStream(HttpURLConnection.java:1091)
	at edu.cmu.pact.BehaviorRecorder.Controller.HttpToolEmulator.sendAndWait(HttpToolEmulator.java:90)
	at edu.cmu.pact.BehaviorRecorder.Controller.JSExampleTracerTest.getExampleTracerResponses(JSExampleTracerTest.java:198)
	at edu.cmu.pact.BehaviorRecorder.Controller.JSExampleTracerTest.runProcessPseudoTutorInterfaceAction(JSExampleTracerTest.java:183)
	at edu.cmu.pact.BehaviorRecorder.Controller.PseudoTutorMessageHandlerTest.runMTTests(PseudoTutorMessageHandlerTest.java:1365)
	at edu.cmu.pact.BehaviorRecorder.Controller.PseudoTutorMessageHandlerTest.testTPAnoHints(PseudoTutorMessageHandlerTest.java:1331)
	at sun.reflect.NativeMethodAccessorImpl.invoke0(Native Method)
	at sun.reflect.NativeMethodAccessorImpl.invoke(NativeMethodAccessorImpl.java:57)
	at sun.reflect.DelegatingMethodAccessorImpl.invoke(DelegatingMethodAccessorImpl.java:43)
	at java.lang.reflect.Method.invoke(Method.java:606)
	at junit.framework.TestCase.runTest(TestCase.java:154)
	at junit.framework.TestCase.runBare(TestCase.java:127)
	at junit.framework.TestResult$1.protect(TestResult.java:106)
	at junit.framework.TestResult.runProtected(TestResult.java:124)
	at junit.framework.TestResult.run(TestResult.java:109)
	at junit.framework.TestCase.run(TestCase.java:118)
	at junit.framework.TestSuite.runTest(TestSuite.java:208)
	at junit.framework.TestSuite.run(TestSuite.java:203)
	at org.apache.tools.ant.taskdefs.optional.junit.JUnitTestRunner.run(JUnitTestRunner.java:523)
	at org.apache.tools.ant.taskdefs.optional.junit.JUnitTestRunner.launch(JUnitTestRunner.java:1063)
	at org.apache.tools.ant.taskdefs.optional.junit.JUnitTestRunner.main(JUnitTestRunner.java:914)
deserializing from buffer CTATFunctionsParser.ser
Parser construction took 1 millis
deserializing from buffer CTATFunctionsParser.ser
Parser construction took 1 millis
deserializing from buffer CTATFunctionsParser.ser
Parser construction took 1 millis
[08:18:56] +err+ 48040: Error on UTP.init(null): java.security.InvalidParameterException: Controller cannot be null.; cause null &lt;edu.cmu.pact.BehaviorRecorder.Controller.PseudoTutorMessageHandlerTest$SinkToolProxy:75&gt;main
[08:18:56] +err+ 48175: Error on response[-1]: java.net.ConnectException: Connection refused; cause null;
  request was &lt;message&gt;&lt;verb&gt;SendNoteProperty&lt;/verb&gt;&lt;properties&gt;&lt;MessageType&gt;InterfaceAction&lt;/MessageType&gt;&lt;Selection&gt;&lt;value&gt;help&lt;/value&gt;&lt;value&gt;dummy&lt;/value&gt;&lt;/Selection&gt;&lt;Action&gt;&lt;value&gt;ButtonPressed&lt;/value&gt;&lt;value&gt;PreviousFocus&lt;/value&gt;&lt;/Action&gt;&lt;Input&gt;&lt;value&gt;-1&lt;/value&gt;&lt;/Input&gt;&lt;transaction_id&gt;Tcadef2f9-0d6d-4cd2-8253-d3d52935753a&lt;/transaction_id&gt;&lt;/properties&gt;&lt;/message&gt; &lt;edu.cmu.pact.BehaviorRecorder.Controller.JSExampleTracerTest:215&gt;main
java.net.ConnectException: Connection refused
	at java.net.PlainSocketImpl.socketConnect(Native Method)
	at java.net.AbstractPlainSocketImpl.doConnect(AbstractPlainSocketImpl.java:339)
	at java.net.AbstractPlainSocketImpl.connectToAddress(AbstractPlainSocketImpl.java:200)
	at java.net.AbstractPlainSocketImpl.connect(AbstractPlainSocketImpl.java:182)
	at java.net.SocksSocketImpl.connect(SocksSocketImpl.java:392)
	at java.net.Socket.connect(Socket.java:579)
	at java.net.Socket.connect(Socket.java:528)
	at sun.net.NetworkClient.doConnect(NetworkClient.java:180)
	at sun.net.www.http.HttpClient.openServer(HttpClient.java:432)
	at sun.net.www.http.HttpClient.openServer(HttpClient.java:527)
	at sun.net.www.http.HttpClient.&lt;init&gt;(HttpClient.java:211)
	at sun.net.www.http.HttpClient.New(HttpClient.java:308)
	at sun.net.www.http.HttpClient.New(HttpClient.java:326)
	at sun.net.www.protocol.http.HttpURLConnection.getNewHttpClient(HttpURLConnection.java:996)
	at sun.net.www.protocol.http.HttpURLConnection.plainConnect(HttpURLConnection.java:932)
	at sun.net.www.protocol.http.HttpURLConnection.connect(HttpURLConnection.java:850)
	at sun.net.www.protocol.http.HttpURLConnection.getOutputStream(HttpURLConnection.java:1091)
	at edu.cmu.pact.BehaviorRecorder.Controller.HttpToolEmulator.sendAndWait(HttpToolEmulator.java:90)
	at edu.cmu.pact.BehaviorRecorder.Controller.JSExampleTracerTest.getExampleTracerResponses(JSExampleTracerTest.java:198)
	at edu.cmu.pact.BehaviorRecorder.Controller.JSExampleTracerTest.runProcessPseudoTutorInterfaceAction(JSExampleTracerTest.java:183)
	at edu.cmu.pact.BehaviorRecorder.Controller.PseudoTutorMessageHandlerTest.runMTTests(PseudoTutorMessageHandlerTest.java:1365)
	at edu.cmu.pact.BehaviorRecorder.Controller.PseudoTutorMessageHandlerTest.testTraversalHints(PseudoTutorMessageHandlerTest.java:860)
	at sun.reflect.NativeMethodAccessorImpl.invoke0(Native Method)
	at sun.reflect.NativeMethodAccessorImpl.invoke(NativeMethodAccessorImpl.java:57)
	at sun.reflect.DelegatingMethodAccessorImpl.invoke(DelegatingMethodAccessorImpl.java:43)
	at java.lang.reflect.Method.invoke(Method.java:606)
	at junit.framework.TestCase.runTest(TestCase.java:154)
	at junit.framework.TestCase.runBare(TestCase.java:127)
	at junit.framework.TestResult$1.protect(TestResult.java:106)
	at junit.framework.TestResult.runProtected(TestResult.java:124)
	at junit.framework.TestResult.run(TestResult.java:109)
	at junit.framework.TestCase.run(TestCase.java:118)
	at junit.framework.TestSuite.runTest(TestSuite.java:208)
	at junit.framework.TestSuite.run(TestSuite.java:203)
	at org.apache.tools.ant.taskdefs.optional.junit.JUnitTestRunner.run(JUnitTestRunner.java:523)
	at org.apache.tools.ant.taskdefs.optional.junit.JUnitTestRunner.launch(JUnitTestRunner.java:1063)
	at org.apache.tools.ant.taskdefs.optional.junit.JUnitTestRunner.main(JUnitTestRunner.java:914)
edu.cmu.pact.BehaviorRecorder.ProblemModel.ProblemModelException: The problem name: "" is empty or has unallowed characters.
	at edu.cmu.pact.BehaviorRecorder.Controller.BR_Controller.createStartStateInternal(BR_Controller.java:2421)
	at edu.cmu.pact.BehaviorRecorder.Controller.BR_Controller.createStartState(BR_Controller.java:2370)
	at edu.cmu.pact.ctat.model.CtatModeModel.changeAuthorModeOk(CtatModeModel.java:343)
	at edu.cmu.pact.ctat.model.CtatModeModel.setAuthorMode(CtatModeModel.java:215)
	at edu.cmu.pact.BehaviorRecorder.Controller.PseudoTutorMessageHandlerTest.setUp(PseudoTutorMessageHandlerTest.java:673)
	at junit.framework.TestCase.runBare(TestCase.java:125)
	at junit.framework.TestResult$1.protect(TestResult.java:106)
	at junit.framework.TestResult.runProtected(TestResult.java:124)
	at junit.framework.TestResult.run(TestResult.java:109)
	at junit.framework.TestCase.run(TestCase.java:118)
	at junit.framework.TestSuite.runTest(TestSuite.java:208)
	at junit.framework.TestSuite.run(TestSuite.java:203)
	at org.apache.tools.ant.taskdefs.optional.junit.JUnitTestRunner.run(JUnitTestRunner.java:523)
	at org.apache.tools.ant.taskdefs.optional.junit.JUnitTestRunner.launch(JUnitTestRunner.java:1063)
	at org.apache.tools.ant.taskdefs.optional.junit.JUnitTestRunner.main(JUnitTestRunner.java:914)
deserializing from buffer CTATFunctionsParser.ser
Parser construction took 1 millis
[08:18:56] +err+ 48751: Error opening test/solverTypein.brd or reading as URL: java.net.MalformedURLException: no protocol: test/solverTypein.brd; cause null &lt;edu.cmu.pact.BehaviorRecorder.ProblemModel.ProblemStateReader:161&gt;main
[08:18:56] +err+ 48752: Error on getFileAsResource(null) or getCanonicalPath(): java.lang.NullPointerException; cause null &lt;edu.cmu.pact.BehaviorRecorder.ProblemModel.ProblemStateReader:167&gt;main
[08:18:57] +err+ 48885: bad pKnown: java.lang.NumberFormatException: For input string: "c,_negative Solver" &lt;edu.cmu.pact.ctat.model.Skill:519&gt;main
[08:18:57] +err+ 48921: bad pKnown: java.lang.NumberFormatException: For input string: "c,_negative Solver" &lt;edu.cmu.pact.ctat.model.Skill:519&gt;main
[08:18:57] +err+ 48972: bad pKnown: java.lang.NumberFormatException: For input string: "c,_negative Solver" &lt;edu.cmu.pact.ctat.model.Skill:519&gt;main
[08:18:57] +err+ 49135: bad pKnown: java.lang.NumberFormatException: For input string: "c,_negative Solver" &lt;edu.cmu.pact.ctat.model.Skill:519&gt;main
[08:18:57] +err+ 49759: Error opening test/solverTypein.brd or reading as URL: java.net.MalformedURLException: no protocol: test/solverTypein.brd; cause null &lt;edu.cmu.pact.BehaviorRecorder.ProblemModel.ProblemStateReader:161&gt;main
[08:18:57] +err+ 49760: Error on getFileAsResource(null) or getCanonicalPath(): java.lang.NullPointerException; cause null &lt;edu.cmu.pact.BehaviorRecorder.ProblemModel.ProblemStateReader:167&gt;main
[08:18:58] +err+ 49898: bad pKnown: java.lang.NumberFormatException: For input string: "c,_negative Solver" &lt;edu.cmu.pact.ctat.model.Skill:519&gt;main
[08:18:58] +err+ 49950: bad pKnown: java.lang.NumberFormatException: For input string: "c,_negative Solver" &lt;edu.cmu.pact.ctat.model.Skill:519&gt;main
[08:18:58] +err+ 50238: Error opening test/x_eq_4over2.brd or reading as URL: java.net.MalformedURLException: no protocol: test/x_eq_4over2.brd; cause null &lt;edu.cmu.pact.BehaviorRecorder.ProblemModel.ProblemStateReader:161&gt;main
[08:18:58] +err+ 50239: Error on getFileAsResource(null) or getCanonicalPath(): java.lang.NullPointerException; cause null &lt;edu.cmu.pact.BehaviorRecorder.ProblemModel.ProblemStateReader:167&gt;main
</pre>
</body>
</html>
