<html xmlns:string="xalan://java.lang.String" xmlns:lxslt="http://xml.apache.org/xslt">
<head>
<META http-equiv="Content-Type" content="text/html; charset=UTF-8">
<title>Unit Test Results: All Errors</title>
<link rel="stylesheet" type="text/css" title="Style" href="stylesheet.css">
</head>
<body onload="open('allclasses-frame.html','classListFrame')">
<h1>Unit Test Results.</h1>
<table width="100%">
<tr>
<td align="left"></td><td align="right">Designed for use with <a href="http://www.junit.org/">JUnit</a> and <a href="http://ant.apache.org/">Ant</a>.</td>
</tr>
</table>
<hr size="1">
<h2>All Errors</h2>
<table class="details" border="0" cellpadding="5" cellspacing="2" width="95%">
<tr valign="top">
<th>Class</th><th>Name</th><th>Status</th><th width="80%">Type</th><th nowrap>Time(s)</th>
</tr>
<tr valign="top" class="Error">
<td><a href="/0_CTAT_GlobalTestSuite.html">CTAT_GlobalTestSuite</a></td><td><a name="testAdd1_6thPlus3_14ths"></a><a href="/0_CTAT_GlobalTestSuite.html#testAdd1_6thPlus3_14ths">testAdd1_6thPlus3_14ths</a></td><td>Error</td><td>Array index out of range: 0<br>
<br>
<code>java.lang.ArrayIndexOutOfBoundsException: Array index out of range: 0<br>	at java.util.Vector.remove(Vector.java:827)<br>	at edu.cmu.pact.BehaviorRecorder.Controller.PseudoTutorMessageHandlerTest$HintTest.checkResult(PseudoTutorMessageHandlerTest.java:305)<br>	at edu.cmu.pact.BehaviorRecorder.Controller.PseudoTutorMessageHandlerTest.runMTTests(PseudoTutorMessageHandlerTest.java:1367)<br>	at edu.cmu.pact.BehaviorRecorder.Controller.PseudoTutorMessageHandlerTest.testAdd1_6thPlus3_14ths(PseudoTutorMessageHandlerTest.java:834)<br>
</code></td><td>0.371</td>
</tr>
<tr valign="top" class="Error">
<td><a href="/0_CTAT_GlobalTestSuite.html">CTAT_GlobalTestSuite</a></td><td><a name="testAdd678plus187HintPolicy0"></a><a href="/0_CTAT_GlobalTestSuite.html#testAdd678plus187HintPolicy0">testAdd678plus187HintPolicy0</a></td><td>Error</td><td>Array index out of range: 0<br>
<br>
<code>java.lang.ArrayIndexOutOfBoundsException: Array index out of range: 0<br>	at java.util.Vector.remove(Vector.java:827)<br>	at edu.cmu.pact.BehaviorRecorder.Controller.PseudoTutorMessageHandlerTest$HintTest.checkResult(PseudoTutorMessageHandlerTest.java:305)<br>	at edu.cmu.pact.BehaviorRecorder.Controller.PseudoTutorMessageHandlerTest.runMTTests(PseudoTutorMessageHandlerTest.java:1367)<br>	at edu.cmu.pact.BehaviorRecorder.Controller.PseudoTutorMessageHandlerTest.testAdd678plus187HintPolicy0(PseudoTutorMessageHandlerTest.java:1006)<br>
</code></td><td>0.184</td>
</tr>
<tr valign="top" class="Error">
<td><a href="/0_CTAT_GlobalTestSuite.html">CTAT_GlobalTestSuite</a></td><td><a name="testAdd678plus187HintPolicy1"></a><a href="/0_CTAT_GlobalTestSuite.html#testAdd678plus187HintPolicy1">testAdd678plus187HintPolicy1</a></td><td>Error</td><td>Array index out of range: 0<br>
<br>
<code>java.lang.ArrayIndexOutOfBoundsException: Array index out of range: 0<br>	at java.util.Vector.remove(Vector.java:827)<br>	at edu.cmu.pact.BehaviorRecorder.Controller.PseudoTutorMessageHandlerTest$HintTest.checkResult(PseudoTutorMessageHandlerTest.java:305)<br>	at edu.cmu.pact.BehaviorRecorder.Controller.PseudoTutorMessageHandlerTest.runMTTests(PseudoTutorMessageHandlerTest.java:1367)<br>	at edu.cmu.pact.BehaviorRecorder.Controller.PseudoTutorMessageHandlerTest.testAdd678plus187HintPolicy1(PseudoTutorMessageHandlerTest.java:1019)<br>
</code></td><td>0.179</td>
</tr>
<tr valign="top" class="Error">
<td><a href="/0_CTAT_GlobalTestSuite.html">CTAT_GlobalTestSuite</a></td><td><a name="testAdd678plus187HintPolicy2"></a><a href="/0_CTAT_GlobalTestSuite.html#testAdd678plus187HintPolicy2">testAdd678plus187HintPolicy2</a></td><td>Error</td><td>Array index out of range: 0<br>
<br>
<code>java.lang.ArrayIndexOutOfBoundsException: Array index out of range: 0<br>	at java.util.Vector.remove(Vector.java:827)<br>	at edu.cmu.pact.BehaviorRecorder.Controller.PseudoTutorMessageHandlerTest$HintTest.checkResult(PseudoTutorMessageHandlerTest.java:305)<br>	at edu.cmu.pact.BehaviorRecorder.Controller.PseudoTutorMessageHandlerTest.runMTTests(PseudoTutorMessageHandlerTest.java:1367)<br>	at edu.cmu.pact.BehaviorRecorder.Controller.PseudoTutorMessageHandlerTest.testAdd678plus187HintPolicy2(PseudoTutorMessageHandlerTest.java:1032)<br>
</code></td><td>0.251</td>
</tr>
<tr valign="top" class="Error">
<td><a href="/0_CTAT_GlobalTestSuite.html">CTAT_GlobalTestSuite</a></td><td><a name="testAdd678plus187HintPolicy3"></a><a href="/0_CTAT_GlobalTestSuite.html#testAdd678plus187HintPolicy3">testAdd678plus187HintPolicy3</a></td><td>Error</td><td>Array index out of range: 0<br>
<br>
<code>java.lang.ArrayIndexOutOfBoundsException: Array index out of range: 0<br>	at java.util.Vector.remove(Vector.java:827)<br>	at edu.cmu.pact.BehaviorRecorder.Controller.PseudoTutorMessageHandlerTest$HintTest.checkResult(PseudoTutorMessageHandlerTest.java:305)<br>	at edu.cmu.pact.BehaviorRecorder.Controller.PseudoTutorMessageHandlerTest.runMTTests(PseudoTutorMessageHandlerTest.java:1367)<br>	at edu.cmu.pact.BehaviorRecorder.Controller.PseudoTutorMessageHandlerTest.testAdd678plus187HintPolicy3(PseudoTutorMessageHandlerTest.java:1045)<br>
</code></td><td>0.176</td>
</tr>
<tr valign="top" class="Error">
<td><a href="/0_CTAT_GlobalTestSuite.html">CTAT_GlobalTestSuite</a></td><td><a name="testAdd678plus187StudentAlt"></a><a href="/0_CTAT_GlobalTestSuite.html#testAdd678plus187StudentAlt">testAdd678plus187StudentAlt</a></td><td>Error</td><td>Array index out of range: 0<br>
<br>
<code>java.lang.ArrayIndexOutOfBoundsException: Array index out of range: 0<br>	at java.util.Vector.remove(Vector.java:827)<br>	at edu.cmu.pact.BehaviorRecorder.Controller.PseudoTutorMessageHandlerTest$HintTest.checkResult(PseudoTutorMessageHandlerTest.java:305)<br>	at edu.cmu.pact.BehaviorRecorder.Controller.PseudoTutorMessageHandlerTest.runMTTests(PseudoTutorMessageHandlerTest.java:1367)<br>	at edu.cmu.pact.BehaviorRecorder.Controller.PseudoTutorMessageHandlerTest.testAdd678plus187StudentAlt(PseudoTutorMessageHandlerTest.java:896)<br>
</code></td><td>0.199</td>
</tr>
<tr valign="top" class="Error">
<td><a href="/0_CTAT_GlobalTestSuite.html">CTAT_GlobalTestSuite</a></td><td><a name="testChangeActionType"></a><a href="/0_CTAT_GlobalTestSuite.html#testChangeActionType">testChangeActionType</a></td><td>Error</td><td>N/A<br>
<br>
<code>java.lang.NullPointerException<br>	at edu.cmu.pact.BehaviorRecorder.ProblemModel.Graph.GraphEditsTest.testChangeActionType(GraphEditsTest.java:456)<br>
</code></td><td>0.105</td>
</tr>
<tr valign="top" class="Error">
<td><a href="/0_CTAT_GlobalTestSuite.html">CTAT_GlobalTestSuite</a></td><td><a name="testCreateToolMessage"></a><a href="/0_CTAT_GlobalTestSuite.html#testCreateToolMessage">testCreateToolMessage</a></td><td>Error</td><td>N/A<br>
<br>
<code>java.lang.NullPointerException<br>	at edu.cmu.pact.BehaviorRecorder.Controller.PseudoTutorMessageHandlerTest.testCreateToolMessage(PseudoTutorMessageHandlerTest.java:1336)<br>
</code></td><td>0.001</td>
</tr>
<tr valign="top" class="Error">
<td><a href="/0_CTAT_GlobalTestSuite.html">CTAT_GlobalTestSuite</a></td><td><a name="testCtatModeModel"></a><a href="/0_CTAT_GlobalTestSuite.html#testCtatModeModel">testCtatModeModel</a></td><td>Error</td><td>Index: 0, Size: 0<br>
<br>
<code>java.lang.IndexOutOfBoundsException: Index: 0, Size: 0<br>	at java.util.ArrayList.rangeCheck(ArrayList.java:635)<br>	at java.util.ArrayList.get(ArrayList.java:411)<br>	at edu.cmu.pact.BehaviorRecorder.Tab.CTATTabManager.getTabByNumber(CTATTabManager.java:183)<br>	at edu.cmu.pact.BehaviorRecorder.Tab.CTATTabManager.setTabVisibility(CTATTabManager.java:272)<br>	at edu.cmu.pact.BehaviorRecorder.Controller.CTAT_Launcher.&lt;init&gt;(CTAT_Launcher.java:119)<br>	at edu.cmu.pact.BehaviorRecorder.Controller.CTAT_Launcher.&lt;init&gt;(CTAT_Launcher.java:84)<br>	at edu.cmu.pact.ctat.model.CtatModeModelTest.testCtatModeModel(CtatModeModelTest.java:74)<br>
</code></td><td>0.140</td>
</tr>
<tr valign="top" class="Error">
<td><a href="/0_CTAT_GlobalTestSuite.html">CTAT_GlobalTestSuite</a></td><td><a name="testDiskLogging"></a><a href="/0_CTAT_GlobalTestSuite.html#testDiskLogging">testDiskLogging</a></td><td>Error</td><td>Index: 0, Size: 0<br>
<br>
<code>java.lang.IndexOutOfBoundsException: Index: 0, Size: 0<br>	at java.util.ArrayList.rangeCheck(ArrayList.java:635)<br>	at java.util.ArrayList.get(ArrayList.java:411)<br>	at edu.cmu.pact.BehaviorRecorder.Tab.CTATTabManager.getTabByNumber(CTATTabManager.java:183)<br>	at edu.cmu.pact.BehaviorRecorder.Tab.CTATTabManager.setTabVisibility(CTATTabManager.java:272)<br>	at edu.cmu.pact.BehaviorRecorder.Controller.CTAT_Launcher.&lt;init&gt;(CTAT_Launcher.java:119)<br>	at edu.cmu.pact.BehaviorRecorder.Controller.CTAT_Launcher.&lt;init&gt;(CTAT_Launcher.java:84)<br>	at edu.cmu.pact.Log.AuthorActionLogTest.testDiskLogging(AuthorActionLogTest.java:285)<br>
</code></td><td>0.043</td>
</tr>
<tr valign="top" class="Error">
<td><a href="/0_CTAT_GlobalTestSuite.html">CTAT_GlobalTestSuite</a></td><td><a name="testEdgeGroupsJDOM"></a><a href="/0_CTAT_GlobalTestSuite.html#testEdgeGroupsJDOM">testEdgeGroupsJDOM</a></td><td>Error</td><td>N/A<br>
<br>
<code>java.lang.ExceptionInInitializerError<br>	at edu.cmu.pact.BehaviorRecorder.ProblemModel.ProblemStateReaderTest.setUp(ProblemStateReaderTest.java:272)<br>Caused by: java.lang.IndexOutOfBoundsException: Index: 0, Size: 0<br>	at java.util.ArrayList.rangeCheck(ArrayList.java:635)<br>	at java.util.ArrayList.get(ArrayList.java:411)<br>	at edu.cmu.pact.BehaviorRecorder.Tab.CTATTabManager.getTabByNumber(CTATTabManager.java:183)<br>	at edu.cmu.pact.BehaviorRecorder.Tab.CTATTabManager.setTabVisibility(CTATTabManager.java:272)<br>	at edu.cmu.pact.BehaviorRecorder.Controller.CTAT_Launcher.&lt;init&gt;(CTAT_Launcher.java:119)<br>	at edu.cmu.pact.BehaviorRecorder.Controller.CTAT_Launcher.&lt;init&gt;(CTAT_Launcher.java:84)<br>	at edu.cmu.pact.BehaviorRecorder.ProblemModel.ProblemStateWriterTestUtility.&lt;clinit&gt;(ProblemStateWriterTestUtility.java:45)<br>
</code></td><td>0.111</td>
</tr>
<tr valign="top" class="Error">
<td><a href="/0_CTAT_GlobalTestSuite.html">CTAT_GlobalTestSuite</a></td><td><a name="testFindPath"></a><a href="/0_CTAT_GlobalTestSuite.html#testFindPath">testFindPath</a></td><td>Error</td><td>Index: 0, Size: 0<br>
<br>
<code>java.lang.IndexOutOfBoundsException: Index: 0, Size: 0<br>	at java.util.ArrayList.rangeCheck(ArrayList.java:635)<br>	at java.util.ArrayList.get(ArrayList.java:411)<br>	at edu.cmu.pact.BehaviorRecorder.Tab.CTATTabManager.getTabByNumber(CTATTabManager.java:183)<br>	at edu.cmu.pact.BehaviorRecorder.Tab.CTATTabManager.setTabVisibility(CTATTabManager.java:272)<br>	at edu.cmu.pact.BehaviorRecorder.Controller.CTAT_Launcher.&lt;init&gt;(CTAT_Launcher.java:119)<br>	at edu.cmu.pact.BehaviorRecorder.Controller.CTAT_Launcher.&lt;init&gt;(CTAT_Launcher.java:84)<br>	at edu.cmu.pact.BehaviorRecorder.ProblemModel.ProblemModelTest.testFindPath(ProblemModelTest.java:351)<br>
</code></td><td>0.134</td>
</tr>
<tr valign="top" class="Error">
<td><a href="/0_CTAT_GlobalTestSuite.html">CTAT_GlobalTestSuite</a></td><td><a name="testGetTestClasses"></a><a href="/0_CTAT_GlobalTestSuite.html#testGetTestClasses">testGetTestClasses</a></td><td>Error</td><td>edu.cmu.hcii.ctat.NodeCommTest.suite()<br>
<br>
<code>java.lang.NoSuchMethodException: edu.cmu.hcii.ctat.NodeCommTest.suite()<br>	at java.lang.Class.getMethod(Class.java:1665)<br>	at edu.GlobalTestSuiteTest.testGetTestClasses(GlobalTestSuiteTest.java:36)<br>
</code></td><td>0.004</td>
</tr>
<tr valign="top" class="Error">
<td><a href="/0_CTAT_GlobalTestSuite.html">CTAT_GlobalTestSuite</a></td><td><a name="testInterfaceSize"></a><a href="/0_CTAT_GlobalTestSuite.html#testInterfaceSize">testInterfaceSize</a></td><td>Error</td><td>Index: 0, Size: 0<br>
<br>
<code>java.lang.IndexOutOfBoundsException: Index: 0, Size: 0<br>	at java.util.ArrayList.rangeCheck(ArrayList.java:635)<br>	at java.util.ArrayList.get(ArrayList.java:411)<br>	at edu.cmu.pact.BehaviorRecorder.Tab.CTATTabManager.getTabByNumber(CTATTabManager.java:183)<br>	at edu.cmu.pact.BehaviorRecorder.Tab.CTATTabManager.setTabVisibility(CTATTabManager.java:272)<br>	at edu.cmu.pact.BehaviorRecorder.Controller.CTAT_Launcher.&lt;init&gt;(CTAT_Launcher.java:119)<br>	at edu.cmu.pact.BehaviorRecorder.Controller.CTAT_Launcher.&lt;init&gt;(CTAT_Launcher.java:84)<br>	at edu.cmu.pact.BehaviorRecorder.InterfaceSizeTest.testInterfaceSize(InterfaceSizeTest.java:39)<br>
</code></td><td>0.109</td>
</tr>
<tr valign="top" class="Error">
<td><a href="/0_CTAT_GlobalTestSuite.html">CTAT_GlobalTestSuite</a></td><td><a name="testJDom"></a><a href="/0_CTAT_GlobalTestSuite.html#testJDom">testJDom</a></td><td>Error</td><td>Index: 0, Size: 0<br>
<br>
<code>java.lang.IndexOutOfBoundsException: Index: 0, Size: 0<br>	at java.util.ArrayList.rangeCheck(ArrayList.java:635)<br>	at java.util.ArrayList.get(ArrayList.java:411)<br>	at edu.cmu.pact.BehaviorRecorder.Tab.CTATTabManager.getTabByNumber(CTATTabManager.java:183)<br>	at edu.cmu.pact.BehaviorRecorder.Tab.CTATTabManager.setTabVisibility(CTATTabManager.java:272)<br>	at edu.cmu.pact.BehaviorRecorder.Controller.CTAT_Launcher.&lt;init&gt;(CTAT_Launcher.java:119)<br>	at edu.cmu.pact.BehaviorRecorder.Controller.CTAT_Launcher.&lt;init&gt;(CTAT_Launcher.java:84)<br>	at edu.cmu.pact.BehaviorRecorder.ProblemModel.JDomReaderTest.testJDom(JDomReaderTest.java:71)<br>
</code></td><td>0.133</td>
</tr>
<tr valign="top" class="Error">
<td><a href="/0_CTAT_GlobalTestSuite.html">CTAT_GlobalTestSuite</a></td><td><a name="testLoadGraph"></a><a href="/0_CTAT_GlobalTestSuite.html#testLoadGraph">testLoadGraph</a></td><td>Error</td><td>Could not initialize class edu.cmu.pact.BehaviorRecorder.ProblemModel.ProblemStateWriterTestUtility<br>
<br>
<code>java.lang.NoClassDefFoundError: Could not initialize class edu.cmu.pact.BehaviorRecorder.ProblemModel.ProblemStateWriterTestUtility<br>	at edu.cmu.pact.BehaviorRecorder.ProblemModel.ProblemStateReaderTest.setUp(ProblemStateReaderTest.java:272)<br>
</code></td><td>0.000</td>
</tr>
<tr valign="top" class="Error">
<td><a href="/0_CTAT_GlobalTestSuite.html">CTAT_GlobalTestSuite</a></td><td><a name="testLogDeffunctionChanges"></a><a href="/0_CTAT_GlobalTestSuite.html#testLogDeffunctionChanges">testLogDeffunctionChanges</a></td><td>Error</td><td>/Users/simstudent/CMU/pact-cvs-tree/AuthoringToolsL/java/test/edu/cmu/pact/Log/simstudent_20140821081814065.log (No such file or directory)<br>
<br>
<code>java.io.FileNotFoundException: /Users/simstudent/CMU/pact-cvs-tree/AuthoringToolsL/java/test/edu/cmu/pact/Log/simstudent_20140821081814065.log (No such file or directory)<br>	at java.io.FileInputStream.open(Native Method)<br>	at java.io.FileInputStream.&lt;init&gt;(FileInputStream.java:146)<br>	at edu.cmu.pact.Log.LogFormatUtils.makeValidXML(LogFormatUtils.java:813)<br>	at edu.cmu.pact.Log.LogFormatUtils.makeValidXML(LogFormatUtils.java:802)<br>	at edu.cmu.pact.Log.LogReteChangesTest.loadFromFile(LogReteChangesTest.java:384)<br>	at edu.cmu.pact.Log.LogReteChangesTest.testLogDeffunctionChanges(LogReteChangesTest.java:249)<br>
</code></td><td>0.040</td>
</tr>
<tr valign="top" class="Error">
<td><a href="/0_CTAT_GlobalTestSuite.html">CTAT_GlobalTestSuite</a></td><td><a name="testLogDefglobalChanges"></a><a href="/0_CTAT_GlobalTestSuite.html#testLogDefglobalChanges">testLogDefglobalChanges</a></td><td>Error</td><td>/Users/simstudent/CMU/pact-cvs-tree/AuthoringToolsL/java/test/edu/cmu/pact/Log/simstudent_20140821081814065.log (No such file or directory)<br>
<br>
<code>java.io.FileNotFoundException: /Users/simstudent/CMU/pact-cvs-tree/AuthoringToolsL/java/test/edu/cmu/pact/Log/simstudent_20140821081814065.log (No such file or directory)<br>	at java.io.FileInputStream.open(Native Method)<br>	at java.io.FileInputStream.&lt;init&gt;(FileInputStream.java:146)<br>	at edu.cmu.pact.Log.LogFormatUtils.makeValidXML(LogFormatUtils.java:813)<br>	at edu.cmu.pact.Log.LogFormatUtils.makeValidXML(LogFormatUtils.java:802)<br>	at edu.cmu.pact.Log.LogReteChangesTest.loadFromFile(LogReteChangesTest.java:384)<br>	at edu.cmu.pact.Log.LogReteChangesTest.testLogDefglobalChanges(LogReteChangesTest.java:299)<br>
</code></td><td>0.024</td>
</tr>
<tr valign="top" class="Error">
<td><a href="/0_CTAT_GlobalTestSuite.html">CTAT_GlobalTestSuite</a></td><td><a name="testLogDefruleChanges"></a><a href="/0_CTAT_GlobalTestSuite.html#testLogDefruleChanges">testLogDefruleChanges</a></td><td>Error</td><td>/Users/simstudent/CMU/pact-cvs-tree/AuthoringToolsL/java/test/edu/cmu/pact/Log/simstudent_20140821081814065.log (No such file or directory)<br>
<br>
<code>java.io.FileNotFoundException: /Users/simstudent/CMU/pact-cvs-tree/AuthoringToolsL/java/test/edu/cmu/pact/Log/simstudent_20140821081814065.log (No such file or directory)<br>	at java.io.FileInputStream.open(Native Method)<br>	at java.io.FileInputStream.&lt;init&gt;(FileInputStream.java:146)<br>	at edu.cmu.pact.Log.LogFormatUtils.makeValidXML(LogFormatUtils.java:813)<br>	at edu.cmu.pact.Log.LogFormatUtils.makeValidXML(LogFormatUtils.java:802)<br>	at edu.cmu.pact.Log.LogReteChangesTest.loadFromFile(LogReteChangesTest.java:384)<br>	at edu.cmu.pact.Log.LogReteChangesTest.testLogDefruleChanges(LogReteChangesTest.java:202)<br>
</code></td><td>0.014</td>
</tr>
<tr valign="top" class="Error">
<td><a href="/0_CTAT_GlobalTestSuite.html">CTAT_GlobalTestSuite</a></td><td><a name="testLogDeftemplateChanges"></a><a href="/0_CTAT_GlobalTestSuite.html#testLogDeftemplateChanges">testLogDeftemplateChanges</a></td><td>Error</td><td>/Users/simstudent/CMU/pact-cvs-tree/AuthoringToolsL/java/test/edu/cmu/pact/Log/simstudent_20140821081814065.log (No such file or directory)<br>
<br>
<code>java.io.FileNotFoundException: /Users/simstudent/CMU/pact-cvs-tree/AuthoringToolsL/java/test/edu/cmu/pact/Log/simstudent_20140821081814065.log (No such file or directory)<br>	at java.io.FileInputStream.open(Native Method)<br>	at java.io.FileInputStream.&lt;init&gt;(FileInputStream.java:146)<br>	at edu.cmu.pact.Log.LogFormatUtils.makeValidXML(LogFormatUtils.java:813)<br>	at edu.cmu.pact.Log.LogFormatUtils.makeValidXML(LogFormatUtils.java:802)<br>	at edu.cmu.pact.Log.LogReteChangesTest.loadFromFile(LogReteChangesTest.java:384)<br>	at edu.cmu.pact.Log.LogReteChangesTest.testLogDeftemplateChanges(LogReteChangesTest.java:149)<br>
</code></td><td>0.009</td>
</tr>
<tr valign="top" class="Error">
<td><a href="/0_CTAT_GlobalTestSuite.html">CTAT_GlobalTestSuite</a></td><td><a name="testLogSessionFromXML"></a><a href="/0_CTAT_GlobalTestSuite.html#testLogSessionFromXML">testLogSessionFromXML</a></td><td>Error</td><td>Index: 0, Size: 0<br>
<br>
<code>java.lang.IndexOutOfBoundsException: Index: 0, Size: 0<br>	at java.util.ArrayList.rangeCheck(ArrayList.java:635)<br>	at java.util.ArrayList.get(ArrayList.java:411)<br>	at edu.cmu.pact.BehaviorRecorder.Tab.CTATTabManager.getTabByNumber(CTATTabManager.java:183)<br>	at edu.cmu.pact.BehaviorRecorder.Tab.CTATTabManager.setTabVisibility(CTATTabManager.java:272)<br>	at edu.cmu.pact.BehaviorRecorder.Controller.CTAT_Launcher.&lt;init&gt;(CTAT_Launcher.java:119)<br>	at edu.cmu.pact.BehaviorRecorder.Controller.CTAT_Launcher.&lt;init&gt;(CTAT_Launcher.java:84)<br>	at edu.cmu.pact.Log.DataShopMessageObjectTest.setUp(DataShopMessageObjectTest.java:521)<br>
</code></td><td>0.036</td>
</tr>
<tr valign="top" class="Error">
<td><a href="/0_CTAT_GlobalTestSuite.html">CTAT_GlobalTestSuite</a></td><td><a name="testMatcherJDOM"></a><a href="/0_CTAT_GlobalTestSuite.html#testMatcherJDOM">testMatcherJDOM</a></td><td>Error</td><td>Could not initialize class edu.cmu.pact.BehaviorRecorder.ProblemModel.ProblemStateWriterTestUtility<br>
<br>
<code>java.lang.NoClassDefFoundError: Could not initialize class edu.cmu.pact.BehaviorRecorder.ProblemModel.ProblemStateWriterTestUtility<br>	at edu.cmu.pact.BehaviorRecorder.ProblemModel.ProblemStateReaderTest.setUp(ProblemStateReaderTest.java:272)<br>
</code></td><td>0.001</td>
</tr>
<tr valign="top" class="Error">
<td><a href="/0_CTAT_GlobalTestSuite.html">CTAT_GlobalTestSuite</a></td><td><a name="testMergeWithGroups"></a><a href="/0_CTAT_GlobalTestSuite.html#testMergeWithGroups">testMergeWithGroups</a></td><td>Error</td><td>N/A<br>
<br>
<code>java.lang.NullPointerException<br>	at edu.cmu.pact.BehaviorRecorder.Controller.BR_Controller.mergeStates2(BR_Controller.java:5187)<br>	at edu.cmu.pact.BehaviorRecorder.ProblemModel.Graph.GraphEditsTest.testMergeWithGroups(GraphEditsTest.java:349)<br>
</code></td><td>0.115</td>
</tr>
<tr valign="top" class="Error">
<td><a href="/0_CTAT_GlobalTestSuite.html">CTAT_GlobalTestSuite</a></td><td><a name="testNodeJDom"></a><a href="/0_CTAT_GlobalTestSuite.html#testNodeJDom">testNodeJDom</a></td><td>Error</td><td>Could not initialize class edu.cmu.pact.BehaviorRecorder.ProblemModel.ProblemStateWriterTestUtility<br>
<br>
<code>java.lang.NoClassDefFoundError: Could not initialize class edu.cmu.pact.BehaviorRecorder.ProblemModel.ProblemStateWriterTestUtility<br>	at edu.cmu.pact.BehaviorRecorder.ProblemModel.ProblemStateReaderTest.setUp(ProblemStateReaderTest.java:272)<br>
</code></td><td>0.001</td>
</tr>
<tr valign="top" class="Error">
<td><a href="/0_CTAT_GlobalTestSuite.html">CTAT_GlobalTestSuite</a></td><td><a name="testProblemModelListeners"></a><a href="/0_CTAT_GlobalTestSuite.html#testProblemModelListeners">testProblemModelListeners</a></td><td>Error</td><td>Index: 0, Size: 0<br>
<br>
<code>java.lang.IndexOutOfBoundsException: Index: 0, Size: 0<br>	at java.util.ArrayList.rangeCheck(ArrayList.java:635)<br>	at java.util.ArrayList.get(ArrayList.java:411)<br>	at edu.cmu.pact.BehaviorRecorder.Tab.CTATTabManager.getTabByNumber(CTATTabManager.java:183)<br>	at edu.cmu.pact.BehaviorRecorder.Tab.CTATTabManager.setTabVisibility(CTATTabManager.java:272)<br>	at edu.cmu.pact.BehaviorRecorder.Controller.CTAT_Launcher.&lt;init&gt;(CTAT_Launcher.java:119)<br>	at edu.cmu.pact.BehaviorRecorder.Controller.CTAT_Launcher.&lt;init&gt;(CTAT_Launcher.java:84)<br>	at edu.cmu.pact.BehaviorRecorder.ProblemModel.ProblemModelEventTest.setUp(ProblemModelEventTest.java:78)<br>
</code></td><td>0.040</td>
</tr>
<tr valign="top" class="Error">
<td><a href="/0_CTAT_GlobalTestSuite.html">CTAT_GlobalTestSuite</a></td><td><a name="testProcessInsertNodeAbove"></a><a href="/0_CTAT_GlobalTestSuite.html#testProcessInsertNodeAbove">testProcessInsertNodeAbove</a></td><td>Error</td><td>Index: 0, Size: 0<br>
<br>
<code>java.lang.IndexOutOfBoundsException: Index: 0, Size: 0<br>	at java.util.ArrayList.rangeCheck(ArrayList.java:635)<br>	at java.util.ArrayList.get(ArrayList.java:411)<br>	at edu.cmu.pact.BehaviorRecorder.Tab.CTATTabManager.getTabByNumber(CTATTabManager.java:183)<br>	at edu.cmu.pact.BehaviorRecorder.Tab.CTATTabManager.setTabVisibility(CTATTabManager.java:272)<br>	at edu.cmu.pact.BehaviorRecorder.Controller.CTAT_Launcher.&lt;init&gt;(CTAT_Launcher.java:119)<br>	at edu.cmu.pact.BehaviorRecorder.Controller.CTAT_Launcher.&lt;init&gt;(CTAT_Launcher.java:84)<br>	at edu.cmu.pact.BehaviorRecorder.Controller.ActionLabelHandlerTest.setUp(ActionLabelHandlerTest.java:36)<br>
</code></td><td>0.037</td>
</tr>
<tr valign="top" class="Error">
<td><a href="/0_CTAT_GlobalTestSuite.html">CTAT_GlobalTestSuite</a></td><td><a name="testProcessInsertNodeBelow"></a><a href="/0_CTAT_GlobalTestSuite.html#testProcessInsertNodeBelow">testProcessInsertNodeBelow</a></td><td>Error</td><td>Index: 0, Size: 0<br>
<br>
<code>java.lang.IndexOutOfBoundsException: Index: 0, Size: 0<br>	at java.util.ArrayList.rangeCheck(ArrayList.java:635)<br>	at java.util.ArrayList.get(ArrayList.java:411)<br>	at edu.cmu.pact.BehaviorRecorder.Tab.CTATTabManager.getTabByNumber(CTATTabManager.java:183)<br>	at edu.cmu.pact.BehaviorRecorder.Tab.CTATTabManager.setTabVisibility(CTATTabManager.java:272)<br>	at edu.cmu.pact.BehaviorRecorder.Controller.CTAT_Launcher.&lt;init&gt;(CTAT_Launcher.java:119)<br>	at edu.cmu.pact.BehaviorRecorder.Controller.CTAT_Launcher.&lt;init&gt;(CTAT_Launcher.java:84)<br>	at edu.cmu.pact.BehaviorRecorder.Controller.ActionLabelHandlerTest.setUp(ActionLabelHandlerTest.java:36)<br>
</code></td><td>0.047</td>
</tr>
<tr valign="top" class="Error">
<td><a href="/0_CTAT_GlobalTestSuite.html">CTAT_GlobalTestSuite</a></td><td><a name="testPropertiesSetting"></a><a href="/0_CTAT_GlobalTestSuite.html#testPropertiesSetting">testPropertiesSetting</a></td><td>Error</td><td>Index: 0, Size: 0<br>
<br>
<code>java.lang.IndexOutOfBoundsException: Index: 0, Size: 0<br>	at java.util.ArrayList.rangeCheck(ArrayList.java:635)<br>	at java.util.ArrayList.get(ArrayList.java:411)<br>	at edu.cmu.pact.BehaviorRecorder.Tab.CTATTabManager.getTabByNumber(CTATTabManager.java:183)<br>	at edu.cmu.pact.BehaviorRecorder.Tab.CTATTabManager.setTabVisibility(CTATTabManager.java:272)<br>	at edu.cmu.pact.BehaviorRecorder.Controller.CTAT_Launcher.&lt;init&gt;(CTAT_Launcher.java:119)<br>	at edu.cmu.pact.BehaviorRecorder.Controller.CTAT_Launcher.&lt;init&gt;(CTAT_Launcher.java:84)<br>	at pact.CommWidgets.CommComposerTest.setUp(CommComposerTest.java:19)<br>
</code></td><td>0.055</td>
</tr>
<tr valign="top" class="Error">
<td><a href="/0_CTAT_GlobalTestSuite.html">CTAT_GlobalTestSuite</a></td><td><a name="testPseudoTutorModelTracing"></a><a href="/0_CTAT_GlobalTestSuite.html#testPseudoTutorModelTracing">testPseudoTutorModelTracing</a></td><td>Error</td><td>Index: 0, Size: 0<br>
<br>
<code>java.lang.IndexOutOfBoundsException: Index: 0, Size: 0<br>	at java.util.ArrayList.rangeCheck(ArrayList.java:635)<br>	at java.util.ArrayList.get(ArrayList.java:411)<br>	at edu.cmu.pact.BehaviorRecorder.Tab.CTATTabManager.getTabByNumber(CTATTabManager.java:183)<br>	at edu.cmu.pact.BehaviorRecorder.Tab.CTATTabManager.setTabVisibility(CTATTabManager.java:272)<br>	at edu.cmu.pact.BehaviorRecorder.Controller.CTAT_Launcher.&lt;init&gt;(CTAT_Launcher.java:119)<br>	at edu.cmu.pact.BehaviorRecorder.Controller.CTAT_Launcher.&lt;init&gt;(CTAT_Launcher.java:84)<br>	at edu.cmu.pact.BehaviorRecorder.ProblemModel.ProblemModelEventTest.setUp(ProblemModelEventTest.java:78)<br>
</code></td><td>0.030</td>
</tr>
<tr valign="top" class="Error">
<td><a href="/0_CTAT_GlobalTestSuite.html">CTAT_GlobalTestSuite</a></td><td><a name="testPseudoTutorModelTracing"></a><a href="/0_CTAT_GlobalTestSuite.html#testPseudoTutorModelTracing">testPseudoTutorModelTracing</a></td><td>Error</td><td>Index: 0, Size: 0<br>
<br>
<code>java.lang.IndexOutOfBoundsException: Index: 0, Size: 0<br>	at java.util.ArrayList.rangeCheck(ArrayList.java:635)<br>	at java.util.ArrayList.get(ArrayList.java:411)<br>	at edu.cmu.pact.BehaviorRecorder.Tab.CTATTabManager.getTabByNumber(CTATTabManager.java:183)<br>	at edu.cmu.pact.BehaviorRecorder.Tab.CTATTabManager.setTabVisibility(CTATTabManager.java:272)<br>	at edu.cmu.pact.BehaviorRecorder.Controller.CTAT_Launcher.&lt;init&gt;(CTAT_Launcher.java:119)<br>	at edu.cmu.pact.BehaviorRecorder.Controller.CTAT_Launcher.&lt;init&gt;(CTAT_Launcher.java:84)<br>	at edu.cmu.pact.BehaviorRecorder.ProblemModel.ProblemModelTest.testPseudoTutorModelTracing(ProblemModelTest.java:99)<br>
</code></td><td>0.131</td>
</tr>
<tr valign="top" class="Error">
<td><a href="/0_CTAT_GlobalTestSuite.html">CTAT_GlobalTestSuite</a></td><td><a name="testReadSkills"></a><a href="/0_CTAT_GlobalTestSuite.html#testReadSkills">testReadSkills</a></td><td>Error</td><td>Could not initialize class edu.cmu.pact.BehaviorRecorder.ProblemModel.ProblemStateWriterTestUtility<br>
<br>
<code>java.lang.NoClassDefFoundError: Could not initialize class edu.cmu.pact.BehaviorRecorder.ProblemModel.ProblemStateWriterTestUtility<br>	at edu.cmu.pact.BehaviorRecorder.ProblemModel.ProblemStateReaderTest.setUp(ProblemStateReaderTest.java:272)<br>
</code></td><td>0.001</td>
</tr>
<tr valign="top" class="Error">
<td><a href="/0_CTAT_GlobalTestSuite.html">CTAT_GlobalTestSuite</a></td><td><a name="testRewireEverything"></a><a href="/0_CTAT_GlobalTestSuite.html#testRewireEverything">testRewireEverything</a></td><td>Error</td><td>N/A<br>
<br>
<code>java.lang.NullPointerException<br>	at org.jgraph.graph.EdgeView.getPoint(Unknown Source)<br>	at org.jgraph.graph.EdgeRenderer.getLabelPosition(Unknown Source)<br>	at org.jgraph.graph.EdgeRenderer.getLabelPosition(Unknown Source)<br>	at org.jgraph.graph.EdgeRenderer.getLabelBounds(Unknown Source)<br>	at org.jgraph.graph.EdgeRenderer.getBounds(Unknown Source)<br>	at org.jgraph.graph.EdgeView.getBounds(Unknown Source)<br>	at org.jgraph.graph.AbstractCellView.getBounds(Unknown Source)<br>	at org.jgraph.plaf.basic.BasicGraphUI.updateCachedPreferredSize(Unknown Source)<br>	at org.jgraph.plaf.basic.BasicGraphUI.getPreferredSize(Unknown Source)<br>	at javax.swing.JComponent.getPreferredSize(JComponent.java:1660)<br>	at javax.swing.ScrollPaneLayout.layoutContainer(ScrollPaneLayout.java:790)<br>	at java.awt.Container.layout(Container.java:1503)<br>	at java.awt.Container.doLayout(Container.java:1492)<br>	at java.awt.Container.validateTree(Container.java:1688)<br>	at java.awt.Container.validateTree(Container.java:1697)<br>	at java.awt.Container.validateTree(Container.java:1697)<br>	at java.awt.Container.validateTree(Container.java:1697)<br>	at java.awt.Container.validateTree(Container.java:1697)<br>	at java.awt.Container.validate(Container.java:1623)<br>	at edu.cmu.pact.ctatview.DockManager.refreshGraphTitle(DockManager.java:1084)<br>	at edu.cmu.pact.BehaviorRecorder.Controller.BR_Controller.openBRDFileAndSendStartState(BR_Controller.java:4325)<br>	at edu.cmu.pact.BehaviorRecorder.Controller.BR_Controller.openBRDFileAndSendStartState(BR_Controller.java:4262)<br>	at edu.cmu.pact.BehaviorRecorder.ProblemModel.Graph.GraphEditsTest.testRewireEverything(GraphEditsTest.java:238)<br>
</code></td><td>0.190</td>
</tr>
<tr valign="top" class="Error">
<td><a href="/0_CTAT_GlobalTestSuite.html">CTAT_GlobalTestSuite</a></td><td><a name="testSetProblemModel"></a><a href="/0_CTAT_GlobalTestSuite.html#testSetProblemModel">testSetProblemModel</a></td><td>Error</td><td>Index: 0, Size: 0<br>
<br>
<code>java.lang.IndexOutOfBoundsException: Index: 0, Size: 0<br>	at java.util.ArrayList.rangeCheck(ArrayList.java:635)<br>	at java.util.ArrayList.get(ArrayList.java:411)<br>	at edu.cmu.pact.BehaviorRecorder.Tab.CTATTabManager.getTabByNumber(CTATTabManager.java:183)<br>	at edu.cmu.pact.BehaviorRecorder.Tab.CTATTabManager.setTabVisibility(CTATTabManager.java:272)<br>	at edu.cmu.pact.BehaviorRecorder.Controller.CTAT_Launcher.&lt;init&gt;(CTAT_Launcher.java:119)<br>	at edu.cmu.pact.BehaviorRecorder.Controller.CTAT_Launcher.&lt;init&gt;(CTAT_Launcher.java:84)<br>	at edu.cmu.pact.BehaviorRecorder.ProblemModel.Matcher.Functions.UsesProblemModelTest.setUp(UsesProblemModelTest.java:42)<br>
</code></td><td>0.027</td>
</tr>
<tr valign="top" class="Error">
<td><a href="/0_CTAT_GlobalTestSuite.html">CTAT_GlobalTestSuite</a></td><td><a name="testSetVariableTable"></a><a href="/0_CTAT_GlobalTestSuite.html#testSetVariableTable">testSetVariableTable</a></td><td>Error</td><td>Index: 0, Size: 0<br>
<br>
<code>java.lang.IndexOutOfBoundsException: Index: 0, Size: 0<br>	at java.util.ArrayList.rangeCheck(ArrayList.java:635)<br>	at java.util.ArrayList.get(ArrayList.java:411)<br>	at edu.cmu.pact.BehaviorRecorder.Tab.CTATTabManager.getTabByNumber(CTATTabManager.java:183)<br>	at edu.cmu.pact.BehaviorRecorder.Tab.CTATTabManager.setTabVisibility(CTATTabManager.java:272)<br>	at edu.cmu.pact.BehaviorRecorder.Controller.CTAT_Launcher.&lt;init&gt;(CTAT_Launcher.java:119)<br>	at edu.cmu.pact.BehaviorRecorder.Controller.CTAT_Launcher.&lt;init&gt;(CTAT_Launcher.java:84)<br>	at edu.cmu.pact.BehaviorRecorder.ProblemModel.Matcher.Functions.UsesVariableTableTest.setUp(UsesVariableTableTest.java:63)<br>
</code></td><td>0.027</td>
</tr>
<tr valign="top" class="Error">
<td><a href="/0_CTAT_GlobalTestSuite.html">CTAT_GlobalTestSuite</a></td><td><a name="testSetupJDOM"></a><a href="/0_CTAT_GlobalTestSuite.html#testSetupJDOM">testSetupJDOM</a></td><td>Error</td><td>Could not initialize class edu.cmu.pact.BehaviorRecorder.ProblemModel.ProblemStateWriterTestUtility<br>
<br>
<code>java.lang.NoClassDefFoundError: Could not initialize class edu.cmu.pact.BehaviorRecorder.ProblemModel.ProblemStateWriterTestUtility<br>	at edu.cmu.pact.BehaviorRecorder.ProblemModel.ProblemStateReaderTest.setUp(ProblemStateReaderTest.java:272)<br>
</code></td><td>0.001</td>
</tr>
<tr valign="top" class="Error">
<td><a href="/0_CTAT_GlobalTestSuite.html">CTAT_GlobalTestSuite</a></td><td><a name="testStartNodeMessagesJDom"></a><a href="/0_CTAT_GlobalTestSuite.html#testStartNodeMessagesJDom">testStartNodeMessagesJDom</a></td><td>Error</td><td>Could not initialize class edu.cmu.pact.BehaviorRecorder.ProblemModel.ProblemStateWriterTestUtility<br>
<br>
<code>java.lang.NoClassDefFoundError: Could not initialize class edu.cmu.pact.BehaviorRecorder.ProblemModel.ProblemStateWriterTestUtility<br>	at edu.cmu.pact.BehaviorRecorder.ProblemModel.ProblemStateReaderTest.setUp(ProblemStateReaderTest.java:272)<br>
</code></td><td>0.000</td>
</tr>
<tr valign="top" class="Error">
<td><a href="/0_CTAT_GlobalTestSuite.html">CTAT_GlobalTestSuite</a></td><td><a name="testStateGraphJDom"></a><a href="/0_CTAT_GlobalTestSuite.html#testStateGraphJDom">testStateGraphJDom</a></td><td>Error</td><td>Could not initialize class edu.cmu.pact.BehaviorRecorder.ProblemModel.ProblemStateWriterTestUtility<br>
<br>
<code>java.lang.NoClassDefFoundError: Could not initialize class edu.cmu.pact.BehaviorRecorder.ProblemModel.ProblemStateWriterTestUtility<br>	at edu.cmu.pact.BehaviorRecorder.ProblemModel.ProblemStateReaderTest.setUp(ProblemStateReaderTest.java:272)<br>
</code></td><td>0.001</td>
</tr>
<tr valign="top" class="Error">
<td><a href="/0_CTAT_GlobalTestSuite.html">CTAT_GlobalTestSuite</a></td><td><a name="testToXMLString"></a><a href="/0_CTAT_GlobalTestSuite.html#testToXMLString">testToXMLString</a></td><td>Error</td><td>Index: 0, Size: 0<br>
<br>
<code>java.lang.IndexOutOfBoundsException: Index: 0, Size: 0<br>	at java.util.ArrayList.rangeCheck(ArrayList.java:635)<br>	at java.util.ArrayList.get(ArrayList.java:411)<br>	at edu.cmu.pact.BehaviorRecorder.Tab.CTATTabManager.getTabByNumber(CTATTabManager.java:183)<br>	at edu.cmu.pact.BehaviorRecorder.Tab.CTATTabManager.setTabVisibility(CTATTabManager.java:272)<br>	at edu.cmu.pact.BehaviorRecorder.Controller.CTAT_Launcher.&lt;init&gt;(CTAT_Launcher.java:119)<br>	at edu.cmu.pact.BehaviorRecorder.Controller.CTAT_Launcher.&lt;init&gt;(CTAT_Launcher.java:84)<br>	at edu.cmu.pact.BehaviorRecorder.ProblemModel.Graph.Groups.DefaultGroupModelTest.setUp(DefaultGroupModelTest.java:126)<br>
</code></td><td>0.036</td>
</tr>
<tr valign="top" class="Error">
<td><a href="/0_CTAT_GlobalTestSuite.html">CTAT_GlobalTestSuite</a></td><td><a name="testToXMLString"></a><a href="/0_CTAT_GlobalTestSuite.html#testToXMLString">testToXMLString</a></td><td>Error</td><td>Index: 0, Size: 0<br>
<br>
<code>java.lang.IndexOutOfBoundsException: Index: 0, Size: 0<br>	at java.util.ArrayList.rangeCheck(ArrayList.java:635)<br>	at java.util.ArrayList.get(ArrayList.java:411)<br>	at edu.cmu.pact.BehaviorRecorder.Tab.CTATTabManager.getTabByNumber(CTATTabManager.java:183)<br>	at edu.cmu.pact.BehaviorRecorder.Tab.CTATTabManager.setTabVisibility(CTATTabManager.java:272)<br>	at edu.cmu.pact.BehaviorRecorder.Controller.CTAT_Launcher.&lt;init&gt;(CTAT_Launcher.java:119)<br>	at edu.cmu.pact.BehaviorRecorder.Controller.CTAT_Launcher.&lt;init&gt;(CTAT_Launcher.java:84)<br>	at edu.cmu.pact.BehaviorRecorder.ProblemModel.Graph.ProblemEdgeTest.setUp(ProblemEdgeTest.java:36)<br>
</code></td><td>0.037</td>
</tr>
<tr valign="top" class="Error">
<td><a href="/0_CTAT_GlobalTestSuite.html">CTAT_GlobalTestSuite</a></td><td><a name="testToXMLString"></a><a href="/0_CTAT_GlobalTestSuite.html#testToXMLString">testToXMLString</a></td><td>Error</td><td>Index: 0, Size: 0<br>
<br>
<code>java.lang.IndexOutOfBoundsException: Index: 0, Size: 0<br>	at java.util.ArrayList.rangeCheck(ArrayList.java:635)<br>	at java.util.ArrayList.get(ArrayList.java:411)<br>	at edu.cmu.pact.BehaviorRecorder.Tab.CTATTabManager.getTabByNumber(CTATTabManager.java:183)<br>	at edu.cmu.pact.BehaviorRecorder.Tab.CTATTabManager.setTabVisibility(CTATTabManager.java:272)<br>	at edu.cmu.pact.BehaviorRecorder.Controller.CTAT_Launcher.&lt;init&gt;(CTAT_Launcher.java:119)<br>	at edu.cmu.pact.BehaviorRecorder.Controller.CTAT_Launcher.&lt;init&gt;(CTAT_Launcher.java:84)<br>	at edu.cmu.pact.BehaviorRecorder.ProblemModel.Graph.ProblemNodeTest.setUp(ProblemNodeTest.java:37)<br>
</code></td><td>0.036</td>
</tr>
<tr valign="top" class="Error">
<td><a href="/0_CTAT_GlobalTestSuite.html">CTAT_GlobalTestSuite</a></td><td><a name="testTraversalHints"></a><a href="/0_CTAT_GlobalTestSuite.html#testTraversalHints">testTraversalHints</a></td><td>Error</td><td>Array index out of range: 0<br>
<br>
<code>java.lang.ArrayIndexOutOfBoundsException: Array index out of range: 0<br>	at java.util.Vector.remove(Vector.java:827)<br>	at edu.cmu.pact.BehaviorRecorder.Controller.PseudoTutorMessageHandlerTest$HintTest.checkResult(PseudoTutorMessageHandlerTest.java:305)<br>	at edu.cmu.pact.BehaviorRecorder.Controller.PseudoTutorMessageHandlerTest.runMTTests(PseudoTutorMessageHandlerTest.java:1367)<br>	at edu.cmu.pact.BehaviorRecorder.Controller.PseudoTutorMessageHandlerTest.testTraversalHints(PseudoTutorMessageHandlerTest.java:860)<br>
</code></td><td>0.199</td>
</tr>
<tr valign="top" class="Error">
<td><a href="/0_CTAT_GlobalTestSuite.html">CTAT_GlobalTestSuite</a></td><td><a name="testTrySaveAndTestForChange"></a><a href="/0_CTAT_GlobalTestSuite.html#testTrySaveAndTestForChange">testTrySaveAndTestForChange</a></td><td>Error</td><td>Could not initialize class edu.cmu.pact.BehaviorRecorder.ProblemModel.ProblemStateWriterTestUtility<br>
<br>
<code>java.lang.NoClassDefFoundError: Could not initialize class edu.cmu.pact.BehaviorRecorder.ProblemModel.ProblemStateWriterTestUtility<br>	at edu.cmu.pact.BehaviorRecorder.ProblemModel.ProblemStateReaderTest.setUp(ProblemStateReaderTest.java:272)<br>
</code></td><td>0.001</td>
</tr>
<tr valign="top" class="Error">
<td><a href="/0_CTAT_GlobalTestSuite.html">CTAT_GlobalTestSuite</a></td><td><a name="testTutorSessionToXML"></a><a href="/0_CTAT_GlobalTestSuite.html#testTutorSessionToXML">testTutorSessionToXML</a></td><td>Error</td><td>Index: 0, Size: 0<br>
<br>
<code>java.lang.IndexOutOfBoundsException: Index: 0, Size: 0<br>	at java.util.ArrayList.rangeCheck(ArrayList.java:635)<br>	at java.util.ArrayList.get(ArrayList.java:411)<br>	at edu.cmu.pact.BehaviorRecorder.Tab.CTATTabManager.getTabByNumber(CTATTabManager.java:183)<br>	at edu.cmu.pact.BehaviorRecorder.Tab.CTATTabManager.setTabVisibility(CTATTabManager.java:272)<br>	at edu.cmu.pact.BehaviorRecorder.Controller.CTAT_Launcher.&lt;init&gt;(CTAT_Launcher.java:119)<br>	at edu.cmu.pact.BehaviorRecorder.Controller.CTAT_Launcher.&lt;init&gt;(CTAT_Launcher.java:84)<br>	at edu.cmu.pact.Log.DataShopMessageObjectTest.setUp(DataShopMessageObjectTest.java:521)<br>
</code></td><td>0.081</td>
</tr>
</table>
</body>
</html>
